 *******************************************************************************
 *                                                                             *
 *                                 SCALE 6.2.3                                 *
 *                                -------------                                *
 *                                  June 2018                                  *
 *                                                                             *
 *           SCALE:  A Comprehensive Modeling and Simulation Suite             *
 *                   for Nuclear Safety Analysis and Design                    *
 *                                                                             *
 *                      Reactor and Nuclear Systems Division                   *
 *                        Oak Ridge National Laboratory                        *
 *                                                                             *
 *                           http://scale.ornl.gov                             *
 *                            scalehelp@ornl.gov                               *
 *                                                                             *
 *******************************************************************************
 *******************************************************************************
      
                  Job Information
                  ---------------
      Job started on andrei2-HP-Notebook on Tue 12/06/2018 14:38:13
      Working directory: /tmp/scale.andrei2.30750
      Input file name  : /home/andrei2/Desktop/ornl/rebus/scale/quarter_cell.inp
      Output file name : /home/andrei2/Desktop/ornl/rebus/scale/quarter_cell.out
      SCALE executable : /home/andrei2/SCALE/SCALE-6.2.3/bin/scale
      
 *******************************************************************************
The following data cards precede an = card
      '#TestGrep# "k-eff [=]" ${OUTPUTFILENAME}
      '#TestGrep# "Transport k[=]" ${OUTPUTFILENAME}
      '#TestGrep# -i "erro[r]" ${OUTPUTFILENAME} | ${GREP} -v "[W]arnings and [E]rrors"
      '#TestGrep# "SCALE is finishe[d]" ${OUTPUTFILENAME} | ${AWK} "{print $1,$2,$3}"
      '#TestGrep# "is finishe[d]\." ${OUTPUTFILENAME} | ${AWK} "{print $1,$2,$3,$4,$5,$6,$7}"
      ' THIS SAMPLE PROBLEM TEST THE FOLLOWING: 
      '  ** t-newt sequence
      '  ** v7-252 group library
      '  ** centrm cross-section processing (default for t-newt calculations)
      '  ** parm=weight option for the t-newt sequence, which uses the NEWT collapse block to specify a 252 -> 56 group collapse.
      '  ** latticecell cross-section processing option


    module t-newt will be called on Tue Jun 12 14:38:15 2018.
    sequence specification record:=t-newt      parm=(2region,weight)
Input Data:

      REBUS-3700 full core model
      v7-238
      read comp 
      ' fuel salt
        wtptfuel  1 3.6 16 11023 6.7519489 17035 26.7508866 17037 9.22617828 93237 0.50031934 94238 0.22201671 94239 5.03863264 94240 2.31084993 94241 0.94331041 94242 0.66500778 95241 0.53888562 1095242 0.00104233 95243 0.15426513 96244 0.04482027 96245 0.00416933 92235 0.3373032 92238 46.5103635 1.0 963 end
      ' Structural material (Ti)
        ti        2 1 963 end
      end comp
      
      read model
      238 group solution
      read parm
      dz=330.0
      drawit=yes prtbroad=yes cmfd=no xycmfd=2 sn=8 converge=mix echo=yes inners=2 epsilon=1e-3
      timed=yes prtmxsec=no prtmxtab=yes prthmmix=no
      end parm
      read materials
        mix=1  pn=1 com="Fuel salt" end
        mix=2  pn=1 com="Structural material"       end
      end materials
      read geom
        global unit 1
          cylinder 10 190.0 chord +x=0 chord +y=0 sides=128
          cylinder 20 195.0 chord +x=0 chord +y=0 sides=128
          cuboid   30 195.0 0. 195.0 0.0
          media 1 1 10
          media 2 1 20 -10
          media 0 1 30 -20 
        boundary 30 64 64
      end geom 
      ' Depletion
      
      read bounds
      all=vac
      end bounds
      end model
end




************************************************************************************************************************************
************************************************************************************************************************************
************************************************************************************************************************************
*****                                                                                                                          *****
*****                                             program verification information                                             *****
*****                                                                                                                          *****
*****                                           code system: SCALE   version: 6.2.0                                            *****
*****                                                                                                                          *****
************************************************************************************************************************************
************************************************************************************************************************************
*****                                                                                                                          *****
*****                                                                                                                          *****
*****                      program:  t-newt                                                                                    *****
*****                                                                                                                          *****
*****                      version:  6.2.3 (602003)                                                                            *****
*****                                                                                                                          *****
*****                     username:  andrei2                                                                                   *****
*****                                                                                                                          *****
*****                     hostname:  andrei2-HP-Notebook                                                                       *****
*****                                                                                                                          *****
*****                                                                                                                          *****
*****            date of execution:  2018-06-12                                                                                *****
*****                                                                                                                          *****
*****            time of execution:  14:38:15                                                                                  *****
*****                                                                                                                          *****
************************************************************************************************************************************
************************************************************************************************************************************
************************************************************************************************************************************




 ' Depletion
------------------------------------------------------------------------------------------------------------------------------------

                          238 group solution                                                              

------------------------------------------------------------------------------------------------------------------------------------



1         ***********************
          ***********************
          **  Control Options  **
          ***********************
          ***********************

 Run problem to completion/test input only          run=           yes
 Weighted cross-section collapse/do not collapse    collapse=       no
 Source acceleration on/off                         accel=         yes
 Restart from earlier case/begin new case           restart=        no
 CMFD acceleration (0/1/2/3 = no/rect/yes/part)     cmfd=          0
 Number of fine mesh base grid/coarse grid in X     xcmfd=           2
 Number of fine mesh base grid/coarse grid in Y     ycmfd=           2
 CMFD Multigroup solution only (no 2g)              cmfd2g=         no
 Create restart file upon completion                savrest=       yes
 Calculation type:                                  eigenvalue with specified height
 Critical Spectrum Method:                          B1
 Forward/adjoint solution                           forward=       yes

1         **********************
          **********************
          **  Output Options  **
          **********************
          **********************

 Print micro. cross-sections for problem nuclides   prtxsec=        no
 Print macro. cross-sections for mixtures           prtmxsec=       no
 Print balance table                                prtbalnc=       no
 Print mixing table                                 prtmxtab=      yes
 Print postscript graphics file for fluxes          prtflux=        no
 Print postscript grid/mixture geometry graphics    drawit=        yes
 Print broad-group fluxes                           prtbroad=      yes
 Echo convergence tracking data to std. output      echo=          yes

1         ***************************
          ***************************
          ** I/O Unit Assignments  **
          ***************************
          ***************************

 Unit no. for mixing table                          mixtab=         92
 Unit no. of working library                        xnlib=           4
 Unit no. for weighted broad-group library          wtdlib=         30
 Unit no. for homogenized macroscopic x-sect. lib.  hmoglib=        13

1         *************************
          *************************
          ** Convergence Control **
          *************************
          *************************

 Quadrature order                                   sn=              8
 Maximum no. of inner itrs./outer/energy group      inners=          2
 Maximum no. of outer energy groups                 outers=          250
 Performing thermal group subouter iterations       therm=         yes
 Maximum no. of thermal group subouter itrs./outer  suboutrs=        2
 Convergence criterion on inner iterations          epsinner= 1.00E-03
 Convergence criterion on subouter iterations       epsthrm=  1.00E-03
 Convergence criterion on outer iterations          epsouter= 1.00E-03
 Convergence criterion on eigenvalue                epseigen= 1.00E-03
 First guess for eigenvalue (k-eff)                 kguess=       1.000

1         *****************************
          *****************************
          ** Geometry Specifications **
          *****************************
          *****************************

 Left side x-coordinate                             xmin=  0.00000E+00
 Right side x-coordinate                            xmax=  1.95000E+02
 Bottom side y-coordinate                           ymin=  0.00000E+00
 Top side y-coordinate                              ymax=  1.95000E+02
 Number of subdivisions in x direction              nx=             64
 Number of subdivisions in y direction              ny=             64
 Axial (z) height (buckling correction)             dz=           3.300000E+02
 Buckling correction factor (for extrap. length)    bf=           1.420892E+00

 Boundary Conditions (0/1/2/3=vacuum/reflective/white/periodic):
 Left (West)          wbc=         0
 Right (East)         ebc=         0
 Bottom (South)       sbc=         0
 Top (North)          nbc=         0

  Body Characteristics.  Rotation angle in degrees counterclockwise.
  Size parameters. cyl: A=radius, B=no. of sides. cub: A=width, B=height. hex: A(B)=major(minor) radius.
  Body  Input  Zone    Subdiv      --Center--      Size Parameters   Rotation   Chord
  Type  Unit   Number  nx  ny      x        y        A        B      Angle      Information
  ----  -----  -----  --- ---   ------   ------    -----    ------   --------   -----------
 cub     1     1      64  64   97.500   97.500  195.000  195.000    0.000
 cyl     1     2       0   0    0.000    0.000  190.000  128.000    0.000      +x=  0.000      +y=  0.000
 cyl     1     3       0   0    0.000    0.000  195.000  128.000    0.000      +x=  0.000      +y=  0.000

1         *****************************
          *****************************
          ** Material Specifications **
          *****************************
          *****************************

 Mat'l No.   SCALE ID   Pn order   External source ID   Description (if any)
    1          0           0               0           Void
    2          1           1               0           fuel salt
    3          2           1               0           structural material

1         ************************
          ************************
          ** Derived Parameters **
          ************************
          ************************

 Total number of energy groups                      numen=         238
 Number of neutron groups                           igm=           238
 Number of gamma groups                             ipm=             0
 First thermal energy group                         iftg=          149
 Mixing table length                                nmix=            21
 Number of mixtures created                         nummat=          3
 Number of computational cells                      numcells=     4348
 Number of computational surfaces (sides)           numlines=     8888
 Combine small grid cells together                  combine=no
 Average number of sides/cell                       avnosides=     4.03
 Minimum number of sides/cell                       mnnosides=       4
 Maximum number of sides/cell                       mxnosides=       6
 Number of angles in quadrature set                 ndir=           40
 Maximum order of Legendre scattering               maxpn=           1
 Number of flux moments                             nmom             3

1         *****************************
          *****************************
          ** Energy Group Structures **
          *****************************
          *****************************

 Energy   Energy      Lethargy        
 Group  Boundaries   Boundaries       
  No.      (eV)                      
   1   2.00000E+07 -6.93147E-01                  120   2.10000E+01  1.30736E+01
   2   1.73330E+07 -5.50027E-01                  121   2.00000E+01  1.31224E+01
   3   1.56830E+07 -4.49992E-01                  122   1.90000E+01  1.31737E+01
   4   1.45500E+07 -3.75006E-01                  123   1.85000E+01  1.32003E+01
   5   1.38400E+07 -3.24978E-01                  124   1.70000E+01  1.32849E+01
   6   1.28400E+07 -2.49980E-01                  125   1.60000E+01  1.33455E+01
   7   1.00000E+07  0.00000E+00                  126   1.50999E+01  1.34034E+01
   8   8.18730E+06  2.00001E-01                  127   1.44000E+01  1.34509E+01
   9   6.43400E+06  4.40989E-01                  128   1.37500E+01  1.34971E+01
  10   4.80000E+06  7.33969E-01                  129   1.29000E+01  1.35609E+01
  11   4.30400E+06  8.43040E-01                  130   1.19000E+01  1.36416E+01
  12   3.00000E+06  1.20397E+00                  131   1.15000E+01  1.36757E+01
  13   2.47900E+06  1.39473E+00                  132   1.00000E+01  1.38155E+01
  14   2.35400E+06  1.44647E+00                  133   9.09999E+00  1.39098E+01
  15   1.85000E+06  1.68740E+00                  134   8.09999E+00  1.40262E+01
  16   1.50000E+06  1.89712E+00                  135   7.15000E+00  1.41510E+01
  17   1.40000E+06  1.96611E+00                  136   7.00000E+00  1.41722E+01
  18   1.35600E+06  1.99805E+00                  137   6.75000E+00  1.42086E+01
  19   1.31700E+06  2.02723E+00                  138   6.50000E+00  1.42463E+01
  20   1.25000E+06  2.07944E+00                  139   6.25000E+00  1.42855E+01
  21   1.20000E+06  2.12026E+00                  140   6.00000E+00  1.43263E+01
  22   1.10000E+06  2.20727E+00                  141   5.40000E+00  1.44317E+01
  23   1.01000E+06  2.29263E+00                  142   5.00000E+00  1.45087E+01
  24   9.20000E+05  2.38597E+00                  143   4.75000E+00  1.45600E+01
  25   9.00000E+05  2.40795E+00                  144   4.00000E+00  1.47318E+01
  26   8.75000E+05  2.43612E+00                  145   3.73000E+00  1.48017E+01
  27   8.61100E+05  2.45213E+00                  146   3.50000E+00  1.48653E+01
  28   8.20000E+05  2.50104E+00                  147   3.15000E+00  1.49707E+01
  29   7.50000E+05  2.59027E+00                  148   3.04999E+00  1.50030E+01
  30   6.79000E+05  2.68972E+00                  149   3.00000E+00  1.50195E+01
  31   6.70000E+05  2.70306E+00                  150   2.96999E+00  1.50295E+01
  32   6.00000E+05  2.81341E+00                  151   2.87000E+00  1.50638E+01
  33   5.73000E+05  2.85945E+00                  152   2.77000E+00  1.50992E+01
  34   5.50000E+05  2.90042E+00                  153   2.66999E+00  1.51360E+01
  35   4.99520E+05  2.99669E+00                  154   2.57000E+00  1.51742E+01
  36   4.70000E+05  3.05761E+00                  155   2.46999E+00  1.52139E+01
  37   4.40000E+05  3.12357E+00                  156   2.37999E+00  1.52510E+01
  38   4.20000E+05  3.17009E+00                  157   2.29999E+00  1.52852E+01
  39   4.00000E+05  3.21888E+00                  158   2.20999E+00  1.53251E+01
  40   3.30000E+05  3.41125E+00                  159   2.12000E+00  1.53667E+01
  41   2.70000E+05  3.61192E+00                  160   2.00000E+00  1.54249E+01
  42   2.00000E+05  3.91202E+00                  161   1.94000E+00  1.54554E+01
  43   1.50000E+05  4.19971E+00                  162   1.86000E+00  1.54975E+01
  44   1.28300E+05  4.35597E+00                  163   1.77000E+00  1.55471E+01
  45   1.00000E+05  4.60517E+00                  164   1.67999E+00  1.55993E+01
  46   8.50000E+04  4.76769E+00                  165   1.58999E+00  1.56544E+01
  47   8.20000E+04  4.80362E+00                  166   1.50000E+00  1.57126E+01
  48   7.50000E+04  4.89285E+00                  167   1.45000E+00  1.57465E+01
  49   7.30000E+04  4.91988E+00                  168   1.40000E+00  1.57816E+01
  50   6.00000E+04  5.11600E+00                  169   1.34999E+00  1.58180E+01
  51   5.20000E+04  5.25910E+00                  170   1.29999E+00  1.58557E+01
  52   5.00000E+04  5.29832E+00                  171   1.25000E+00  1.58950E+01
  53   4.50000E+04  5.40368E+00                  172   1.22499E+00  1.59152E+01
  54   3.00000E+04  5.80914E+00                  173   1.20000E+00  1.59358E+01
  55   2.50000E+04  5.99146E+00                  174   1.17499E+00  1.59568E+01
  56   1.70000E+04  6.37713E+00                  175   1.15000E+00  1.59783E+01
  57   1.30000E+04  6.64539E+00                  176   1.13999E+00  1.59871E+01
  58   9.50000E+03  6.95905E+00                  177   1.12999E+00  1.59959E+01
  59   8.03000E+03  7.12716E+00                  178   1.12000E+00  1.60048E+01
  60   6.00000E+03  7.41858E+00                  179   1.11000E+00  1.60137E+01
  61   3.90000E+03  7.84936E+00                  180   1.09999E+00  1.60228E+01
  62   3.74000E+03  7.89125E+00                  181   1.08999E+00  1.60319E+01
  63   3.00000E+03  8.11173E+00                  182   1.08000E+00  1.60411E+01
  64   2.58000E+03  8.26255E+00                  183   1.07000E+00  1.60504E+01
  65   2.29000E+03  8.38179E+00                  184   1.05999E+00  1.60598E+01
  66   2.20000E+03  8.42188E+00                  185   1.04999E+00  1.60693E+01
  67   1.80000E+03  8.62255E+00                  186   1.04000E+00  1.60789E+01
  68   1.55000E+03  8.77209E+00                  187   1.03000E+00  1.60885E+01
  69   1.50000E+03  8.80488E+00                  188   1.02000E+00  1.60983E+01
  70   1.15000E+03  9.07058E+00                  189   1.00999E+00  1.61082E+01
  71   9.50000E+02  9.26163E+00                  190   1.00000E+00  1.61181E+01
  72   6.83000E+02  9.59160E+00                  191   9.75000E-01  1.61434E+01
  73   6.70000E+02  9.61082E+00                  192   9.50000E-01  1.61694E+01
  74   5.50000E+02  9.80818E+00                  193   9.25000E-01  1.61961E+01
  75   3.05000E+02  1.03978E+01                  194   9.00000E-01  1.62235E+01
  76   2.85000E+02  1.04656E+01                  195   8.50000E-01  1.62806E+01
  77   2.40000E+02  1.06375E+01                  196   8.00000E-01  1.63412E+01
  78   2.10000E+02  1.07710E+01                  197   7.50000E-01  1.64058E+01
  79   2.07500E+02  1.07830E+01                  198   7.00000E-01  1.64748E+01
  80   1.92500E+02  1.08580E+01                  199   6.50000E-01  1.65489E+01
  81   1.86000E+02  1.08923E+01                  200   6.25000E-01  1.65881E+01
  82   1.22000E+02  1.13141E+01                  201   6.00000E-01  1.66289E+01
  83   1.19000E+02  1.13390E+01                  202   5.50000E-01  1.67159E+01
  84   1.15000E+02  1.13732E+01                  203   5.00000E-01  1.68112E+01
  85   1.08000E+02  1.14360E+01                  204   4.50000E-01  1.69166E+01
  86   1.00000E+02  1.15129E+01                  205   4.00000E-01  1.70344E+01
  87   9.00000E+01  1.16183E+01                  206   3.75000E-01  1.70989E+01
  88   8.20000E+01  1.17114E+01                  207   3.50000E-01  1.71679E+01
  89   8.00000E+01  1.17361E+01                  208   3.25000E-01  1.72420E+01
  90   7.60000E+01  1.17874E+01                  209   3.00000E-01  1.73221E+01
  91   7.20000E+01  1.18414E+01                  210   2.75000E-01  1.74091E+01
  92   6.75000E+01  1.19060E+01                  211   2.50000E-01  1.75044E+01
  93   6.50000E+01  1.19437E+01                  212   2.25000E-01  1.76098E+01
  94   6.10000E+01  1.20072E+01                  213   2.00000E-01  1.77275E+01
  95   5.90000E+01  1.20406E+01                  214   1.75000E-01  1.78611E+01
  96   5.34000E+01  1.21403E+01                  215   1.50000E-01  1.80152E+01
  97   5.20000E+01  1.21669E+01                  216   1.25000E-01  1.81975E+01
  98   5.06000E+01  1.21941E+01                  217   1.00000E-01  1.84207E+01
  99   4.92000E+01  1.22222E+01                  218   9.00000E-02  1.85260E+01
 100   4.83000E+01  1.22407E+01                  219   8.00000E-02  1.86438E+01
 101   4.70000E+01  1.22679E+01                  220   7.00000E-02  1.87774E+01
 102   4.52000E+01  1.23070E+01                  221   6.00000E-02  1.89315E+01
 103   4.40000E+01  1.23339E+01                  222   5.00000E-02  1.91138E+01
 104   4.24000E+01  1.23709E+01                  223   4.00000E-02  1.93370E+01
 105   4.10000E+01  1.24045E+01                  224   3.00000E-02  1.96247E+01
 106   3.96000E+01  1.24393E+01                  225   2.53000E-02  1.97950E+01
 107   3.91000E+01  1.24520E+01                  226   1.00000E-02  2.07233E+01
 108   3.80000E+01  1.24805E+01                  227   7.50000E-03  2.10109E+01
 109   3.70000E+01  1.25072E+01                  228   5.00000E-03  2.14164E+01
 110   3.55000E+01  1.25486E+01                  229   4.00000E-03  2.16396E+01
 111   3.46000E+01  1.25742E+01                  230   3.00000E-03  2.19272E+01
 112   3.37500E+01  1.25991E+01                  231   2.50000E-03  2.21096E+01
 113   3.32500E+01  1.26140E+01                  232   2.00000E-03  2.23327E+01
 114   3.17500E+01  1.26602E+01                  233   1.50000E-03  2.26204E+01
 115   3.12500E+01  1.26761E+01                  234   1.20000E-03  2.28435E+01
 116   3.00000E+01  1.27169E+01                  235   1.00000E-03  2.30259E+01
 117   2.75000E+01  1.28039E+01                  236   7.50000E-04  2.33135E+01
 118   2.50000E+01  1.28992E+01                  237   5.00000E-04  2.37190E+01
 119   2.25000E+01  1.30046E+01                  238   1.00000E-04  2.53284E+01
                                                 239   1.00000E-05  2.76310E+01

1         ***************************
          ***************************
          ** Quadrature Parameters **
          ***************************
          ***************************

 Quadrature angles and weights for first quadrant:
 ( 10 angles/quadrant for S- 8 quadrature.)

 Angle No.    Mu                  Eta                Weight       Angle in x-y   Elevation
                                                                 plane (degrees) (degrees)
    1    1.92327470D-01      1.92327470D-01      2.91971175D-02       45.00        74.22
    2    5.77350270D-01      1.92327470D-01      2.33138075D-02       18.42        52.52
    3    7.93521780D-01      1.92327470D-01      2.33138075D-02       13.62        35.26
    4    9.62299480D-01      1.92327470D-01      2.91971175D-02       11.30        11.09
    5    1.92327470D-01      5.77350270D-01      2.33138075D-02       71.58        52.52
    6    5.77350270D-01      5.77350270D-01      2.25258000D-02       45.00        35.26
    7    7.93521780D-01      5.77350270D-01      2.33138075D-02       36.04        11.09
    8    1.92327470D-01      7.93521780D-01      2.33138075D-02       76.38        35.26
    9    5.77350270D-01      7.93521780D-01      2.33138075D-02       53.96        11.09
   10    1.92327470D-01      9.62299480D-01      2.91971175D-02       78.70        11.09


 Scattering constants for first quadrant
 ( 3 moments for p-1 scattering)
 Angle       ------- Moment No. -------
  No.       0             1             2
    1    1.00000E+00  3.33121E-01 -2.35552E-01
    2    1.00000E+00  1.00000E+00 -2.35552E-01
    3    1.00000E+00  1.37442E+00 -2.35552E-01
    4    1.00000E+00  1.66675E+00 -2.35552E-01
    5    1.00000E+00  3.33121E-01 -7.07107E-01
    6    1.00000E+00  1.00000E+00 -7.07107E-01
    7    1.00000E+00  1.37442E+00 -7.07107E-01
    8    1.00000E+00  3.33121E-01 -9.71862E-01
    9    1.00000E+00  1.00000E+00 -9.71862E-01
   10    1.00000E+00  3.33121E-01 -1.17857E+00


1         **************************
          **************************
          **** Mixture Volumes *****
          **************************
          **************************


  Mixture       Volume        Volume
    ID     (cc/unit length)  Fraction
     0       8.16030E+03      2.14603E-01
     1       2.83529E+04      7.45638E-01
     2       1.51183E+03      3.97588E-02
 Total       3.80250E+04      1.00000E+00

1         *********************
          *********************
          **   Mixing Table  **
          *********************
          *********************

 Entry   Mixture   Isotope   Number Density
     1      1         11023    6.36719E-03
     2      1         17035    1.65848E-02
     3      1         17037    5.41096E-03
     4      1         92235    3.11118E-05
     5      1         92238    4.23578E-03
     6      1         93237    4.57577E-05
     7      1         94238    2.02196E-05
     8      1         94239    4.56955E-04
     9      1         94240    2.08697E-04
    10      1         94241    8.48376E-05
    11      1         94242    5.95606E-05
    12      1         95241    4.84653E-05
    13      1         95243    1.37596E-05
    14      1         96244    3.98131E-06
    15      1         96245    3.68840E-07
    16      1       1095242    9.33548E-08
    17      2         22046    4.67072E-03
    18      2         22047    4.21214E-03
    19      2         22048    4.17364E-02
    20      2         22049    3.06286E-03
    21      2         22050    2.93264E-03


  Memory size of attenuation factors(MB)=    899.46


 ===================================================================================================================================
   Outer iteration sweep begins 06/ 12/ 2018 at 14:38:35

  Outer   Eigenvalue Eigenvalue Max Flux   Max Flux     Max Fuel   Max Fuel     Wall   Elapsed   Iteration  CPU   Inners
 Iter. #              Delta      Delta   Location(r,g)   Delta   Location(r,g) Clock   CPU Time   CPU Time Usage Converged
 - - - - - - - - - - - - - - - - - - - - - - - - - - - - - - - - - - - - - - - - - - - - - - - - - - - - - - - - - - - -
     1    1.00000   0.000E+00 2.452E+06 (    2,238)   1.000E+00 (    1,  0) 14:38:40    4.6 s     4.6 s  92.4%    F
     2    0.20520   3.873E+00 4.654E+03 (    2,231)   1.154E+01 (    1,  0) 14:38:44    9.2 s     4.6 s 115.0%    F
     3    0.40116   4.885E-01 6.176E+02 (    2,226)   3.734E-01 ( 1809,  0) 14:38:49   13.8 s     4.6 s  92.0%    F
     4    0.48008   1.644E-01 1.437E+02 (    2,226)   3.324E-01 (    1,  0) 14:38:53   18.4 s     4.6 s 115.0%    F
     5    0.52595   8.721E-02 7.764E+01 (    2,220)   2.334E-01 (    1,  0) 14:38:58   23.0 s     4.6 s  91.8%    F
     6    0.55961   6.015E-02 4.995E+01 (    2,219)   1.707E-01 (    1,  0) 14:39:03   27.7 s     4.7 s  93.2%    F
     7    0.58705   4.674E-02 3.625E+01 (    2,226)   1.284E-01 (    1,  0) 14:39:07   32.3 s     4.6 s 115.0%    F
     8    0.61060   3.857E-02 2.976E+01 (    2,226)   9.925E-02 (  126,  0) 14:39:12   36.9 s     4.6 s  92.0%    F
     9    0.63133   3.283E-02 2.608E+01 (    3,228)   8.044E-02 (  126,  0) 14:39:17   41.5 s     4.6 s  92.0%    F
    10    0.64978   2.840E-02 2.168E+01 (    3,228)   6.591E-02 ( 4093,  0) 14:39:21   46.1 s     4.6 s 115.0%    F
    11    0.66626   2.475E-02 1.301E+01 (    3,228)   5.453E-02 ( 4093,  0) 14:39:26   50.7 s     4.6 s  92.0%    F
    12    0.68099   2.163E-02 5.047E+00 (    3,228)   4.550E-02 ( 4093,  0) 14:39:30   55.3 s     4.6 s 114.8%    F
    13    0.69412   1.891E-02 2.716E+00 (    3,228)   3.825E-02 (  126,  0) 14:39:35   59.9 s     4.6 s  92.0%    F
    14    0.70579   1.653E-02 2.306E+00 (    3,228)   3.234E-02 (  126,  0) 14:39:39   64.5 s     4.6 s 115.0%    F
    15    0.71611   1.442E-02 2.255E+00 (    2,162)   2.749E-02 (  126,  0) 14:39:44   69.1 s     4.6 s  92.2%    F
    16    0.72522   1.256E-02 2.251E+00 (    2,171)   2.348E-02 (  124,  0) 14:39:49   73.7 s     4.6 s  92.2%    F
    17    0.73323   1.092E-02 2.242E+00 (    2,204)   2.014E-02 (  124,  0) 14:39:53   78.3 s     4.6 s 115.5%    F
    18    0.74025   9.485E-03 2.227E+00 (    3,228)   1.732E-02 ( 4027,  0) 14:39:58   83.0 s     4.7 s  93.2%    F
    19    0.74632   8.134E-03 2.213E+00 (    3,228)   1.490E-02 (  124,  0) 14:40:03   87.8 s     4.8 s  96.4%    F
    20    0.75147   6.861E-03 2.178E+00 (    3,228)   1.284E-02 (  122,  0) 14:40:07   92.4 s     4.7 s 116.3%    F
    21    0.75589   5.843E-03 2.092E+00 (    3,228)   1.102E-02 ( 3961,  0) 14:40:12   97.0 s     4.6 s  92.2%    F
    22    0.75971   5.023E-03 1.902E+00 (    3,228)   9.433E-03 ( 3961,  0) 14:40:17  101.7 s     4.6 s  92.4%    F
    23    0.76302   4.340E-03 1.538E+00 (    3,228)   8.074E-03 ( 3895,  0) 14:40:21  106.3 s     4.6 s 115.0%    F
    24    0.76590   3.757E-03 1.024E+00 (    3,228)   7.630E-03 ( 3015,  0) 14:40:26  110.9 s     4.6 s  92.0%    F
    25    0.76840   3.257E-03 5.474E-01 (    3,228)   7.348E-03 ( 3015,  0) 14:40:30  115.5 s     4.6 s 115.0%    F
    26    0.77058   2.828E-03 2.487E-01 (    3,228)   7.079E-03 ( 3015,  0) 14:40:35  120.1 s     4.6 s  92.2%    F
    27    0.77248   2.458E-03 1.023E-01 (    3, 73)   6.818E-03 ( 3015,  0) 14:40:40  124.7 s     4.7 s  93.0%    F
    28    0.77413   2.140E-03 9.957E-02 (    3, 74)   6.564E-03 ( 3015,  0) 14:40:44  129.3 s     4.6 s 115.0%    F
    29    0.77558   1.866E-03 9.649E-02 (    3, 74)   6.312E-03 ( 3015,  0) 14:40:49  134.0 s     4.6 s  93.0%    F
    30    0.77684   1.628E-03 9.333E-02 (    3, 76)   6.060E-03 ( 3015,  0) 14:40:54  138.6 s     4.6 s  92.2%    F
    31    0.77795   1.421E-03 9.000E-02 (    3, 76)   5.806E-03 ( 3015,  0) 14:40:58  143.2 s     4.6 s 116.2%    F
    32    0.77892   1.241E-03 8.659E-02 (    3, 77)   5.550E-03 ( 3015,  0) 14:41:03  147.9 s     4.7 s  93.2%    F
    33    0.77976   1.083E-03 8.305E-02 (    3, 77)   5.290E-03 ( 3015,  0) 14:41:08  152.5 s     4.6 s  92.2%    F
    34    0.78050   9.447E-04 7.935E-02 (    3, 77)   5.029E-03 ( 3015,  0) 14:41:12  157.2 s     4.7 s 117.3%    F
    35    0.78116   8.433E-04 7.554E-02 (    3, 77)   4.765E-03 ( 3015,  0) 14:41:17  161.8 s     4.6 s  92.2%    F
    36    0.78176   7.754E-04 7.168E-02 (    3, 77)   4.497E-03 ( 3015,  0) 14:41:21  166.4 s     4.6 s 115.0%    F
    37    0.78231   7.046E-04 6.830E-02 (    3, 81)   4.221E-03 ( 3015,  0) 14:41:26  171.0 s     4.6 s  92.6%    F
    38    0.78281   6.350E-04 6.508E-02 (    3, 81)   3.944E-03 ( 3015,  0) 14:41:31  175.7 s     4.7 s  93.4%    F
    39    0.78326   5.687E-04 6.181E-02 (    3, 81)   3.669E-03 ( 3015,  0) 14:41:35  180.4 s     4.7 s 117.3%    F
    40    0.78365   5.067E-04 5.852E-02 (    3, 81)   3.399E-03 ( 3015,  0) 14:41:40  185.1 s     4.7 s  93.6%    F
    41    0.78401   4.492E-04 5.524E-02 (    3, 81)   3.136E-03 ( 3015,  0) 14:41:45  189.7 s     4.6 s  92.0%    F
    42    0.78432   3.964E-04 5.197E-02 (    3, 81)   2.883E-03 ( 3015,  0) 14:41:50  194.5 s     4.8 s  96.6%    F
    43    0.78459   3.481E-04 4.876E-02 (    3, 81)   2.639E-03 ( 3015,  0) 14:41:54  199.4 s     4.9 s 121.5%    F
    44    0.78483   3.043E-04 4.561E-02 (    3, 81)   2.408E-03 ( 3015,  0) 14:41:59  204.4 s     5.1 s 101.4%    F
    45    0.78504   2.646E-04 4.254E-02 (    3, 81)   2.189E-03 ( 3015,  0) 14:42:04  209.1 s     4.7 s  93.2%    F
    46    0.78522   2.288E-04 4.014E-02 (    3,228)   1.982E-03 ( 3015,  0) 14:42:09  213.7 s     4.6 s  92.8%    F
    47    0.78537   1.967E-04 3.825E-02 (    3,228)   1.789E-03 ( 3015,  0) 14:42:15  219.9 s     6.1 s 102.2%    F
    48    0.78550   1.680E-04 3.636E-02 (    3,228)   1.610E-03 ( 3015,  0) 14:42:22  226.4 s     6.6 s  94.1%    F
    49    0.78562   1.425E-04 3.449E-02 (    3,228)   1.444E-03 ( 3015,  0) 14:42:27  232.2 s     5.8 s 116.0%    F
    50    0.78571   1.200E-04 3.262E-02 (    3,228)   1.291E-03 ( 3015,  0) 14:42:33  237.5 s     5.3 s  88.0%    F
    51    0.78579   1.002E-04 3.077E-02 (    3,228)   1.151E-03 ( 3015,  0) 14:42:38  242.9 s     5.4 s 107.8%    F
    52    0.78585   8.281E-05 2.895E-02 (    3,228)   1.024E-03 ( 3015,  0) 14:42:43  247.8 s     4.8 s  96.6%    F
    53    0.78591   6.773E-05 2.716E-02 (    3,228)   9.082E-04 ( 3015,  0) 14:42:49  253.3 s     5.6 s  92.8%    F
    54    0.78595   5.470E-05 2.540E-02 (    3,228)   8.038E-04 ( 3015,  0) 14:42:54  258.8 s     5.4 s 108.8%    F
 k-eff =       0.78594928     



   Four-Factor Estimate of k-infinity.  Fast/Thermal boundary:   0.6250 eV
      Fiss. neutrons/thermal abs. (eta):          0.563092
      Thermal utilization (f):                    0.981240
      Resonance Escape probability (p):           0.000000
      Fast-fission factor (epsilon):        **************
                                            --------------
      Infinite neutron multiplication             1.297677

   Six-Factor Estimate of k-effective.
      Fast non-leakage prob. (Pf):                0.164566
      Thermal non-leakage prob. (Pt):             1.000000
                                            --------------
      Effective neutron multiplication:           0.213553


   Alternate 3-Group Formulation Terms. 
   Fast/Res. boundary:   0.8210 MeV.  Res./Therm. boundary:   0.6250eV
      Fiss. neutrons/thermal abs. (eta):          0.563092
      Thermal utilization (f):                    0.981240
      Resonance Escape probability (p):           0.000000
      Fast Escape probability (pf):               0.686423
      Fast-fission factor (epsilon):        **************
      Fast non-leakage prob. (Pf):                0.507996
      Resonance non-leakage prob. (Pr):           0.323951
      Thermal non-leakage prob. (Pt):             1.000000





  Time per Iteration (sec):
 Transport Sweeping:     4.206
 Inscatter Source  :     0.585
 Coarse-Mesh Accel :     0.000
 Else (Convergence):     0.107
 Total (per outer):      4.898

  Total iteration time breakdown (sec):
 Transport Sweeping:   227.114
 Inscatter Source  :    31.589
 Coarse-Mesh Accel :     0.000
 Else (Convergence):     5.767
 Total Time        :   264.470

 Critical Spectra Calculated with the B1 Method
 Input height of  3.30000E+02 gives a corresponding k-eff of  1.08836E+00
 Equivalent buckling is  8.25661E-05 1/cm**2.

  Group   Upper      Critical   Inf.Med.   Critical   Inf.Med.  
   No    Energy(eV)   Flux       Flux      Adj.Flux   Adj.Flux  

     1  2.0000E+07  1.833E-07  1.723E-07  5.675E-03  5.851E-03
     2  1.7333E+07  1.957E-06  1.837E-06  7.514E-03  7.746E-03
     3  1.5683E+07  4.938E-06  4.631E-06  9.335E-03  9.626E-03
     4  1.4550E+07  8.744E-06  8.198E-06  1.311E-02  1.353E-02
     5  1.3840E+07  1.553E-05  1.455E-05  8.200E-03  8.469E-03
     6  1.2840E+07  6.556E-05  6.153E-05  2.242E-03  2.318E-03
     7  1.0000E+07  2.229E-04  2.088E-04  2.572E-03  2.659E-03
     8  8.1873E+06  6.129E-04  5.735E-04  1.936E-03  2.004E-03
     9  6.4340E+06  1.491E-03  1.395E-03  1.425E-03  1.488E-03
    10  4.8000E+06  2.427E-03  2.270E-03  3.882E-03  4.058E-03
    11  4.3040E+06  3.961E-03  3.708E-03  1.197E-03  1.252E-03
    12  3.0000E+06  6.020E-03  5.640E-03  2.315E-03  2.420E-03
    13  2.4790E+06  6.871E-03  6.441E-03  8.555E-03  8.948E-03
    14  2.3540E+06  8.480E-03  7.968E-03  1.828E-03  1.913E-03
    15  1.8500E+06  1.068E-02  1.007E-02  2.053E-03  2.159E-03
    16  1.5000E+06  1.159E-02  1.095E-02  5.991E-03  6.344E-03
    17  1.4000E+06  1.230E-02  1.163E-02  1.274E-02  1.353E-02
    18  1.3560E+06  1.271E-02  1.203E-02  1.386E-02  1.475E-02
    19  1.3170E+06  1.359E-02  1.288E-02  7.723E-03  8.230E-03
    20  1.2500E+06  1.334E-02  1.265E-02  9.873E-03  1.053E-02
    21  1.2000E+06  1.409E-02  1.338E-02  4.636E-03  4.953E-03
    22  1.1000E+06  1.523E-02  1.450E-02  4.730E-03  5.062E-03
    23  1.0100E+06  1.823E-02  1.743E-02  4.321E-03  4.635E-03
    24  9.2000E+05  1.746E-02  1.671E-02  1.823E-02  1.955E-02
    25  9.0000E+05  1.788E-02  1.712E-02  1.419E-02  1.521E-02
    26  8.7500E+05  1.661E-02  1.590E-02  2.489E-02  2.669E-02
    27  8.6110E+05  2.059E-02  1.976E-02  8.123E-03  8.719E-03
    28  8.2000E+05  1.945E-02  1.869E-02  4.425E-03  4.748E-03
    29  7.5000E+05  1.953E-02  1.879E-02  3.945E-03  4.234E-03
    30  6.7900E+05  2.265E-02  2.182E-02  2.927E-02  3.146E-02
    31  6.7000E+05  2.372E-02  2.293E-02  3.525E-03  3.787E-03
    32  6.0000E+05  2.615E-02  2.533E-02  8.374E-03  8.983E-03
    33  5.7300E+05  2.889E-02  2.805E-02  9.378E-03  1.006E-02
    34  5.5000E+05  3.139E-02  3.061E-02  3.965E-03  4.246E-03
    35  4.9952E+05  3.165E-02  3.095E-02  6.203E-03  6.620E-03
    36  4.7000E+05  3.086E-02  3.024E-02  5.685E-03  6.054E-03
    37  4.4000E+05  3.273E-02  3.215E-02  8.009E-03  8.518E-03
    38  4.2000E+05  2.715E-02  2.667E-02  7.597E-03  8.063E-03
    39  4.0000E+05  3.078E-02  3.038E-02  1.912E-03  2.026E-03
    40  3.3000E+05  3.795E-02  3.781E-02  1.798E-03  1.896E-03
    41  2.7000E+05  3.190E-02  3.202E-02  1.173E-03  1.229E-03
    42  2.0000E+05  3.817E-02  3.880E-02  1.186E-03  1.234E-03
    43  1.5000E+05  3.056E-02  3.121E-02  2.100E-03  2.167E-03
    44  1.2830E+05  3.125E-02  3.221E-02  1.288E-03  1.326E-03
    45  1.0000E+05  3.056E-02  3.170E-02  1.906E-03  1.951E-03
    46  8.5000E+04  3.084E-02  3.210E-02  8.425E-03  8.603E-03
    47  8.2000E+04  2.801E-02  2.924E-02  3.360E-03  3.426E-03
    48  7.5000E+04  2.619E-02  2.739E-02  1.095E-02  1.115E-02
    49  7.3000E+04  2.339E-02  2.457E-02  1.492E-03  1.517E-03
    50  6.0000E+04  1.308E-02  1.375E-02  1.977E-03  2.004E-03
    51  5.2000E+04  1.664E-02  1.753E-02  7.155E-03  7.254E-03
    52  5.0000E+04  2.100E-02  2.218E-02  2.646E-03  2.682E-03
    53  4.5000E+04  1.892E-02  2.023E-02  6.799E-04  6.876E-04
    54  3.0000E+04  8.910E-03  9.541E-03  1.466E-03  1.472E-03
    55  2.5000E+04  1.309E-02  1.416E-02  6.914E-04  6.942E-04
    56  1.7000E+04  9.639E-03  1.048E-02  9.766E-04  9.770E-04
    57  1.3000E+04  8.307E-03  9.098E-03  8.463E-04  8.464E-04
    58  9.5000E+03  5.165E-03  5.673E-03  1.590E-03  1.587E-03
    59  8.0300E+03  6.513E-03  7.224E-03  9.176E-04  9.158E-04
    60  6.0000E+03  3.464E-03  3.876E-03  6.343E-04  6.298E-04
    61  3.9000E+03  1.575E-03  1.763E-03  6.938E-03  6.855E-03
    62  3.7400E+03  9.893E-04  1.108E-03  1.314E-03  1.298E-03
    63  3.0000E+03  8.191E-04  9.175E-04  1.938E-03  1.914E-03
    64  2.5800E+03  1.053E-03  1.180E-03  2.462E-03  2.431E-03
    65  2.2900E+03  1.451E-03  1.627E-03  7.301E-03  7.212E-03
    66  2.2000E+03  1.985E-03  2.232E-03  1.482E-03  1.463E-03
    67  1.8000E+03  2.333E-03  2.635E-03  2.001E-03  1.975E-03
    68  1.5500E+03  2.281E-03  2.583E-03  9.268E-03  9.144E-03
    69  1.5000E+03  1.829E-03  2.085E-03  1.147E-03  1.130E-03
    70  1.1500E+03  1.173E-03  1.345E-03  1.525E-03  1.499E-03
    71  9.5000E+02  6.498E-04  7.518E-04  8.314E-04  8.167E-04
    72  6.8300E+02  4.324E-04  5.014E-04  1.432E-02  1.403E-02
    73  6.7000E+02  3.136E-04  3.650E-04  1.370E-03  1.340E-03
    74  5.5000E+02  7.869E-05  9.207E-05  4.550E-04  4.440E-04
    75  3.0500E+02  2.547E-05  2.986E-05  4.965E-03  4.845E-03
    76  2.8500E+02  1.551E-05  1.822E-05  2.083E-03  2.029E-03
    77  2.4000E+02  8.702E-06  1.024E-05  2.282E-03  2.222E-03
    78  2.1000E+02  3.545E-06  4.171E-06  2.102E-02  2.045E-02
    79  2.0750E+02  5.891E-06  6.938E-06  4.861E-03  4.728E-03
    80  1.9250E+02  4.349E-06  5.121E-06  7.598E-03  7.395E-03
    81  1.8600E+02  2.389E-06  2.818E-06  7.372E-04  7.175E-04
    82  1.2200E+02  1.135E-06  1.339E-06  1.165E-02  1.132E-02
    83  1.1900E+02  8.551E-07  1.009E-06  7.354E-03  7.140E-03
    84  1.1500E+02  9.404E-07  1.110E-06  4.750E-03  4.616E-03
    85  1.0800E+02  5.524E-07  6.516E-07  3.789E-03  3.678E-03
    86  1.0000E+02  4.263E-07  5.026E-07  3.865E-03  3.752E-03
    87  9.0000E+01  2.798E-07  3.296E-07  4.550E-03  4.414E-03
    88  8.2000E+01  1.732E-07  2.039E-07  1.162E-02  1.127E-02
    89  8.0000E+01  2.048E-07  2.411E-07  6.778E-03  6.577E-03
    90  7.6000E+01  1.250E-07  1.471E-07  6.953E-03  6.741E-03
    91  7.2000E+01  1.283E-07  1.509E-07  4.792E-03  4.648E-03
    92  6.7500E+01  5.390E-08  6.333E-08  6.029E-03  5.845E-03
    93  6.5000E+01  7.747E-08  9.099E-08  6.218E-03  6.030E-03
    94  6.1000E+01  5.121E-08  6.018E-08  1.312E-02  1.272E-02
    95  5.9000E+01  4.252E-08  4.992E-08  3.305E-03  3.205E-03
    96  5.3400E+01  2.798E-08  3.286E-08  7.174E-03  6.955E-03
    97  5.2000E+01  3.265E-08  3.835E-08  7.415E-03  7.192E-03
    98  5.0600E+01  2.455E-08  2.883E-08  7.601E-03  7.369E-03
    99  4.9200E+01  2.637E-08  3.098E-08  1.087E-02  1.055E-02
   100  4.8300E+01  2.230E-08  2.620E-08  8.662E-03  8.398E-03
   101  4.7000E+01  2.236E-08  2.628E-08  3.276E-03  3.178E-03
   102  4.5200E+01  1.586E-08  1.864E-08  4.332E-03  4.201E-03
   103  4.4000E+01  1.789E-08  2.103E-08  3.246E-03  3.149E-03
   104  4.2400E+01  1.117E-08  1.313E-08  3.391E-03  3.288E-03
   105  4.1000E+01  1.273E-08  1.497E-08  3.747E-03  3.635E-03
   106  3.9600E+01  1.147E-08  1.349E-08  1.089E-02  1.056E-02
   107  3.9100E+01  7.680E-09  9.031E-09  3.561E-03  3.454E-03
   108  3.8000E+01  5.868E-09  6.900E-09  4.228E-03  4.102E-03
   109  3.7000E+01  3.969E-09  4.667E-09  2.457E-03  2.384E-03
   110  3.5500E+01  4.724E-09  5.557E-09  9.796E-03  9.504E-03
   111  3.4600E+01  4.215E-09  4.959E-09  1.040E-02  1.009E-02
   112  3.3750E+01  3.911E-09  4.603E-09  1.760E-02  1.708E-02
   113  3.3250E+01  3.616E-09  4.256E-09  5.950E-03  5.771E-03
   114  3.1750E+01  3.436E-09  4.044E-09  1.672E-02  1.621E-02
   115  3.1250E+01  3.086E-09  3.633E-09  6.520E-03  6.323E-03
   116  3.0000E+01  2.687E-09  3.164E-09  3.121E-03  3.027E-03
   117  2.7500E+01  1.939E-09  2.284E-09  2.716E-03  2.633E-03
   118  2.5000E+01  1.442E-09  1.699E-09  2.100E-03  2.035E-03
   119  2.2500E+01  6.896E-10  8.127E-10  3.270E-03  3.168E-03
   120  2.1000E+01  2.576E-10  3.035E-10  2.000E-03  1.939E-03
   121  2.0000E+01  3.558E-10  4.195E-10  6.887E-03  6.678E-03
   122  1.9000E+01  2.679E-10  3.160E-10  1.415E-02  1.372E-02
   123  1.8500E+01  1.973E-10  2.327E-10  5.087E-03  4.930E-03
   124  1.7000E+01  1.498E-10  1.767E-10  7.622E-03  7.387E-03
   125  1.6000E+01  1.145E-10  1.351E-10  8.648E-03  8.380E-03
   126  1.5100E+01  6.024E-11  7.107E-11  1.016E-02  9.843E-03
   127  1.4400E+01  5.835E-11  6.885E-11  9.537E-03  9.243E-03
   128  1.3750E+01  4.455E-11  5.259E-11  6.110E-03  5.922E-03
   129  1.2900E+01  3.339E-11  3.942E-11  5.004E-03  4.849E-03
   130  1.1900E+01  2.075E-11  2.450E-11  1.344E-02  1.302E-02
   131  1.1500E+01  1.249E-11  1.475E-11  3.431E-03  3.325E-03
   132  1.0000E+01  8.395E-12  9.917E-12  3.057E-03  2.962E-03
   133  9.1000E+00  5.607E-12  6.625E-12  2.472E-03  2.395E-03
   134  8.1000E+00  2.523E-12  2.981E-12  2.084E-03  2.019E-03
   135  7.1500E+00  1.607E-12  1.899E-12  6.452E-03  6.250E-03
   136  7.0000E+00  7.491E-13  8.852E-13  2.270E-03  2.199E-03
   137  6.7500E+00  2.288E-13  2.704E-13  3.845E-04  3.726E-04
   138  6.5000E+00  3.656E-13  4.321E-13  4.097E-03  3.971E-03
   139  6.2500E+00  2.466E-13  2.916E-13  5.907E-03  5.725E-03
   140  6.0000E+00  1.520E-13  1.797E-13  2.055E-03  1.992E-03
   141  5.4000E+00  1.046E-13  1.237E-13  2.452E-03  2.377E-03
   142  5.0000E+00  8.199E-14  9.700E-14  3.695E-03  3.581E-03
   143  4.7500E+00  4.408E-14  5.216E-14  1.216E-03  1.179E-03
   144  4.0000E+00  2.896E-14  3.427E-14  1.331E-03  1.290E-03
   145  3.7300E+00  2.341E-14  2.771E-14  1.423E-03  1.379E-03
   146  3.5000E+00  1.670E-14  1.977E-14  7.256E-04  7.031E-04
   147  3.1500E+00  1.321E-14  1.564E-14  2.022E-03  1.959E-03
   148  3.0500E+00  1.231E-14  1.459E-14  3.532E-03  3.423E-03
   149  3.0000E+00  1.615E-14  1.913E-14  5.879E-03  5.697E-03
   150  2.9700E+00  1.262E-14  1.495E-14  1.633E-03  1.582E-03
   151  2.8700E+00  8.321E-15  9.857E-15  1.361E-03  1.319E-03
   152  2.7700E+00  2.788E-15  3.303E-15  6.521E-04  6.317E-04
   153  2.6700E+00  1.743E-15  2.065E-15  6.667E-04  6.459E-04
   154  2.5700E+00  2.585E-15  3.062E-15  1.572E-03  1.524E-03
   155  2.4700E+00  2.286E-15  2.708E-15  1.995E-03  1.933E-03
   156  2.3800E+00  1.914E-15  2.268E-15  2.233E-03  2.164E-03
   157  2.3000E+00  1.645E-15  1.950E-15  1.970E-03  1.909E-03
   158  2.2100E+00  1.377E-15  1.631E-15  1.877E-03  1.819E-03
   159  2.1200E+00  1.096E-15  1.299E-15  1.293E-03  1.252E-03
   160  2.0000E+00  8.528E-16  1.011E-15  2.276E-03  2.205E-03
   161  1.9400E+00  7.108E-16  8.425E-16  1.594E-03  1.544E-03
   162  1.8600E+00  5.843E-16  6.927E-16  1.359E-03  1.316E-03
   163  1.7700E+00  4.438E-16  5.261E-16  1.225E-03  1.187E-03
   164  1.6800E+00  3.425E-16  4.061E-16  1.132E-03  1.097E-03
   165  1.5900E+00  2.362E-16  2.800E-16  9.353E-04  9.060E-04
   166  1.5000E+00  1.602E-16  1.899E-16  1.345E-03  1.302E-03
   167  1.4500E+00  1.220E-16  1.446E-16  1.194E-03  1.156E-03
   168  1.4000E+00  8.158E-17  9.673E-17  9.501E-04  9.203E-04
   169  1.3500E+00  5.497E-17  6.517E-17  8.068E-04  7.815E-04
   170  1.3000E+00  3.804E-17  4.511E-17  7.388E-04  7.156E-04
   171  1.2500E+00  2.890E-17  3.427E-17  1.376E-03  1.333E-03
   172  1.2250E+00  2.299E-17  2.726E-17  1.254E-03  1.215E-03
   173  1.2000E+00  1.683E-17  1.996E-17  1.050E-03  1.017E-03
   174  1.1750E+00  1.116E-17  1.324E-17  7.754E-04  7.510E-04
   175  1.1500E+00  7.852E-18  9.310E-18  1.393E-03  1.349E-03
   176  1.1400E+00  6.328E-18  7.503E-18  1.094E-03  1.060E-03
   177  1.1300E+00  5.118E-18  6.068E-18  8.335E-04  8.073E-04
   178  1.1200E+00  4.205E-18  4.985E-18  6.236E-04  6.039E-04
   179  1.1100E+00  3.540E-18  4.197E-18  4.693E-04  4.545E-04
   180  1.1000E+00  3.059E-18  3.627E-18  3.645E-04  3.531E-04
   181  1.0900E+00  2.705E-18  3.207E-18  2.981E-04  2.888E-04
   182  1.0800E+00  2.431E-18  2.882E-18  2.584E-04  2.502E-04
   183  1.0700E+00  2.212E-18  2.623E-18  2.402E-04  2.326E-04
   184  1.0600E+00  2.032E-18  2.409E-18  2.402E-04  2.326E-04
   185  1.0500E+00  1.880E-18  2.229E-18  2.573E-04  2.492E-04
   186  1.0400E+00  1.752E-18  2.077E-18  2.936E-04  2.844E-04
   187  1.0300E+00  1.647E-18  1.952E-18  3.558E-04  3.446E-04
   188  1.0200E+00  1.563E-18  1.853E-18  4.532E-04  4.390E-04
   189  1.0100E+00  1.503E-18  1.782E-18  6.045E-04  5.855E-04
   190  1.0000E+00  1.455E-18  1.725E-18  4.216E-04  4.083E-04
   191  9.7500E-01  1.398E-18  1.658E-18  8.203E-04  7.946E-04
   192  9.5000E-01  1.273E-18  1.510E-18  1.295E-03  1.254E-03
   193  9.2500E-01  1.092E-18  1.294E-18  1.758E-03  1.703E-03
   194  9.0000E-01  8.210E-19  9.736E-19  1.190E-03  1.153E-03
   195  8.5000E-01  5.320E-19  6.310E-19  1.538E-03  1.490E-03
   196  8.0000E-01  3.396E-19  4.028E-19  1.810E-03  1.754E-03
   197  7.5000E-01  2.147E-19  2.547E-19  2.020E-03  1.957E-03
   198  7.0000E-01  1.323E-19  1.569E-19  2.168E-03  2.101E-03
   199  6.5000E-01  8.792E-20  1.043E-19  4.431E-03  4.293E-03
   200  6.2500E-01  6.432E-20  7.630E-20  4.343E-03  4.208E-03
   201  6.0000E-01  3.982E-20  4.725E-20  2.157E-03  2.089E-03
   202  5.5000E-01  2.152E-20  2.553E-20  2.521E-03  2.442E-03
   203  5.0000E-01  1.056E-20  1.253E-20  2.876E-03  2.786E-03
   204  4.5000E-01  4.715E-21  5.595E-21  3.361E-03  3.256E-03
   205  4.0000E-01  2.242E-21  2.660E-21  7.137E-03  6.913E-03
   206  3.7500E-01  1.278E-21  1.517E-21  7.220E-03  6.993E-03
   207  3.5000E-01  7.054E-22  8.371E-22  7.049E-03  6.827E-03
   208  3.2500E-01  3.897E-22  4.625E-22  6.669E-03  6.460E-03
   209  3.0000E-01  2.189E-22  2.598E-22  6.244E-03  6.048E-03
   210  2.7500E-01  1.227E-22  1.456E-22  5.663E-03  5.486E-03
   211  2.5000E-01  6.664E-23  7.909E-23  4.886E-03  4.734E-03
   212  2.2500E-01  3.423E-23  4.063E-23  4.043E-03  3.918E-03
   213  2.0000E-01  1.635E-23  1.941E-23  3.250E-03  3.149E-03
   214  1.7500E-01  7.182E-24  8.528E-24  2.563E-03  2.484E-03
   215  1.5000E-01  2.848E-24  3.382E-24  1.989E-03  1.928E-03
   216  1.2500E-01  9.921E-25  1.178E-24  1.508E-03  1.461E-03
   217  1.0000E-01  4.222E-25  5.016E-25  3.059E-03  2.965E-03
   218  9.0000E-02  2.435E-25  2.893E-25  2.677E-03  2.595E-03
   219  8.0000E-02  1.329E-25  1.579E-25  2.316E-03  2.244E-03
   220  7.0000E-02  6.762E-26  8.035E-26  1.972E-03  1.911E-03
   221  6.0000E-02  3.146E-26  3.738E-26  1.643E-03  1.593E-03
   222  5.0000E-02  1.297E-26  1.541E-26  1.325E-03  1.284E-03
   223  4.0000E-02  4.496E-27  5.342E-27  1.017E-03  9.852E-04
   224  3.0000E-02  1.721E-27  2.045E-27  1.705E-03  1.652E-03
   225  2.5300E-02  3.335E-28  3.962E-28  3.098E-04  3.001E-04
   226  1.0000E-02  3.373E-29  4.009E-29  9.871E-04  9.561E-04
   227  7.5000E-03  1.224E-29  1.455E-29  6.975E-04  6.756E-04
   228  5.0000E-03  4.830E-30  5.739E-30  1.264E-03  1.224E-03
   229  4.0000E-03  2.437E-30  2.896E-30  9.796E-04  9.488E-04
   230  3.0000E-03  1.298E-30  1.542E-30  1.543E-03  1.494E-03
   231  2.5000E-03  7.812E-31  9.283E-31  1.260E-03  1.220E-03
   232  2.0000E-03  4.212E-31  5.005E-31  9.767E-04  9.459E-04
   233  1.5000E-03  2.276E-31  2.705E-31  1.259E-03  1.220E-03
   234  1.2000E-03  1.415E-31  1.681E-31  1.540E-03  1.491E-03
   235  1.0000E-03  8.383E-32  9.961E-32  9.760E-04  9.452E-04
   236  7.5000E-04  3.959E-32  4.704E-32  6.921E-04  6.703E-04
   237  5.0000E-04  7.055E-33  8.383E-33  1.747E-04  1.692E-04
   238  1.0000E-04  1.761E-34  2.093E-34  1.216E-04  1.178E-04

 NOTE: Flux values above are per unit-lethargy.



  Zone data

      Zone   Mix    Relative     Relative         Zone
       No.   No.      Flux     Fission Power     Volume
     -----------------------------------------------------------------
         1     0   2.49411E-01   0.00000E+00   8.16030E+03
         2     1   5.92153E-01   1.00000E+00   2.83529E+04
         3     2   1.58436E-01   0.00000E+00   1.51183E+03



module xsproc is finished. completion code 0.
newtgrid.ps copied to /home/andrei2/Desktop/ornl/rebus/scale/quarter_cell.newtgrid.ps.
newtmatl.ps copied to /home/andrei2/Desktop/ornl/rebus/scale/quarter_cell.newtmatl.ps.
