 *******************************************************************************
 *                                                                             *
 *                                 SCALE 6.2.3                                 *
 *                                -------------                                *
 *                                  June 2018                                  *
 *                                                                             *
 *           SCALE:  A Comprehensive Modeling and Simulation Suite             *
 *                   for Nuclear Safety Analysis and Design                    *
 *                                                                             *
 *                      Reactor and Nuclear Systems Division                   *
 *                        Oak Ridge National Laboratory                        *
 *                                                                             *
 *                           http://scale.ornl.gov                             *
 *                            scalehelp@ornl.gov                               *
 *                                                                             *
 *******************************************************************************
 *******************************************************************************
      
                  Job Information
                  ---------------
      Job started on andrei2-HP-Notebook on Tue 19/06/2018 08:57:45
      Working directory: /tmp/scale.andrei2.1089
      Input file name  : /home/andrei2/Desktop/ornl/rebus/scale/rebus_quarter_cell2.inp
      Output file name : /home/andrei2/Desktop/ornl/rebus/scale/rebus_quarter_cell2.out
      SCALE executable : /home/andrei2/SCALE/SCALE-6.2.3/bin/scale
      
 *******************************************************************************
The following data cards precede an = card
      '#TestGrep# "k-eff [=]" ${OUTPUTFILENAME}
      '#TestGrep# "Transport k[=]" ${OUTPUTFILENAME}
      '#TestGrep# -i "erro[r]" ${OUTPUTFILENAME} | ${GREP} -v "[W]arnings and [E]rrors"
      '#TestGrep# "SCALE is finishe[d]" ${OUTPUTFILENAME} | ${AWK} "{print $1,$2,$3}"
      '#TestGrep# "is finishe[d]\." ${OUTPUTFILENAME} | ${AWK} "{print $1,$2,$3,$4,$5,$6,$7}"
      ' THIS SAMPLE PROBLEM TEST THE FOLLOWING: 
      '  ** t-newt sequence
      '  ** v7-252 group library
      '  ** centrm cross-section processing (default for t-newt calculations)
      '  ** parm=weight option for the t-newt sequence, which uses the NEWT collapse block to specify a 252 -> 56 group collapse.
      '  ** latticecell cross-section processing option


    module t-newt will be called on Tue Jun 19 08:57:49 2018.
    sequence specification record:=t-newt      parm=(2region,weight)
Input Data:

      REBUS unit cell model
      v7-238
      read comp 
      ' fuel salt
        wtptfuel  1 3.6 16 11023 6.75235974 17035 26.7525143 17037 9.22673966 93237 0.45906338 94238 0.20370938 94239 4.62315084 94240 2.12029901 94241 0.86552576 94242 0.61017175 95241 0.49444952 1095242 0.00095638 95243 0.14154454 96244 0.04112443 96245 0.00382553 92235 0.34347287 92238 47.3610929 1.0 963 end
      ' Structural material
        ti        2 1 963 end
        carbonsteel     3 1 673 end
      end comp
      read celldata
        latticecell squarepitch pitch=202.0 3 fuelr=98.25 1 cladr=99.75 2 end
      end celldata
      read model
      238 group solution
      read parm
      'dz=188.0
      drawit=yes prtbroad=yes cmfd=3 xycmfd=2 sn=12 converge=mix echo=yes inners=2 epsilon=1e-3
      timed=yes prtmxsec=no prtmxtab=yes prthmmix=no inrcvrg=no
      end parm
      read materials
        mix=1  pn=1 com="Fuel salt" end
        mix=2  pn=1 com="Titanium"    end
        mix=3  pn=1 com="Carbon Steel"       end
      end materials
      read geom
        global unit 1
          cylinder 10 98.25  chord +x=0 chord +y=0 sides=128
          cylinder 20 99.75 chord +x=0 chord +y=0 sides=128
          cuboid   30 101. 0. 118. 0.
          media 1 1 10
          media 2 1 20 -10
          media 3 1 30 -20
        boundary 30 32 32
      end geom 
      ' Depletion
      read bounds
      all=mirror
      end bounds
      end model
end




************************************************************************************************************************************
************************************************************************************************************************************
************************************************************************************************************************************
*****                                                                                                                          *****
*****                                             program verification information                                             *****
*****                                                                                                                          *****
*****                                           code system: SCALE   version: 6.2.0                                            *****
*****                                                                                                                          *****
************************************************************************************************************************************
************************************************************************************************************************************
*****                                                                                                                          *****
*****                                                                                                                          *****
*****                      program:  t-newt                                                                                    *****
*****                                                                                                                          *****
*****                      version:  6.2.3 (602003)                                                                            *****
*****                                                                                                                          *****
*****                     username:  andrei2                                                                                   *****
*****                                                                                                                          *****
*****                     hostname:  andrei2-HP-Notebook                                                                       *****
*****                                                                                                                          *****
*****                                                                                                                          *****
*****            date of execution:  2018-06-19                                                                                *****
*****                                                                                                                          *****
*****            time of execution:  08:57:49                                                                                  *****
*****                                                                                                                          *****
************************************************************************************************************************************
************************************************************************************************************************************
************************************************************************************************************************************




 'dz=188.0

 ' Depletion
------------------------------------------------------------------------------------------------------------------------------------

                          238 group solution                                                              

------------------------------------------------------------------------------------------------------------------------------------



1         ***********************
          ***********************
          **  Control Options  **
          ***********************
          ***********************

 Run problem to completion/test input only          run=           yes
 Weighted cross-section collapse/do not collapse    collapse=       no
 Source acceleration on/off                         accel=          no
 Restart from earlier case/begin new case           restart=        no
 CMFD acceleration (0/1/2/3 = no/rect/yes/part)     cmfd=          3
 Number of fine mesh base grid/coarse grid in X     xcmfd=           2
 Number of fine mesh base grid/coarse grid in Y     ycmfd=           2
 CMFD Multigroup solution only (no 2g)              cmfd2g=         no
 Create restart file upon completion                savrest=       yes
 Calculation type:                                  eigenvalue                      
 Forward/adjoint solution                           forward=       yes

1         **********************
          **********************
          **  Output Options  **
          **********************
          **********************

 Print micro. cross-sections for problem nuclides   prtxsec=        no
 Print macro. cross-sections for mixtures           prtmxsec=       no
 Print balance table                                prtbalnc=       no
 Print mixing table                                 prtmxtab=      yes
 Print postscript graphics file for fluxes          prtflux=        no
 Print postscript grid/mixture geometry graphics    drawit=        yes
 Print broad-group fluxes                           prtbroad=      yes
 Echo convergence tracking data to std. output      echo=          yes

1         ***************************
          ***************************
          ** I/O Unit Assignments  **
          ***************************
          ***************************

 Unit no. for mixing table                          mixtab=         92
 Unit no. of working library                        xnlib=           4
 Unit no. for weighted broad-group library          wtdlib=         30
 Unit no. for homogenized macroscopic x-sect. lib.  hmoglib=        13

1         *************************
          *************************
          ** Convergence Control **
          *************************
          *************************

 Quadrature order                                   sn=             12
 Maximum no. of inner itrs./outer/energy group      inners=          2
 Maximum no. of outer energy groups                 outers=          250
 Performing thermal group subouter iterations       therm=         yes
 Maximum no. of thermal group subouter itrs./outer  suboutrs=        2
 Convergence criterion on inner iterations          epsinner= 1.00E-03
 Convergence criterion on subouter iterations       epsthrm=  1.00E-03
 Convergence criterion on outer iterations          epsouter= 1.00E-03
 Convergence criterion on eigenvalue                epseigen= 1.00E-03
 First guess for eigenvalue (k-eff)                 kguess=       1.000

1         *****************************
          *****************************
          ** Geometry Specifications **
          *****************************
          *****************************

 Left side x-coordinate                             xmin=  0.00000E+00
 Right side x-coordinate                            xmax=  1.01000E+02
 Bottom side y-coordinate                           ymin=  0.00000E+00
 Top side y-coordinate                              ymax=  1.18000E+02
 Number of subdivisions in x direction              nx=             32
 Number of subdivisions in y direction              ny=             32

 Boundary Conditions (0/1/2/3=vacuum/reflective/white/periodic):
 Left (West)          wbc=         1
 Right (East)         ebc=         1
 Bottom (South)       sbc=         1
 Top (North)          nbc=         1

  Body Characteristics.  Rotation angle in degrees counterclockwise.
  Size parameters. cyl: A=radius, B=no. of sides. cub: A=width, B=height. hex: A(B)=major(minor) radius.
  Body  Input  Zone    Subdiv      --Center--      Size Parameters   Rotation   Chord
  Type  Unit   Number  nx  ny      x        y        A        B      Angle      Information
  ----  -----  -----  --- ---   ------   ------    -----    ------   --------   -----------
 cub     1     1      32  32   50.500   59.000  101.000  118.000    0.000
 cyl     1     2       0   0    0.000    0.000   98.250  128.000    0.000      +x=  0.000      +y=  0.000
 cyl     1     3       0   0    0.000    0.000   99.750  128.000    0.000      +x=  0.000      +y=  0.000

1         *****************************
          *****************************
          ** Material Specifications **
          *****************************
          *****************************

 Mat'l No.   SCALE ID   Pn order   External source ID   Description (if any)
    1          1           1               0           fuel salt
    2          2           1               0           titanium
    3          3           1               0           carbon steel

1         ************************
          ************************
          ** Derived Parameters **
          ************************
          ************************

 Total number of energy groups                      numen=         238
 Number of neutron groups                           igm=           238
 Number of gamma groups                             ipm=             0
 First thermal energy group                         iftg=          149
 Mixing table length                                nmix=            26
 Number of mixtures created                         nummat=          4
 Number of computational cells                      numcells=     1141
 Number of computational surfaces (sides)           numlines=     2410
 Combine small grid cells together                  combine=no
 Average number of sides/cell                       avnosides=     4.11
 Minimum number of sides/cell                       mnnosides=       4
 Maximum number of sides/cell                       mxnosides=       7
 Number of angles in quadrature set                 ndir=           84
 Maximum order of Legendre scattering               maxpn=           1
 Number of flux moments                             nmom             3

1         *****************************
          *****************************
          ** Energy Group Structures **
          *****************************
          *****************************

 Energy   Energy      Lethargy        
 Group  Boundaries   Boundaries       
  No.      (eV)                      
   1   2.00000E+07 -6.93147E-01                  120   2.10000E+01  1.30736E+01
   2   1.73330E+07 -5.50027E-01                  121   2.00000E+01  1.31224E+01
   3   1.56830E+07 -4.49992E-01                  122   1.90000E+01  1.31737E+01
   4   1.45500E+07 -3.75006E-01                  123   1.85000E+01  1.32003E+01
   5   1.38400E+07 -3.24978E-01                  124   1.70000E+01  1.32849E+01
   6   1.28400E+07 -2.49980E-01                  125   1.60000E+01  1.33455E+01
   7   1.00000E+07  0.00000E+00                  126   1.50999E+01  1.34034E+01
   8   8.18730E+06  2.00001E-01                  127   1.44000E+01  1.34509E+01
   9   6.43400E+06  4.40989E-01                  128   1.37500E+01  1.34971E+01
  10   4.80000E+06  7.33969E-01                  129   1.29000E+01  1.35609E+01
  11   4.30400E+06  8.43040E-01                  130   1.19000E+01  1.36416E+01
  12   3.00000E+06  1.20397E+00                  131   1.15000E+01  1.36757E+01
  13   2.47900E+06  1.39473E+00                  132   1.00000E+01  1.38155E+01
  14   2.35400E+06  1.44647E+00                  133   9.09999E+00  1.39098E+01
  15   1.85000E+06  1.68740E+00                  134   8.09999E+00  1.40262E+01
  16   1.50000E+06  1.89712E+00                  135   7.15000E+00  1.41510E+01
  17   1.40000E+06  1.96611E+00                  136   7.00000E+00  1.41722E+01
  18   1.35600E+06  1.99805E+00                  137   6.75000E+00  1.42086E+01
  19   1.31700E+06  2.02723E+00                  138   6.50000E+00  1.42463E+01
  20   1.25000E+06  2.07944E+00                  139   6.25000E+00  1.42855E+01
  21   1.20000E+06  2.12026E+00                  140   6.00000E+00  1.43263E+01
  22   1.10000E+06  2.20727E+00                  141   5.40000E+00  1.44317E+01
  23   1.01000E+06  2.29263E+00                  142   5.00000E+00  1.45087E+01
  24   9.20000E+05  2.38597E+00                  143   4.75000E+00  1.45600E+01
  25   9.00000E+05  2.40795E+00                  144   4.00000E+00  1.47318E+01
  26   8.75000E+05  2.43612E+00                  145   3.73000E+00  1.48017E+01
  27   8.61100E+05  2.45213E+00                  146   3.50000E+00  1.48653E+01
  28   8.20000E+05  2.50104E+00                  147   3.15000E+00  1.49707E+01
  29   7.50000E+05  2.59027E+00                  148   3.04999E+00  1.50030E+01
  30   6.79000E+05  2.68972E+00                  149   3.00000E+00  1.50195E+01
  31   6.70000E+05  2.70306E+00                  150   2.96999E+00  1.50295E+01
  32   6.00000E+05  2.81341E+00                  151   2.87000E+00  1.50638E+01
  33   5.73000E+05  2.85945E+00                  152   2.77000E+00  1.50992E+01
  34   5.50000E+05  2.90042E+00                  153   2.66999E+00  1.51360E+01
  35   4.99520E+05  2.99669E+00                  154   2.57000E+00  1.51742E+01
  36   4.70000E+05  3.05761E+00                  155   2.46999E+00  1.52139E+01
  37   4.40000E+05  3.12357E+00                  156   2.37999E+00  1.52510E+01
  38   4.20000E+05  3.17009E+00                  157   2.29999E+00  1.52852E+01
  39   4.00000E+05  3.21888E+00                  158   2.20999E+00  1.53251E+01
  40   3.30000E+05  3.41125E+00                  159   2.12000E+00  1.53667E+01
  41   2.70000E+05  3.61192E+00                  160   2.00000E+00  1.54249E+01
  42   2.00000E+05  3.91202E+00                  161   1.94000E+00  1.54554E+01
  43   1.50000E+05  4.19971E+00                  162   1.86000E+00  1.54975E+01
  44   1.28300E+05  4.35597E+00                  163   1.77000E+00  1.55471E+01
  45   1.00000E+05  4.60517E+00                  164   1.67999E+00  1.55993E+01
  46   8.50000E+04  4.76769E+00                  165   1.58999E+00  1.56544E+01
  47   8.20000E+04  4.80362E+00                  166   1.50000E+00  1.57126E+01
  48   7.50000E+04  4.89285E+00                  167   1.45000E+00  1.57465E+01
  49   7.30000E+04  4.91988E+00                  168   1.40000E+00  1.57816E+01
  50   6.00000E+04  5.11600E+00                  169   1.34999E+00  1.58180E+01
  51   5.20000E+04  5.25910E+00                  170   1.29999E+00  1.58557E+01
  52   5.00000E+04  5.29832E+00                  171   1.25000E+00  1.58950E+01
  53   4.50000E+04  5.40368E+00                  172   1.22499E+00  1.59152E+01
  54   3.00000E+04  5.80914E+00                  173   1.20000E+00  1.59358E+01
  55   2.50000E+04  5.99146E+00                  174   1.17499E+00  1.59568E+01
  56   1.70000E+04  6.37713E+00                  175   1.15000E+00  1.59783E+01
  57   1.30000E+04  6.64539E+00                  176   1.13999E+00  1.59871E+01
  58   9.50000E+03  6.95905E+00                  177   1.12999E+00  1.59959E+01
  59   8.03000E+03  7.12716E+00                  178   1.12000E+00  1.60048E+01
  60   6.00000E+03  7.41858E+00                  179   1.11000E+00  1.60137E+01
  61   3.90000E+03  7.84936E+00                  180   1.09999E+00  1.60228E+01
  62   3.74000E+03  7.89125E+00                  181   1.08999E+00  1.60319E+01
  63   3.00000E+03  8.11173E+00                  182   1.08000E+00  1.60411E+01
  64   2.58000E+03  8.26255E+00                  183   1.07000E+00  1.60504E+01
  65   2.29000E+03  8.38179E+00                  184   1.05999E+00  1.60598E+01
  66   2.20000E+03  8.42188E+00                  185   1.04999E+00  1.60693E+01
  67   1.80000E+03  8.62255E+00                  186   1.04000E+00  1.60789E+01
  68   1.55000E+03  8.77209E+00                  187   1.03000E+00  1.60885E+01
  69   1.50000E+03  8.80488E+00                  188   1.02000E+00  1.60983E+01
  70   1.15000E+03  9.07058E+00                  189   1.00999E+00  1.61082E+01
  71   9.50000E+02  9.26163E+00                  190   1.00000E+00  1.61181E+01
  72   6.83000E+02  9.59160E+00                  191   9.75000E-01  1.61434E+01
  73   6.70000E+02  9.61082E+00                  192   9.50000E-01  1.61694E+01
  74   5.50000E+02  9.80818E+00                  193   9.25000E-01  1.61961E+01
  75   3.05000E+02  1.03978E+01                  194   9.00000E-01  1.62235E+01
  76   2.85000E+02  1.04656E+01                  195   8.50000E-01  1.62806E+01
  77   2.40000E+02  1.06375E+01                  196   8.00000E-01  1.63412E+01
  78   2.10000E+02  1.07710E+01                  197   7.50000E-01  1.64058E+01
  79   2.07500E+02  1.07830E+01                  198   7.00000E-01  1.64748E+01
  80   1.92500E+02  1.08580E+01                  199   6.50000E-01  1.65489E+01
  81   1.86000E+02  1.08923E+01                  200   6.25000E-01  1.65881E+01
  82   1.22000E+02  1.13141E+01                  201   6.00000E-01  1.66289E+01
  83   1.19000E+02  1.13390E+01                  202   5.50000E-01  1.67159E+01
  84   1.15000E+02  1.13732E+01                  203   5.00000E-01  1.68112E+01
  85   1.08000E+02  1.14360E+01                  204   4.50000E-01  1.69166E+01
  86   1.00000E+02  1.15129E+01                  205   4.00000E-01  1.70344E+01
  87   9.00000E+01  1.16183E+01                  206   3.75000E-01  1.70989E+01
  88   8.20000E+01  1.17114E+01                  207   3.50000E-01  1.71679E+01
  89   8.00000E+01  1.17361E+01                  208   3.25000E-01  1.72420E+01
  90   7.60000E+01  1.17874E+01                  209   3.00000E-01  1.73221E+01
  91   7.20000E+01  1.18414E+01                  210   2.75000E-01  1.74091E+01
  92   6.75000E+01  1.19060E+01                  211   2.50000E-01  1.75044E+01
  93   6.50000E+01  1.19437E+01                  212   2.25000E-01  1.76098E+01
  94   6.10000E+01  1.20072E+01                  213   2.00000E-01  1.77275E+01
  95   5.90000E+01  1.20406E+01                  214   1.75000E-01  1.78611E+01
  96   5.34000E+01  1.21403E+01                  215   1.50000E-01  1.80152E+01
  97   5.20000E+01  1.21669E+01                  216   1.25000E-01  1.81975E+01
  98   5.06000E+01  1.21941E+01                  217   1.00000E-01  1.84207E+01
  99   4.92000E+01  1.22222E+01                  218   9.00000E-02  1.85260E+01
 100   4.83000E+01  1.22407E+01                  219   8.00000E-02  1.86438E+01
 101   4.70000E+01  1.22679E+01                  220   7.00000E-02  1.87774E+01
 102   4.52000E+01  1.23070E+01                  221   6.00000E-02  1.89315E+01
 103   4.40000E+01  1.23339E+01                  222   5.00000E-02  1.91138E+01
 104   4.24000E+01  1.23709E+01                  223   4.00000E-02  1.93370E+01
 105   4.10000E+01  1.24045E+01                  224   3.00000E-02  1.96247E+01
 106   3.96000E+01  1.24393E+01                  225   2.53000E-02  1.97950E+01
 107   3.91000E+01  1.24520E+01                  226   1.00000E-02  2.07233E+01
 108   3.80000E+01  1.24805E+01                  227   7.50000E-03  2.10109E+01
 109   3.70000E+01  1.25072E+01                  228   5.00000E-03  2.14164E+01
 110   3.55000E+01  1.25486E+01                  229   4.00000E-03  2.16396E+01
 111   3.46000E+01  1.25742E+01                  230   3.00000E-03  2.19272E+01
 112   3.37500E+01  1.25991E+01                  231   2.50000E-03  2.21096E+01
 113   3.32500E+01  1.26140E+01                  232   2.00000E-03  2.23327E+01
 114   3.17500E+01  1.26602E+01                  233   1.50000E-03  2.26204E+01
 115   3.12500E+01  1.26761E+01                  234   1.20000E-03  2.28435E+01
 116   3.00000E+01  1.27169E+01                  235   1.00000E-03  2.30259E+01
 117   2.75000E+01  1.28039E+01                  236   7.50000E-04  2.33135E+01
 118   2.50000E+01  1.28992E+01                  237   5.00000E-04  2.37190E+01
 119   2.25000E+01  1.30046E+01                  238   1.00000E-04  2.53284E+01
                                                 239   1.00000E-05  2.76310E+01

1         ***************************
          ***************************
          ** Quadrature Parameters **
          ***************************
          ***************************

 Quadrature angles and weights for first quadrant:
 ( 21 angles/quadrant for S-12 quadrature.)

 Angle No.    Mu                  Eta                Weight       Angle in x-y   Elevation
                                                                 plane (degrees) (degrees)
    1    1.53957460D-01      1.53957460D-01      1.83304450D-02       45.00        77.42
    2    4.57691120D-01      1.53957460D-01      1.31668500D-02       18.59        61.13
    3    6.28696600D-01      1.53957460D-01      1.04037375D-02       13.76        49.66
    4    7.62258280D-01      1.53957460D-01      1.04037375D-02       11.42        38.95
    5    8.75680270D-01      1.53957460D-01      1.31668500D-02        9.97        27.24
    6    9.76009320D-01      1.53957460D-01      1.83304450D-02        8.96         8.86
    7    1.53957460D-01      4.57691120D-01      1.31668500D-02       71.41        61.13
    8    4.57691120D-01      4.57691120D-01      9.73916750D-03       45.00        49.66
    9    6.28696600D-01      4.57691120D-01      8.12254500D-03       36.05        38.95
   10    7.62258280D-01      4.57691120D-01      9.73916750D-03       30.98        27.24
   11    8.75680270D-01      4.57691120D-01      1.31668500D-02       27.59         8.86
   12    1.53957460D-01      6.28696600D-01      1.04037375D-02       76.24        49.66
   13    4.57691120D-01      6.28696600D-01      8.12254500D-03       53.95        38.95
   14    6.28696600D-01      6.28696600D-01      8.12254500D-03       45.00        27.24
   15    7.62258280D-01      6.28696600D-01      1.04037375D-02       39.52         8.86
   16    1.53957460D-01      7.62258280D-01      1.04037375D-02       78.58        38.95
   17    4.57691120D-01      7.62258280D-01      9.73916750D-03       59.02        27.24
   18    6.28696600D-01      7.62258280D-01      1.04037375D-02       50.48         8.86
   19    1.53957460D-01      8.75680270D-01      1.31668500D-02       80.03        27.24
   20    4.57691120D-01      8.75680270D-01      1.31668500D-02       62.41         8.86
   21    1.53957460D-01      9.76009320D-01      1.83304450D-02       81.04         8.86


1         **********************************
          **********************************
          ** Quadrature Reflection Angles **
          **********************************
          **********************************
                (Angles are in degrees)

       42 primary   (incoming) angles on each side.
       42 reflected (outgoing) angles on each side.

  Side No. (slope)   Direction No. Primary angle (slope/elevation) Reflecting Angle (slope/elevation)

      1  (   0.00)       1             1  (  45.00/  77.42)           64  ( -45.00/  77.42)
                         2             2  (  18.59/  61.13)           65  ( -18.59/  61.13)
                         3             3  (  13.76/  49.66)           66  ( -13.76/  49.66)
                         4             4  (  11.42/  38.95)           67  ( -11.42/  38.95)
                         5             5  (   9.97/  27.24)           68  (  -9.97/  27.24)
                         6             6  (   8.96/   8.86)           69  (  -8.96/   8.86)
                         7             7  (  71.41/  61.13)           70  ( -71.41/  61.13)
                         8             8  (  45.00/  49.66)           71  ( -45.00/  49.66)
                         9             9  (  36.05/  38.95)           72  ( -36.05/  38.95)
                        10            10  (  30.98/  27.24)           73  ( -30.98/  27.24)
                        11            11  (  27.59/   8.86)           74  ( -27.59/   8.86)
                        12            12  (  76.24/  49.66)           75  ( -76.24/  49.66)
                        13            13  (  53.95/  38.95)           76  ( -53.95/  38.95)
                        14            14  (  45.00/  27.24)           77  ( -45.00/  27.24)
                        15            15  (  39.52/   8.86)           78  ( -39.52/   8.86)
                        16            16  (  78.58/  38.95)           79  ( -78.58/  38.95)
                        17            17  (  59.02/  27.24)           80  ( -59.02/  27.24)
                        18            18  (  50.48/   8.86)           81  ( -50.48/   8.86)
                        19            19  (  80.03/  27.24)           82  ( -80.03/  27.24)
                        20            20  (  62.41/   8.86)           83  ( -62.41/   8.86)
                        21            21  (  81.04/   8.86)           84  ( -81.04/   8.86)
                        22            22  ( 135.00/  77.42)           43  (-135.00/  77.42)
                        23            23  ( 161.41/  61.13)           44  (-161.41/  61.13)
                        24            24  ( 166.24/  49.66)           45  (-166.24/  49.66)
                        25            25  ( 168.58/  38.95)           46  (-168.58/  38.95)
                        26            26  ( 170.03/  27.24)           47  (-170.03/  27.24)
                        27            27  ( 171.04/   8.86)           48  (-171.04/   8.86)
                        28            28  ( 108.59/  61.13)           49  (-108.59/  61.13)
                        29            29  ( 135.00/  49.66)           50  (-135.00/  49.66)
                        30            30  ( 143.95/  38.95)           51  (-143.95/  38.95)
                        31            31  ( 149.02/  27.24)           52  (-149.02/  27.24)
                        32            32  ( 152.41/   8.86)           53  (-152.41/   8.86)
                        33            33  ( 103.76/  49.66)           54  (-103.76/  49.66)
                        34            34  ( 126.05/  38.95)           55  (-126.05/  38.95)
                        35            35  ( 135.00/  27.24)           56  (-135.00/  27.24)
                        36            36  ( 140.48/   8.86)           57  (-140.48/   8.86)
                        37            37  ( 101.42/  38.95)           58  (-101.42/  38.95)
                        38            38  ( 120.98/  27.24)           59  (-120.98/  27.24)
                        39            39  ( 129.52/   8.86)           60  (-129.52/   8.86)
                        40            40  (  99.97/  27.24)           61  ( -99.97/  27.24)
                        41            41  ( 117.59/   8.86)           62  (-117.59/   8.86)
                        42            42  (  98.96/   8.86)           63  ( -98.96/   8.86)

      2  ( -90.00)       1             1  (  45.00/  77.42)           22  ( 135.00/  77.42)
                         2             2  (  18.59/  61.13)           23  ( 161.41/  61.13)
                         3             3  (  13.76/  49.66)           24  ( 166.24/  49.66)
                         4             4  (  11.42/  38.95)           25  ( 168.58/  38.95)
                         5             5  (   9.97/  27.24)           26  ( 170.03/  27.24)
                         6             6  (   8.96/   8.86)           27  ( 171.04/   8.86)
                         7             7  (  71.41/  61.13)           28  ( 108.59/  61.13)
                         8             8  (  45.00/  49.66)           29  ( 135.00/  49.66)
                         9             9  (  36.05/  38.95)           30  ( 143.95/  38.95)
                        10            10  (  30.98/  27.24)           31  ( 149.02/  27.24)
                        11            11  (  27.59/   8.86)           32  ( 152.41/   8.86)
                        12            12  (  76.24/  49.66)           33  ( 103.76/  49.66)
                        13            13  (  53.95/  38.95)           34  ( 126.05/  38.95)
                        14            14  (  45.00/  27.24)           35  ( 135.00/  27.24)
                        15            15  (  39.52/   8.86)           36  ( 140.48/   8.86)
                        16            16  (  78.58/  38.95)           37  ( 101.42/  38.95)
                        17            17  (  59.02/  27.24)           38  ( 120.98/  27.24)
                        18            18  (  50.48/   8.86)           39  ( 129.52/   8.86)
                        19            19  (  80.03/  27.24)           40  (  99.97/  27.24)
                        20            20  (  62.41/   8.86)           41  ( 117.59/   8.86)
                        21            21  (  81.04/   8.86)           42  (  98.96/   8.86)
                        22            64  ( -45.00/  77.42)           43  (-135.00/  77.42)
                        23            65  ( -18.59/  61.13)           44  (-161.41/  61.13)
                        24            66  ( -13.76/  49.66)           45  (-166.24/  49.66)
                        25            67  ( -11.42/  38.95)           46  (-168.58/  38.95)
                        26            68  (  -9.97/  27.24)           47  (-170.03/  27.24)
                        27            69  (  -8.96/   8.86)           48  (-171.04/   8.86)
                        28            70  ( -71.41/  61.13)           49  (-108.59/  61.13)
                        29            71  ( -45.00/  49.66)           50  (-135.00/  49.66)
                        30            72  ( -36.05/  38.95)           51  (-143.95/  38.95)
                        31            73  ( -30.98/  27.24)           52  (-149.02/  27.24)
                        32            74  ( -27.59/   8.86)           53  (-152.41/   8.86)
                        33            75  ( -76.24/  49.66)           54  (-103.76/  49.66)
                        34            76  ( -53.95/  38.95)           55  (-126.05/  38.95)
                        35            77  ( -45.00/  27.24)           56  (-135.00/  27.24)
                        36            78  ( -39.52/   8.86)           57  (-140.48/   8.86)
                        37            79  ( -78.58/  38.95)           58  (-101.42/  38.95)
                        38            80  ( -59.02/  27.24)           59  (-120.98/  27.24)
                        39            81  ( -50.48/   8.86)           60  (-129.52/   8.86)
                        40            82  ( -80.03/  27.24)           61  ( -99.97/  27.24)
                        41            83  ( -62.41/   8.86)           62  (-117.59/   8.86)
                        42            84  ( -81.04/   8.86)           63  ( -98.96/   8.86)

      3  (  90.00)       1            22  ( 135.00/  77.42)            1  (  45.00/  77.42)
                         2            23  ( 161.41/  61.13)            2  (  18.59/  61.13)
                         3            24  ( 166.24/  49.66)            3  (  13.76/  49.66)
                         4            25  ( 168.58/  38.95)            4  (  11.42/  38.95)
                         5            26  ( 170.03/  27.24)            5  (   9.97/  27.24)
                         6            27  ( 171.04/   8.86)            6  (   8.96/   8.86)
                         7            28  ( 108.59/  61.13)            7  (  71.41/  61.13)
                         8            29  ( 135.00/  49.66)            8  (  45.00/  49.66)
                         9            30  ( 143.95/  38.95)            9  (  36.05/  38.95)
                        10            31  ( 149.02/  27.24)           10  (  30.98/  27.24)
                        11            32  ( 152.41/   8.86)           11  (  27.59/   8.86)
                        12            33  ( 103.76/  49.66)           12  (  76.24/  49.66)
                        13            34  ( 126.05/  38.95)           13  (  53.95/  38.95)
                        14            35  ( 135.00/  27.24)           14  (  45.00/  27.24)
                        15            36  ( 140.48/   8.86)           15  (  39.52/   8.86)
                        16            37  ( 101.42/  38.95)           16  (  78.58/  38.95)
                        17            38  ( 120.98/  27.24)           17  (  59.02/  27.24)
                        18            39  ( 129.52/   8.86)           18  (  50.48/   8.86)
                        19            40  (  99.97/  27.24)           19  (  80.03/  27.24)
                        20            41  ( 117.59/   8.86)           20  (  62.41/   8.86)
                        21            42  (  98.96/   8.86)           21  (  81.04/   8.86)
                        22            43  (-135.00/  77.42)           64  ( -45.00/  77.42)
                        23            44  (-161.41/  61.13)           65  ( -18.59/  61.13)
                        24            45  (-166.24/  49.66)           66  ( -13.76/  49.66)
                        25            46  (-168.58/  38.95)           67  ( -11.42/  38.95)
                        26            47  (-170.03/  27.24)           68  (  -9.97/  27.24)
                        27            48  (-171.04/   8.86)           69  (  -8.96/   8.86)
                        28            49  (-108.59/  61.13)           70  ( -71.41/  61.13)
                        29            50  (-135.00/  49.66)           71  ( -45.00/  49.66)
                        30            51  (-143.95/  38.95)           72  ( -36.05/  38.95)
                        31            52  (-149.02/  27.24)           73  ( -30.98/  27.24)
                        32            53  (-152.41/   8.86)           74  ( -27.59/   8.86)
                        33            54  (-103.76/  49.66)           75  ( -76.24/  49.66)
                        34            55  (-126.05/  38.95)           76  ( -53.95/  38.95)
                        35            56  (-135.00/  27.24)           77  ( -45.00/  27.24)
                        36            57  (-140.48/   8.86)           78  ( -39.52/   8.86)
                        37            58  (-101.42/  38.95)           79  ( -78.58/  38.95)
                        38            59  (-120.98/  27.24)           80  ( -59.02/  27.24)
                        39            60  (-129.52/   8.86)           81  ( -50.48/   8.86)
                        40            61  ( -99.97/  27.24)           82  ( -80.03/  27.24)
                        41            62  (-117.59/   8.86)           83  ( -62.41/   8.86)
                        42            63  ( -98.96/   8.86)           84  ( -81.04/   8.86)

      4  ( 180.00)       1            43  (-135.00/  77.42)           22  ( 135.00/  77.42)
                         2            44  (-161.41/  61.13)           23  ( 161.41/  61.13)
                         3            45  (-166.24/  49.66)           24  ( 166.24/  49.66)
                         4            46  (-168.58/  38.95)           25  ( 168.58/  38.95)
                         5            47  (-170.03/  27.24)           26  ( 170.03/  27.24)
                         6            48  (-171.04/   8.86)           27  ( 171.04/   8.86)
                         7            49  (-108.59/  61.13)           28  ( 108.59/  61.13)
                         8            50  (-135.00/  49.66)           29  ( 135.00/  49.66)
                         9            51  (-143.95/  38.95)           30  ( 143.95/  38.95)
                        10            52  (-149.02/  27.24)           31  ( 149.02/  27.24)
                        11            53  (-152.41/   8.86)           32  ( 152.41/   8.86)
                        12            54  (-103.76/  49.66)           33  ( 103.76/  49.66)
                        13            55  (-126.05/  38.95)           34  ( 126.05/  38.95)
                        14            56  (-135.00/  27.24)           35  ( 135.00/  27.24)
                        15            57  (-140.48/   8.86)           36  ( 140.48/   8.86)
                        16            58  (-101.42/  38.95)           37  ( 101.42/  38.95)
                        17            59  (-120.98/  27.24)           38  ( 120.98/  27.24)
                        18            60  (-129.52/   8.86)           39  ( 129.52/   8.86)
                        19            61  ( -99.97/  27.24)           40  (  99.97/  27.24)
                        20            62  (-117.59/   8.86)           41  ( 117.59/   8.86)
                        21            63  ( -98.96/   8.86)           42  (  98.96/   8.86)
                        22            64  ( -45.00/  77.42)            1  (  45.00/  77.42)
                        23            65  ( -18.59/  61.13)            2  (  18.59/  61.13)
                        24            66  ( -13.76/  49.66)            3  (  13.76/  49.66)
                        25            67  ( -11.42/  38.95)            4  (  11.42/  38.95)
                        26            68  (  -9.97/  27.24)            5  (   9.97/  27.24)
                        27            69  (  -8.96/   8.86)            6  (   8.96/   8.86)
                        28            70  ( -71.41/  61.13)            7  (  71.41/  61.13)
                        29            71  ( -45.00/  49.66)            8  (  45.00/  49.66)
                        30            72  ( -36.05/  38.95)            9  (  36.05/  38.95)
                        31            73  ( -30.98/  27.24)           10  (  30.98/  27.24)
                        32            74  ( -27.59/   8.86)           11  (  27.59/   8.86)
                        33            75  ( -76.24/  49.66)           12  (  76.24/  49.66)
                        34            76  ( -53.95/  38.95)           13  (  53.95/  38.95)
                        35            77  ( -45.00/  27.24)           14  (  45.00/  27.24)
                        36            78  ( -39.52/   8.86)           15  (  39.52/   8.86)
                        37            79  ( -78.58/  38.95)           16  (  78.58/  38.95)
                        38            80  ( -59.02/  27.24)           17  (  59.02/  27.24)
                        39            81  ( -50.48/   8.86)           18  (  50.48/   8.86)
                        40            82  ( -80.03/  27.24)           19  (  80.03/  27.24)
                        41            83  ( -62.41/   8.86)           20  (  62.41/   8.86)
                        42            84  ( -81.04/   8.86)           21  (  81.04/   8.86)





 Scattering constants for first quadrant
 ( 3 moments for p-1 scattering)
 Angle       ------- Moment No. -------
  No.       0             1             2
    1    1.00000E+00  2.66662E-01 -1.88559E-01
    2    1.00000E+00  7.92744E-01 -1.88559E-01
    3    1.00000E+00  1.08893E+00 -1.88559E-01
    4    1.00000E+00  1.32027E+00 -1.88559E-01
    5    1.00000E+00  1.51672E+00 -1.88559E-01
    6    1.00000E+00  1.69050E+00 -1.88559E-01
    7    1.00000E+00  2.66662E-01 -5.60555E-01
    8    1.00000E+00  7.92744E-01 -5.60555E-01
    9    1.00000E+00  1.08893E+00 -5.60555E-01
   10    1.00000E+00  1.32027E+00 -5.60555E-01
   11    1.00000E+00  1.51672E+00 -5.60555E-01
   12    1.00000E+00  2.66662E-01 -7.69993E-01
   13    1.00000E+00  7.92744E-01 -7.69993E-01
   14    1.00000E+00  1.08893E+00 -7.69993E-01
   15    1.00000E+00  1.32027E+00 -7.69993E-01
   16    1.00000E+00  2.66662E-01 -9.33572E-01
   17    1.00000E+00  7.92744E-01 -9.33572E-01
   18    1.00000E+00  1.08893E+00 -9.33572E-01
   19    1.00000E+00  2.66662E-01 -1.07248E+00
   20    1.00000E+00  7.92744E-01 -1.07248E+00
   21    1.00000E+00  2.66662E-01 -1.19536E+00


1         **************************
          **************************
          **** Mixture Volumes *****
          **************************
          **************************


  Mixture       Volume        Volume
    ID     (cc/unit length)  Fraction
     0       0.00000E+00      0.00000E+00
     1       7.58150E+03      6.36138E-01
     2       2.33263E+02      1.95723E-02
     3       4.10324E+03      3.44289E-01
 Total       1.19180E+04      1.00000E+00

1         *********************
          *********************
          **   Mixing Table  **
          *********************
          *********************

 Entry   Mixture   Isotope   Number Density
     1      1         11023    6.36758E-03
     2      1         17035    1.65858E-02
     3      1         17037    5.41129E-03
     4      1         92235    3.16809E-05
     5      1         92238    4.31326E-03
     6      1         93237    4.19846E-05
     7      1         94238    1.85523E-05
     8      1         94239    4.19275E-04
     9      1         94240    1.91488E-04
    10      1         94241    7.78420E-05
    11      1         94242    5.46493E-05
    12      1         95241    4.44689E-05
    13      1         95243    1.26250E-05
    14      1         96244    3.65302E-06
    15      1         96245    3.38425E-07
    16      1       1095242    8.56568E-08
    17      2         22046    4.67072E-03
    18      2         22047    4.21214E-03
    19      2         22048    4.17364E-02
    20      2         22049    3.06286E-03
    21      2         22050    2.93264E-03
    22      3          6000    3.92152E-03
    23      3         26054    4.88044E-03
    24      3         26056    7.66124E-02
    25      3         26057    1.76931E-03
    26      3         26058    2.35463E-04


  Memory size of attenuation factors(MB)=    541.01


 ===================================================================================================================================
   Outer iteration sweep begins 06/ 19/ 2018 at 08:58:30

  Outer   Eigenvalue Eigenvalue Max Flux   Max Flux     Max Fuel   Max Fuel     Wall   Elapsed   Iteration  CPU   Inners
 Iter. #              Delta      Delta   Location(r,g)   Delta   Location(r,g) Clock   CPU Time   CPU Time Usage Converged
 - - - - - - - - - - - - - - - - - - - - - - - - - - - - - - - - - - - - - - - - - - - - - - - - - - - - - - - - - - - -
     1    0.97128   3.205E-03 7.816E-01 (    3,185)   1.000E+00 (    1,  0) 08:58:34    4.0 s     4.0 s 100.8%    F
     2    0.97022   1.098E-03 7.028E-02 (    4,  1)   4.053E-01 (  915,  0) 08:58:38    7.9 s     3.9 s  97.0%    F
     3    0.97019   2.742E-05 4.702E-02 (    3,230)   7.412E-02 (    1,  0) 08:58:41   11.7 s     3.8 s 126.3%    F
     4    0.97020   8.424E-06 1.778E-02 (    3, 59)   1.511E-02 (   65,  0) 08:58:45   15.4 s     3.7 s  92.5%    F
     5    0.97018   2.302E-05 9.548E-03 (    4,214)   6.297E-03 (   65,  0) 08:58:49   19.8 s     4.4 s 110.0%    F
     6    0.97001   1.785E-04 4.987E-03 (    4,228)   3.193E-03 (   65,  0) 08:58:55   25.6 s     5.8 s  96.0%    F
     7    0.96951   5.110E-04 2.940E-03 (    3, 81)   1.684E-03 (   65,  0) 08:59:05   35.0 s     9.4 s  94.4%    F
     8    0.96935   1.687E-04 1.825E-03 (    3, 81)   1.405E-03 (  627,  0) 08:59:12   42.6 s     7.6 s 108.7%    F
     9    0.96929   5.345E-05 8.747E-04 (    3, 81)   7.549E-04 (  882,  0) 08:59:19   49.4 s     6.8 s  97.1%    F
    10    0.96928   1.983E-05 4.628E-04 (    3, 81)   3.706E-04 (  915,  0) 08:59:26   56.2 s     6.7 s  96.3%    F
 k-eff =       0.96927509     



   Four-Factor Estimate of k-infinity.  Fast/Thermal boundary:   0.6250 eV
      Fiss. neutrons/thermal abs. (eta):          0.922122
      Thermal utilization (f):                    0.029592
      Resonance Escape probability (p):           0.007215
      Fast-fission factor (epsilon):           4922.782846
                                            --------------
      Infinite neutron multiplication             0.969252


   Alternate 3-Group Formulation Terms. 
   Fast/Res. boundary:   0.8210 MeV.  Res./Therm. boundary:   0.6250eV
      Fiss. neutrons/thermal abs. (eta):          0.922122
      Thermal utilization (f):                    0.029592
      Resonance Escape probability (p):           0.008851
      Fast Escape probability (pf):               0.815196
      Fast-fission factor (epsilon):           4922.782846





  Time per Iteration (sec):
 Transport Sweeping:     2.819
 Inscatter Source  :     0.534
 Coarse-Mesh Accel :     3.228
 Else (Convergence):     0.325
 Total (per outer):      6.906

  Total iteration time breakdown (sec):
 Transport Sweeping:    28.195
 Inscatter Source  :     5.337
 Coarse-Mesh Accel :    32.276
 Else (Convergence):     3.254
 Total Time        :    69.062

 Critical Spectra Calculated with the B1 Method
 Input buckling of  0.00000E+00 gives a corresponding k-eff of  9.69276E-01
 Equivalent core height is infinite.

  Group   Upper      Critical   Inf.Med.   Critical   Inf.Med.  
   No    Energy(eV)   Flux       Flux      Adj.Flux   Adj.Flux  

     1  2.0000E+07  1.543E-07  1.543E-07  1.316E-02  1.316E-02
     2  1.7333E+07  1.614E-06  1.614E-06  1.738E-02  1.738E-02
     3  1.5683E+07  4.025E-06  4.025E-06  2.152E-02  2.152E-02
     4  1.4550E+07  7.153E-06  7.153E-06  3.014E-02  3.014E-02
     5  1.3840E+07  1.275E-05  1.275E-05  1.877E-02  1.877E-02
     6  1.2840E+07  5.402E-05  5.402E-05  5.114E-03  5.114E-03
     7  1.0000E+07  1.855E-04  1.855E-04  5.880E-03  5.880E-03
     8  8.1873E+06  5.129E-04  5.129E-04  4.436E-03  4.436E-03
     9  6.4340E+06  1.255E-03  1.255E-03  3.248E-03  3.248E-03
    10  4.8000E+06  2.050E-03  2.050E-03  8.788E-03  8.788E-03
    11  4.3040E+06  3.342E-03  3.342E-03  2.707E-03  2.707E-03
    12  3.0000E+06  5.095E-03  5.095E-03  5.236E-03  5.236E-03
    13  2.4790E+06  5.847E-03  5.847E-03  1.925E-02  1.925E-02
    14  2.3540E+06  7.120E-03  7.120E-03  4.100E-03  4.100E-03
    15  1.8500E+06  8.914E-03  8.914E-03  4.576E-03  4.576E-03
    16  1.5000E+06  9.642E-03  9.642E-03  1.321E-02  1.321E-02
    17  1.4000E+06  1.022E-02  1.022E-02  2.796E-02  2.796E-02
    18  1.3560E+06  1.037E-02  1.037E-02  3.038E-02  3.038E-02
    19  1.3170E+06  1.110E-02  1.110E-02  1.690E-02  1.690E-02
    20  1.2500E+06  1.117E-02  1.117E-02  2.155E-02  2.155E-02
    21  1.2000E+06  1.178E-02  1.178E-02  1.011E-02  1.011E-02
    22  1.1000E+06  1.268E-02  1.268E-02  1.034E-02  1.034E-02
    23  1.0100E+06  1.513E-02  1.513E-02  9.459E-03  9.459E-03
    24  9.2000E+05  1.409E-02  1.409E-02  4.012E-02  4.012E-02
    25  9.0000E+05  1.504E-02  1.504E-02  3.123E-02  3.123E-02
    26  8.7500E+05  1.372E-02  1.372E-02  5.468E-02  5.468E-02
    27  8.6110E+05  1.655E-02  1.655E-02  1.797E-02  1.797E-02
    28  8.2000E+05  1.576E-02  1.576E-02  9.745E-03  9.745E-03
    29  7.5000E+05  1.724E-02  1.724E-02  8.648E-03  8.648E-03
    30  6.7900E+05  1.848E-02  1.848E-02  6.404E-02  6.404E-02
    31  6.7000E+05  2.220E-02  2.220E-02  7.691E-03  7.691E-03
    32  6.0000E+05  2.308E-02  2.308E-02  1.817E-02  1.817E-02
    33  5.7300E+05  2.440E-02  2.440E-02  2.029E-02  2.029E-02
    34  5.5000E+05  2.611E-02  2.611E-02  8.534E-03  8.534E-03
    35  4.9952E+05  2.664E-02  2.664E-02  1.323E-02  1.323E-02
    36  4.7000E+05  2.616E-02  2.616E-02  1.205E-02  1.205E-02
    37  4.4000E+05  2.713E-02  2.713E-02  1.691E-02  1.691E-02
    38  4.2000E+05  2.192E-02  2.192E-02  1.596E-02  1.596E-02
    39  4.0000E+05  2.885E-02  2.885E-02  3.999E-03  3.999E-03
    40  3.3000E+05  3.458E-02  3.458E-02  3.711E-03  3.711E-03
    41  2.7000E+05  2.819E-02  2.819E-02  2.377E-03  2.377E-03
    42  2.0000E+05  3.524E-02  3.524E-02  2.358E-03  2.358E-03
    43  1.5000E+05  2.983E-02  2.983E-02  4.084E-03  4.084E-03
    44  1.2830E+05  2.908E-02  2.908E-02  2.480E-03  2.480E-03
    45  1.0000E+05  2.575E-02  2.575E-02  3.607E-03  3.607E-03
    46  8.5000E+04  2.958E-02  2.958E-02  1.579E-02  1.579E-02
    47  8.2000E+04  2.700E-02  2.700E-02  6.276E-03  6.276E-03
    48  7.5000E+04  2.363E-02  2.363E-02  2.037E-02  2.037E-02
    49  7.3000E+04  2.383E-02  2.383E-02  2.772E-03  2.772E-03
    50  6.0000E+04  1.335E-02  1.335E-02  3.640E-03  3.640E-03
    51  5.2000E+04  1.687E-02  1.687E-02  1.313E-02  1.313E-02
    52  5.0000E+04  1.936E-02  1.936E-02  4.843E-03  4.843E-03
    53  4.5000E+04  1.562E-02  1.562E-02  1.234E-03  1.234E-03
    54  3.0000E+04  1.688E-02  1.688E-02  2.560E-03  2.560E-03
    55  2.5000E+04  1.541E-02  1.541E-02  1.212E-03  1.212E-03
    56  1.7000E+04  1.070E-02  1.070E-02  1.635E-03  1.635E-03
    57  1.3000E+04  9.631E-03  9.631E-03  1.356E-03  1.356E-03
    58  9.5000E+03  5.812E-03  5.812E-03  2.417E-03  2.417E-03
    59  8.0300E+03  6.664E-03  6.664E-03  1.367E-03  1.367E-03
    60  6.0000E+03  5.512E-03  5.512E-03  8.859E-04  8.859E-04
    61  3.9000E+03  4.016E-03  4.016E-03  8.753E-03  8.753E-03
    62  3.7400E+03  3.423E-03  3.423E-03  1.651E-03  1.651E-03
    63  3.0000E+03  2.721E-03  2.721E-03  2.396E-03  2.396E-03
    64  2.5800E+03  3.210E-03  3.210E-03  3.031E-03  3.031E-03
    65  2.2900E+03  3.815E-03  3.815E-03  8.959E-03  8.959E-03
    66  2.2000E+03  4.538E-03  4.538E-03  1.785E-03  1.785E-03
    67  1.8000E+03  4.998E-03  4.998E-03  2.282E-03  2.282E-03
    68  1.5500E+03  4.947E-03  4.947E-03  9.942E-03  9.942E-03
    69  1.5000E+03  4.277E-03  4.277E-03  1.202E-03  1.202E-03
    70  1.1500E+03  3.203E-03  3.203E-03  1.510E-03  1.510E-03
    71  9.5000E+02  2.486E-03  2.486E-03  8.244E-04  8.244E-04
    72  6.8300E+02  2.329E-03  2.329E-03  1.254E-02  1.254E-02
    73  6.7000E+02  2.065E-03  2.065E-03  1.201E-03  1.201E-03
    74  5.5000E+02  1.460E-03  1.460E-03  3.680E-04  3.680E-04
    75  3.0500E+02  1.394E-03  1.394E-03  2.753E-03  2.753E-03
    76  2.8500E+02  1.319E-03  1.319E-03  1.067E-03  1.067E-03
    77  2.4000E+02  1.262E-03  1.262E-03  1.252E-03  1.252E-03
    78  2.1000E+02  1.159E-03  1.159E-03  1.344E-02  1.344E-02
    79  2.0750E+02  1.230E-03  1.230E-03  2.172E-03  2.172E-03
    80  1.9250E+02  1.201E-03  1.201E-03  4.422E-03  4.422E-03
    81  1.8600E+02  1.103E-03  1.103E-03  3.599E-04  3.599E-04
    82  1.2200E+02  1.086E-03  1.086E-03  5.460E-03  5.460E-03
    83  1.1900E+02  1.059E-03  1.059E-03  3.901E-03  3.901E-03
    84  1.1500E+02  1.071E-03  1.071E-03  2.080E-03  2.080E-03
    85  1.0800E+02  1.029E-03  1.029E-03  1.697E-03  1.697E-03
    86  1.0000E+02  1.011E-03  1.011E-03  1.230E-03  1.230E-03
    87  9.0000E+01  9.861E-04  9.861E-04  1.342E-03  1.342E-03
    88  8.2000E+01  9.624E-04  9.624E-04  4.608E-03  4.608E-03
    89  8.0000E+01  9.709E-04  9.709E-04  2.183E-03  2.183E-03
    90  7.6000E+01  9.446E-04  9.446E-04  2.074E-03  2.074E-03
    91  7.2000E+01  9.432E-04  9.432E-04  1.615E-03  1.615E-03
    92  6.7500E+01  9.068E-04  9.068E-04  2.751E-03  2.751E-03
    93  6.5000E+01  9.168E-04  9.168E-04  1.619E-03  1.619E-03
    94  6.1000E+01  9.000E-04  9.000E-04  3.058E-03  3.058E-03
    95  5.9000E+01  8.860E-04  8.860E-04  9.559E-04  9.559E-04
    96  5.3400E+01  8.739E-04  8.739E-04  3.325E-03  3.325E-03
    97  5.2000E+01  8.761E-04  8.761E-04  3.175E-03  3.175E-03
    98  5.0600E+01  8.646E-04  8.646E-04  3.114E-03  3.114E-03
    99  4.9200E+01  8.658E-04  8.658E-04  4.608E-03  4.608E-03
   100  4.8300E+01  8.590E-04  8.590E-04  3.157E-03  3.157E-03
   101  4.7000E+01  8.563E-04  8.563E-04  2.092E-03  2.092E-03
   102  4.5200E+01  8.430E-04  8.430E-04  3.043E-03  3.043E-03
   103  4.4000E+01  8.452E-04  8.452E-04  2.193E-03  2.193E-03
   104  4.2400E+01  8.259E-04  8.259E-04  2.434E-03  2.434E-03
   105  4.1000E+01  8.277E-04  8.277E-04  2.334E-03  2.334E-03
   106  3.9600E+01  8.210E-04  8.210E-04  6.404E-03  6.404E-03
   107  3.9100E+01  8.089E-04  8.089E-04  2.813E-03  2.813E-03
   108  3.8000E+01  8.000E-04  8.000E-04  3.029E-03  3.029E-03
   109  3.7000E+01  7.884E-04  7.884E-04  1.961E-03  1.961E-03
   110  3.5500E+01  7.899E-04  7.899E-04  3.221E-03  3.221E-03
   111  3.4600E+01  7.850E-04  7.850E-04  3.309E-03  3.309E-03
   112  3.3750E+01  7.836E-04  7.836E-04  5.512E-03  5.512E-03
   113  3.3250E+01  7.780E-04  7.780E-04  1.786E-03  1.786E-03
   114  3.1750E+01  7.750E-04  7.750E-04  5.171E-03  5.171E-03
   115  3.1250E+01  7.690E-04  7.690E-04  2.013E-03  2.013E-03
   116  3.0000E+01  7.578E-04  7.578E-04  9.425E-04  9.425E-04
   117  2.7500E+01  7.395E-04  7.395E-04  8.502E-04  8.502E-04
   118  2.5000E+01  7.205E-04  7.205E-04  7.344E-04  7.344E-04
   119  2.2500E+01  6.960E-04  6.960E-04  1.094E-03  1.094E-03
   120  2.1000E+01  6.753E-04  6.753E-04  1.450E-03  1.450E-03
   121  2.0000E+01  6.731E-04  6.731E-04  1.410E-03  1.410E-03
   122  1.9000E+01  6.665E-04  6.665E-04  2.723E-03  2.723E-03
   123  1.8500E+01  6.526E-04  6.526E-04  8.678E-04  8.678E-04
   124  1.7000E+01  6.420E-04  6.420E-04  1.160E-03  1.160E-03
   125  1.6000E+01  6.306E-04  6.306E-04  1.198E-03  1.198E-03
   126  1.5100E+01  6.155E-04  6.155E-04  1.403E-03  1.403E-03
   127  1.4400E+01  6.093E-04  6.093E-04  1.269E-03  1.269E-03
   128  1.3750E+01  5.983E-04  5.983E-04  8.693E-04  8.693E-04
   129  1.2900E+01  5.840E-04  5.840E-04  6.723E-04  6.723E-04
   130  1.1900E+01  5.720E-04  5.720E-04  1.578E-03  1.578E-03
   131  1.1500E+01  5.491E-04  5.491E-04  3.607E-04  3.607E-04
   132  1.0000E+01  5.314E-04  5.314E-04  3.942E-04  3.942E-04
   133  9.1000E+00  5.103E-04  5.103E-04  3.079E-04  3.079E-04
   134  8.1000E+00  4.833E-04  4.833E-04  2.618E-04  2.618E-04
   135  7.1500E+00  4.712E-04  4.712E-04  1.153E-03  1.153E-03
   136  7.0000E+00  4.628E-04  4.628E-04  6.421E-04  6.421E-04
   137  6.7500E+00  4.522E-04  4.522E-04  5.959E-04  5.959E-04
   138  6.5000E+00  4.471E-04  4.471E-04  5.889E-04  5.889E-04
   139  6.2500E+00  4.397E-04  4.397E-04  5.622E-04  5.622E-04
   140  6.0000E+00  4.240E-04  4.240E-04  2.110E-04  2.110E-04
   141  5.4000E+00  4.098E-04  4.098E-04  2.703E-04  2.703E-04
   142  5.0000E+00  3.990E-04  3.990E-04  3.985E-04  3.985E-04
   143  4.7500E+00  3.720E-04  3.720E-04  1.189E-04  1.189E-04
   144  4.0000E+00  3.554E-04  3.554E-04  2.162E-04  2.162E-04
   145  3.7300E+00  3.436E-04  3.436E-04  2.324E-04  2.324E-04
   146  3.5000E+00  3.259E-04  3.259E-04  1.368E-04  1.368E-04
   147  3.1500E+00  3.156E-04  3.156E-04  4.344E-04  4.344E-04
   148  3.0500E+00  3.127E-04  3.127E-04  8.397E-04  8.397E-04
   149  3.0000E+00  4.617E-04  4.617E-04  1.373E-03  1.373E-03
   150  2.9700E+00  3.960E-04  3.960E-04  4.005E-04  4.005E-04
   151  2.8700E+00  3.119E-04  3.119E-04  3.831E-04  3.831E-04
   152  2.7700E+00  2.861E-04  2.861E-04  3.612E-04  3.612E-04
   153  2.6700E+00  2.865E-04  2.865E-04  3.507E-04  3.507E-04
   154  2.5700E+00  2.824E-04  2.824E-04  3.454E-04  3.454E-04
   155  2.4700E+00  2.758E-04  2.758E-04  3.729E-04  3.729E-04
   156  2.3800E+00  2.692E-04  2.692E-04  4.068E-04  4.068E-04
   157  2.3000E+00  2.624E-04  2.624E-04  3.499E-04  3.499E-04
   158  2.2100E+00  2.544E-04  2.544E-04  3.370E-04  3.370E-04
   159  2.1200E+00  2.466E-04  2.466E-04  2.410E-04  2.410E-04
   160  2.0000E+00  2.382E-04  2.382E-04  4.606E-04  4.606E-04
   161  1.9400E+00  2.318E-04  2.318E-04  3.333E-04  3.333E-04
   162  1.8600E+00  2.241E-04  2.241E-04  2.837E-04  2.837E-04
   163  1.7700E+00  2.155E-04  2.155E-04  2.701E-04  2.701E-04
   164  1.6800E+00  2.069E-04  2.069E-04  2.567E-04  2.567E-04
   165  1.5900E+00  1.981E-04  1.981E-04  2.425E-04  2.425E-04
   166  1.5000E+00  1.902E-04  1.902E-04  4.167E-04  4.167E-04
   167  1.4500E+00  1.845E-04  1.845E-04  4.039E-04  4.039E-04
   168  1.4000E+00  1.786E-04  1.786E-04  3.909E-04  3.909E-04
   169  1.3500E+00  1.728E-04  1.728E-04  3.800E-04  3.800E-04
   170  1.3000E+00  1.670E-04  1.670E-04  3.706E-04  3.706E-04
   171  1.2500E+00  1.624E-04  1.624E-04  7.276E-04  7.276E-04
   172  1.2250E+00  1.594E-04  1.594E-04  7.196E-04  7.196E-04
   173  1.2000E+00  1.562E-04  1.562E-04  7.103E-04  7.103E-04
   174  1.1750E+00  1.530E-04  1.530E-04  7.023E-04  7.023E-04
   175  1.1500E+00  1.506E-04  1.506E-04  1.739E-03  1.739E-03
   176  1.1400E+00  1.493E-04  1.493E-04  1.733E-03  1.733E-03
   177  1.1300E+00  1.480E-04  1.480E-04  1.729E-03  1.729E-03
   178  1.1200E+00  1.466E-04  1.466E-04  1.721E-03  1.721E-03
   179  1.1100E+00  1.453E-04  1.453E-04  1.714E-03  1.714E-03
   180  1.1000E+00  1.440E-04  1.440E-04  1.712E-03  1.712E-03
   181  1.0900E+00  1.427E-04  1.427E-04  1.710E-03  1.710E-03
   182  1.0800E+00  1.414E-04  1.414E-04  1.705E-03  1.705E-03
   183  1.0700E+00  1.400E-04  1.400E-04  1.700E-03  1.700E-03
   184  1.0600E+00  1.387E-04  1.387E-04  1.700E-03  1.700E-03
   185  1.0500E+00  1.374E-04  1.374E-04  1.699E-03  1.699E-03
   186  1.0400E+00  1.360E-04  1.360E-04  1.695E-03  1.695E-03
   187  1.0300E+00  1.347E-04  1.347E-04  1.694E-03  1.694E-03
   188  1.0200E+00  1.333E-04  1.333E-04  1.690E-03  1.690E-03
   189  1.0100E+00  1.319E-04  1.319E-04  1.693E-03  1.693E-03
   190  1.0000E+00  1.296E-04  1.296E-04  6.757E-04  6.757E-04
   191  9.7500E-01  1.262E-04  1.262E-04  6.751E-04  6.751E-04
   192  9.5000E-01  1.227E-04  1.227E-04  6.742E-04  6.742E-04
   193  9.2500E-01  1.191E-04  1.191E-04  6.727E-04  6.727E-04
   194  9.0000E-01  1.140E-04  1.140E-04  3.341E-04  3.341E-04
   195  8.5000E-01  1.069E-04  1.069E-04  3.299E-04  3.299E-04
   196  8.0000E-01  9.958E-05  9.958E-05  3.244E-04  3.244E-04
   197  7.5000E-01  9.215E-05  9.215E-05  3.175E-04  3.175E-04
   198  7.0000E-01  8.460E-05  8.460E-05  3.091E-04  3.091E-04
   199  6.5000E-01  7.843E-05  7.843E-05  6.040E-04  6.040E-04
   200  6.2500E-01  7.410E-05  7.410E-05  5.934E-04  5.934E-04
   201  6.0000E-01  6.803E-05  6.803E-05  2.879E-04  2.879E-04
   202  5.5000E-01  5.995E-05  5.995E-05  2.764E-04  2.764E-04
   203  5.0000E-01  5.195E-05  5.195E-05  2.628E-04  2.628E-04
   204  4.5000E-01  4.419E-05  4.419E-05  2.460E-04  2.460E-04
   205  4.0000E-01  3.822E-05  3.822E-05  4.583E-04  4.583E-04
   206  3.7500E-01  3.411E-05  3.411E-05  4.291E-04  4.291E-04
   207  3.5000E-01  3.006E-05  3.006E-05  3.931E-04  3.931E-04
   208  3.2500E-01  2.612E-05  2.612E-05  3.511E-04  3.511E-04
   209  3.0000E-01  2.232E-05  2.232E-05  3.057E-04  3.057E-04
   210  2.7500E-01  1.869E-05  1.869E-05  2.590E-04  2.590E-04
   211  2.5000E-01  1.526E-05  1.526E-05  2.132E-04  2.132E-04
   212  2.2500E-01  1.209E-05  1.209E-05  1.709E-04  1.709E-04
   213  2.0000E-01  9.219E-06  9.219E-06  1.336E-04  1.336E-04
   214  1.7500E-01  6.688E-06  6.688E-06  1.019E-04  1.019E-04
   215  1.5000E-01  4.551E-06  4.551E-06  7.534E-05  7.534E-05
   216  1.2500E-01  2.928E-06  2.928E-06  5.320E-05  5.320E-05
   217  1.0000E-01  2.040E-06  2.040E-06  1.019E-04  1.019E-04
   218  9.0000E-02  1.554E-06  1.554E-06  8.501E-05  8.501E-05
   219  8.0000E-02  1.135E-06  1.135E-06  6.958E-05  6.958E-05
   220  7.0000E-02  7.873E-07  7.873E-07  5.554E-05  5.554E-05
   221  6.0000E-02  5.115E-07  5.115E-07  4.286E-05  4.286E-05
   222  5.0000E-02  3.040E-07  3.040E-07  3.151E-05  3.151E-05
   223  4.0000E-02  1.583E-07  1.583E-07  2.151E-05  2.151E-05
   224  3.0000E-02  8.576E-08  8.576E-08  3.233E-05  3.233E-05
   225  2.5300E-02  2.772E-08  2.772E-08  4.905E-06  4.905E-06
   226  1.0000E-02  5.798E-09  5.798E-09  1.220E-05  1.220E-05
   227  7.5000E-03  2.574E-09  2.574E-09  7.629E-06  7.629E-06
   228  5.0000E-03  1.191E-09  1.191E-09  1.237E-05  1.237E-05
   229  4.0000E-03  6.610E-10  6.610E-10  8.882E-06  8.882E-06
   230  3.0000E-03  3.805E-10  3.805E-10  1.310E-05  1.310E-05
   231  2.5000E-03  2.410E-10  2.410E-10  1.019E-05  1.019E-05
   232  2.0000E-03  1.369E-10  1.369E-10  7.491E-06  7.491E-06
   233  1.5000E-03  7.739E-11  7.739E-11  9.210E-06  9.210E-06
   234  1.2000E-03  4.957E-11  4.957E-11  1.092E-05  1.092E-05
   235  1.0000E-03  3.022E-11  3.022E-11  6.712E-06  6.712E-06
   236  7.5000E-04  1.468E-11  1.468E-11  4.599E-06  4.599E-06
   237  5.0000E-04  2.704E-12  2.704E-12  1.117E-06  1.117E-06
   238  1.0000E-04  7.325E-14  7.325E-14  7.452E-07  7.452E-07

 NOTE: Flux values above are per unit-lethargy.



  Zone data

      Zone   Mix    Relative     Relative         Zone
       No.   No.      Flux     Fission Power     Volume
     -----------------------------------------------------------------
         1     3   2.30653E-01   0.00000E+00   4.10324E+03
         2     1   4.22714E-01   1.00000E+00   7.58150E+03
         3     2   3.46633E-01   0.00000E+00   2.33263E+02



module xsproc is finished. completion code 0.
newtgrid.ps copied to /home/andrei2/Desktop/ornl/rebus/scale/rebus_quarter_cell2.newtgrid.ps.
newtmatl.ps copied to /home/andrei2/Desktop/ornl/rebus/scale/rebus_quarter_cell2.newtmatl.ps.
