 *******************************************************************************
 *                                                                             *
 *                                 SCALE 6.2.3                                 *
 *                                -------------                                *
 *                                 August 2018                                 *
 *                                                                             *
 *           SCALE:  A Comprehensive Modeling and Simulation Suite             *
 *                   for Nuclear Safety Analysis and Design                    *
 *                                                                             *
 *                      Reactor and Nuclear Systems Division                   *
 *                        Oak Ridge National Laboratory                        *
 *                                                                             *
 *                           http://scale.ornl.gov                             *
 *                            scalehelp@ornl.gov                               *
 *                                                                             *
 *******************************************************************************
 *******************************************************************************
      
                  Job Information
                  ---------------
      Job started on andrei2-HP-Notebook on Wed 01/08/2018 13:15:53
      Working directory: /tmp/scale.andrei2.1088
      Input file name  : /home/andrei2/Desktop/ornl/mosart/scale/mosart_quarter_higher_k.inp
      Output file name : /home/andrei2/Desktop/ornl/mosart/scale/mosart_quarter_higher_k.out
      SCALE executable : /home/andrei2/SCALE/SCALE-6.2.3/bin/scale
      
 *******************************************************************************
The following data cards precede an = card
      '#TestGrep# "k-eff [=]" ${OUTPUTFILENAME}
      '#TestGrep# "Transport k[=]" ${OUTPUTFILENAME}
      '#TestGrep# -i "erro[r]" ${OUTPUTFILENAME} | ${GREP} -v "[W]arnings and [E]rrors"
      '#TestGrep# "SCALE is finishe[d]" ${OUTPUTFILENAME} | ${AWK} "{print $1,$2,$3}"
      '#TestGrep# "is finishe[d]\." ${OUTPUTFILENAME} | ${AWK} "{print $1,$2,$3,$4,$5,$6,$7}"
      ' THIS SAMPLE PROBLEM TEST THE FOLLOWING: 
      '  ** t-newt sequence
      '  ** v7-252 group library
      '  ** centrm cross-section processing (default for t-newt calculations)
      '  ** parm=weight option for the t-newt sequence, which uses the NEWT collapse block to specify a 252 -> 56 group collapse.
      '  ** latticecell cross-section processing option


    module t-newt will be called on Wed Aug  1 13:15:55 2018.
    sequence specification record:=t-newt      parm=(2region,weight)
Input Data:

      MOSART unit cell model, change TRU 1.25 --> 1.3 --> 1.28
      v7-238
      read comp 
      ' fuel salt
        wtptfuel  1 2.669138 13 9019 6.3141894E+01 3006 5.1409198E-03 3007 1.1986680E+01 4009 5.9657172E+00 93237 4.7758487E-01 94238 2.3756006E-01 94239 3.3646047E+00 94240 1.6023413E+00 94241 1.0227632E+00 94242 5.9858511E-01 95241 4.1606487E-02 95243 1.7772593E-01 90232 1.1377797E+01 1.0 933 end
      ' Structural material
        graphite 2 den=2.55 1.0 933 end
        wtptclad 3 8.671 4 28000 72.0 42000 16.0 24000 7.0 26000 5.0 1 873 end
      end comp
      read celldata
        latticecell squarepitch pitch=79.0 1 fuelr=16.00 2 cladr=17.05 3 end
      end celldata
      read model
      238 group solution
      read parm
      'dz=188.0
      drawit=no prtbroad=yes cmfd=3 xycmfd=2 sn=8 converge=mix echo=yes inners=2 therms=5 epsilon=1e-3
      timed=yes prtmxsec=no prtmxtab=yes prthmmix=no inrcvrg=no therm=yes
      end parm
      read materials
        mix=1  pn=1 com="Fuel salt" end
        mix=2  pn=3 com="Graphite"    end
        mix=3  pn=1 com="Hastelloy"       end
      end materials
      read geom
        global unit 1
          cylinder 10 16.00  chord +x=0 chord +y=0 sides=256
          cylinder 20 17.05 chord +x=0 chord +y=0 sides=256
          cuboid   30 39.5 0. 39.5 0.
          media 2 1 10
          media 3 1 20 -10
          media 1 1 30 -20
        boundary 30 16 16
      end geom 
      ' Depletion
      read bounds
      all=mirror
      end bounds
      end model
end




************************************************************************************************************************************
************************************************************************************************************************************
************************************************************************************************************************************
*****                                                                                                                          *****
*****                                             program verification information                                             *****
*****                                                                                                                          *****
*****                                           code system: SCALE   version: 6.2.0                                            *****
*****                                                                                                                          *****
************************************************************************************************************************************
************************************************************************************************************************************
*****                                                                                                                          *****
*****                                                                                                                          *****
*****                      program:  t-newt                                                                                    *****
*****                                                                                                                          *****
*****                      version:  6.2.3 (602003)                                                                            *****
*****                                                                                                                          *****
*****                     username:  andrei2                                                                                   *****
*****                                                                                                                          *****
*****                     hostname:  andrei2-HP-Notebook                                                                       *****
*****                                                                                                                          *****
*****                                                                                                                          *****
*****            date of execution:  2018-08-01                                                                                *****
*****                                                                                                                          *****
*****            time of execution:  13:15:55                                                                                  *****
*****                                                                                                                          *****
************************************************************************************************************************************
************************************************************************************************************************************
************************************************************************************************************************************




 'dz=188.0

 ' Depletion
------------------------------------------------------------------------------------------------------------------------------------

                          238 group solution                                                              

------------------------------------------------------------------------------------------------------------------------------------



1         ***********************
          ***********************
          **  Control Options  **
          ***********************
          ***********************

 Run problem to completion/test input only          run=           yes
 Weighted cross-section collapse/do not collapse    collapse=       no
 Source acceleration on/off                         accel=          no
 Restart from earlier case/begin new case           restart=        no
 CMFD acceleration (0/1/2/3 = no/rect/yes/part)     cmfd=          3
 Number of fine mesh base grid/coarse grid in X     xcmfd=           2
 Number of fine mesh base grid/coarse grid in Y     ycmfd=           2
 CMFD Multigroup solution only (no 2g)              cmfd2g=         no
 Create restart file upon completion                savrest=       yes
 Calculation type:                                  eigenvalue                      
 Forward/adjoint solution                           forward=       yes

1         **********************
          **********************
          **  Output Options  **
          **********************
          **********************

 Print micro. cross-sections for problem nuclides   prtxsec=        no
 Print macro. cross-sections for mixtures           prtmxsec=       no
 Print balance table                                prtbalnc=       no
 Print mixing table                                 prtmxtab=      yes
 Print postscript graphics file for fluxes          prtflux=        no
 Print postscript grid/mixture geometry graphics    drawit=         no
 Print broad-group fluxes                           prtbroad=      yes
 Echo convergence tracking data to std. output      echo=          yes

1         ***************************
          ***************************
          ** I/O Unit Assignments  **
          ***************************
          ***************************

 Unit no. for mixing table                          mixtab=         92
 Unit no. of working library                        xnlib=           4
 Unit no. for weighted broad-group library          wtdlib=         30
 Unit no. for homogenized macroscopic x-sect. lib.  hmoglib=        13

1         *************************
          *************************
          ** Convergence Control **
          *************************
          *************************

 Quadrature order                                   sn=              8
 Maximum no. of inner itrs./outer/energy group      inners=          2
 Maximum no. of outer energy groups                 outers=          250
 Performing thermal group subouter iterations       therm=         yes
 Maximum no. of thermal group subouter itrs./outer  suboutrs=        5
 Convergence criterion on inner iterations          epsinner= 1.00E-03
 Convergence criterion on subouter iterations       epsthrm=  1.00E-03
 Convergence criterion on outer iterations          epsouter= 1.00E-03
 Convergence criterion on eigenvalue                epseigen= 1.00E-03
 First guess for eigenvalue (k-eff)                 kguess=       1.000

1         *****************************
          *****************************
          ** Geometry Specifications **
          *****************************
          *****************************

 Left side x-coordinate                             xmin=  0.00000E+00
 Right side x-coordinate                            xmax=  3.95000E+01
 Bottom side y-coordinate                           ymin=  0.00000E+00
 Top side y-coordinate                              ymax=  3.95000E+01
 Number of subdivisions in x direction              nx=             16
 Number of subdivisions in y direction              ny=             16

 Boundary Conditions (0/1/2/3=vacuum/reflective/white/periodic):
 Left (West)          wbc=         1
 Right (East)         ebc=         1
 Bottom (South)       sbc=         1
 Top (North)          nbc=         1

  Body Characteristics.  Rotation angle in degrees counterclockwise.
  Size parameters. cyl: A=radius, B=no. of sides. cub: A=width, B=height. hex: A(B)=major(minor) radius.
  Body  Input  Zone    Subdiv      --Center--      Size Parameters   Rotation   Chord
  Type  Unit   Number  nx  ny      x        y        A        B      Angle      Information
  ----  -----  -----  --- ---   ------   ------    -----    ------   --------   -----------
 cub     1     1      16  16   19.750   19.750   39.500   39.500    0.000
 cyl     1     2       0   0    0.000    0.000   16.000  256.000    0.000      +x=  0.000      +y=  0.000
 cyl     1     3       0   0    0.000    0.000   17.050  256.000    0.000      +x=  0.000      +y=  0.000

1         *****************************
          *****************************
          ** Material Specifications **
          *****************************
          *****************************

 Mat'l No.   SCALE ID   Pn order   External source ID   Description (if any)
    1          1           1               0           fuel salt
    2          2           3               0           graphite
    3          3           1               0           hastelloy

1         ************************
          ************************
          ** Derived Parameters **
          ************************
          ************************

 Total number of energy groups                      numen=         238
 Number of neutron groups                           igm=           238
 Number of gamma groups                             ipm=             0
 First thermal energy group                         iftg=          149
 Mixing table length                                nmix=            34
 Number of mixtures created                         nummat=          4
 Number of computational cells                      numcells=      282
 Number of computational surfaces (sides)           numlines=      724
 Combine small grid cells together                  combine=no
 Average number of sides/cell                       avnosides=     4.89
 Minimum number of sides/cell                       mnnosides=      15
 Maximum number of sides/cell                       mxnosides=      17
 Number of angles in quadrature set                 ndir=           40
 Maximum order of Legendre scattering               maxpn=           3
 Number of flux moments                             nmom            10

1         *****************************
          *****************************
          ** Energy Group Structures **
          *****************************
          *****************************

 Energy   Energy      Lethargy        
 Group  Boundaries   Boundaries       
  No.      (eV)                      
   1   2.00000E+07 -6.93147E-01                  120   2.10000E+01  1.30736E+01
   2   1.73330E+07 -5.50027E-01                  121   2.00000E+01  1.31224E+01
   3   1.56830E+07 -4.49992E-01                  122   1.90000E+01  1.31737E+01
   4   1.45500E+07 -3.75006E-01                  123   1.85000E+01  1.32003E+01
   5   1.38400E+07 -3.24978E-01                  124   1.70000E+01  1.32849E+01
   6   1.28400E+07 -2.49980E-01                  125   1.60000E+01  1.33455E+01
   7   1.00000E+07  0.00000E+00                  126   1.50999E+01  1.34034E+01
   8   8.18730E+06  2.00001E-01                  127   1.44000E+01  1.34509E+01
   9   6.43400E+06  4.40989E-01                  128   1.37500E+01  1.34971E+01
  10   4.80000E+06  7.33969E-01                  129   1.29000E+01  1.35609E+01
  11   4.30400E+06  8.43040E-01                  130   1.19000E+01  1.36416E+01
  12   3.00000E+06  1.20397E+00                  131   1.15000E+01  1.36757E+01
  13   2.47900E+06  1.39473E+00                  132   1.00000E+01  1.38155E+01
  14   2.35400E+06  1.44647E+00                  133   9.09999E+00  1.39098E+01
  15   1.85000E+06  1.68740E+00                  134   8.09999E+00  1.40262E+01
  16   1.50000E+06  1.89712E+00                  135   7.15000E+00  1.41510E+01
  17   1.40000E+06  1.96611E+00                  136   7.00000E+00  1.41722E+01
  18   1.35600E+06  1.99805E+00                  137   6.75000E+00  1.42086E+01
  19   1.31700E+06  2.02723E+00                  138   6.50000E+00  1.42463E+01
  20   1.25000E+06  2.07944E+00                  139   6.25000E+00  1.42855E+01
  21   1.20000E+06  2.12026E+00                  140   6.00000E+00  1.43263E+01
  22   1.10000E+06  2.20727E+00                  141   5.40000E+00  1.44317E+01
  23   1.01000E+06  2.29263E+00                  142   5.00000E+00  1.45087E+01
  24   9.20000E+05  2.38597E+00                  143   4.75000E+00  1.45600E+01
  25   9.00000E+05  2.40795E+00                  144   4.00000E+00  1.47318E+01
  26   8.75000E+05  2.43612E+00                  145   3.73000E+00  1.48017E+01
  27   8.61100E+05  2.45213E+00                  146   3.50000E+00  1.48653E+01
  28   8.20000E+05  2.50104E+00                  147   3.15000E+00  1.49707E+01
  29   7.50000E+05  2.59027E+00                  148   3.04999E+00  1.50030E+01
  30   6.79000E+05  2.68972E+00                  149   3.00000E+00  1.50195E+01
  31   6.70000E+05  2.70306E+00                  150   2.96999E+00  1.50295E+01
  32   6.00000E+05  2.81341E+00                  151   2.87000E+00  1.50638E+01
  33   5.73000E+05  2.85945E+00                  152   2.77000E+00  1.50992E+01
  34   5.50000E+05  2.90042E+00                  153   2.66999E+00  1.51360E+01
  35   4.99520E+05  2.99669E+00                  154   2.57000E+00  1.51742E+01
  36   4.70000E+05  3.05761E+00                  155   2.46999E+00  1.52139E+01
  37   4.40000E+05  3.12357E+00                  156   2.37999E+00  1.52510E+01
  38   4.20000E+05  3.17009E+00                  157   2.29999E+00  1.52852E+01
  39   4.00000E+05  3.21888E+00                  158   2.20999E+00  1.53251E+01
  40   3.30000E+05  3.41125E+00                  159   2.12000E+00  1.53667E+01
  41   2.70000E+05  3.61192E+00                  160   2.00000E+00  1.54249E+01
  42   2.00000E+05  3.91202E+00                  161   1.94000E+00  1.54554E+01
  43   1.50000E+05  4.19971E+00                  162   1.86000E+00  1.54975E+01
  44   1.28300E+05  4.35597E+00                  163   1.77000E+00  1.55471E+01
  45   1.00000E+05  4.60517E+00                  164   1.67999E+00  1.55993E+01
  46   8.50000E+04  4.76769E+00                  165   1.58999E+00  1.56544E+01
  47   8.20000E+04  4.80362E+00                  166   1.50000E+00  1.57126E+01
  48   7.50000E+04  4.89285E+00                  167   1.45000E+00  1.57465E+01
  49   7.30000E+04  4.91988E+00                  168   1.40000E+00  1.57816E+01
  50   6.00000E+04  5.11600E+00                  169   1.34999E+00  1.58180E+01
  51   5.20000E+04  5.25910E+00                  170   1.29999E+00  1.58557E+01
  52   5.00000E+04  5.29832E+00                  171   1.25000E+00  1.58950E+01
  53   4.50000E+04  5.40368E+00                  172   1.22499E+00  1.59152E+01
  54   3.00000E+04  5.80914E+00                  173   1.20000E+00  1.59358E+01
  55   2.50000E+04  5.99146E+00                  174   1.17499E+00  1.59568E+01
  56   1.70000E+04  6.37713E+00                  175   1.15000E+00  1.59783E+01
  57   1.30000E+04  6.64539E+00                  176   1.13999E+00  1.59871E+01
  58   9.50000E+03  6.95905E+00                  177   1.12999E+00  1.59959E+01
  59   8.03000E+03  7.12716E+00                  178   1.12000E+00  1.60048E+01
  60   6.00000E+03  7.41858E+00                  179   1.11000E+00  1.60137E+01
  61   3.90000E+03  7.84936E+00                  180   1.09999E+00  1.60228E+01
  62   3.74000E+03  7.89125E+00                  181   1.08999E+00  1.60319E+01
  63   3.00000E+03  8.11173E+00                  182   1.08000E+00  1.60411E+01
  64   2.58000E+03  8.26255E+00                  183   1.07000E+00  1.60504E+01
  65   2.29000E+03  8.38179E+00                  184   1.05999E+00  1.60598E+01
  66   2.20000E+03  8.42188E+00                  185   1.04999E+00  1.60693E+01
  67   1.80000E+03  8.62255E+00                  186   1.04000E+00  1.60789E+01
  68   1.55000E+03  8.77209E+00                  187   1.03000E+00  1.60885E+01
  69   1.50000E+03  8.80488E+00                  188   1.02000E+00  1.60983E+01
  70   1.15000E+03  9.07058E+00                  189   1.00999E+00  1.61082E+01
  71   9.50000E+02  9.26163E+00                  190   1.00000E+00  1.61181E+01
  72   6.83000E+02  9.59160E+00                  191   9.75000E-01  1.61434E+01
  73   6.70000E+02  9.61082E+00                  192   9.50000E-01  1.61694E+01
  74   5.50000E+02  9.80818E+00                  193   9.25000E-01  1.61961E+01
  75   3.05000E+02  1.03978E+01                  194   9.00000E-01  1.62235E+01
  76   2.85000E+02  1.04656E+01                  195   8.50000E-01  1.62806E+01
  77   2.40000E+02  1.06375E+01                  196   8.00000E-01  1.63412E+01
  78   2.10000E+02  1.07710E+01                  197   7.50000E-01  1.64058E+01
  79   2.07500E+02  1.07830E+01                  198   7.00000E-01  1.64748E+01
  80   1.92500E+02  1.08580E+01                  199   6.50000E-01  1.65489E+01
  81   1.86000E+02  1.08923E+01                  200   6.25000E-01  1.65881E+01
  82   1.22000E+02  1.13141E+01                  201   6.00000E-01  1.66289E+01
  83   1.19000E+02  1.13390E+01                  202   5.50000E-01  1.67159E+01
  84   1.15000E+02  1.13732E+01                  203   5.00000E-01  1.68112E+01
  85   1.08000E+02  1.14360E+01                  204   4.50000E-01  1.69166E+01
  86   1.00000E+02  1.15129E+01                  205   4.00000E-01  1.70344E+01
  87   9.00000E+01  1.16183E+01                  206   3.75000E-01  1.70989E+01
  88   8.20000E+01  1.17114E+01                  207   3.50000E-01  1.71679E+01
  89   8.00000E+01  1.17361E+01                  208   3.25000E-01  1.72420E+01
  90   7.60000E+01  1.17874E+01                  209   3.00000E-01  1.73221E+01
  91   7.20000E+01  1.18414E+01                  210   2.75000E-01  1.74091E+01
  92   6.75000E+01  1.19060E+01                  211   2.50000E-01  1.75044E+01
  93   6.50000E+01  1.19437E+01                  212   2.25000E-01  1.76098E+01
  94   6.10000E+01  1.20072E+01                  213   2.00000E-01  1.77275E+01
  95   5.90000E+01  1.20406E+01                  214   1.75000E-01  1.78611E+01
  96   5.34000E+01  1.21403E+01                  215   1.50000E-01  1.80152E+01
  97   5.20000E+01  1.21669E+01                  216   1.25000E-01  1.81975E+01
  98   5.06000E+01  1.21941E+01                  217   1.00000E-01  1.84207E+01
  99   4.92000E+01  1.22222E+01                  218   9.00000E-02  1.85260E+01
 100   4.83000E+01  1.22407E+01                  219   8.00000E-02  1.86438E+01
 101   4.70000E+01  1.22679E+01                  220   7.00000E-02  1.87774E+01
 102   4.52000E+01  1.23070E+01                  221   6.00000E-02  1.89315E+01
 103   4.40000E+01  1.23339E+01                  222   5.00000E-02  1.91138E+01
 104   4.24000E+01  1.23709E+01                  223   4.00000E-02  1.93370E+01
 105   4.10000E+01  1.24045E+01                  224   3.00000E-02  1.96247E+01
 106   3.96000E+01  1.24393E+01                  225   2.53000E-02  1.97950E+01
 107   3.91000E+01  1.24520E+01                  226   1.00000E-02  2.07233E+01
 108   3.80000E+01  1.24805E+01                  227   7.50000E-03  2.10109E+01
 109   3.70000E+01  1.25072E+01                  228   5.00000E-03  2.14164E+01
 110   3.55000E+01  1.25486E+01                  229   4.00000E-03  2.16396E+01
 111   3.46000E+01  1.25742E+01                  230   3.00000E-03  2.19272E+01
 112   3.37500E+01  1.25991E+01                  231   2.50000E-03  2.21096E+01
 113   3.32500E+01  1.26140E+01                  232   2.00000E-03  2.23327E+01
 114   3.17500E+01  1.26602E+01                  233   1.50000E-03  2.26204E+01
 115   3.12500E+01  1.26761E+01                  234   1.20000E-03  2.28435E+01
 116   3.00000E+01  1.27169E+01                  235   1.00000E-03  2.30259E+01
 117   2.75000E+01  1.28039E+01                  236   7.50000E-04  2.33135E+01
 118   2.50000E+01  1.28992E+01                  237   5.00000E-04  2.37190E+01
 119   2.25000E+01  1.30046E+01                  238   1.00000E-04  2.53284E+01
                                                 239   1.00000E-05  2.76310E+01

1         ***************************
          ***************************
          ** Quadrature Parameters **
          ***************************
          ***************************

 Quadrature angles and weights for first quadrant:
 ( 10 angles/quadrant for S- 8 quadrature.)

 Angle No.    Mu                  Eta                Weight       Angle in x-y   Elevation
                                                                 plane (degrees) (degrees)
    1    1.92327470D-01      1.92327470D-01      2.91971175D-02       45.00        74.22
    2    5.77350270D-01      1.92327470D-01      2.33138075D-02       18.42        52.52
    3    7.93521780D-01      1.92327470D-01      2.33138075D-02       13.62        35.26
    4    9.62299480D-01      1.92327470D-01      2.91971175D-02       11.30        11.09
    5    1.92327470D-01      5.77350270D-01      2.33138075D-02       71.58        52.52
    6    5.77350270D-01      5.77350270D-01      2.25258000D-02       45.00        35.26
    7    7.93521780D-01      5.77350270D-01      2.33138075D-02       36.04        11.09
    8    1.92327470D-01      7.93521780D-01      2.33138075D-02       76.38        35.26
    9    5.77350270D-01      7.93521780D-01      2.33138075D-02       53.96        11.09
   10    1.92327470D-01      9.62299480D-01      2.91971175D-02       78.70        11.09


1         **********************************
          **********************************
          ** Quadrature Reflection Angles **
          **********************************
          **********************************
                (Angles are in degrees)

       20 primary   (incoming) angles on each side.
       20 reflected (outgoing) angles on each side.

  Side No. (slope)   Direction No. Primary angle (slope/elevation) Reflecting Angle (slope/elevation)

      1  (   0.00)       1             1  (  45.00/  74.22)           31  ( -45.00/  74.22)
                         2             2  (  18.42/  52.52)           32  ( -18.42/  52.52)
                         3             3  (  13.62/  35.26)           33  ( -13.62/  35.26)
                         4             4  (  11.30/  11.09)           34  ( -11.30/  11.09)
                         5             5  (  71.58/  52.52)           35  ( -71.58/  52.52)
                         6             6  (  45.00/  35.26)           36  ( -45.00/  35.26)
                         7             7  (  36.04/  11.09)           37  ( -36.04/  11.09)
                         8             8  (  76.38/  35.26)           38  ( -76.38/  35.26)
                         9             9  (  53.96/  11.09)           39  ( -53.96/  11.09)
                        10            10  (  78.70/  11.09)           40  ( -78.70/  11.09)
                        11            11  ( 135.00/  74.22)           21  (-135.00/  74.22)
                        12            12  ( 161.58/  52.52)           22  (-161.58/  52.52)
                        13            13  ( 166.38/  35.26)           23  (-166.38/  35.26)
                        14            14  ( 168.70/  11.09)           24  (-168.70/  11.09)
                        15            15  ( 108.42/  52.52)           25  (-108.42/  52.52)
                        16            16  ( 135.00/  35.26)           26  (-135.00/  35.26)
                        17            17  ( 143.96/  11.09)           27  (-143.96/  11.09)
                        18            18  ( 103.62/  35.26)           28  (-103.62/  35.26)
                        19            19  ( 126.04/  11.09)           29  (-126.04/  11.09)
                        20            20  ( 101.30/  11.09)           30  (-101.30/  11.09)

      2  ( -90.00)       1             1  (  45.00/  74.22)           11  ( 135.00/  74.22)
                         2             2  (  18.42/  52.52)           12  ( 161.58/  52.52)
                         3             3  (  13.62/  35.26)           13  ( 166.38/  35.26)
                         4             4  (  11.30/  11.09)           14  ( 168.70/  11.09)
                         5             5  (  71.58/  52.52)           15  ( 108.42/  52.52)
                         6             6  (  45.00/  35.26)           16  ( 135.00/  35.26)
                         7             7  (  36.04/  11.09)           17  ( 143.96/  11.09)
                         8             8  (  76.38/  35.26)           18  ( 103.62/  35.26)
                         9             9  (  53.96/  11.09)           19  ( 126.04/  11.09)
                        10            10  (  78.70/  11.09)           20  ( 101.30/  11.09)
                        11            31  ( -45.00/  74.22)           21  (-135.00/  74.22)
                        12            32  ( -18.42/  52.52)           22  (-161.58/  52.52)
                        13            33  ( -13.62/  35.26)           23  (-166.38/  35.26)
                        14            34  ( -11.30/  11.09)           24  (-168.70/  11.09)
                        15            35  ( -71.58/  52.52)           25  (-108.42/  52.52)
                        16            36  ( -45.00/  35.26)           26  (-135.00/  35.26)
                        17            37  ( -36.04/  11.09)           27  (-143.96/  11.09)
                        18            38  ( -76.38/  35.26)           28  (-103.62/  35.26)
                        19            39  ( -53.96/  11.09)           29  (-126.04/  11.09)
                        20            40  ( -78.70/  11.09)           30  (-101.30/  11.09)

      3  (  90.00)       1            11  ( 135.00/  74.22)            1  (  45.00/  74.22)
                         2            12  ( 161.58/  52.52)            2  (  18.42/  52.52)
                         3            13  ( 166.38/  35.26)            3  (  13.62/  35.26)
                         4            14  ( 168.70/  11.09)            4  (  11.30/  11.09)
                         5            15  ( 108.42/  52.52)            5  (  71.58/  52.52)
                         6            16  ( 135.00/  35.26)            6  (  45.00/  35.26)
                         7            17  ( 143.96/  11.09)            7  (  36.04/  11.09)
                         8            18  ( 103.62/  35.26)            8  (  76.38/  35.26)
                         9            19  ( 126.04/  11.09)            9  (  53.96/  11.09)
                        10            20  ( 101.30/  11.09)           10  (  78.70/  11.09)
                        11            21  (-135.00/  74.22)           31  ( -45.00/  74.22)
                        12            22  (-161.58/  52.52)           32  ( -18.42/  52.52)
                        13            23  (-166.38/  35.26)           33  ( -13.62/  35.26)
                        14            24  (-168.70/  11.09)           34  ( -11.30/  11.09)
                        15            25  (-108.42/  52.52)           35  ( -71.58/  52.52)
                        16            26  (-135.00/  35.26)           36  ( -45.00/  35.26)
                        17            27  (-143.96/  11.09)           37  ( -36.04/  11.09)
                        18            28  (-103.62/  35.26)           38  ( -76.38/  35.26)
                        19            29  (-126.04/  11.09)           39  ( -53.96/  11.09)
                        20            30  (-101.30/  11.09)           40  ( -78.70/  11.09)

      4  ( 180.00)       1            21  (-135.00/  74.22)           11  ( 135.00/  74.22)
                         2            22  (-161.58/  52.52)           12  ( 161.58/  52.52)
                         3            23  (-166.38/  35.26)           13  ( 166.38/  35.26)
                         4            24  (-168.70/  11.09)           14  ( 168.70/  11.09)
                         5            25  (-108.42/  52.52)           15  ( 108.42/  52.52)
                         6            26  (-135.00/  35.26)           16  ( 135.00/  35.26)
                         7            27  (-143.96/  11.09)           17  ( 143.96/  11.09)
                         8            28  (-103.62/  35.26)           18  ( 103.62/  35.26)
                         9            29  (-126.04/  11.09)           19  ( 126.04/  11.09)
                        10            30  (-101.30/  11.09)           20  ( 101.30/  11.09)
                        11            31  ( -45.00/  74.22)            1  (  45.00/  74.22)
                        12            32  ( -18.42/  52.52)            2  (  18.42/  52.52)
                        13            33  ( -13.62/  35.26)            3  (  13.62/  35.26)
                        14            34  ( -11.30/  11.09)            4  (  11.30/  11.09)
                        15            35  ( -71.58/  52.52)            5  (  71.58/  52.52)
                        16            36  ( -45.00/  35.26)            6  (  45.00/  35.26)
                        17            37  ( -36.04/  11.09)            7  (  36.04/  11.09)
                        18            38  ( -76.38/  35.26)            8  (  76.38/  35.26)
                        19            39  ( -53.96/  11.09)            9  (  53.96/  11.09)
                        20            40  ( -78.70/  11.09)           10  (  78.70/  11.09)





 Scattering constants for first quadrant
 (10 moments for p-3 scattering)
 Angle       ------------------------------------- Moment No. -------------------------------------
  No.       0             1             2             3             4             5             6             7
    1    1.00000E+00  3.33121E-01 -2.35552E-01 -9.93966E-01 -1.01301E-01 -1.21736E+00 -7.16220E-01  1.79587E-01
    2    1.00000E+00  1.00000E+00 -2.35552E-01  3.13857E-09 -3.04096E-01 -8.11570E-01 -1.01835E+00 -1.46893E-01
    3    1.00000E+00  1.37442E+00 -2.35552E-01  9.93966E-01 -4.17956E-01 -4.05785E-01  1.55763E-01 -4.73372E-01
    4    1.00000E+00  1.66675E+00 -2.35552E-01  1.98793E+00 -5.06853E-01  8.78372E-10  2.07512E+00 -7.99852E-01
    5    1.00000E+00  3.33121E-01 -7.07107E-01 -9.93966E-01 -3.04096E-01 -4.05785E-01 -7.16220E-01  5.39105E-01
    6    1.00000E+00  1.00000E+00 -7.07107E-01  3.13857E-09 -9.12871E-01  3.84394E-09 -1.01835E+00 -4.40959E-01
    7    1.00000E+00  1.37442E+00 -7.07107E-01  9.93966E-01 -1.25467E+00  4.05785E-01  1.55763E-01 -1.42102E+00
    8    1.00000E+00  3.33121E-01 -9.71862E-01 -9.93966E-01 -4.17956E-01  4.05785E-01 -7.16220E-01  7.40957E-01
    9    1.00000E+00  1.00000E+00 -9.71862E-01  3.13857E-09 -1.25467E+00  8.11570E-01 -1.01835E+00 -6.06062E-01
   10    1.00000E+00  3.33121E-01 -1.17857E+00 -9.93966E-01 -5.06853E-01  1.21736E+00 -7.16220E-01  8.98555E-01

 Angle       - Moment No. -
  No.       8             9
    1   -6.19452E-01  7.79715E-01
    2   -1.23969E+00  5.26824E-01
    3   -8.51930E-01  2.73934E-01
    4    2.23634E-09  2.10440E-02
    5   -2.06484E-01  1.32843E+00
    6    5.87172E-09  5.69275E-01
    7    8.51930E-01 -1.89879E-01
    8    2.06484E-01  4.34624E-01
    9    1.23969E+00 -6.08773E-01
   10    6.19452E-01 -1.16003E+00


1         **************************
          **************************
          **** Mixture Volumes *****
          **************************
          **************************


  Mixture       Volume        Volume
    ID     (cc/unit length)  Fraction
     0       0.00000E+00      0.00000E+00
     1       1.33193E+03      8.53666E-01
     2       2.01062E+02      1.28865E-01
     3       2.72553E+01      1.74685E-02
 Total       1.56025E+03      1.00000E+00

1         *********************
          *********************
          **   Mixing Table  **
          *********************
          *********************

 Entry   Mixture   Isotope   Number Density
     1      1          3006    1.37378E-05
     2      1          3007    2.74619E-02
     3      1          4009    1.06403E-02
     4      1          9019    5.34223E-02
     5      1         90232    7.88172E-04
     6      1         93237    3.23844E-05
     7      1         94238    1.60409E-05
     8      1         94239    2.26237E-04
     9      1         94240    1.07292E-04
    10      1         94241    6.81989E-05
    11      1         94242    3.97491E-05
    12      1         95241    2.77437E-06
    13      1         95243    1.17532E-05
    14      2       3006000    1.27959E-01
    15      3         24050    3.05448E-04
    16      3         24052    5.89026E-03
    17      3         24053    6.67908E-04
    18      3         24054    1.66256E-04
    19      3         26054    2.73268E-04
    20      3         26056    4.28973E-03
    21      3         26057    9.90685E-05
    22      3         26058    1.31842E-05
    23      3         28058    4.36077E-02
    24      3         28060    1.67976E-02
    25      3         28061    7.30181E-04
    26      3         28062    2.32814E-03
    27      3         28064    5.92908E-04
    28      3         42092    1.28627E-03
    29      3         42094    8.03809E-04
    30      3         42095    1.38468E-03
    31      3         42096    1.45260E-03
    32      3         42097    8.32548E-04
    33      3         42098    2.10662E-03
    34      3         42100    8.42127E-04


  Memory size of attenuation factors(MB)=     76.14


 ===================================================================================================================================
   Outer iteration sweep begins 08/ 01/ 2018 at 13:16:13

  Outer   Eigenvalue Eigenvalue Max Flux   Max Flux     Max Fuel   Max Fuel     Wall   Elapsed   Iteration  CPU   Inners
 Iter. #              Delta      Delta   Location(r,g)   Delta   Location(r,g) Clock   CPU Time   CPU Time Usage Converged
 - - - - - - - - - - - - - - - - - - - - - - - - - - - - - - - - - - - - - - - - - - - - - - - - - - - - - - - - - - - -
     1    1.01164   9.618E-03 6.889E-01 (    4,184)   1.000E+00 (    2,  0) 13:16:14    1.4 s     1.4 s 137.0%    F
     2    1.01216   5.072E-04 1.031E-01 (    3,  8)   2.901E+00 (  268,  0) 13:16:15    2.4 s     1.0 s  99.0%    F
     3    1.01192   2.373E-04 2.837E-02 (    4, 56)   1.056E-01 (    3,  0) 13:16:17    3.9 s     1.6 s  77.5%    F
     4    1.01182   1.002E-04 1.265E-02 (    4, 56)   2.554E-02 (    3,  0) 13:16:19    5.6 s     1.6 s  82.5%    F
     5    1.01184   2.861E-05 5.524E-03 (    4, 56)   8.265E-03 (    3,  0) 13:16:21    7.6 s     2.1 s 103.5%    F
     6    1.01189   4.301E-05 2.384E-03 (    4, 56)   3.002E-03 (    3,  0) 13:16:23    9.4 s     1.8 s  88.5%    F
     7    1.01191   2.227E-05 1.025E-03 (    4, 56)   1.249E-03 (  269,  0) 13:16:24   11.3 s     1.9 s 194.0%    F
     8    1.01192   9.783E-06 4.418E-04 (    4, 56)   5.664E-04 (  269,  0) 13:16:26   13.3 s     1.9 s  97.0%    F
     9    1.01193   4.512E-06 1.921E-04 (    4, 56)   2.647E-04 (  269,  0) 13:16:28   15.2 s     1.9 s  97.0%    F
 k-eff =       1.01192516     



   Four-Factor Estimate of k-infinity.  Fast/Thermal boundary:   0.6250 eV
      Fiss. neutrons/thermal abs. (eta):          1.638066
      Thermal utilization (f):                    0.632327
      Resonance Escape probability (p):           0.077410
      Fast-fission factor (epsilon):             12.620478
                                            --------------
      Infinite neutron multiplication             1.011925


   Alternate 3-Group Formulation Terms. 
   Fast/Res. boundary:   0.8210 MeV.  Res./Therm. boundary:   0.6250eV
      Fiss. neutrons/thermal abs. (eta):          1.638066
      Thermal utilization (f):                    0.632327
      Resonance Escape probability (p):           0.078798
      Fast Escape probability (pf):               0.982385
      Fast-fission factor (epsilon):             12.620478





  Time per Iteration (sec):
 Transport Sweeping:     0.615
 Inscatter Source  :     0.142
 Coarse-Mesh Accel :     1.194
 Else (Convergence):     0.063
 Total (per outer):      2.014

  Total iteration time breakdown (sec):
 Transport Sweeping:     5.535
 Inscatter Source  :     1.277
 Coarse-Mesh Accel :    10.746
 Else (Convergence):     0.565
 Total Time        :    18.123

 Critical Spectra Calculated with the B1 Method
 Input buckling of  0.00000E+00 gives a corresponding k-eff of  1.01193E+00
 Equivalent core height is infinite.

  Group   Upper      Critical   Inf.Med.   Critical   Inf.Med.  
   No    Energy(eV)   Flux       Flux      Adj.Flux   Adj.Flux  

     1  2.0000E+07  1.830E-07  1.830E-07  1.724E-03  1.724E-03
     2  1.7333E+07  1.910E-06  1.910E-06  2.362E-03  2.362E-03
     3  1.5683E+07  4.709E-06  4.709E-06  3.040E-03  3.040E-03
     4  1.4550E+07  8.297E-06  8.297E-06  4.429E-03  4.429E-03
     5  1.3840E+07  1.467E-05  1.467E-05  2.880E-03  2.880E-03
     6  1.2840E+07  5.998E-05  5.998E-05  8.301E-04  8.301E-04
     7  1.0000E+07  1.873E-04  1.873E-04  9.892E-04  9.892E-04
     8  8.1873E+06  5.340E-04  5.340E-04  7.981E-04  7.981E-04
     9  6.4340E+06  1.284E-03  1.284E-03  6.571E-04  6.571E-04
    10  4.8000E+06  2.011E-03  2.011E-03  1.808E-03  1.808E-03
    11  4.3040E+06  3.410E-03  3.410E-03  5.543E-04  5.543E-04
    12  3.0000E+06  4.800E-03  4.800E-03  1.017E-03  1.017E-03
    13  2.4790E+06  5.954E-03  5.954E-03  3.723E-03  3.723E-03
    14  2.3540E+06  6.947E-03  6.947E-03  7.979E-04  7.979E-04
    15  1.8500E+06  8.002E-03  8.002E-03  9.124E-04  9.124E-04
    16  1.5000E+06  8.950E-03  8.950E-03  2.763E-03  2.763E-03
    17  1.4000E+06  8.904E-03  8.904E-03  5.958E-03  5.958E-03
    18  1.3560E+06  8.338E-03  8.338E-03  6.510E-03  6.510E-03
    19  1.3170E+06  7.773E-03  7.773E-03  3.632E-03  3.632E-03
    20  1.2500E+06  7.854E-03  7.854E-03  4.638E-03  4.638E-03
    21  1.2000E+06  9.145E-03  9.145E-03  2.172E-03  2.172E-03
    22  1.1000E+06  9.915E-03  9.915E-03  2.209E-03  2.209E-03
    23  1.0100E+06  9.562E-03  9.562E-03  2.016E-03  2.016E-03
    24  9.2000E+05  9.479E-03  9.479E-03  8.539E-03  8.539E-03
    25  9.0000E+05  1.013E-02  1.013E-02  6.660E-03  6.660E-03
    26  8.7500E+05  1.006E-02  1.006E-02  1.171E-02  1.171E-02
    27  8.6110E+05  1.042E-02  1.042E-02  3.830E-03  3.830E-03
    28  8.2000E+05  1.124E-02  1.124E-02  2.095E-03  2.095E-03
    29  7.5000E+05  1.219E-02  1.219E-02  1.876E-03  1.876E-03
    30  6.7900E+05  1.211E-02  1.211E-02  1.396E-02  1.396E-02
    31  6.7000E+05  1.024E-02  1.024E-02  1.684E-03  1.684E-03
    32  6.0000E+05  1.047E-02  1.047E-02  4.029E-03  4.029E-03
    33  5.7300E+05  1.110E-02  1.110E-02  4.527E-03  4.527E-03
    34  5.5000E+05  9.795E-03  9.795E-03  1.924E-03  1.924E-03
    35  4.9952E+05  1.020E-02  1.020E-02  3.036E-03  3.036E-03
    36  4.7000E+05  8.457E-03  8.457E-03  2.802E-03  2.802E-03
    37  4.4000E+05  6.118E-03  6.118E-03  3.968E-03  3.968E-03
    38  4.2000E+05  6.244E-03  6.244E-03  3.782E-03  3.782E-03
    39  4.0000E+05  5.221E-03  5.221E-03  9.585E-04  9.585E-04
    40  3.3000E+05  3.674E-03  3.674E-03  9.178E-04  9.178E-04
    41  2.7000E+05  4.996E-03  4.996E-03  6.133E-04  6.133E-04
    42  2.0000E+05  1.019E-02  1.019E-02  6.397E-04  6.397E-04
    43  1.5000E+05  1.112E-02  1.112E-02  1.175E-03  1.175E-03
    44  1.2830E+05  6.611E-03  6.611E-03  7.348E-04  7.348E-04
    45  1.0000E+05  7.571E-03  7.571E-03  1.125E-03  1.125E-03
    46  8.5000E+04  1.449E-02  1.449E-02  5.087E-03  5.087E-03
    47  8.2000E+04  1.574E-02  1.574E-02  2.047E-03  2.047E-03
    48  7.5000E+04  1.538E-02  1.538E-02  6.757E-03  6.757E-03
    49  7.3000E+04  1.620E-02  1.620E-02  9.301E-04  9.301E-04
    50  6.0000E+04  1.446E-02  1.446E-02  1.272E-03  1.272E-03
    51  5.2000E+04  7.893E-03  7.893E-03  4.633E-03  4.633E-03
    52  5.0000E+04  6.837E-03  6.837E-03  1.724E-03  1.724E-03
    53  4.5000E+04  1.463E-02  1.463E-02  4.479E-04  4.479E-04
    54  3.0000E+04  8.885E-03  8.885E-03  9.932E-04  9.932E-04
    55  2.5000E+04  1.534E-02  1.534E-02  4.702E-04  4.702E-04
    56  1.7000E+04  1.438E-02  1.438E-02  6.748E-04  6.748E-04
    57  1.3000E+04  1.448E-02  1.448E-02  5.769E-04  5.769E-04
    58  9.5000E+03  1.415E-02  1.415E-02  1.076E-03  1.076E-03
    59  8.0300E+03  1.390E-02  1.390E-02  6.205E-04  6.205E-04
    60  6.0000E+03  1.342E-02  1.342E-02  4.199E-04  4.199E-04
    61  3.9000E+03  1.323E-02  1.323E-02  4.326E-03  4.326E-03
    62  3.7400E+03  1.310E-02  1.310E-02  8.206E-04  8.206E-04
    63  3.0000E+03  1.288E-02  1.288E-02  1.199E-03  1.199E-03
    64  2.5800E+03  1.268E-02  1.268E-02  1.516E-03  1.516E-03
    65  2.2900E+03  1.262E-02  1.262E-02  4.497E-03  4.497E-03
    66  2.2000E+03  1.242E-02  1.242E-02  9.010E-04  9.010E-04
    67  1.8000E+03  1.218E-02  1.218E-02  1.211E-03  1.211E-03
    68  1.5500E+03  1.200E-02  1.200E-02  5.518E-03  5.518E-03
    69  1.5000E+03  1.183E-02  1.183E-02  6.829E-04  6.829E-04
    70  1.1500E+03  1.144E-02  1.144E-02  9.481E-04  9.481E-04
    71  9.5000E+02  1.102E-02  1.102E-02  5.474E-04  5.474E-04
    72  6.8300E+02  1.022E-02  1.022E-02  9.315E-03  9.315E-03
    73  6.7000E+02  1.053E-02  1.053E-02  9.186E-04  9.186E-04
    74  5.5000E+02  9.592E-03  9.592E-03  3.088E-04  3.088E-04
    75  3.0500E+02  8.569E-03  8.569E-03  2.670E-03  2.670E-03
    76  2.8500E+02  8.394E-03  8.394E-03  1.068E-03  1.068E-03
    77  2.4000E+02  8.003E-03  8.003E-03  1.355E-03  1.355E-03
    78  2.1000E+02  7.987E-03  7.987E-03  1.514E-02  1.514E-02
    79  2.0750E+02  7.374E-03  7.374E-03  2.461E-03  2.461E-03
    80  1.9250E+02  7.686E-03  7.686E-03  5.233E-03  5.233E-03
    81  1.8600E+02  6.951E-03  6.951E-03  4.296E-04  4.296E-04
    82  1.2200E+02  5.337E-03  5.337E-03  6.676E-03  6.676E-03
    83  1.1900E+02  6.304E-03  6.304E-03  5.566E-03  5.566E-03
    84  1.1500E+02  6.020E-03  6.020E-03  2.832E-03  2.832E-03
    85  1.0800E+02  5.817E-03  5.817E-03  2.400E-03  2.400E-03
    86  1.0000E+02  5.695E-03  5.695E-03  1.791E-03  1.791E-03
    87  9.0000E+01  5.338E-03  5.338E-03  2.088E-03  2.088E-03
    88  8.2000E+01  5.338E-03  5.338E-03  7.634E-03  7.634E-03
    89  8.0000E+01  5.420E-03  5.420E-03  3.522E-03  3.522E-03
    90  7.6000E+01  4.577E-03  4.577E-03  3.450E-03  3.450E-03
    91  7.2000E+01  4.525E-03  4.525E-03  2.539E-03  2.539E-03
    92  6.7500E+01  3.986E-03  3.986E-03  4.944E-03  4.944E-03
    93  6.5000E+01  4.532E-03  4.532E-03  2.908E-03  2.908E-03
    94  6.1000E+01  3.653E-03  3.653E-03  5.246E-03  5.246E-03
    95  5.9000E+01  4.014E-03  4.014E-03  1.839E-03  1.839E-03
    96  5.3400E+01  3.682E-03  3.682E-03  6.070E-03  6.070E-03
    97  5.2000E+01  4.084E-03  4.084E-03  6.396E-03  6.396E-03
    98  5.0600E+01  3.613E-03  3.613E-03  6.218E-03  6.218E-03
    99  4.9200E+01  3.874E-03  3.874E-03  9.783E-03  9.783E-03
   100  4.8300E+01  3.710E-03  3.710E-03  6.830E-03  6.830E-03
   101  4.7000E+01  3.792E-03  3.792E-03  4.381E-03  4.381E-03
   102  4.5200E+01  3.244E-03  3.244E-03  5.871E-03  5.871E-03
   103  4.4000E+01  3.728E-03  3.728E-03  4.746E-03  4.746E-03
   104  4.2400E+01  2.992E-03  2.992E-03  4.817E-03  4.817E-03
   105  4.1000E+01  3.555E-03  3.555E-03  5.260E-03  5.260E-03
   106  3.9600E+01  3.480E-03  3.480E-03  1.442E-02  1.442E-02
   107  3.9100E+01  2.857E-03  2.857E-03  5.703E-03  5.703E-03
   108  3.8000E+01  3.537E-03  3.537E-03  6.811E-03  6.811E-03
   109  3.7000E+01  3.407E-03  3.407E-03  4.441E-03  4.441E-03
   110  3.5500E+01  3.332E-03  3.332E-03  7.210E-03  7.210E-03
   111  3.4600E+01  3.335E-03  3.335E-03  7.445E-03  7.445E-03
   112  3.3750E+01  3.342E-03  3.342E-03  1.237E-02  1.237E-02
   113  3.3250E+01  3.332E-03  3.332E-03  4.019E-03  4.019E-03
   114  3.1750E+01  3.312E-03  3.312E-03  1.164E-02  1.164E-02
   115  3.1250E+01  3.256E-03  3.256E-03  4.501E-03  4.501E-03
   116  3.0000E+01  3.240E-03  3.240E-03  2.130E-03  2.130E-03
   117  2.7500E+01  3.030E-03  3.030E-03  1.933E-03  1.933E-03
   118  2.5000E+01  2.560E-03  2.560E-03  1.615E-03  1.615E-03
   119  2.2500E+01  2.090E-03  2.090E-03  2.597E-03  2.597E-03
   120  2.1000E+01  2.276E-03  2.276E-03  3.861E-03  3.861E-03
   121  2.0000E+01  2.429E-03  2.429E-03  3.923E-03  3.923E-03
   122  1.9000E+01  2.328E-03  2.328E-03  7.421E-03  7.421E-03
   123  1.8500E+01  2.111E-03  2.111E-03  2.398E-03  2.398E-03
   124  1.7000E+01  2.178E-03  2.178E-03  3.357E-03  3.357E-03
   125  1.6000E+01  2.061E-03  2.061E-03  3.557E-03  3.557E-03
   126  1.5100E+01  1.634E-03  1.634E-03  4.411E-03  4.411E-03
   127  1.4400E+01  1.871E-03  1.871E-03  4.251E-03  4.251E-03
   128  1.3750E+01  1.819E-03  1.819E-03  2.943E-03  2.943E-03
   129  1.2900E+01  1.761E-03  1.761E-03  2.279E-03  2.279E-03
   130  1.1900E+01  1.614E-03  1.614E-03  5.511E-03  5.511E-03
   131  1.1500E+01  1.539E-03  1.539E-03  1.364E-03  1.364E-03
   132  1.0000E+01  1.558E-03  1.558E-03  1.838E-03  1.838E-03
   133  9.1000E+00  1.509E-03  1.509E-03  1.468E-03  1.468E-03
   134  8.1000E+00  1.358E-03  1.358E-03  1.353E-03  1.353E-03
   135  7.1500E+00  1.372E-03  1.372E-03  7.792E-03  7.792E-03
   136  7.0000E+00  1.337E-03  1.337E-03  4.552E-03  4.552E-03
   137  6.7500E+00  1.334E-03  1.334E-03  4.201E-03  4.201E-03
   138  6.5000E+00  1.320E-03  1.320E-03  4.041E-03  4.041E-03
   139  6.2500E+00  1.311E-03  1.311E-03  3.878E-03  3.878E-03
   140  6.0000E+00  1.279E-03  1.279E-03  1.444E-03  1.444E-03
   141  5.4000E+00  1.285E-03  1.285E-03  1.902E-03  1.902E-03
   142  5.0000E+00  1.283E-03  1.283E-03  2.806E-03  2.806E-03
   143  4.7500E+00  1.198E-03  1.198E-03  8.482E-04  8.482E-04
   144  4.0000E+00  1.183E-03  1.183E-03  1.963E-03  1.963E-03
   145  3.7300E+00  1.194E-03  1.194E-03  2.156E-03  2.156E-03
   146  3.5000E+00  1.181E-03  1.181E-03  1.304E-03  1.304E-03
   147  3.1500E+00  1.182E-03  1.182E-03  4.301E-03  4.301E-03
   148  3.0500E+00  1.178E-03  1.178E-03  8.418E-03  8.418E-03
   149  3.0000E+00  1.645E-03  1.645E-03  1.383E-02  1.383E-02
   150  2.9700E+00  1.358E-03  1.358E-03  4.040E-03  4.040E-03
   151  2.8700E+00  1.263E-03  1.263E-03  3.828E-03  3.828E-03
   152  2.7700E+00  1.016E-03  1.016E-03  3.355E-03  3.355E-03
   153  2.6700E+00  9.992E-04  9.992E-04  3.327E-03  3.327E-03
   154  2.5700E+00  1.164E-03  1.164E-03  3.622E-03  3.622E-03
   155  2.4700E+00  1.154E-03  1.154E-03  3.984E-03  3.984E-03
   156  2.3800E+00  1.139E-03  1.139E-03  4.354E-03  4.354E-03
   157  2.3000E+00  1.115E-03  1.115E-03  3.742E-03  3.742E-03
   158  2.2100E+00  1.068E-03  1.068E-03  3.598E-03  3.598E-03
   159  2.1200E+00  1.063E-03  1.063E-03  2.567E-03  2.567E-03
   160  2.0000E+00  1.067E-03  1.067E-03  4.902E-03  4.902E-03
   161  1.9400E+00  1.068E-03  1.068E-03  3.551E-03  3.551E-03
   162  1.8600E+00  1.058E-03  1.058E-03  3.011E-03  3.011E-03
   163  1.7700E+00  1.040E-03  1.040E-03  2.853E-03  2.853E-03
   164  1.6800E+00  1.044E-03  1.044E-03  2.736E-03  2.736E-03
   165  1.5900E+00  1.006E-03  1.006E-03  2.574E-03  2.574E-03
   166  1.5000E+00  9.595E-04  9.595E-04  4.380E-03  4.380E-03
   167  1.4500E+00  9.413E-04  9.413E-04  4.247E-03  4.247E-03
   168  1.4000E+00  8.979E-04  8.979E-04  4.062E-03  4.062E-03
   169  1.3500E+00  8.760E-04  8.760E-04  3.963E-03  3.963E-03
   170  1.3000E+00  8.741E-04  8.741E-04  3.910E-03  3.910E-03
   171  1.2500E+00  8.599E-04  8.599E-04  7.658E-03  7.658E-03
   172  1.2250E+00  8.449E-04  8.449E-04  7.522E-03  7.522E-03
   173  1.2000E+00  8.258E-04  8.258E-04  7.355E-03  7.355E-03
   174  1.1750E+00  7.992E-04  7.992E-04  7.186E-03  7.186E-03
   175  1.1500E+00  7.773E-04  7.773E-04  1.763E-02  1.763E-02
   176  1.1400E+00  7.655E-04  7.655E-04  1.748E-02  1.748E-02
   177  1.1300E+00  7.555E-04  7.555E-04  1.735E-02  1.735E-02
   178  1.1200E+00  7.478E-04  7.478E-04  1.721E-02  1.721E-02
   179  1.1100E+00  7.424E-04  7.424E-04  1.709E-02  1.709E-02
   180  1.1000E+00  7.390E-04  7.390E-04  1.703E-02  1.703E-02
   181  1.0900E+00  7.371E-04  7.371E-04  1.698E-02  1.698E-02
   182  1.0800E+00  7.364E-04  7.364E-04  1.690E-02  1.690E-02
   183  1.0700E+00  7.366E-04  7.366E-04  1.683E-02  1.683E-02
   184  1.0600E+00  7.378E-04  7.378E-04  1.680E-02  1.680E-02
   185  1.0500E+00  7.398E-04  7.398E-04  1.677E-02  1.677E-02
   186  1.0400E+00  7.428E-04  7.428E-04  1.671E-02  1.671E-02
   187  1.0300E+00  7.466E-04  7.466E-04  1.667E-02  1.667E-02
   188  1.0200E+00  7.510E-04  7.510E-04  1.661E-02  1.661E-02
   189  1.0100E+00  7.553E-04  7.553E-04  1.660E-02  1.660E-02
   190  1.0000E+00  7.616E-04  7.616E-04  6.612E-03  6.612E-03
   191  9.7500E-01  7.681E-04  7.681E-04  6.579E-03  6.579E-03
   192  9.5000E-01  7.751E-04  7.751E-04  6.530E-03  6.530E-03
   193  9.2500E-01  7.849E-04  7.849E-04  6.457E-03  6.457E-03
   194  9.0000E-01  8.080E-04  8.080E-04  3.154E-03  3.154E-03
   195  8.5000E-01  8.284E-04  8.284E-04  3.030E-03  3.030E-03
   196  8.0000E-01  8.397E-04  8.397E-04  2.887E-03  2.887E-03
   197  7.5000E-01  8.801E-04  8.801E-04  2.731E-03  2.731E-03
   198  7.0000E-01  9.050E-04  9.050E-04  2.566E-03  2.566E-03
   199  6.5000E-01  9.402E-04  9.402E-04  4.878E-03  4.878E-03
   200  6.2500E-01  9.764E-04  9.764E-04  4.703E-03  4.703E-03
   201  6.0000E-01  1.001E-03  1.001E-03  2.216E-03  2.216E-03
   202  5.5000E-01  1.091E-03  1.091E-03  2.032E-03  2.032E-03
   203  5.0000E-01  1.166E-03  1.166E-03  1.849E-03  1.849E-03
   204  4.5000E-01  1.310E-03  1.310E-03  1.672E-03  1.672E-03
   205  4.0000E-01  1.420E-03  1.420E-03  3.068E-03  3.068E-03
   206  3.7500E-01  1.509E-03  1.509E-03  2.877E-03  2.877E-03
   207  3.5000E-01  1.582E-03  1.582E-03  2.681E-03  2.681E-03
   208  3.2500E-01  1.709E-03  1.709E-03  2.481E-03  2.481E-03
   209  3.0000E-01  1.794E-03  1.794E-03  2.278E-03  2.278E-03
   210  2.7500E-01  1.916E-03  1.916E-03  2.073E-03  2.073E-03
   211  2.5000E-01  1.993E-03  1.993E-03  1.868E-03  1.868E-03
   212  2.2500E-01  2.087E-03  2.087E-03  1.662E-03  1.662E-03
   213  2.0000E-01  2.093E-03  2.093E-03  1.458E-03  1.458E-03
   214  1.7500E-01  2.045E-03  2.045E-03  1.256E-03  1.256E-03
   215  1.5000E-01  1.923E-03  1.923E-03  1.055E-03  1.055E-03
   216  1.2500E-01  1.708E-03  1.708E-03  8.563E-04  8.563E-04
   217  1.0000E-01  1.491E-03  1.491E-03  1.805E-03  1.805E-03
   218  9.0000E-02  1.361E-03  1.361E-03  1.609E-03  1.609E-03
   219  8.0000E-02  1.161E-03  1.161E-03  1.414E-03  1.414E-03
   220  7.0000E-02  9.806E-04  9.806E-04  1.220E-03  1.220E-03
   221  6.0000E-02  7.812E-04  7.812E-04  1.027E-03  1.027E-03
   222  5.0000E-02  5.833E-04  5.833E-04  8.349E-04  8.349E-04
   223  4.0000E-02  3.902E-04  3.902E-04  6.434E-04  6.434E-04
   224  3.0000E-02  2.664E-04  2.664E-04  1.080E-03  1.080E-03
   225  2.5300E-02  1.118E-04  1.118E-04  1.962E-04  1.962E-04
   226  1.0000E-02  3.266E-05  3.266E-05  6.227E-04  6.227E-04
   227  7.5000E-03  1.709E-05  1.709E-05  4.396E-04  4.396E-04
   228  5.0000E-03  9.044E-06  9.044E-06  7.943E-04  7.943E-04
   229  4.0000E-03  5.550E-06  5.550E-06  6.164E-04  6.164E-04
   230  3.0000E-03  3.503E-06  3.503E-06  9.743E-04  9.743E-04
   231  2.5000E-03  2.366E-06  2.366E-06  7.974E-04  7.974E-04
   232  2.0000E-03  1.428E-06  1.428E-06  6.174E-04  6.174E-04
   233  1.5000E-03  8.349E-07  8.349E-07  7.883E-04  7.883E-04
   234  1.2000E-03  5.547E-07  5.547E-07  9.668E-04  9.668E-04
   235  1.0000E-03  3.500E-07  3.500E-07  6.140E-04  6.140E-04
   236  7.5000E-04  1.768E-07  1.768E-07  4.372E-04  4.372E-04
   237  5.0000E-04  2.915E-08  2.915E-08  1.105E-04  1.105E-04
   238  1.0000E-04  1.685E-10  1.685E-10  7.140E-05  7.140E-05

 NOTE: Flux values above are per unit-lethargy.



  Zone data

      Zone   Mix    Relative     Relative         Zone
       No.   No.      Flux     Fission Power     Volume
     -----------------------------------------------------------------
         1     1   3.37324E-01   1.00000E+00   1.33193E+03
         2     2   3.43585E-01   0.00000E+00   2.01062E+02
         3     3   3.19091E-01   0.00000E+00   2.72553E+01



module xsproc is finished. completion code 0.
