 *******************************************************************************
 *                                                                             *
 *                                 SCALE 6.2.3                                 *
 *                                -------------                                *
 *                                  June 2018                                  *
 *                                                                             *
 *           SCALE:  A Comprehensive Modeling and Simulation Suite             *
 *                   for Nuclear Safety Analysis and Design                    *
 *                                                                             *
 *                      Reactor and Nuclear Systems Division                   *
 *                        Oak Ridge National Laboratory                        *
 *                                                                             *
 *                           http://scale.ornl.gov                             *
 *                            scalehelp@ornl.gov                               *
 *                                                                             *
 *******************************************************************************
 *******************************************************************************
      
                  Job Information
                  ---------------
      Job started on andrei2-HP-Notebook on Thu 21/06/2018 11:37:23
      Working directory: /tmp/scale.andrei2.27599
      Input file name  : /home/andrei2/Desktop/ornl/mosart/scale/mosart_quarter.inp
      Output file name : /home/andrei2/Desktop/ornl/mosart/scale/mosart_quarter.out
      SCALE executable : /home/andrei2/SCALE/SCALE-6.2.3/bin/scale
      
 *******************************************************************************
The following data cards precede an = card
      '#TestGrep# "k-eff [=]" ${OUTPUTFILENAME}
      '#TestGrep# "Transport k[=]" ${OUTPUTFILENAME}
      '#TestGrep# -i "erro[r]" ${OUTPUTFILENAME} | ${GREP} -v "[W]arnings and [E]rrors"
      '#TestGrep# "SCALE is finishe[d]" ${OUTPUTFILENAME} | ${AWK} "{print $1,$2,$3}"
      '#TestGrep# "is finishe[d]\." ${OUTPUTFILENAME} | ${AWK} "{print $1,$2,$3,$4,$5,$6,$7}"
      ' THIS SAMPLE PROBLEM TEST THE FOLLOWING: 
      '  ** t-newt sequence
      '  ** v7-252 group library
      '  ** centrm cross-section processing (default for t-newt calculations)
      '  ** parm=weight option for the t-newt sequence, which uses the NEWT collapse block to specify a 252 -> 56 group collapse.
      '  ** latticecell cross-section processing option


    module t-newt will be called on Thu Jun 21 11:37:24 2018.
    sequence specification record:=t-newt      parm=(2region,weight)
Input Data:

      MOSART unit cell model
      v7-238
      read comp 
      ' fuel salt
        wtptfuel  1 2.669138 13 9019 63.239858 3006 5.1533920E-03 3007 12.015762 4009 5.9776188 93237 4.6732192E-01 94238 2.3245506E-01 94239 3.2923018 94240 1.5679081 94241 1.0007848 94242 5.8572195E-01 95241 4.0712394E-02 95243 1.7390673E-01 90232 11.400495 1.0 933 end
      ' Structural material
        graphite 2 den=2.55 1.0 933 end
        wtptclad 3 8.671 4 28000 72.0 42000 16.0 24000 7.0 26000 5.0 1 873 end
      end comp
      read celldata
        latticecell squarepitch pitch=79.0 1 fuelr=16.00 2 cladr=17.05 3 end
      end celldata
      read model
      238 group solution
      read parm
      'dz=188.0
      drawit=yes prtbroad=yes cmfd=3 xycmfd=2 sn=12 converge=mix echo=yes inners=2 therms=5 epsilon=1e-3
      timed=yes prtmxsec=no prtmxtab=yes prthmmix=no inrcvrg=no therm=yes
      end parm
      read materials
        mix=1  pn=1 com="Fuel salt" end
        mix=2  pn=3 com="Graphite"    end
        mix=3  pn=1 com="Hastelloy"       end
      end materials
      read geom
        global unit 1
          cylinder 10 16.00  chord +x=0 chord +y=0 sides=256
          cylinder 20 17.05 chord +x=0 chord +y=0 sides=256
          cuboid   30 39.5 0. 39.5 0.
          media 2 1 10
          media 3 1 20 -10
          media 1 1 30 -20
        boundary 30 48 48
      end geom 
      ' Depletion
      read bounds
      all=mirror
      end bounds
      end model
end




************************************************************************************************************************************
************************************************************************************************************************************
************************************************************************************************************************************
*****                                                                                                                          *****
*****                                             program verification information                                             *****
*****                                                                                                                          *****
*****                                           code system: SCALE   version: 6.2.0                                            *****
*****                                                                                                                          *****
************************************************************************************************************************************
************************************************************************************************************************************
*****                                                                                                                          *****
*****                                                                                                                          *****
*****                      program:  t-newt                                                                                    *****
*****                                                                                                                          *****
*****                      version:  6.2.3 (602003)                                                                            *****
*****                                                                                                                          *****
*****                     username:  andrei2                                                                                   *****
*****                                                                                                                          *****
*****                     hostname:  andrei2-HP-Notebook                                                                       *****
*****                                                                                                                          *****
*****                                                                                                                          *****
*****            date of execution:  2018-06-21                                                                                *****
*****                                                                                                                          *****
*****            time of execution:  11:37:24                                                                                  *****
*****                                                                                                                          *****
************************************************************************************************************************************
************************************************************************************************************************************
************************************************************************************************************************************




 'dz=188.0

 ' Depletion
------------------------------------------------------------------------------------------------------------------------------------

                          238 group solution                                                              

------------------------------------------------------------------------------------------------------------------------------------



1         ***********************
          ***********************
          **  Control Options  **
          ***********************
          ***********************

 Run problem to completion/test input only          run=           yes
 Weighted cross-section collapse/do not collapse    collapse=       no
 Source acceleration on/off                         accel=          no
 Restart from earlier case/begin new case           restart=        no
 CMFD acceleration (0/1/2/3 = no/rect/yes/part)     cmfd=          3
 Number of fine mesh base grid/coarse grid in X     xcmfd=           2
 Number of fine mesh base grid/coarse grid in Y     ycmfd=           2
 CMFD Multigroup solution only (no 2g)              cmfd2g=         no
 Create restart file upon completion                savrest=       yes
 Calculation type:                                  eigenvalue                      
 Forward/adjoint solution                           forward=       yes

1         **********************
          **********************
          **  Output Options  **
          **********************
          **********************

 Print micro. cross-sections for problem nuclides   prtxsec=        no
 Print macro. cross-sections for mixtures           prtmxsec=       no
 Print balance table                                prtbalnc=       no
 Print mixing table                                 prtmxtab=      yes
 Print postscript graphics file for fluxes          prtflux=        no
 Print postscript grid/mixture geometry graphics    drawit=        yes
 Print broad-group fluxes                           prtbroad=      yes
 Echo convergence tracking data to std. output      echo=          yes

1         ***************************
          ***************************
          ** I/O Unit Assignments  **
          ***************************
          ***************************

 Unit no. for mixing table                          mixtab=         92
 Unit no. of working library                        xnlib=           4
 Unit no. for weighted broad-group library          wtdlib=         30
 Unit no. for homogenized macroscopic x-sect. lib.  hmoglib=        13

1         *************************
          *************************
          ** Convergence Control **
          *************************
          *************************

 Quadrature order                                   sn=             12
 Maximum no. of inner itrs./outer/energy group      inners=          2
 Maximum no. of outer energy groups                 outers=          250
 Performing thermal group subouter iterations       therm=         yes
 Maximum no. of thermal group subouter itrs./outer  suboutrs=        5
 Convergence criterion on inner iterations          epsinner= 1.00E-03
 Convergence criterion on subouter iterations       epsthrm=  1.00E-03
 Convergence criterion on outer iterations          epsouter= 1.00E-03
 Convergence criterion on eigenvalue                epseigen= 1.00E-03
 First guess for eigenvalue (k-eff)                 kguess=       1.000

1         *****************************
          *****************************
          ** Geometry Specifications **
          *****************************
          *****************************

 Left side x-coordinate                             xmin=  0.00000E+00
 Right side x-coordinate                            xmax=  3.95000E+01
 Bottom side y-coordinate                           ymin=  0.00000E+00
 Top side y-coordinate                              ymax=  3.95000E+01
 Number of subdivisions in x direction              nx=             48
 Number of subdivisions in y direction              ny=             48

 Boundary Conditions (0/1/2/3=vacuum/reflective/white/periodic):
 Left (West)          wbc=         1
 Right (East)         ebc=         1
 Bottom (South)       sbc=         1
 Top (North)          nbc=         1

  Body Characteristics.  Rotation angle in degrees counterclockwise.
  Size parameters. cyl: A=radius, B=no. of sides. cub: A=width, B=height. hex: A(B)=major(minor) radius.
  Body  Input  Zone    Subdiv      --Center--      Size Parameters   Rotation   Chord
  Type  Unit   Number  nx  ny      x        y        A        B      Angle      Information
  ----  -----  -----  --- ---   ------   ------    -----    ------   --------   -----------
 cub     1     1      48  48   19.750   19.750   39.500   39.500    0.000
 cyl     1     2       0   0    0.000    0.000   16.000  256.000    0.000      +x=  0.000      +y=  0.000
 cyl     1     3       0   0    0.000    0.000   17.050  256.000    0.000      +x=  0.000      +y=  0.000

1         *****************************
          *****************************
          ** Material Specifications **
          *****************************
          *****************************

 Mat'l No.   SCALE ID   Pn order   External source ID   Description (if any)
    1          1           1               0           fuel salt
    2          2           3               0           graphite
    3          3           1               0           hastelloy

1         ************************
          ************************
          ** Derived Parameters **
          ************************
          ************************

 Total number of energy groups                      numen=         238
 Number of neutron groups                           igm=           238
 Number of gamma groups                             ipm=             0
 First thermal energy group                         iftg=          149
 Mixing table length                                nmix=            34
 Number of mixtures created                         nummat=          4
 Number of computational cells                      numcells=     2384
 Number of computational surfaces (sides)           numlines=     4992
 Combine small grid cells together                  combine=no
 Average number of sides/cell                       avnosides=     4.11
 Minimum number of sides/cell                       mnnosides=       6
 Maximum number of sides/cell                       mxnosides=       8
 Number of angles in quadrature set                 ndir=           84
 Maximum order of Legendre scattering               maxpn=           3
 Number of flux moments                             nmom            10

1         *****************************
          *****************************
          ** Energy Group Structures **
          *****************************
          *****************************

 Energy   Energy      Lethargy        
 Group  Boundaries   Boundaries       
  No.      (eV)                      
   1   2.00000E+07 -6.93147E-01                  120   2.10000E+01  1.30736E+01
   2   1.73330E+07 -5.50027E-01                  121   2.00000E+01  1.31224E+01
   3   1.56830E+07 -4.49992E-01                  122   1.90000E+01  1.31737E+01
   4   1.45500E+07 -3.75006E-01                  123   1.85000E+01  1.32003E+01
   5   1.38400E+07 -3.24978E-01                  124   1.70000E+01  1.32849E+01
   6   1.28400E+07 -2.49980E-01                  125   1.60000E+01  1.33455E+01
   7   1.00000E+07  0.00000E+00                  126   1.50999E+01  1.34034E+01
   8   8.18730E+06  2.00001E-01                  127   1.44000E+01  1.34509E+01
   9   6.43400E+06  4.40989E-01                  128   1.37500E+01  1.34971E+01
  10   4.80000E+06  7.33969E-01                  129   1.29000E+01  1.35609E+01
  11   4.30400E+06  8.43040E-01                  130   1.19000E+01  1.36416E+01
  12   3.00000E+06  1.20397E+00                  131   1.15000E+01  1.36757E+01
  13   2.47900E+06  1.39473E+00                  132   1.00000E+01  1.38155E+01
  14   2.35400E+06  1.44647E+00                  133   9.09999E+00  1.39098E+01
  15   1.85000E+06  1.68740E+00                  134   8.09999E+00  1.40262E+01
  16   1.50000E+06  1.89712E+00                  135   7.15000E+00  1.41510E+01
  17   1.40000E+06  1.96611E+00                  136   7.00000E+00  1.41722E+01
  18   1.35600E+06  1.99805E+00                  137   6.75000E+00  1.42086E+01
  19   1.31700E+06  2.02723E+00                  138   6.50000E+00  1.42463E+01
  20   1.25000E+06  2.07944E+00                  139   6.25000E+00  1.42855E+01
  21   1.20000E+06  2.12026E+00                  140   6.00000E+00  1.43263E+01
  22   1.10000E+06  2.20727E+00                  141   5.40000E+00  1.44317E+01
  23   1.01000E+06  2.29263E+00                  142   5.00000E+00  1.45087E+01
  24   9.20000E+05  2.38597E+00                  143   4.75000E+00  1.45600E+01
  25   9.00000E+05  2.40795E+00                  144   4.00000E+00  1.47318E+01
  26   8.75000E+05  2.43612E+00                  145   3.73000E+00  1.48017E+01
  27   8.61100E+05  2.45213E+00                  146   3.50000E+00  1.48653E+01
  28   8.20000E+05  2.50104E+00                  147   3.15000E+00  1.49707E+01
  29   7.50000E+05  2.59027E+00                  148   3.04999E+00  1.50030E+01
  30   6.79000E+05  2.68972E+00                  149   3.00000E+00  1.50195E+01
  31   6.70000E+05  2.70306E+00                  150   2.96999E+00  1.50295E+01
  32   6.00000E+05  2.81341E+00                  151   2.87000E+00  1.50638E+01
  33   5.73000E+05  2.85945E+00                  152   2.77000E+00  1.50992E+01
  34   5.50000E+05  2.90042E+00                  153   2.66999E+00  1.51360E+01
  35   4.99520E+05  2.99669E+00                  154   2.57000E+00  1.51742E+01
  36   4.70000E+05  3.05761E+00                  155   2.46999E+00  1.52139E+01
  37   4.40000E+05  3.12357E+00                  156   2.37999E+00  1.52510E+01
  38   4.20000E+05  3.17009E+00                  157   2.29999E+00  1.52852E+01
  39   4.00000E+05  3.21888E+00                  158   2.20999E+00  1.53251E+01
  40   3.30000E+05  3.41125E+00                  159   2.12000E+00  1.53667E+01
  41   2.70000E+05  3.61192E+00                  160   2.00000E+00  1.54249E+01
  42   2.00000E+05  3.91202E+00                  161   1.94000E+00  1.54554E+01
  43   1.50000E+05  4.19971E+00                  162   1.86000E+00  1.54975E+01
  44   1.28300E+05  4.35597E+00                  163   1.77000E+00  1.55471E+01
  45   1.00000E+05  4.60517E+00                  164   1.67999E+00  1.55993E+01
  46   8.50000E+04  4.76769E+00                  165   1.58999E+00  1.56544E+01
  47   8.20000E+04  4.80362E+00                  166   1.50000E+00  1.57126E+01
  48   7.50000E+04  4.89285E+00                  167   1.45000E+00  1.57465E+01
  49   7.30000E+04  4.91988E+00                  168   1.40000E+00  1.57816E+01
  50   6.00000E+04  5.11600E+00                  169   1.34999E+00  1.58180E+01
  51   5.20000E+04  5.25910E+00                  170   1.29999E+00  1.58557E+01
  52   5.00000E+04  5.29832E+00                  171   1.25000E+00  1.58950E+01
  53   4.50000E+04  5.40368E+00                  172   1.22499E+00  1.59152E+01
  54   3.00000E+04  5.80914E+00                  173   1.20000E+00  1.59358E+01
  55   2.50000E+04  5.99146E+00                  174   1.17499E+00  1.59568E+01
  56   1.70000E+04  6.37713E+00                  175   1.15000E+00  1.59783E+01
  57   1.30000E+04  6.64539E+00                  176   1.13999E+00  1.59871E+01
  58   9.50000E+03  6.95905E+00                  177   1.12999E+00  1.59959E+01
  59   8.03000E+03  7.12716E+00                  178   1.12000E+00  1.60048E+01
  60   6.00000E+03  7.41858E+00                  179   1.11000E+00  1.60137E+01
  61   3.90000E+03  7.84936E+00                  180   1.09999E+00  1.60228E+01
  62   3.74000E+03  7.89125E+00                  181   1.08999E+00  1.60319E+01
  63   3.00000E+03  8.11173E+00                  182   1.08000E+00  1.60411E+01
  64   2.58000E+03  8.26255E+00                  183   1.07000E+00  1.60504E+01
  65   2.29000E+03  8.38179E+00                  184   1.05999E+00  1.60598E+01
  66   2.20000E+03  8.42188E+00                  185   1.04999E+00  1.60693E+01
  67   1.80000E+03  8.62255E+00                  186   1.04000E+00  1.60789E+01
  68   1.55000E+03  8.77209E+00                  187   1.03000E+00  1.60885E+01
  69   1.50000E+03  8.80488E+00                  188   1.02000E+00  1.60983E+01
  70   1.15000E+03  9.07058E+00                  189   1.00999E+00  1.61082E+01
  71   9.50000E+02  9.26163E+00                  190   1.00000E+00  1.61181E+01
  72   6.83000E+02  9.59160E+00                  191   9.75000E-01  1.61434E+01
  73   6.70000E+02  9.61082E+00                  192   9.50000E-01  1.61694E+01
  74   5.50000E+02  9.80818E+00                  193   9.25000E-01  1.61961E+01
  75   3.05000E+02  1.03978E+01                  194   9.00000E-01  1.62235E+01
  76   2.85000E+02  1.04656E+01                  195   8.50000E-01  1.62806E+01
  77   2.40000E+02  1.06375E+01                  196   8.00000E-01  1.63412E+01
  78   2.10000E+02  1.07710E+01                  197   7.50000E-01  1.64058E+01
  79   2.07500E+02  1.07830E+01                  198   7.00000E-01  1.64748E+01
  80   1.92500E+02  1.08580E+01                  199   6.50000E-01  1.65489E+01
  81   1.86000E+02  1.08923E+01                  200   6.25000E-01  1.65881E+01
  82   1.22000E+02  1.13141E+01                  201   6.00000E-01  1.66289E+01
  83   1.19000E+02  1.13390E+01                  202   5.50000E-01  1.67159E+01
  84   1.15000E+02  1.13732E+01                  203   5.00000E-01  1.68112E+01
  85   1.08000E+02  1.14360E+01                  204   4.50000E-01  1.69166E+01
  86   1.00000E+02  1.15129E+01                  205   4.00000E-01  1.70344E+01
  87   9.00000E+01  1.16183E+01                  206   3.75000E-01  1.70989E+01
  88   8.20000E+01  1.17114E+01                  207   3.50000E-01  1.71679E+01
  89   8.00000E+01  1.17361E+01                  208   3.25000E-01  1.72420E+01
  90   7.60000E+01  1.17874E+01                  209   3.00000E-01  1.73221E+01
  91   7.20000E+01  1.18414E+01                  210   2.75000E-01  1.74091E+01
  92   6.75000E+01  1.19060E+01                  211   2.50000E-01  1.75044E+01
  93   6.50000E+01  1.19437E+01                  212   2.25000E-01  1.76098E+01
  94   6.10000E+01  1.20072E+01                  213   2.00000E-01  1.77275E+01
  95   5.90000E+01  1.20406E+01                  214   1.75000E-01  1.78611E+01
  96   5.34000E+01  1.21403E+01                  215   1.50000E-01  1.80152E+01
  97   5.20000E+01  1.21669E+01                  216   1.25000E-01  1.81975E+01
  98   5.06000E+01  1.21941E+01                  217   1.00000E-01  1.84207E+01
  99   4.92000E+01  1.22222E+01                  218   9.00000E-02  1.85260E+01
 100   4.83000E+01  1.22407E+01                  219   8.00000E-02  1.86438E+01
 101   4.70000E+01  1.22679E+01                  220   7.00000E-02  1.87774E+01
 102   4.52000E+01  1.23070E+01                  221   6.00000E-02  1.89315E+01
 103   4.40000E+01  1.23339E+01                  222   5.00000E-02  1.91138E+01
 104   4.24000E+01  1.23709E+01                  223   4.00000E-02  1.93370E+01
 105   4.10000E+01  1.24045E+01                  224   3.00000E-02  1.96247E+01
 106   3.96000E+01  1.24393E+01                  225   2.53000E-02  1.97950E+01
 107   3.91000E+01  1.24520E+01                  226   1.00000E-02  2.07233E+01
 108   3.80000E+01  1.24805E+01                  227   7.50000E-03  2.10109E+01
 109   3.70000E+01  1.25072E+01                  228   5.00000E-03  2.14164E+01
 110   3.55000E+01  1.25486E+01                  229   4.00000E-03  2.16396E+01
 111   3.46000E+01  1.25742E+01                  230   3.00000E-03  2.19272E+01
 112   3.37500E+01  1.25991E+01                  231   2.50000E-03  2.21096E+01
 113   3.32500E+01  1.26140E+01                  232   2.00000E-03  2.23327E+01
 114   3.17500E+01  1.26602E+01                  233   1.50000E-03  2.26204E+01
 115   3.12500E+01  1.26761E+01                  234   1.20000E-03  2.28435E+01
 116   3.00000E+01  1.27169E+01                  235   1.00000E-03  2.30259E+01
 117   2.75000E+01  1.28039E+01                  236   7.50000E-04  2.33135E+01
 118   2.50000E+01  1.28992E+01                  237   5.00000E-04  2.37190E+01
 119   2.25000E+01  1.30046E+01                  238   1.00000E-04  2.53284E+01
                                                 239   1.00000E-05  2.76310E+01

1         ***************************
          ***************************
          ** Quadrature Parameters **
          ***************************
          ***************************

 Quadrature angles and weights for first quadrant:
 ( 21 angles/quadrant for S-12 quadrature.)

 Angle No.    Mu                  Eta                Weight       Angle in x-y   Elevation
                                                                 plane (degrees) (degrees)
    1    1.53957460D-01      1.53957460D-01      1.83304450D-02       45.00        77.42
    2    4.57691120D-01      1.53957460D-01      1.31668500D-02       18.59        61.13
    3    6.28696600D-01      1.53957460D-01      1.04037375D-02       13.76        49.66
    4    7.62258280D-01      1.53957460D-01      1.04037375D-02       11.42        38.95
    5    8.75680270D-01      1.53957460D-01      1.31668500D-02        9.97        27.24
    6    9.76009320D-01      1.53957460D-01      1.83304450D-02        8.96         8.86
    7    1.53957460D-01      4.57691120D-01      1.31668500D-02       71.41        61.13
    8    4.57691120D-01      4.57691120D-01      9.73916750D-03       45.00        49.66
    9    6.28696600D-01      4.57691120D-01      8.12254500D-03       36.05        38.95
   10    7.62258280D-01      4.57691120D-01      9.73916750D-03       30.98        27.24
   11    8.75680270D-01      4.57691120D-01      1.31668500D-02       27.59         8.86
   12    1.53957460D-01      6.28696600D-01      1.04037375D-02       76.24        49.66
   13    4.57691120D-01      6.28696600D-01      8.12254500D-03       53.95        38.95
   14    6.28696600D-01      6.28696600D-01      8.12254500D-03       45.00        27.24
   15    7.62258280D-01      6.28696600D-01      1.04037375D-02       39.52         8.86
   16    1.53957460D-01      7.62258280D-01      1.04037375D-02       78.58        38.95
   17    4.57691120D-01      7.62258280D-01      9.73916750D-03       59.02        27.24
   18    6.28696600D-01      7.62258280D-01      1.04037375D-02       50.48         8.86
   19    1.53957460D-01      8.75680270D-01      1.31668500D-02       80.03        27.24
   20    4.57691120D-01      8.75680270D-01      1.31668500D-02       62.41         8.86
   21    1.53957460D-01      9.76009320D-01      1.83304450D-02       81.04         8.86


1         **********************************
          **********************************
          ** Quadrature Reflection Angles **
          **********************************
          **********************************
                (Angles are in degrees)

       42 primary   (incoming) angles on each side.
       42 reflected (outgoing) angles on each side.

  Side No. (slope)   Direction No. Primary angle (slope/elevation) Reflecting Angle (slope/elevation)

      1  (   0.00)       1             1  (  45.00/  77.42)           64  ( -45.00/  77.42)
                         2             2  (  18.59/  61.13)           65  ( -18.59/  61.13)
                         3             3  (  13.76/  49.66)           66  ( -13.76/  49.66)
                         4             4  (  11.42/  38.95)           67  ( -11.42/  38.95)
                         5             5  (   9.97/  27.24)           68  (  -9.97/  27.24)
                         6             6  (   8.96/   8.86)           69  (  -8.96/   8.86)
                         7             7  (  71.41/  61.13)           70  ( -71.41/  61.13)
                         8             8  (  45.00/  49.66)           71  ( -45.00/  49.66)
                         9             9  (  36.05/  38.95)           72  ( -36.05/  38.95)
                        10            10  (  30.98/  27.24)           73  ( -30.98/  27.24)
                        11            11  (  27.59/   8.86)           74  ( -27.59/   8.86)
                        12            12  (  76.24/  49.66)           75  ( -76.24/  49.66)
                        13            13  (  53.95/  38.95)           76  ( -53.95/  38.95)
                        14            14  (  45.00/  27.24)           77  ( -45.00/  27.24)
                        15            15  (  39.52/   8.86)           78  ( -39.52/   8.86)
                        16            16  (  78.58/  38.95)           79  ( -78.58/  38.95)
                        17            17  (  59.02/  27.24)           80  ( -59.02/  27.24)
                        18            18  (  50.48/   8.86)           81  ( -50.48/   8.86)
                        19            19  (  80.03/  27.24)           82  ( -80.03/  27.24)
                        20            20  (  62.41/   8.86)           83  ( -62.41/   8.86)
                        21            21  (  81.04/   8.86)           84  ( -81.04/   8.86)
                        22            22  ( 135.00/  77.42)           43  (-135.00/  77.42)
                        23            23  ( 161.41/  61.13)           44  (-161.41/  61.13)
                        24            24  ( 166.24/  49.66)           45  (-166.24/  49.66)
                        25            25  ( 168.58/  38.95)           46  (-168.58/  38.95)
                        26            26  ( 170.03/  27.24)           47  (-170.03/  27.24)
                        27            27  ( 171.04/   8.86)           48  (-171.04/   8.86)
                        28            28  ( 108.59/  61.13)           49  (-108.59/  61.13)
                        29            29  ( 135.00/  49.66)           50  (-135.00/  49.66)
                        30            30  ( 143.95/  38.95)           51  (-143.95/  38.95)
                        31            31  ( 149.02/  27.24)           52  (-149.02/  27.24)
                        32            32  ( 152.41/   8.86)           53  (-152.41/   8.86)
                        33            33  ( 103.76/  49.66)           54  (-103.76/  49.66)
                        34            34  ( 126.05/  38.95)           55  (-126.05/  38.95)
                        35            35  ( 135.00/  27.24)           56  (-135.00/  27.24)
                        36            36  ( 140.48/   8.86)           57  (-140.48/   8.86)
                        37            37  ( 101.42/  38.95)           58  (-101.42/  38.95)
                        38            38  ( 120.98/  27.24)           59  (-120.98/  27.24)
                        39            39  ( 129.52/   8.86)           60  (-129.52/   8.86)
                        40            40  (  99.97/  27.24)           61  ( -99.97/  27.24)
                        41            41  ( 117.59/   8.86)           62  (-117.59/   8.86)
                        42            42  (  98.96/   8.86)           63  ( -98.96/   8.86)

      2  ( -90.00)       1             1  (  45.00/  77.42)           22  ( 135.00/  77.42)
                         2             2  (  18.59/  61.13)           23  ( 161.41/  61.13)
                         3             3  (  13.76/  49.66)           24  ( 166.24/  49.66)
                         4             4  (  11.42/  38.95)           25  ( 168.58/  38.95)
                         5             5  (   9.97/  27.24)           26  ( 170.03/  27.24)
                         6             6  (   8.96/   8.86)           27  ( 171.04/   8.86)
                         7             7  (  71.41/  61.13)           28  ( 108.59/  61.13)
                         8             8  (  45.00/  49.66)           29  ( 135.00/  49.66)
                         9             9  (  36.05/  38.95)           30  ( 143.95/  38.95)
                        10            10  (  30.98/  27.24)           31  ( 149.02/  27.24)
                        11            11  (  27.59/   8.86)           32  ( 152.41/   8.86)
                        12            12  (  76.24/  49.66)           33  ( 103.76/  49.66)
                        13            13  (  53.95/  38.95)           34  ( 126.05/  38.95)
                        14            14  (  45.00/  27.24)           35  ( 135.00/  27.24)
                        15            15  (  39.52/   8.86)           36  ( 140.48/   8.86)
                        16            16  (  78.58/  38.95)           37  ( 101.42/  38.95)
                        17            17  (  59.02/  27.24)           38  ( 120.98/  27.24)
                        18            18  (  50.48/   8.86)           39  ( 129.52/   8.86)
                        19            19  (  80.03/  27.24)           40  (  99.97/  27.24)
                        20            20  (  62.41/   8.86)           41  ( 117.59/   8.86)
                        21            21  (  81.04/   8.86)           42  (  98.96/   8.86)
                        22            64  ( -45.00/  77.42)           43  (-135.00/  77.42)
                        23            65  ( -18.59/  61.13)           44  (-161.41/  61.13)
                        24            66  ( -13.76/  49.66)           45  (-166.24/  49.66)
                        25            67  ( -11.42/  38.95)           46  (-168.58/  38.95)
                        26            68  (  -9.97/  27.24)           47  (-170.03/  27.24)
                        27            69  (  -8.96/   8.86)           48  (-171.04/   8.86)
                        28            70  ( -71.41/  61.13)           49  (-108.59/  61.13)
                        29            71  ( -45.00/  49.66)           50  (-135.00/  49.66)
                        30            72  ( -36.05/  38.95)           51  (-143.95/  38.95)
                        31            73  ( -30.98/  27.24)           52  (-149.02/  27.24)
                        32            74  ( -27.59/   8.86)           53  (-152.41/   8.86)
                        33            75  ( -76.24/  49.66)           54  (-103.76/  49.66)
                        34            76  ( -53.95/  38.95)           55  (-126.05/  38.95)
                        35            77  ( -45.00/  27.24)           56  (-135.00/  27.24)
                        36            78  ( -39.52/   8.86)           57  (-140.48/   8.86)
                        37            79  ( -78.58/  38.95)           58  (-101.42/  38.95)
                        38            80  ( -59.02/  27.24)           59  (-120.98/  27.24)
                        39            81  ( -50.48/   8.86)           60  (-129.52/   8.86)
                        40            82  ( -80.03/  27.24)           61  ( -99.97/  27.24)
                        41            83  ( -62.41/   8.86)           62  (-117.59/   8.86)
                        42            84  ( -81.04/   8.86)           63  ( -98.96/   8.86)

      3  (  90.00)       1            22  ( 135.00/  77.42)            1  (  45.00/  77.42)
                         2            23  ( 161.41/  61.13)            2  (  18.59/  61.13)
                         3            24  ( 166.24/  49.66)            3  (  13.76/  49.66)
                         4            25  ( 168.58/  38.95)            4  (  11.42/  38.95)
                         5            26  ( 170.03/  27.24)            5  (   9.97/  27.24)
                         6            27  ( 171.04/   8.86)            6  (   8.96/   8.86)
                         7            28  ( 108.59/  61.13)            7  (  71.41/  61.13)
                         8            29  ( 135.00/  49.66)            8  (  45.00/  49.66)
                         9            30  ( 143.95/  38.95)            9  (  36.05/  38.95)
                        10            31  ( 149.02/  27.24)           10  (  30.98/  27.24)
                        11            32  ( 152.41/   8.86)           11  (  27.59/   8.86)
                        12            33  ( 103.76/  49.66)           12  (  76.24/  49.66)
                        13            34  ( 126.05/  38.95)           13  (  53.95/  38.95)
                        14            35  ( 135.00/  27.24)           14  (  45.00/  27.24)
                        15            36  ( 140.48/   8.86)           15  (  39.52/   8.86)
                        16            37  ( 101.42/  38.95)           16  (  78.58/  38.95)
                        17            38  ( 120.98/  27.24)           17  (  59.02/  27.24)
                        18            39  ( 129.52/   8.86)           18  (  50.48/   8.86)
                        19            40  (  99.97/  27.24)           19  (  80.03/  27.24)
                        20            41  ( 117.59/   8.86)           20  (  62.41/   8.86)
                        21            42  (  98.96/   8.86)           21  (  81.04/   8.86)
                        22            43  (-135.00/  77.42)           64  ( -45.00/  77.42)
                        23            44  (-161.41/  61.13)           65  ( -18.59/  61.13)
                        24            45  (-166.24/  49.66)           66  ( -13.76/  49.66)
                        25            46  (-168.58/  38.95)           67  ( -11.42/  38.95)
                        26            47  (-170.03/  27.24)           68  (  -9.97/  27.24)
                        27            48  (-171.04/   8.86)           69  (  -8.96/   8.86)
                        28            49  (-108.59/  61.13)           70  ( -71.41/  61.13)
                        29            50  (-135.00/  49.66)           71  ( -45.00/  49.66)
                        30            51  (-143.95/  38.95)           72  ( -36.05/  38.95)
                        31            52  (-149.02/  27.24)           73  ( -30.98/  27.24)
                        32            53  (-152.41/   8.86)           74  ( -27.59/   8.86)
                        33            54  (-103.76/  49.66)           75  ( -76.24/  49.66)
                        34            55  (-126.05/  38.95)           76  ( -53.95/  38.95)
                        35            56  (-135.00/  27.24)           77  ( -45.00/  27.24)
                        36            57  (-140.48/   8.86)           78  ( -39.52/   8.86)
                        37            58  (-101.42/  38.95)           79  ( -78.58/  38.95)
                        38            59  (-120.98/  27.24)           80  ( -59.02/  27.24)
                        39            60  (-129.52/   8.86)           81  ( -50.48/   8.86)
                        40            61  ( -99.97/  27.24)           82  ( -80.03/  27.24)
                        41            62  (-117.59/   8.86)           83  ( -62.41/   8.86)
                        42            63  ( -98.96/   8.86)           84  ( -81.04/   8.86)

      4  ( 180.00)       1            43  (-135.00/  77.42)           22  ( 135.00/  77.42)
                         2            44  (-161.41/  61.13)           23  ( 161.41/  61.13)
                         3            45  (-166.24/  49.66)           24  ( 166.24/  49.66)
                         4            46  (-168.58/  38.95)           25  ( 168.58/  38.95)
                         5            47  (-170.03/  27.24)           26  ( 170.03/  27.24)
                         6            48  (-171.04/   8.86)           27  ( 171.04/   8.86)
                         7            49  (-108.59/  61.13)           28  ( 108.59/  61.13)
                         8            50  (-135.00/  49.66)           29  ( 135.00/  49.66)
                         9            51  (-143.95/  38.95)           30  ( 143.95/  38.95)
                        10            52  (-149.02/  27.24)           31  ( 149.02/  27.24)
                        11            53  (-152.41/   8.86)           32  ( 152.41/   8.86)
                        12            54  (-103.76/  49.66)           33  ( 103.76/  49.66)
                        13            55  (-126.05/  38.95)           34  ( 126.05/  38.95)
                        14            56  (-135.00/  27.24)           35  ( 135.00/  27.24)
                        15            57  (-140.48/   8.86)           36  ( 140.48/   8.86)
                        16            58  (-101.42/  38.95)           37  ( 101.42/  38.95)
                        17            59  (-120.98/  27.24)           38  ( 120.98/  27.24)
                        18            60  (-129.52/   8.86)           39  ( 129.52/   8.86)
                        19            61  ( -99.97/  27.24)           40  (  99.97/  27.24)
                        20            62  (-117.59/   8.86)           41  ( 117.59/   8.86)
                        21            63  ( -98.96/   8.86)           42  (  98.96/   8.86)
                        22            64  ( -45.00/  77.42)            1  (  45.00/  77.42)
                        23            65  ( -18.59/  61.13)            2  (  18.59/  61.13)
                        24            66  ( -13.76/  49.66)            3  (  13.76/  49.66)
                        25            67  ( -11.42/  38.95)            4  (  11.42/  38.95)
                        26            68  (  -9.97/  27.24)            5  (   9.97/  27.24)
                        27            69  (  -8.96/   8.86)            6  (   8.96/   8.86)
                        28            70  ( -71.41/  61.13)            7  (  71.41/  61.13)
                        29            71  ( -45.00/  49.66)            8  (  45.00/  49.66)
                        30            72  ( -36.05/  38.95)            9  (  36.05/  38.95)
                        31            73  ( -30.98/  27.24)           10  (  30.98/  27.24)
                        32            74  ( -27.59/   8.86)           11  (  27.59/   8.86)
                        33            75  ( -76.24/  49.66)           12  (  76.24/  49.66)
                        34            76  ( -53.95/  38.95)           13  (  53.95/  38.95)
                        35            77  ( -45.00/  27.24)           14  (  45.00/  27.24)
                        36            78  ( -39.52/   8.86)           15  (  39.52/   8.86)
                        37            79  ( -78.58/  38.95)           16  (  78.58/  38.95)
                        38            80  ( -59.02/  27.24)           17  (  59.02/  27.24)
                        39            81  ( -50.48/   8.86)           18  (  50.48/   8.86)
                        40            82  ( -80.03/  27.24)           19  (  80.03/  27.24)
                        41            83  ( -62.41/   8.86)           20  (  62.41/   8.86)
                        42            84  ( -81.04/   8.86)           21  (  81.04/   8.86)





 Scattering constants for first quadrant
 (10 moments for p-3 scattering)
 Angle       ------------------------------------- Moment No. -------------------------------------
  No.       0             1             2             3             4             5             6             7
    1    1.00000E+00  2.66662E-01 -1.88559E-01 -1.03853E+00 -6.49131E-02 -1.27194E+00 -5.86862E-01  1.55477E-01
    2    1.00000E+00  7.92744E-01 -1.88559E-01 -4.15413E-01 -1.92976E-01 -1.01755E+00 -1.18223E+00 -8.36146E-03
    3    1.00000E+00  1.08893E+00 -1.88559E-01  2.07706E-01 -2.65077E-01 -7.63162E-01 -8.51401E-01 -1.72200E-01
    4    1.00000E+00  1.32027E+00 -1.88559E-01  8.30826E-01 -3.21391E-01 -5.08775E-01 -9.56054E-02 -3.36038E-01
    5    1.00000E+00  1.51672E+00 -1.88559E-01  1.45394E+00 -3.69213E-01 -2.54387E-01  9.66211E-01 -4.99876E-01
    6    1.00000E+00  1.69050E+00 -1.88559E-01  2.07706E+00 -4.11515E-01 -1.13568E-08  2.27624E+00 -6.63714E-01
    7    1.00000E+00  2.66662E-01 -5.60555E-01 -1.03853E+00 -1.92976E-01 -7.63162E-01 -5.86862E-01  4.62208E-01
    8    1.00000E+00  7.92744E-01 -5.60555E-01 -4.15413E-01 -5.73688E-01 -5.08775E-01 -1.18223E+00 -2.48573E-02
    9    1.00000E+00  1.08893E+00 -5.60555E-01  2.07706E-01 -7.88033E-01 -2.54387E-01 -8.51401E-01 -5.11922E-01
   10    1.00000E+00  1.32027E+00 -5.60555E-01  8.30826E-01 -9.55444E-01  1.10671E-08 -9.56054E-02 -9.98988E-01
   11    1.00000E+00  1.51672E+00 -5.60555E-01  1.45394E+00 -1.09761E+00  2.54387E-01  9.66211E-01 -1.48605E+00
   12    1.00000E+00  2.66662E-01 -7.69993E-01 -1.03853E+00 -2.65077E-01 -2.54387E-01 -5.86862E-01  6.34901E-01
   13    1.00000E+00  7.92744E-01 -7.69993E-01 -4.15413E-01 -7.88033E-01 -1.22827E-08 -1.18223E+00 -3.41446E-02
   14    1.00000E+00  1.08893E+00 -7.69993E-01  2.07706E-01 -1.08246E+00  2.54387E-01 -8.51401E-01 -7.03190E-01
   15    1.00000E+00  1.32027E+00 -7.69993E-01  8.30826E-01 -1.31242E+00  5.08775E-01 -9.56054E-02 -1.37224E+00
   16    1.00000E+00  2.66662E-01 -9.33572E-01 -1.03853E+00 -3.21391E-01  2.54387E-01 -5.86862E-01  7.69781E-01
   17    1.00000E+00  7.92744E-01 -9.33572E-01 -4.15413E-01 -9.55444E-01  5.08775E-01 -1.18223E+00 -4.13984E-02
   18    1.00000E+00  1.08893E+00 -9.33572E-01  2.07706E-01 -1.31242E+00  7.63162E-01 -8.51401E-01 -8.52577E-01
   19    1.00000E+00  2.66662E-01 -1.07248E+00 -1.03853E+00 -3.69213E-01  7.63162E-01 -5.86862E-01  8.84322E-01
   20    1.00000E+00  7.92744E-01 -1.07248E+00 -4.15413E-01 -1.09761E+00  1.01755E+00 -1.18223E+00 -4.75583E-02
   21    1.00000E+00  2.66662E-01 -1.19536E+00 -1.03853E+00 -4.11515E-01  1.27194E+00 -5.86862E-01  9.85641E-01

 Angle       - Moment No. -
  No.       8             9
    1   -5.18102E-01  6.45337E-01
    2   -1.23219E+00  5.18429E-01
    3   -1.26942E+00  3.91520E-01
    4   -1.02607E+00  2.64612E-01
    5   -5.89373E-01  1.37703E-01
    6   -2.93264E-08  1.07946E-02
    7   -3.10861E-01  1.41545E+00
    8   -6.16094E-01  1.03817E+00
    9   -4.23142E-01  6.60889E-01
   10    2.23195E-08  2.83610E-01
   11    5.89373E-01 -9.36691E-02
   12   -1.03620E-01  1.25331E+00
   13   -1.48736E-08  7.35068E-01
   14    4.23142E-01  2.16827E-01
   15    1.02607E+00 -3.01413E-01
   16    1.03620E-01  6.81782E-01
   17    6.16094E-01  5.34450E-02
   18    1.26942E+00 -5.74891E-01
   19    3.10861E-01 -1.79213E-01
   20    1.23219E+00 -9.01044E-01
   21    5.18102E-01 -1.27246E+00


1         **************************
          **************************
          **** Mixture Volumes *****
          **************************
          **************************


  Mixture       Volume        Volume
    ID     (cc/unit length)  Fraction
     0       0.00000E+00      0.00000E+00
     1       1.33193E+03      8.53666E-01
     2       2.01062E+02      1.28865E-01
     3       2.72553E+01      1.74685E-02
 Total       1.56025E+03      1.00000E+00

1         *********************
          *********************
          **   Mixing Table  **
          *********************
          *********************

 Entry   Mixture   Isotope   Number Density
     1      1          3006    1.37712E-05
     2      1          3007    2.75286E-02
     3      1          4009    1.06615E-02
     4      1          9019    5.35052E-02
     5      1         90232    7.89744E-04
     6      1         93237    3.16885E-05
     7      1         94238    1.56962E-05
     8      1         94239    2.21375E-04
     9      1         94240    1.04987E-04
    10      1         94241    6.67334E-05
    11      1         94242    3.88949E-05
    12      1         95241    2.71475E-06
    13      1         95243    1.15007E-05
    14      2       3006000    1.27959E-01
    15      3         24050    3.05448E-04
    16      3         24052    5.89026E-03
    17      3         24053    6.67908E-04
    18      3         24054    1.66256E-04
    19      3         26054    2.73268E-04
    20      3         26056    4.28973E-03
    21      3         26057    9.90685E-05
    22      3         26058    1.31842E-05
    23      3         28058    4.36077E-02
    24      3         28060    1.67976E-02
    25      3         28061    7.30181E-04
    26      3         28062    2.32814E-03
    27      3         28064    5.92908E-04
    28      3         42092    1.28627E-03
    29      3         42094    8.03809E-04
    30      3         42095    1.38468E-03
    31      3         42096    1.45260E-03
    32      3         42097    8.32548E-04
    33      3         42098    2.10662E-03
    34      3         42100    8.42127E-04


 ===================================================================================================================================
   Outer iteration sweep begins 06/ 21/ 2018 at 11:38:05

  Outer   Eigenvalue Eigenvalue Max Flux   Max Flux     Max Fuel   Max Fuel     Wall   Elapsed   Iteration  CPU   Inners
 Iter. #              Delta      Delta   Location(r,g)   Delta   Location(r,g) Clock   CPU Time   CPU Time Usage Converged
 - - - - - - - - - - - - - - - - - - - - - - - - - - - - - - - - - - - - - - - - - - - - - - - - - - - - - - - - - - - -
     1    1.01701   1.064E-02 3.578E-01 (    4,184)   1.000E+00 (    2,  0) 11:38:50   44.2 s    44.2 s  98.1%    F
     2    1.01060   6.343E-03 6.163E-02 (    3,  1)   1.114E+00 ( 2362,  0) 11:39:34   88.5 s    44.4 s 100.9%    F
     3    1.00905   1.534E-03 9.716E-03 (    3,  1)   9.818E-02 (    2,  0) 11:40:26  140.1 s    51.6 s  99.2%    F
     4    1.00778   1.257E-03 3.264E-03 (    4, 74)   7.469E-03 (    3,  0) 11:41:18  191.3 s    51.2 s  98.4%    F
     5    1.00665   1.127E-03 2.145E-03 (    4,146)   2.867E-03 (  969,  0) 11:41:56  228.9 s    37.6 s  99.0%    F
     6    1.00594   7.076E-04 1.707E-03 (    2,225)   1.818E-03 (  866,  0) 11:42:49  274.7 s    45.8 s  86.4%    F
     7    1.00548   4.553E-04 1.374E-03 (    2,225)   1.467E-03 ( 2365,  0) 11:43:28  313.4 s    38.7 s  99.2%    F
     8    1.00514   3.376E-04 1.045E-03 (    2,225)   1.079E-03 ( 2355,  0) 11:44:04  348.6 s    35.3 s  97.9%    F
     9    1.00489   2.440E-04 7.687E-04 (    2,225)   8.004E-04 ( 2355,  0) 11:44:39  384.2 s    35.6 s 101.7%    F
    10    1.00473   1.644E-04 5.612E-04 (    2,225)   5.806E-04 ( 2365,  0) 11:45:12  417.1 s    32.8 s  99.5%    F
 k-eff =       1.00472773     



   Four-Factor Estimate of k-infinity.  Fast/Thermal boundary:   0.6250 eV
      Fiss. neutrons/thermal abs. (eta):          1.641862
      Thermal utilization (f):                    0.606657
      Resonance Escape probability (p):           0.077436
      Fast-fission factor (epsilon):             13.021516
                                            --------------
      Infinite neutron multiplication             1.004344


   Alternate 3-Group Formulation Terms. 
   Fast/Res. boundary:   0.8210 MeV.  Res./Therm. boundary:   0.6250eV
      Fiss. neutrons/thermal abs. (eta):          1.641862
      Thermal utilization (f):                    0.606657
      Resonance Escape probability (p):           0.078800
      Fast Escape probability (pf):               0.982685
      Fast-fission factor (epsilon):             13.021516





  Time per Iteration (sec):
 Transport Sweeping:    24.011
 Inscatter Source  :     1.534
 Coarse-Mesh Accel :    19.216
 Else (Convergence):     0.107
 Total (per outer):     44.867

  Total iteration time breakdown (sec):
 Transport Sweeping:   240.106
 Inscatter Source  :    15.336
 Coarse-Mesh Accel :   192.161
 Else (Convergence):     1.071
 Total Time        :   448.674

 Critical Spectra Calculated with the B1 Method
 Input buckling of  0.00000E+00 gives a corresponding k-eff of  1.00437E+00
 Equivalent core height is infinite.

  Group   Upper      Critical   Inf.Med.   Critical   Inf.Med.  
   No    Energy(eV)   Flux       Flux      Adj.Flux   Adj.Flux  

     1  2.0000E+07  1.811E-07  1.811E-07  1.739E-03  1.739E-03
     2  1.7333E+07  1.891E-06  1.891E-06  2.383E-03  2.383E-03
     3  1.5683E+07  4.661E-06  4.661E-06  3.067E-03  3.067E-03
     4  1.4550E+07  8.212E-06  8.212E-06  4.468E-03  4.468E-03
     5  1.3840E+07  1.452E-05  1.452E-05  2.905E-03  2.905E-03
     6  1.2840E+07  5.937E-05  5.937E-05  8.375E-04  8.375E-04
     7  1.0000E+07  1.854E-04  1.854E-04  9.982E-04  9.982E-04
     8  8.1873E+06  5.286E-04  5.286E-04  8.055E-04  8.055E-04
     9  6.4340E+06  1.271E-03  1.271E-03  6.633E-04  6.633E-04
    10  4.8000E+06  1.990E-03  1.990E-03  1.825E-03  1.825E-03
    11  4.3040E+06  3.376E-03  3.376E-03  5.596E-04  5.596E-04
    12  3.0000E+06  4.752E-03  4.752E-03  1.027E-03  1.027E-03
    13  2.4790E+06  5.895E-03  5.895E-03  3.759E-03  3.759E-03
    14  2.3540E+06  6.878E-03  6.878E-03  8.057E-04  8.057E-04
    15  1.8500E+06  7.923E-03  7.923E-03  9.214E-04  9.214E-04
    16  1.5000E+06  8.862E-03  8.862E-03  2.790E-03  2.790E-03
    17  1.4000E+06  8.817E-03  8.817E-03  6.017E-03  6.017E-03
    18  1.3560E+06  8.256E-03  8.256E-03  6.574E-03  6.574E-03
    19  1.3170E+06  7.696E-03  7.696E-03  3.668E-03  3.668E-03
    20  1.2500E+06  7.777E-03  7.777E-03  4.684E-03  4.684E-03
    21  1.2000E+06  9.056E-03  9.056E-03  2.194E-03  2.194E-03
    22  1.1000E+06  9.819E-03  9.819E-03  2.232E-03  2.232E-03
    23  1.0100E+06  9.470E-03  9.470E-03  2.036E-03  2.036E-03
    24  9.2000E+05  9.387E-03  9.387E-03  8.625E-03  8.625E-03
    25  9.0000E+05  1.004E-02  1.004E-02  6.727E-03  6.727E-03
    26  8.7500E+05  9.964E-03  9.964E-03  1.183E-02  1.183E-02
    27  8.6110E+05  1.032E-02  1.032E-02  3.869E-03  3.869E-03
    28  8.2000E+05  1.113E-02  1.113E-02  2.116E-03  2.116E-03
    29  7.5000E+05  1.208E-02  1.208E-02  1.895E-03  1.895E-03
    30  6.7900E+05  1.200E-02  1.200E-02  1.410E-02  1.410E-02
    31  6.7000E+05  1.014E-02  1.014E-02  1.701E-03  1.701E-03
    32  6.0000E+05  1.038E-02  1.038E-02  4.070E-03  4.070E-03
    33  5.7300E+05  1.100E-02  1.100E-02  4.573E-03  4.573E-03
    34  5.5000E+05  9.703E-03  9.703E-03  1.943E-03  1.943E-03
    35  4.9952E+05  1.010E-02  1.010E-02  3.067E-03  3.067E-03
    36  4.7000E+05  8.376E-03  8.376E-03  2.830E-03  2.830E-03
    37  4.4000E+05  6.056E-03  6.056E-03  4.009E-03  4.009E-03
    38  4.2000E+05  6.182E-03  6.182E-03  3.821E-03  3.821E-03
    39  4.0000E+05  5.166E-03  5.166E-03  9.684E-04  9.684E-04
    40  3.3000E+05  3.630E-03  3.630E-03  9.273E-04  9.273E-04
    41  2.7000E+05  4.943E-03  4.943E-03  6.196E-04  6.196E-04
    42  2.0000E+05  1.010E-02  1.010E-02  6.463E-04  6.463E-04
    43  1.5000E+05  1.102E-02  1.102E-02  1.187E-03  1.187E-03
    44  1.2830E+05  6.548E-03  6.548E-03  7.424E-04  7.424E-04
    45  1.0000E+05  7.501E-03  7.501E-03  1.137E-03  1.137E-03
    46  8.5000E+04  1.438E-02  1.438E-02  5.140E-03  5.140E-03
    47  8.2000E+04  1.562E-02  1.562E-02  2.069E-03  2.069E-03
    48  7.5000E+04  1.525E-02  1.525E-02  6.828E-03  6.828E-03
    49  7.3000E+04  1.608E-02  1.608E-02  9.398E-04  9.398E-04
    50  6.0000E+04  1.435E-02  1.435E-02  1.285E-03  1.285E-03
    51  5.2000E+04  7.822E-03  7.822E-03  4.681E-03  4.681E-03
    52  5.0000E+04  6.773E-03  6.773E-03  1.742E-03  1.742E-03
    53  4.5000E+04  1.453E-02  1.453E-02  4.526E-04  4.526E-04
    54  3.0000E+04  8.813E-03  8.813E-03  1.004E-03  1.004E-03
    55  2.5000E+04  1.525E-02  1.525E-02  4.752E-04  4.752E-04
    56  1.7000E+04  1.431E-02  1.431E-02  6.820E-04  6.820E-04
    57  1.3000E+04  1.441E-02  1.441E-02  5.830E-04  5.830E-04
    58  9.5000E+03  1.409E-02  1.409E-02  1.088E-03  1.088E-03
    59  8.0300E+03  1.384E-02  1.384E-02  6.271E-04  6.271E-04
    60  6.0000E+03  1.337E-02  1.337E-02  4.244E-04  4.244E-04
    61  3.9000E+03  1.318E-02  1.318E-02  4.373E-03  4.373E-03
    62  3.7400E+03  1.305E-02  1.305E-02  8.294E-04  8.294E-04
    63  3.0000E+03  1.284E-02  1.284E-02  1.212E-03  1.212E-03
    64  2.5800E+03  1.264E-02  1.264E-02  1.532E-03  1.532E-03
    65  2.2900E+03  1.258E-02  1.258E-02  4.545E-03  4.545E-03
    66  2.2000E+03  1.239E-02  1.239E-02  9.107E-04  9.107E-04
    67  1.8000E+03  1.215E-02  1.215E-02  1.224E-03  1.224E-03
    68  1.5500E+03  1.197E-02  1.197E-02  5.577E-03  5.577E-03
    69  1.5000E+03  1.180E-02  1.180E-02  6.903E-04  6.903E-04
    70  1.1500E+03  1.142E-02  1.142E-02  9.583E-04  9.583E-04
    71  9.5000E+02  1.101E-02  1.101E-02  5.533E-04  5.533E-04
    72  6.8300E+02  1.021E-02  1.021E-02  9.415E-03  9.415E-03
    73  6.7000E+02  1.052E-02  1.052E-02  9.286E-04  9.286E-04
    74  5.5000E+02  9.592E-03  9.592E-03  3.121E-04  3.121E-04
    75  3.0500E+02  8.572E-03  8.572E-03  2.699E-03  2.699E-03
    76  2.8500E+02  8.400E-03  8.400E-03  1.079E-03  1.079E-03
    77  2.4000E+02  8.010E-03  8.010E-03  1.369E-03  1.369E-03
    78  2.1000E+02  7.995E-03  7.995E-03  1.531E-02  1.531E-02
    79  2.0750E+02  7.380E-03  7.380E-03  2.488E-03  2.488E-03
    80  1.9250E+02  7.695E-03  7.695E-03  5.290E-03  5.290E-03
    81  1.8600E+02  6.959E-03  6.959E-03  4.343E-04  4.343E-04
    82  1.2200E+02  5.337E-03  5.337E-03  6.737E-03  6.737E-03
    83  1.1900E+02  6.315E-03  6.315E-03  5.629E-03  5.629E-03
    84  1.1500E+02  6.023E-03  6.023E-03  2.862E-03  2.862E-03
    85  1.0800E+02  5.825E-03  5.825E-03  2.428E-03  2.428E-03
    86  1.0000E+02  5.703E-03  5.703E-03  1.812E-03  1.812E-03
    87  9.0000E+01  5.347E-03  5.347E-03  2.113E-03  2.113E-03
    88  8.2000E+01  5.347E-03  5.347E-03  7.717E-03  7.717E-03
    89  8.0000E+01  5.428E-03  5.428E-03  3.559E-03  3.559E-03
    90  7.6000E+01  4.586E-03  4.586E-03  3.490E-03  3.490E-03
    91  7.2000E+01  4.525E-03  4.525E-03  2.560E-03  2.560E-03
    92  6.7500E+01  3.991E-03  3.991E-03  5.002E-03  5.002E-03
    93  6.5000E+01  4.537E-03  4.537E-03  2.939E-03  2.939E-03
    94  6.1000E+01  3.646E-03  3.646E-03  5.293E-03  5.293E-03
    95  5.9000E+01  4.015E-03  4.015E-03  1.859E-03  1.859E-03
    96  5.3400E+01  3.684E-03  3.684E-03  6.127E-03  6.127E-03
    97  5.2000E+01  4.084E-03  4.084E-03  6.458E-03  6.458E-03
    98  5.0600E+01  3.613E-03  3.613E-03  6.279E-03  6.279E-03
    99  4.9200E+01  3.873E-03  3.873E-03  9.881E-03  9.881E-03
   100  4.8300E+01  3.711E-03  3.711E-03  6.903E-03  6.903E-03
   101  4.7000E+01  3.793E-03  3.793E-03  4.422E-03  4.422E-03
   102  4.5200E+01  3.245E-03  3.245E-03  5.921E-03  5.921E-03
   103  4.4000E+01  3.728E-03  3.728E-03  4.790E-03  4.790E-03
   104  4.2400E+01  2.988E-03  2.988E-03  4.855E-03  4.855E-03
   105  4.1000E+01  3.554E-03  3.554E-03  5.312E-03  5.312E-03
   106  3.9600E+01  3.478E-03  3.478E-03  1.457E-02  1.457E-02
   107  3.9100E+01  2.851E-03  2.851E-03  5.746E-03  5.746E-03
   108  3.8000E+01  3.535E-03  3.535E-03  6.877E-03  6.877E-03
   109  3.7000E+01  3.403E-03  3.403E-03  4.484E-03  4.484E-03
   110  3.5500E+01  3.328E-03  3.328E-03  7.282E-03  7.282E-03
   111  3.4600E+01  3.330E-03  3.330E-03  7.518E-03  7.518E-03
   112  3.3750E+01  3.338E-03  3.338E-03  1.249E-02  1.249E-02
   113  3.3250E+01  3.327E-03  3.327E-03  4.059E-03  4.059E-03
   114  3.1750E+01  3.307E-03  3.307E-03  1.176E-02  1.176E-02
   115  3.1250E+01  3.251E-03  3.251E-03  4.546E-03  4.546E-03
   116  3.0000E+01  3.234E-03  3.234E-03  2.151E-03  2.151E-03
   117  2.7500E+01  3.023E-03  3.023E-03  1.951E-03  1.951E-03
   118  2.5000E+01  2.544E-03  2.544E-03  1.626E-03  1.626E-03
   119  2.2500E+01  2.068E-03  2.068E-03  2.619E-03  2.619E-03
   120  2.1000E+01  2.258E-03  2.258E-03  3.905E-03  3.905E-03
   121  2.0000E+01  2.409E-03  2.409E-03  3.972E-03  3.972E-03
   122  1.9000E+01  2.309E-03  2.309E-03  7.512E-03  7.512E-03
   123  1.8500E+01  2.091E-03  2.091E-03  2.430E-03  2.430E-03
   124  1.7000E+01  2.158E-03  2.158E-03  3.399E-03  3.399E-03
   125  1.6000E+01  2.040E-03  2.040E-03  3.603E-03  3.603E-03
   126  1.5100E+01  1.611E-03  1.611E-03  4.473E-03  4.473E-03
   127  1.4400E+01  1.849E-03  1.849E-03  4.298E-03  4.298E-03
   128  1.3750E+01  1.797E-03  1.797E-03  2.973E-03  2.973E-03
   129  1.2900E+01  1.738E-03  1.738E-03  2.300E-03  2.300E-03
   130  1.1900E+01  1.590E-03  1.590E-03  5.566E-03  5.566E-03
   131  1.1500E+01  1.514E-03  1.514E-03  1.377E-03  1.377E-03
   132  1.0000E+01  1.532E-03  1.532E-03  1.849E-03  1.849E-03
   133  9.1000E+00  1.483E-03  1.483E-03  1.476E-03  1.476E-03
   134  8.1000E+00  1.331E-03  1.331E-03  1.360E-03  1.360E-03
   135  7.1500E+00  1.344E-03  1.344E-03  7.818E-03  7.818E-03
   136  7.0000E+00  1.309E-03  1.309E-03  4.568E-03  4.568E-03
   137  6.7500E+00  1.307E-03  1.307E-03  4.209E-03  4.209E-03
   138  6.5000E+00  1.292E-03  1.292E-03  4.048E-03  4.048E-03
   139  6.2500E+00  1.283E-03  1.283E-03  3.884E-03  3.884E-03
   140  6.0000E+00  1.250E-03  1.250E-03  1.444E-03  1.444E-03
   141  5.4000E+00  1.255E-03  1.255E-03  1.900E-03  1.900E-03
   142  5.0000E+00  1.253E-03  1.253E-03  2.800E-03  2.800E-03
   143  4.7500E+00  1.169E-03  1.169E-03  8.467E-04  8.467E-04
   144  4.0000E+00  1.154E-03  1.154E-03  1.955E-03  1.955E-03
   145  3.7300E+00  1.163E-03  1.163E-03  2.147E-03  2.147E-03
   146  3.5000E+00  1.150E-03  1.150E-03  1.298E-03  1.298E-03
   147  3.1500E+00  1.150E-03  1.150E-03  4.281E-03  4.281E-03
   148  3.0500E+00  1.146E-03  1.146E-03  8.378E-03  8.378E-03
   149  3.0000E+00  1.600E-03  1.600E-03  1.376E-02  1.376E-02
   150  2.9700E+00  1.321E-03  1.321E-03  4.022E-03  4.022E-03
   151  2.8700E+00  1.230E-03  1.230E-03  3.811E-03  3.811E-03
   152  2.7700E+00  9.890E-04  9.890E-04  3.338E-03  3.338E-03
   153  2.6700E+00  9.729E-04  9.729E-04  3.311E-03  3.311E-03
   154  2.5700E+00  1.132E-03  1.132E-03  3.604E-03  3.604E-03
   155  2.4700E+00  1.122E-03  1.122E-03  3.962E-03  3.962E-03
   156  2.3800E+00  1.107E-03  1.107E-03  4.329E-03  4.329E-03
   157  2.3000E+00  1.083E-03  1.083E-03  3.720E-03  3.720E-03
   158  2.2100E+00  1.038E-03  1.038E-03  3.577E-03  3.577E-03
   159  2.1200E+00  1.032E-03  1.032E-03  2.552E-03  2.552E-03
   160  2.0000E+00  1.036E-03  1.036E-03  4.873E-03  4.873E-03
   161  1.9400E+00  1.037E-03  1.037E-03  3.530E-03  3.530E-03
   162  1.8600E+00  1.027E-03  1.027E-03  2.993E-03  2.993E-03
   163  1.7700E+00  1.010E-03  1.010E-03  2.836E-03  2.836E-03
   164  1.6800E+00  1.014E-03  1.014E-03  2.718E-03  2.718E-03
   165  1.5900E+00  9.778E-04  9.778E-04  2.558E-03  2.558E-03
   166  1.5000E+00  9.344E-04  9.344E-04  4.354E-03  4.354E-03
   167  1.4500E+00  9.174E-04  9.174E-04  4.221E-03  4.221E-03
   168  1.4000E+00  8.768E-04  8.768E-04  4.038E-03  4.038E-03
   169  1.3500E+00  8.560E-04  8.560E-04  3.937E-03  3.937E-03
   170  1.3000E+00  8.543E-04  8.543E-04  3.881E-03  3.881E-03
   171  1.2500E+00  8.412E-04  8.412E-04  7.598E-03  7.598E-03
   172  1.2250E+00  8.274E-04  8.274E-04  7.462E-03  7.462E-03
   173  1.2000E+00  8.098E-04  8.098E-04  7.297E-03  7.297E-03
   174  1.1750E+00  7.847E-04  7.847E-04  7.130E-03  7.130E-03
   175  1.1500E+00  7.641E-04  7.641E-04  1.749E-02  1.749E-02
   176  1.1400E+00  7.529E-04  7.529E-04  1.734E-02  1.734E-02
   177  1.1300E+00  7.435E-04  7.435E-04  1.721E-02  1.721E-02
   178  1.1200E+00  7.362E-04  7.362E-04  1.707E-02  1.707E-02
   179  1.1100E+00  7.312E-04  7.312E-04  1.695E-02  1.695E-02
   180  1.1000E+00  7.281E-04  7.281E-04  1.689E-02  1.689E-02
   181  1.0900E+00  7.265E-04  7.265E-04  1.683E-02  1.683E-02
   182  1.0800E+00  7.260E-04  7.260E-04  1.676E-02  1.676E-02
   183  1.0700E+00  7.264E-04  7.264E-04  1.668E-02  1.668E-02
   184  1.0600E+00  7.278E-04  7.278E-04  1.665E-02  1.665E-02
   185  1.0500E+00  7.300E-04  7.300E-04  1.661E-02  1.661E-02
   186  1.0400E+00  7.332E-04  7.332E-04  1.655E-02  1.655E-02
   187  1.0300E+00  7.371E-04  7.371E-04  1.650E-02  1.650E-02
   188  1.0200E+00  7.416E-04  7.416E-04  1.644E-02  1.644E-02
   189  1.0100E+00  7.460E-04  7.460E-04  1.643E-02  1.643E-02
   190  1.0000E+00  7.524E-04  7.524E-04  6.539E-03  6.539E-03
   191  9.7500E-01  7.588E-04  7.588E-04  6.501E-03  6.501E-03
   192  9.5000E-01  7.657E-04  7.657E-04  6.446E-03  6.446E-03
   193  9.2500E-01  7.756E-04  7.756E-04  6.368E-03  6.368E-03
   194  9.0000E-01  7.991E-04  7.991E-04  3.107E-03  3.107E-03
   195  8.5000E-01  8.209E-04  8.209E-04  2.981E-03  2.981E-03
   196  8.0000E-01  8.346E-04  8.346E-04  2.837E-03  2.837E-03
   197  7.5000E-01  8.791E-04  8.791E-04  2.681E-03  2.681E-03
   198  7.0000E-01  9.101E-04  9.101E-04  2.517E-03  2.517E-03
   199  6.5000E-01  9.523E-04  9.523E-04  4.782E-03  4.782E-03
   200  6.2500E-01  9.949E-04  9.949E-04  4.609E-03  4.609E-03
   201  6.0000E-01  1.031E-03  1.031E-03  2.171E-03  2.171E-03
   202  5.5000E-01  1.143E-03  1.143E-03  1.990E-03  1.990E-03
   203  5.0000E-01  1.247E-03  1.247E-03  1.809E-03  1.809E-03
   204  4.5000E-01  1.434E-03  1.434E-03  1.634E-03  1.634E-03
   205  4.0000E-01  1.584E-03  1.584E-03  2.995E-03  2.995E-03
   206  3.7500E-01  1.705E-03  1.705E-03  2.807E-03  2.807E-03
   207  3.5000E-01  1.811E-03  1.811E-03  2.616E-03  2.616E-03
   208  3.2500E-01  1.979E-03  1.979E-03  2.420E-03  2.420E-03
   209  3.0000E-01  2.101E-03  2.101E-03  2.222E-03  2.222E-03
   210  2.7500E-01  2.266E-03  2.266E-03  2.022E-03  2.022E-03
   211  2.5000E-01  2.378E-03  2.378E-03  1.822E-03  1.822E-03
   212  2.2500E-01  2.510E-03  2.510E-03  1.622E-03  1.622E-03
   213  2.0000E-01  2.537E-03  2.537E-03  1.424E-03  1.424E-03
   214  1.7500E-01  2.497E-03  2.497E-03  1.227E-03  1.227E-03
   215  1.5000E-01  2.364E-03  2.364E-03  1.032E-03  1.032E-03
   216  1.2500E-01  2.114E-03  2.114E-03  8.376E-04  8.376E-04
   217  1.0000E-01  1.855E-03  1.855E-03  1.766E-03  1.766E-03
   218  9.0000E-02  1.697E-03  1.697E-03  1.575E-03  1.575E-03
   219  8.0000E-02  1.453E-03  1.453E-03  1.385E-03  1.385E-03
   220  7.0000E-02  1.231E-03  1.231E-03  1.195E-03  1.195E-03
   221  6.0000E-02  9.837E-04  9.837E-04  1.007E-03  1.007E-03
   222  5.0000E-02  7.370E-04  7.370E-04  8.186E-04  8.186E-04
   223  4.0000E-02  4.947E-04  4.947E-04  6.312E-04  6.312E-04
   224  3.0000E-02  3.387E-04  3.387E-04  1.060E-03  1.060E-03
   225  2.5300E-02  1.425E-04  1.425E-04  1.928E-04  1.928E-04
   226  1.0000E-02  4.170E-05  4.170E-05  6.130E-04  6.130E-04
   227  7.5000E-03  2.181E-05  2.181E-05  4.331E-04  4.331E-04
   228  5.0000E-03  1.152E-05  1.152E-05  7.825E-04  7.825E-04
   229  4.0000E-03  7.073E-06  7.073E-06  6.075E-04  6.075E-04
   230  3.0000E-03  4.465E-06  4.465E-06  9.609E-04  9.609E-04
   231  2.5000E-03  3.016E-06  3.016E-06  7.867E-04  7.867E-04
   232  2.0000E-03  1.814E-06  1.814E-06  6.086E-04  6.086E-04
   233  1.5000E-03  1.058E-06  1.058E-06  7.760E-04  7.760E-04
   234  1.2000E-03  7.030E-07  7.030E-07  9.518E-04  9.518E-04
   235  1.0000E-03  4.437E-07  4.437E-07  6.046E-04  6.046E-04
   236  7.5000E-04  2.242E-07  2.242E-07  4.305E-04  4.305E-04
   237  5.0000E-04  3.703E-08  3.703E-08  1.088E-04  1.088E-04
   238  1.0000E-04  2.141E-10  2.141E-10  7.069E-05  7.069E-05

 NOTE: Flux values above are per unit-lethargy.



  Zone data

      Zone   Mix    Relative     Relative         Zone
       No.   No.      Flux     Fission Power     Volume
     -----------------------------------------------------------------
         1     1   3.36033E-01   1.00000E+00   1.33193E+03
         2     2   3.47944E-01   0.00000E+00   2.01062E+02
         3     3   3.16022E-01   0.00000E+00   2.72553E+01



module xsproc is finished. completion code 0.
newtgrid.ps copied to /home/andrei2/Desktop/ornl/mosart/scale/mosart_quarter.newtgrid.ps.
newtmatl.ps copied to /home/andrei2/Desktop/ornl/mosart/scale/mosart_quarter.newtmatl.ps.
