 *******************************************************************************
 *                                                                             *
 *                                 SCALE 6.2.3                                 *
 *                                -------------                                *
 *                                  May 2018                                   *
 *                                                                             *
 *           SCALE:  A Comprehensive Modeling and Simulation Suite             *
 *                   for Nuclear Safety Analysis and Design                    *
 *                                                                             *
 *                      Reactor and Nuclear Systems Division                   *
 *                        Oak Ridge National Laboratory                        *
 *                                                                             *
 *                           http://scale.ornl.gov                             *
 *                            scalehelp@ornl.gov                               *
 *                                                                             *
 *******************************************************************************
 *******************************************************************************
      
                  Job Information
                  ---------------
      Job started on andrei2-HP-Notebook on Tue 29/05/2018 10:19:57
      Working directory: /tmp/scale.andrei2.18241
      Input file name  : /home/andrei2/Desktop/ornl/msfr/scale/sandbox/triton1.inp
      Output file name : /home/andrei2/Desktop/ornl/msfr/scale/sandbox/triton1.out
      SCALE executable : /home/andrei2/SCALE/SCALE-6.2.3/bin/scale
      
 *******************************************************************************
The following data cards precede an = card
      '#TestGrep# "k-eff [=]" ${OUTPUTFILENAME}
      '#TestGrep# "Transport k[=]" ${OUTPUTFILENAME}
      '#TestGrep# -i "erro[r]" ${OUTPUTFILENAME} | ${GREP} -v "[W]arnings and [E]rrors"
      '#TestGrep# "SCALE is finishe[d]" ${OUTPUTFILENAME} | ${AWK} "{print $1,$2,$3}"
      '#TestGrep# "is finishe[d]\." ${OUTPUTFILENAME} | ${AWK} "{print $1,$2,$3,$4,$5,$6,$7}"
      ' THIS SAMPLE PROBLEM TEST THE FOLLOWING: 
      '  ** t-newt sequence
      '  ** v7-252 group library
      '  ** centrm cross-section processing (default for t-newt calculations)
      '  ** parm=weight option for the t-newt sequence, which uses the NEWT collapse block to specify a 252 -> 56 group collapse.
      '  ** latticecell cross-section processing option


    module t-newt will be called on Tue May 29 10:20:04 2018.
    sequence specification record:=t-newt        parm=weight
Input Data:

      MSFR unit cell model
      v7-252
      read comp 
      ' fuel salt
        u-233  1 den=4.1249 0.683517405  973 end
        th-232 1 den=4.1249 0.51529607   973 end
        li-7   1 den=4.1249 0.06075193   973 end
        li-6   1 den=4.1249 0.000026044  973 end
        f-19   1 den=4.1249 0.35559766   973 end
      ' fertile salt
        th-232 2 den=4.1249 0.58352547   973 end
        li-7   2 den=4.1249 0.6076978    973 end
        li-6   2 den=4.1249 0.0000026051 973 end
        f-19   2 den=4.1249 0.35570215   973 end
      ' Structural material
        ni     3 den=10     0.79432      973 end
        w      3 den=10     0.09976      973 end
        cr     3 den=10     0.08014      973 end
        mo     3 den=10     0.00736      973 end
        fe     3 den=10     0.00632      973 end
        ti     3 den=10     0.00295      973 end
        c      3 den=10     0.00294      973 end
        mn     3 den=10     0.00257      973 end
        si     3 den=10     0.00252      973 end
        al     3 den=10     0.00052      973 end
        b      3 den=10 1 973 5010 19.8 5011 80.2 end
        p      3 den=10     0.00023      973 end
        s      3 den=10     0.00004      973 end
      end comp
      read celldata
        latticecell squarepitch pitch=81.2600 3 fuelr=20.0 1 cladr=25.0 2 end
      end celldata
      read model
      252 group solution
      'read parm
      '  dz=425.5
      'end parm
      read materials
        mix=1  com="Fuel salt LiF-ThF4-233UF4" end
        mix=2  com="Fertile salt LiF4-ThF4"    end
        mix=3  com="Structural material"       end
      end materials
      read geom
        global unit 1
          cylinder 10 20.0 
          cylinder 20 25.0
          cuboid   30 4p40.63
          media 1 1 10
          media 2 1 20 -10
          media 3 1 30 -20
        boundary 30 6 6
      end geom
      read collapse
        8r1 2r2 3 3r4 5 5r6 6r7 2r8 3r9 4r10 4r11 12 13 10r14 3r15 16 6r17 
        3r18 18r19 2r20 6r21 22 3r23 24 7r25 26 16r27 2r28 11r29 30 31 14r32 
        33 2r34 35 3r36 35r37 5r38 7r39 11r40 4r41 2r42 43 44 3r45 2r46 2r47 2r48 
        2r49 2r50 51 52 2r53 54 3r55 10r56
      
      '  OLD 238G collapse to 49G
      '  7r1 2 3 2r4 5 6 7 8 8 8r9 14r10 6r11 10r12 13 7r14 11r15 12r16 30r17 16r18 2r19 
      '  6r20 3r21 6r22 14r23 3r24 5r25 4r26 5r27 5r28 5r29 10r30 5r31 32 33 34 2r35 
      '  36 37 38 2r39 2r40 3r41 2r42 43 44 45 46 47 3r48 9r49 
      end collapse
      read bounds
      all=periodic
      end bounds
      end model
end




************************************************************************************************************************************
************************************************************************************************************************************
************************************************************************************************************************************
*****                                                                                                                          *****
*****                                             program verification information                                             *****
*****                                                                                                                          *****
*****                                           code system: SCALE   version: 6.2.0                                            *****
*****                                                                                                                          *****
************************************************************************************************************************************
************************************************************************************************************************************
*****                                                                                                                          *****
*****                                                                                                                          *****
*****                      program:  t-newt                                                                                    *****
*****                                                                                                                          *****
*****                      version:  6.2.3 (602003)                                                                            *****
*****                                                                                                                          *****
*****                     username:  andrei2                                                                                   *****
*****                                                                                                                          *****
*****                     hostname:  andrei2-HP-Notebook                                                                       *****
*****                                                                                                                          *****
*****                                                                                                                          *****
*****            date of execution:  2018-05-29                                                                                *****
*****                                                                                                                          *****
*****            time of execution:  10:20:04                                                                                  *****
*****                                                                                                                          *****
************************************************************************************************************************************
************************************************************************************************************************************
************************************************************************************************************************************




 'read parm

 '  dz=425.5

 'end parm

 '  OLD 238G collapse to 49G

 '  7r1 2 3 2r4 5 6 7 8 8 8r9 14r10 6r11 10r12 13 7r14 11r15 12r16 30r17 16r18 2r19

 '  6r20 3r21 6r22 14r23 3r24 5r25 4r26 5r27 5r28 5r29 10r30 5r31 32 33 34 2r35

 '  36 37 38 2r39 2r40 3r41 2r42 43 44 45 46 47 3r48 9r49
------------------------------------------------------------------------------------------------------------------------------------

                          252 group solution                                                              

------------------------------------------------------------------------------------------------------------------------------------



1         ***********************
          ***********************
          **  Control Options  **
          ***********************
          ***********************

 Run problem to completion/test input only          run=           yes
 Weighted cross-section collapse/do not collapse    collapse=      yes
 Source acceleration on/off                         accel=         yes
 Restart from earlier case/begin new case           restart=        no
 CMFD acceleration (0/1/2/3 = no/rect/yes/part)     cmfd=          0
 Number of fine mesh base grid/coarse grid in X     xcmfd=           1
 Number of fine mesh base grid/coarse grid in Y     ycmfd=           1
 CMFD Multigroup solution only (no 2g)              cmfd2g=         no
 Create restart file upon completion                savrest=       yes
 Calculation type:                                  eigenvalue                      
 Forward/adjoint solution                           forward=       yes

1         **********************
          **********************
          **  Output Options  **
          **********************
          **********************

 Print micro. cross-sections for problem nuclides   prtxsec=        no
 Print macro. cross-sections for mixtures           prtmxsec=       no
 Print balance table                                prtbalnc=       no
 Print mixing table                                 prtmxtab=       no
 Print postscript graphics file for fluxes          prtflux=        no
 Print postscript grid/mixture geometry graphics    drawit=         no
 Print broad-group fluxes                           prtbroad=       no
 Echo convergence tracking data to std. output      echo=           no

1         ***************************
          ***************************
          ** I/O Unit Assignments  **
          ***************************
          ***************************

 Unit no. for mixing table                          mixtab=         92
 Unit no. of working library                        xnlib=           4
 Unit no. for weighted broad-group library          wtdlib=         30
 Unit no. for homogenized macroscopic x-sect. lib.  hmoglib=        13

1         *************************
          *************************
          ** Convergence Control **
          *************************
          *************************

 Quadrature order                                   sn=              6
 Maximum no. of inner itrs./outer/energy group      inners=          5
 Maximum no. of outer energy groups                 outers=          250
 Performing thermal group subouter iterations       therm=         yes
 Maximum no. of thermal group subouter itrs./outer  suboutrs=        2
 Convergence criterion on inner iterations          epsinner= 1.00E-04
 Convergence criterion on subouter iterations       epsthrm=  1.00E-04
 Convergence criterion on outer iterations          epsouter= 1.00E-04
 Convergence criterion on eigenvalue                epseigen= 1.00E-04
 First guess for eigenvalue (k-eff)                 kguess=       1.000

1         *****************************
          *****************************
          ** Geometry Specifications **
          *****************************
          *****************************

 Left side x-coordinate                             xmin= -4.06300E+01
 Right side x-coordinate                            xmax=  4.06300E+01
 Bottom side y-coordinate                           ymin= -4.06300E+01
 Top side y-coordinate                              ymax=  4.06300E+01
 Number of subdivisions in x direction              nx=              6
 Number of subdivisions in y direction              ny=              6

 Boundary Conditions (0/1/2/3=vacuum/reflective/white/periodic):
 Left (West)          wbc=         3
 Right (East)         ebc=         3
 Bottom (South)       sbc=         3
 Top (North)          nbc=         3

  Body Characteristics.  Rotation angle in degrees counterclockwise.
  Size parameters. cyl: A=radius, B=no. of sides. cub: A=width, B=height. hex: A(B)=major(minor) radius.
  Body  Input  Zone    Subdiv      --Center--      Size Parameters   Rotation   Chord
  Type  Unit   Number  nx  ny      x        y        A        B      Angle      Information
  ----  -----  -----  --- ---   ------   ------    -----    ------   --------   -----------
 cub     1     1       6   6    0.000    0.000   81.260   81.260    0.000
 cyl     1     2       0   0    0.000    0.000   20.000   12.000    0.000
 cyl     1     3       0   0    0.000    0.000   25.000   12.000    0.000

1         *****************************
          *****************************
          ** Material Specifications **
          *****************************
          *****************************

 Mat'l No.   SCALE ID   Pn order   External source ID   Description (if any)
    1          1           1               0           fuel salt lif-thf4-233uf4
    2          2           1               0           fertile salt lif4-thf4
    3          3           1               0           structural material

1         ************************
          ************************
          ** Derived Parameters **
          ************************
          ************************

 Total number of energy groups                      numen=         252
 Number of broad groups in collapsed set            nbroad=         56
 Number of neutron groups                           igm=           252
 Number of gamma groups                             ipm=             0
 First thermal energy group                         iftg=          156
 Mixing table length                                nmix=            52
 Number of mixtures created                         nummat=          4
 Number of computational cells                      numcells=       60
 Number of computational surfaces (sides)           numlines=      148
 Combine small grid cells together                  combine=no
 Average number of sides/cell                       avnosides=     4.53
 Minimum number of sides/cell                       mnnosides=       4
 Maximum number of sides/cell                       mxnosides=       6
 Number of angles in quadrature set                 ndir=           24
 Maximum order of Legendre scattering               maxpn=           1
 Number of flux moments                             nmom             3

1         *****************************
          *****************************
          ** Energy Group Structures **
          *****************************
          *****************************

 Energy   Energy      Lethargy   Broad           Energy   Energy      Lethargy   Broad
 Group  Boundaries   Boundaries  Group           Group  Boundaries   Boundaries  Group
  No.      (eV)                   No.             No.      (eV)                   No. 
   1   2.00000E+07 -6.93147E-01    1              127   3.17500E+01  1.26602E+01     
   2   1.73300E+07 -5.49854E-01                   128   3.12500E+01  1.26761E+01     
   3   1.56800E+07 -4.49801E-01                   129   3.00000E+01  1.27169E+01     
   4   1.45500E+07 -3.75006E-01                   130   2.75000E+01  1.28039E+01     
   5   1.38400E+07 -3.24978E-01                   131   2.50000E+01  1.28992E+01     
   6   1.28400E+07 -2.49980E-01                   132   2.25000E+01  1.30046E+01     
   7   1.00000E+07  0.00000E+00                   133   2.17500E+01  1.30385E+01   30
   8   8.18700E+06  2.00038E-01                   134   2.12000E+01  1.30641E+01   31
   9   6.43400E+06  4.40989E-01    2              135   2.05000E+01  1.30977E+01   32
  10   4.80000E+06  7.33969E-01                   136   2.00000E+01  1.31224E+01     
  11   4.30400E+06  8.43040E-01    3              137   1.94000E+01  1.31528E+01     
  12   3.00000E+06  1.20397E+00    4              138   1.85000E+01  1.32003E+01     
  13   2.47900E+06  1.39473E+00                   139   1.70000E+01  1.32849E+01     
  14   2.35400E+06  1.44647E+00                   140   1.60000E+01  1.33455E+01     
  15   1.85000E+06  1.68740E+00    5              141   1.44000E+01  1.34509E+01     
  16   1.50000E+06  1.89712E+00    6              142   1.29000E+01  1.35609E+01     
  17   1.40000E+06  1.96611E+00                   143   1.19000E+01  1.36416E+01     
  18   1.35600E+06  1.99805E+00                   144   1.15000E+01  1.36757E+01     
  19   1.31700E+06  2.02723E+00                   145   1.00000E+01  1.38155E+01     
  20   1.25000E+06  2.07944E+00                   146   9.10000E+00  1.39098E+01     
  21   1.20000E+06  2.12026E+00    7              147   8.10000E+00  1.40262E+01     
  22   1.10000E+06  2.20727E+00                   148   7.15000E+00  1.41510E+01     
  23   1.01000E+06  2.29263E+00                   149   7.00000E+00  1.41722E+01   33
  24   9.20000E+05  2.38597E+00                   150   6.87500E+00  1.41902E+01   34
  25   9.00000E+05  2.40795E+00                   151   6.75000E+00  1.42086E+01     
  26   8.75000E+05  2.43612E+00                   152   6.50000E+00  1.42463E+01   35
  27   8.61100E+05  2.45213E+00    8              153   6.25000E+00  1.42855E+01   36
  28   8.20000E+05  2.50104E+00                   154   6.00000E+00  1.43263E+01     
  29   7.50000E+05  2.59027E+00    9              155   5.40000E+00  1.44317E+01     
  30   6.79000E+05  2.68972E+00                   156   5.00000E+00  1.45087E+01   37
  31   6.70000E+05  2.70306E+00                   157   4.70000E+00  1.45705E+01     
  32   6.00000E+05  2.81341E+00   10              158   4.10000E+00  1.47071E+01     
  33   5.73000E+05  2.85945E+00                   159   3.73000E+00  1.48017E+01     
  34   5.50000E+05  2.90042E+00                   160   3.50000E+00  1.48653E+01     
  35   4.92000E+05  3.01186E+00                   161   3.20000E+00  1.49549E+01     
  36   4.70000E+05  3.05761E+00   11              162   3.10000E+00  1.49867E+01     
  37   4.40000E+05  3.12357E+00                   163   3.00000E+00  1.50195E+01     
  38   4.20000E+05  3.17009E+00                   164   2.97000E+00  1.50295E+01     
  39   4.00000E+05  3.21888E+00                   165   2.87000E+00  1.50638E+01     
  40   3.30000E+05  3.41125E+00   12              166   2.77000E+00  1.50992E+01     
  41   2.70000E+05  3.61192E+00   13              167   2.67000E+00  1.51360E+01     
  42   2.00000E+05  3.91202E+00   14              168   2.57000E+00  1.51742E+01     
  43   1.49000E+05  4.20639E+00                   169   2.47000E+00  1.52139E+01     
  44   1.28300E+05  4.35597E+00                   170   2.38000E+00  1.52510E+01     
  45   1.00000E+05  4.60517E+00                   171   2.30000E+00  1.52852E+01     
  46   8.50000E+04  4.76769E+00                   172   2.21000E+00  1.53251E+01     
  47   8.20000E+04  4.80362E+00                   173   2.12000E+00  1.53667E+01     
  48   7.50000E+04  4.89285E+00                   174   2.00000E+00  1.54249E+01     
  49   7.30000E+04  4.91988E+00                   175   1.94000E+00  1.54554E+01     
  50   6.00000E+04  5.11600E+00                   176   1.86000E+00  1.54975E+01     
  51   5.20000E+04  5.25910E+00                   177   1.77000E+00  1.55471E+01     
  52   5.00000E+04  5.29832E+00   15              178   1.68000E+00  1.55993E+01     
  53   4.50000E+04  5.40368E+00                   179   1.59000E+00  1.56544E+01     
  54   3.00000E+04  5.80914E+00                   180   1.50000E+00  1.57126E+01     
  55   2.00000E+04  6.21461E+00   16              181   1.45000E+00  1.57465E+01     
  56   1.70000E+04  6.37713E+00   17              182   1.40000E+00  1.57816E+01     
  57   1.30000E+04  6.64539E+00                   183   1.35000E+00  1.58180E+01     
  58   9.50000E+03  6.95905E+00                   184   1.30000E+00  1.58557E+01     
  59   8.03000E+03  7.12716E+00                   185   1.25000E+00  1.58950E+01     
  60   5.70000E+03  7.46987E+00                   186   1.22500E+00  1.59152E+01     
  61   3.90000E+03  7.84936E+00                   187   1.20000E+00  1.59358E+01     
  62   3.74000E+03  7.89125E+00   18              188   1.17500E+00  1.59568E+01     
  63   3.00000E+03  8.11173E+00                   189   1.15000E+00  1.59783E+01     
  64   2.50000E+03  8.29405E+00                   190   1.14000E+00  1.59871E+01     
  65   2.25000E+03  8.39941E+00   19              191   1.13000E+00  1.59959E+01   38
  66   2.20000E+03  8.42188E+00                   192   1.12000E+00  1.60048E+01     
  67   1.80000E+03  8.62255E+00                   193   1.11000E+00  1.60137E+01     
  68   1.55000E+03  8.77209E+00                   194   1.10000E+00  1.60228E+01     
  69   1.50000E+03  8.80488E+00                   195   1.09000E+00  1.60319E+01     
  70   1.15000E+03  9.07058E+00                   196   1.08000E+00  1.60411E+01   39
  71   9.50000E+02  9.26163E+00                   197   1.07000E+00  1.60504E+01     
  72   6.83000E+02  9.59160E+00                   198   1.06000E+00  1.60598E+01     
  73   6.70000E+02  9.61082E+00                   199   1.05000E+00  1.60693E+01     
  74   5.50000E+02  9.80818E+00                   200   1.04000E+00  1.60789E+01     
  75   3.05000E+02  1.03978E+01                   201   1.03000E+00  1.60885E+01     
  76   2.85000E+02  1.04656E+01                   202   1.02000E+00  1.60983E+01     
  77   2.40000E+02  1.06375E+01                   203   1.01000E+00  1.61081E+01   40
  78   2.20000E+02  1.07245E+01                   204   1.00000E+00  1.61181E+01     
  79   2.09500E+02  1.07734E+01                   205   9.75000E-01  1.61434E+01     
  80   2.07400E+02  1.07834E+01                   206   9.50000E-01  1.61694E+01     
  81   2.02000E+02  1.08098E+01                   207   9.25000E-01  1.61961E+01     
  82   1.93000E+02  1.08554E+01                   208   9.00000E-01  1.62235E+01     
  83   1.91500E+02  1.08632E+01   20              209   8.50000E-01  1.62806E+01     
  84   1.88500E+02  1.08790E+01                   210   8.00000E-01  1.63412E+01     
  85   1.87700E+02  1.08833E+01   21              211   7.50000E-01  1.64058E+01     
  86   1.80000E+02  1.09251E+01                   212   7.00000E-01  1.64748E+01     
  87   1.70000E+02  1.09823E+01                   213   6.50000E-01  1.65489E+01     
  88   1.43000E+02  1.11553E+01                   214   6.25000E-01  1.65881E+01   41
  89   1.22000E+02  1.13141E+01                   215   6.00000E-01  1.66289E+01     
  90   1.19000E+02  1.13390E+01                   216   5.50000E-01  1.67159E+01     
  91   1.17500E+02  1.13517E+01   22              217   5.00000E-01  1.68112E+01     
  92   1.16000E+02  1.13645E+01   23              218   4.50000E-01  1.69166E+01   42
  93   1.13000E+02  1.13907E+01                   219   4.00000E-01  1.70344E+01     
  94   1.08000E+02  1.14360E+01                   220   3.75000E-01  1.70989E+01   43
  95   1.05000E+02  1.14641E+01   24              221   3.50000E-01  1.71679E+01   44
  96   1.01200E+02  1.15010E+01   25              222   3.25000E-01  1.72420E+01   45
  97   9.70000E+01  1.15434E+01                   223   3.00000E-01  1.73221E+01     
  98   9.00000E+01  1.16183E+01                   224   2.75000E-01  1.74091E+01     
  99   8.17000E+01  1.17150E+01                   225   2.50000E-01  1.75044E+01   46
 100   8.00000E+01  1.17361E+01                   226   2.25000E-01  1.76098E+01     
 101   7.60000E+01  1.17874E+01                   227   2.00000E-01  1.77275E+01   47
 102   7.20000E+01  1.18414E+01                   228   1.75000E-01  1.78611E+01     
 103   6.75000E+01  1.19060E+01   26              229   1.50000E-01  1.80152E+01   48
 104   6.50000E+01  1.19437E+01   27              230   1.25000E-01  1.81975E+01     
 105   6.30000E+01  1.19750E+01                   231   1.00000E-01  1.84207E+01   49
 106   6.10000E+01  1.20072E+01                   232   9.00000E-02  1.85260E+01     
 107   5.80000E+01  1.20577E+01                   233   8.00000E-02  1.86438E+01   50
 108   5.34000E+01  1.21403E+01                   234   7.00000E-02  1.87774E+01     
 109   5.06000E+01  1.21941E+01                   235   6.00000E-02  1.89315E+01   51
 110   4.83000E+01  1.22407E+01                   236   5.00000E-02  1.91138E+01   52
 111   4.52000E+01  1.23070E+01                   237   4.00000E-02  1.93370E+01   53
 112   4.40000E+01  1.23339E+01                   238   3.00000E-02  1.96247E+01     
 113   4.24000E+01  1.23709E+01                   239   2.53000E-02  1.97950E+01   54
 114   4.10000E+01  1.24045E+01                   240   1.00000E-02  2.07233E+01   55
 115   3.96000E+01  1.24393E+01                   241   7.50000E-03  2.10109E+01     
 116   3.91000E+01  1.24520E+01                   242   5.00000E-03  2.14164E+01     
 117   3.80000E+01  1.24805E+01                   243   4.00000E-03  2.16396E+01   56
 118   3.76300E+01  1.24903E+01                   244   3.00000E-03  2.19272E+01     
 119   3.72700E+01  1.24999E+01                   245   2.50000E-03  2.21096E+01     
 120   3.71300E+01  1.25037E+01   28              246   2.00000E-03  2.23327E+01     
 121   3.70000E+01  1.25072E+01                   247   1.50000E-03  2.26204E+01     
 122   3.60000E+01  1.25346E+01   29              248   1.20000E-03  2.28435E+01     
 123   3.55000E+01  1.25486E+01                   249   1.00000E-03  2.30259E+01     
 124   3.50000E+01  1.25627E+01                   250   7.50000E-04  2.33135E+01     
 125   3.37500E+01  1.25991E+01                   251   5.00000E-04  2.37190E+01     
 126   3.32500E+01  1.26140E+01                   252   1.00000E-04  2.53284E+01     
                                                  253   1.00000E-05  2.76310E+01   57

1         ***************************
          ***************************
          ** Quadrature Parameters **
          ***************************
          ***************************

 Quadrature angles and weights for first quadrant:
 (  6 angles/quadrant for S- 6 quadrature.)

 Angle No.    Mu                  Eta                Weight       Angle in x-y   Elevation
                                                                 plane (degrees) (degrees)
    1    2.30091940D-01      2.30091940D-01      4.23616400D-02       45.00        71.01
    2    6.88134320D-01      2.30091940D-01      4.09716925D-02       18.49        43.48
    3    9.45576760D-01      2.30091940D-01      4.23616400D-02       13.68        13.30
    4    2.30091940D-01      6.88134320D-01      4.09716925D-02       71.51        43.48
    5    6.88134320D-01      6.88134320D-01      4.09716925D-02       45.00        13.30
    6    2.30091940D-01      9.45576760D-01      4.23616400D-02       76.32        13.30


 Scattering constants for first quadrant
 ( 3 moments for p-1 scattering)
 Angle       ------- Moment No. -------
  No.       0             1             2
    1    1.00000E+00  3.98531E-01 -2.81804E-01
    2    1.00000E+00  1.19188E+00 -2.81804E-01
    3    1.00000E+00  1.63779E+00 -2.81804E-01
    4    1.00000E+00  3.98531E-01 -8.42789E-01
    5    1.00000E+00  1.19188E+00 -8.42789E-01
    6    1.00000E+00  3.98531E-01 -1.15809E+00


1         **************************
          **************************
          **** Mixture Volumes *****
          **************************
          **************************


  Mixture       Volume        Volume
    ID     (cc/unit length)  Fraction
     0       0.00000E+00      0.00000E+00
     1       1.25664E+03      1.90308E-01
     2       7.06858E+02      1.07048E-01
     3       4.63969E+03      7.02644E-01
 Total       6.60319E+03      1.00000E+00


  Memory size of attenuation factors(MB)=      9.01



 =====================================================================================
   Outer iteration sweep begins.

 Outer  Eigen-  Eigenvalue Max Flux  Max Flux     Max Fuel  Max Fuel     Inners 
 It. #   value     Delta    Delta   Location(r,g)  Delta   Location(r,g) Cnvrged
 - - - - - - - - - - - - - - - - - - - - - - - - - - - - - - - - - - - - - - - - 
    1 1.00000   0.000E+00 2.023E+11 (    5,252)   1.000E+00 (   22,  0)    F
    2 1.02883   2.802E-02 2.907E+07 (    3,248)   9.630E-01 (   48,  0)    F
    3 1.37198   2.501E-01 9.352E+05 (    2,240)   1.537E-01 (   23,  0)    F
    4 1.21602   1.283E-01 1.490E+03 (    4,185)   1.463E-01 (   54,  0)    F
    5 1.34871   9.839E-02 6.194E+01 (    1,137)   5.256E-02 (   23,  0)    F
    6 1.27063   6.145E-02 5.685E+01 (    4,  1)   4.689E-02 (   59,  0)    F
    7 1.32532   4.127E-02 5.365E+01 (    3,  1)   2.610E-02 (   57,  0)    F
    8 1.29028   2.716E-02 5.083E+01 (    2,  1)   1.877E-02 (   48,  0)    F
    9 1.31363   1.777E-02 4.865E+01 (    4,  1)   1.184E-02 (   48,  0)    F
   10 1.29833   1.178E-02 4.710E+01 (    3,  1)   7.954E-03 (   51,  0)    F
   11 1.30841   7.708E-03 4.606E+01 (    3,  1)   5.188E-03 (   51,  0)    F
   12 1.30178   5.097E-03 4.429E+01 (   38,  1)   3.428E-03 (   48,  0)    F
   13 1.30615   3.344E-03 5.882E-02 (    3,238)   2.253E-03 (   48,  0)    F
   14 1.30327   2.205E-03 1.740E-02 (    1,238)   1.484E-03 (   53,  0)    F
   15 1.30516   1.448E-03 5.074E-03 (    4,238)   9.760E-04 (   53,  0)    F
   16 1.30393   9.478E-04 1.473E-03 (    2,238)   6.416E-04 (   53,  0)    F
   17 1.30472   6.069E-04 4.280E-04 (    4,238)   4.193E-04 (   54,  0)    F
   18 1.30428   3.336E-04 1.473E-04 (   25,  4)   2.648E-04 (   56,  0)    F
   19 1.30443   1.121E-04 3.823E-05 (    2,238)   1.258E-04 (   53,  0)    F
   20 1.30442   8.840E-06 1.372E-05 (    1,238)   1.813E-05 (   48,  0)    F
   21 1.30442   1.037E-06 7.698E-06 (   24,236)   4.967E-06 (   50,  0)    F
 k-eff =       1.30441631     



   Four-Factor Estimate of k-infinity.  Fast/Thermal boundary:   0.6250 eV
      Fiss. neutrons/thermal abs. (eta):          1.763049
      Thermal utilization (f):                    0.507199
      Resonance Escape probability (p):           0.000000
      Fast-fission factor (epsilon):        3428158.612941
                                            --------------
      Infinite neutron multiplication             1.304415


   Alternate 3-Group Formulation Terms. 
   Fast/Res. boundary:   0.8210 MeV.  Res./Therm. boundary:   0.6250eV
      Fiss. neutrons/thermal abs. (eta):          1.763049
      Thermal utilization (f):                    0.507199
      Resonance Escape probability (p):           0.000001
      Fast Escape probability (pf):               0.840364
      Fast-fission factor (epsilon):        3428158.612941




 Critical Spectra Calculated with the B1 Method
 Input buckling of  0.00000E+00 gives a corresponding k-eff of  1.30441E+00
 Equivalent core height is infinite.
 However, cross-sections were weighted with the system-average flux spectrum.

  Group   Upper      Critical   Inf.Med.   Critical   Inf.Med.  
   No    Energy(eV)   Flux       Flux      Adj.Flux   Adj.Flux  

     1  2.0000E+07  0.000E+00  0.000E+00  1.838E-03  1.838E-03
     2  1.7330E+07  1.114E-06  1.114E-06  3.618E-03  3.618E-03
     3  1.5680E+07  7.156E-06  7.156E-06  4.554E-03  4.554E-03
     4  1.4550E+07  1.418E-05  1.418E-05  6.463E-03  6.463E-03
     5  1.3840E+07  2.717E-05  2.717E-05  4.108E-03  4.108E-03
     6  1.2840E+07  1.306E-04  1.306E-04  1.147E-03  1.147E-03
     7  1.0000E+07  5.036E-04  5.036E-04  1.312E-03  1.312E-03
     8  8.1870E+06  1.542E-03  1.542E-03  9.713E-04  9.713E-04
     9  6.4340E+06  3.916E-03  3.916E-03  7.433E-04  7.433E-04
    10  4.8000E+06  6.244E-03  6.244E-03  2.025E-03  2.025E-03
    11  4.3040E+06  1.034E-02  1.034E-02  6.160E-04  6.160E-04
    12  3.0000E+06  1.402E-02  1.402E-02  1.130E-03  1.130E-03
    13  2.4790E+06  1.645E-02  1.645E-02  4.090E-03  4.090E-03
    14  2.3540E+06  1.822E-02  1.822E-02  8.615E-04  8.615E-04
    15  1.8500E+06  2.002E-02  2.002E-02  9.615E-04  9.615E-04
    16  1.5000E+06  2.221E-02  2.221E-02  2.870E-03  2.870E-03
    17  1.4000E+06  2.213E-02  2.213E-02  6.147E-03  6.147E-03
    18  1.3560E+06  2.091E-02  2.091E-02  6.677E-03  6.677E-03
    19  1.3170E+06  1.953E-02  1.953E-02  3.697E-03  3.697E-03
    20  1.2500E+06  1.991E-02  1.991E-02  4.689E-03  4.689E-03
    21  1.2000E+06  2.311E-02  2.311E-02  2.181E-03  2.181E-03
    22  1.1000E+06  2.523E-02  2.523E-02  2.196E-03  2.196E-03
    23  1.0100E+06  2.433E-02  2.433E-02  1.978E-03  1.978E-03
    24  9.2000E+05  2.464E-02  2.464E-02  8.291E-03  8.291E-03
    25  9.0000E+05  2.611E-02  2.611E-02  6.452E-03  6.452E-03
    26  8.7500E+05  2.601E-02  2.601E-02  1.130E-02  1.130E-02
    27  8.6110E+05  2.683E-02  2.683E-02  3.681E-03  3.681E-03
    28  8.2000E+05  2.899E-02  2.899E-02  1.992E-03  1.992E-03
    29  7.5000E+05  3.099E-02  3.099E-02  1.761E-03  1.761E-03
    30  6.7900E+05  3.084E-02  3.084E-02  1.292E-02  1.292E-02
    31  6.7000E+05  2.759E-02  2.759E-02  1.537E-03  1.537E-03
    32  6.0000E+05  2.669E-02  2.669E-02  3.607E-03  3.607E-03
    33  5.7300E+05  2.786E-02  2.786E-02  4.039E-03  4.039E-03
    34  5.5000E+05  2.392E-02  2.392E-02  1.460E-03  1.460E-03
    35  4.9200E+05  2.544E-02  2.544E-02  3.513E-03  3.513E-03
    36  4.7000E+05  2.020E-02  2.020E-02  2.409E-03  2.409E-03
    37  4.4000E+05  1.427E-02  1.427E-02  3.370E-03  3.370E-03
    38  4.2000E+05  1.462E-02  1.462E-02  3.196E-03  3.196E-03
    39  4.0000E+05  1.244E-02  1.244E-02  8.011E-04  8.011E-04
    40  3.3000E+05  8.292E-03  8.292E-03  7.559E-04  7.559E-04
    41  2.7000E+05  1.148E-02  1.148E-02  5.023E-04  5.023E-04
    42  2.0000E+05  2.545E-02  2.545E-02  5.114E-04  5.114E-04
    43  1.4900E+05  2.584E-02  2.584E-02  9.640E-04  9.640E-04
    44  1.2830E+05  1.392E-02  1.392E-02  5.582E-04  5.582E-04
    45  1.0000E+05  1.546E-02  1.546E-02  8.466E-04  8.466E-04
    46  8.5000E+04  2.925E-02  2.925E-02  3.836E-03  3.836E-03
    47  8.2000E+04  3.152E-02  3.152E-02  1.534E-03  1.534E-03
    48  7.5000E+04  2.988E-02  2.988E-02  4.989E-03  4.989E-03
    49  7.3000E+04  2.857E-02  2.857E-02  6.687E-04  6.687E-04
    50  6.0000E+04  2.220E-02  2.220E-02  8.613E-04  8.613E-04
    51  5.2000E+04  1.168E-02  1.168E-02  3.000E-03  3.000E-03
    52  5.0000E+04  9.150E-03  9.150E-03  1.106E-03  1.106E-03
    53  4.5000E+04  1.727E-02  1.727E-02  2.893E-04  2.893E-04
    54  3.0000E+04  1.570E-02  1.570E-02  2.645E-04  2.645E-04
    55  2.0000E+04  9.278E-03  9.278E-03  5.699E-04  5.699E-04
    56  1.7000E+04  8.224E-03  8.224E-03  3.309E-04  3.309E-04
    57  1.3000E+04  6.355E-03  6.355E-03  2.675E-04  2.675E-04
    58  9.5000E+03  5.023E-03  5.023E-03  4.891E-04  4.891E-04
    59  8.0300E+03  3.861E-03  3.861E-03  2.380E-04  2.380E-04
    60  5.7000E+03  2.606E-03  2.606E-03  2.165E-04  2.165E-04
    61  3.9000E+03  2.103E-03  2.103E-03  2.002E-03  2.002E-03
    62  3.7400E+03  1.785E-03  1.785E-03  3.807E-04  3.807E-04
    63  3.0000E+03  1.399E-03  1.399E-03  4.688E-04  4.688E-04
    64  2.5000E+03  1.194E-03  1.194E-03  8.275E-04  8.275E-04
    65  2.2500E+03  1.091E-03  1.091E-03  3.905E-03  3.905E-03
    66  2.2000E+03  9.470E-04  9.470E-04  4.445E-04  4.445E-04
    67  1.8000E+03  7.666E-04  7.666E-04  6.132E-04  6.132E-04
    68  1.5500E+03  6.666E-04  6.666E-04  2.855E-03  2.855E-03
    69  1.5000E+03  5.601E-04  5.601E-04  3.579E-04  3.579E-04
    70  1.1500E+03  4.193E-04  4.193E-04  5.141E-04  5.141E-04
    71  9.5000E+02  2.922E-04  2.922E-04  3.091E-04  3.091E-04
    72  6.8300E+02  2.134E-04  2.134E-04  5.378E-03  5.378E-03
    73  6.7000E+02  2.035E-04  2.035E-04  5.254E-04  5.254E-04
    74  5.5000E+02  1.239E-04  1.239E-04  1.808E-04  1.808E-04
    75  3.0500E+02  7.214E-05  7.214E-05  1.640E-03  1.640E-03
    76  2.8500E+02  6.552E-05  6.552E-05  6.369E-04  6.369E-04
    77  2.4000E+02  5.352E-05  5.352E-05  1.244E-03  1.244E-03
    78  2.2000E+02  5.291E-05  5.291E-05  2.400E-03  2.400E-03
    79  2.0950E+02  4.706E-05  4.706E-05  1.238E-02  1.238E-02
    80  2.0740E+02  4.740E-05  4.740E-05  4.273E-03  4.273E-03
    81  2.0200E+02  3.938E-05  3.938E-05  2.189E-03  2.189E-03
    82  1.9300E+02  2.410E-05  2.410E-05  1.047E-02  1.047E-02
    83  1.9150E+02  4.421E-05  4.421E-05  7.794E-03  7.794E-03
    84  1.8850E+02  4.042E-05  4.042E-05  2.777E-02  2.777E-02
    85  1.8770E+02  4.375E-05  4.375E-05  2.556E-03  2.556E-03
    86  1.8000E+02  3.433E-05  3.433E-05  1.854E-03  1.854E-03
    87  1.7000E+02  3.371E-05  3.371E-05  6.580E-04  6.580E-04
    88  1.4300E+02  2.638E-05  2.638E-05  7.038E-04  7.038E-04
    89  1.2200E+02  1.592E-05  1.592E-05  3.425E-03  3.425E-03
    90  1.1900E+02  2.128E-05  2.128E-05  1.018E-02  1.018E-02
    91  1.1750E+02  2.202E-05  2.202E-05  8.747E-03  8.747E-03
    92  1.1600E+02  1.604E-05  1.604E-05  4.146E-03  4.146E-03
    93  1.1300E+02  1.752E-05  1.752E-05  2.564E-03  2.564E-03
    94  1.0800E+02  1.728E-05  1.728E-05  4.401E-03  4.401E-03
    95  1.0500E+02  1.865E-05  1.865E-05  3.038E-03  3.038E-03
    96  1.0120E+02  1.594E-05  1.594E-05  2.900E-03  2.900E-03
    97  9.7000E+01  1.529E-05  1.529E-05  1.588E-03  1.588E-03
    98  9.0000E+01  1.456E-05  1.456E-05  1.186E-03  1.186E-03
    99  8.1700E+01  1.324E-05  1.324E-05  5.646E-03  5.646E-03
   100  8.0000E+01  1.244E-05  1.244E-05  2.356E-03  2.356E-03
   101  7.6000E+01  1.089E-05  1.089E-05  2.220E-03  2.220E-03
   102  7.2000E+01  8.405E-06  8.405E-06  1.393E-03  1.393E-03
   103  6.7500E+01  9.768E-06  9.768E-06  3.166E-03  3.166E-03
   104  6.5000E+01  8.905E-06  8.905E-06  3.936E-03  3.936E-03
   105  6.3000E+01  8.412E-06  8.412E-06  3.820E-03  3.820E-03
   106  6.1000E+01  6.139E-06  6.139E-06  1.865E-03  1.865E-03
   107  5.8000E+01  6.844E-06  6.844E-06  1.613E-03  1.613E-03
   108  5.3400E+01  7.013E-06  7.013E-06  2.232E-03  2.232E-03
   109  5.0600E+01  6.263E-06  6.263E-06  2.681E-03  2.681E-03
   110  4.8300E+01  6.112E-06  6.112E-06  1.827E-03  1.827E-03
   111  4.5200E+01  6.112E-06  6.112E-06  4.541E-03  4.541E-03
   112  4.4000E+01  5.515E-06  5.515E-06  3.433E-03  3.433E-03
   113  4.2400E+01  5.373E-06  5.373E-06  3.699E-03  3.699E-03
   114  4.1000E+01  4.845E-06  4.845E-06  3.802E-03  3.802E-03
   115  3.9600E+01  4.729E-06  4.729E-06  1.019E-02  1.019E-02
   116  3.9100E+01  5.007E-06  5.007E-06  4.201E-03  4.201E-03
   117  3.8000E+01  4.709E-06  4.709E-06  1.316E-02  1.316E-02
   118  3.7630E+01  4.458E-06  4.458E-06  1.367E-02  1.367E-02
   119  3.7270E+01  4.507E-06  4.507E-06  3.376E-02  3.376E-02
   120  3.7130E+01  4.499E-06  4.499E-06  3.585E-02  3.585E-02
   121  3.7000E+01  4.198E-06  4.198E-06  4.718E-03  4.718E-03
   122  3.6000E+01  4.152E-06  4.152E-06  9.272E-03  9.272E-03
   123  3.5500E+01  4.023E-06  4.023E-06  9.277E-03  9.277E-03
   124  3.5000E+01  3.736E-06  3.736E-06  3.661E-03  3.661E-03
   125  3.3750E+01  3.674E-06  3.674E-06  8.628E-03  8.628E-03
   126  3.3250E+01  3.560E-06  3.560E-06  2.724E-03  2.724E-03
   127  3.1750E+01  3.422E-06  3.422E-06  7.780E-03  7.780E-03
   128  3.1250E+01  3.350E-06  3.350E-06  2.920E-03  2.920E-03
   129  3.0000E+01  3.039E-06  3.039E-06  1.362E-03  1.362E-03
   130  2.7500E+01  2.703E-06  2.703E-06  1.194E-03  1.194E-03
   131  2.5000E+01  1.585E-06  1.585E-06  7.919E-04  7.919E-04
   132  2.2500E+01  9.091E-07  9.091E-07  2.100E-03  2.100E-03
   133  2.1750E+01  9.110E-07  9.110E-07  2.883E-03  2.883E-03
   134  2.1200E+01  1.484E-06  1.484E-06  3.995E-03  3.995E-03
   135  2.0500E+01  1.455E-06  1.455E-06  5.477E-03  5.477E-03
   136  2.0000E+01  1.435E-06  1.435E-06  4.485E-03  4.485E-03
   137  1.9400E+01  1.284E-06  1.284E-06  2.990E-03  2.990E-03
   138  1.8500E+01  1.295E-06  1.295E-06  1.544E-03  1.544E-03
   139  1.7000E+01  1.123E-06  1.123E-06  2.343E-03  2.343E-03
   140  1.6000E+01  1.035E-06  1.035E-06  1.276E-03  1.276E-03
   141  1.4400E+01  8.667E-07  8.667E-07  1.278E-03  1.278E-03
   142  1.2900E+01  7.435E-07  7.435E-07  1.762E-03  1.762E-03
   143  1.1900E+01  7.290E-07  7.290E-07  4.056E-03  4.056E-03
   144  1.1500E+01  6.205E-07  6.205E-07  1.007E-03  1.007E-03
   145  1.0000E+01  5.494E-07  5.494E-07  1.441E-03  1.441E-03
   146  9.1000E+00  5.101E-07  5.101E-07  1.149E-03  1.149E-03
   147  8.1000E+00  4.436E-07  4.436E-07  1.103E-03  1.103E-03
   148  7.1500E+00  3.741E-07  3.741E-07  6.713E-03  6.713E-03
   149  7.0000E+00  3.477E-07  3.477E-07  7.986E-03  7.986E-03
   150  6.8750E+00  3.361E-07  3.361E-07  7.848E-03  7.848E-03
   151  6.7500E+00  3.295E-07  3.295E-07  3.818E-03  3.818E-03
   152  6.5000E+00  3.240E-07  3.240E-07  3.643E-03  3.643E-03
   153  6.2500E+00  3.110E-07  3.110E-07  3.476E-03  3.476E-03
   154  6.0000E+00  2.845E-07  2.845E-07  1.320E-03  1.320E-03
   155  5.4000E+00  2.561E-07  2.561E-07  1.825E-03  1.825E-03
   156  5.0000E+00  2.364E-07  2.364E-07  2.288E-03  2.288E-03
   157  4.7000E+00  2.131E-07  2.131E-07  1.010E-03  1.010E-03
   158  4.1000E+00  1.794E-07  1.794E-07  1.418E-03  1.418E-03
   159  3.7300E+00  1.582E-07  1.582E-07  2.127E-03  2.127E-03
   160  3.5000E+00  1.471E-07  1.471E-07  1.509E-03  1.509E-03
   161  3.2000E+00  1.395E-07  1.395E-07  4.188E-03  4.188E-03
   162  3.1000E+00  1.401E-07  1.401E-07  4.040E-03  4.040E-03
   163  3.0000E+00  1.384E-07  1.384E-07  1.312E-02  1.312E-02
   164  2.9700E+00  1.262E-07  1.262E-07  3.828E-03  3.828E-03
   165  2.8700E+00  1.165E-07  1.165E-07  3.675E-03  3.675E-03
   166  2.7700E+00  1.112E-07  1.112E-07  3.520E-03  3.520E-03
   167  2.6700E+00  1.061E-07  1.061E-07  3.359E-03  3.359E-03
   168  2.5700E+00  9.961E-08  9.961E-08  3.184E-03  3.184E-03
   169  2.4700E+00  9.134E-08  9.134E-08  3.372E-03  3.372E-03
   170  2.3800E+00  8.479E-08  8.479E-08  3.721E-03  3.721E-03
   171  2.3000E+00  8.069E-08  8.069E-08  3.287E-03  3.287E-03
   172  2.2100E+00  7.731E-08  7.731E-08  3.261E-03  3.261E-03
   173  2.1200E+00  7.263E-08  7.263E-08  2.370E-03  2.370E-03
   174  2.0000E+00  6.817E-08  6.817E-08  4.552E-03  4.552E-03
   175  1.9400E+00  6.463E-08  6.463E-08  3.287E-03  3.287E-03
   176  1.8600E+00  6.055E-08  6.055E-08  2.778E-03  2.778E-03
   177  1.7700E+00  5.657E-08  5.657E-08  2.625E-03  2.625E-03
   178  1.6800E+00  5.283E-08  5.283E-08  2.484E-03  2.484E-03
   179  1.5900E+00  4.915E-08  4.915E-08  2.356E-03  2.356E-03
   180  1.5000E+00  4.632E-08  4.632E-08  4.059E-03  4.059E-03
   181  1.4500E+00  4.430E-08  4.430E-08  3.926E-03  3.926E-03
   182  1.4000E+00  4.231E-08  4.231E-08  3.790E-03  3.790E-03
   183  1.3500E+00  4.037E-08  4.037E-08  3.651E-03  3.651E-03
   184  1.3000E+00  3.845E-08  3.845E-08  3.511E-03  3.511E-03
   185  1.2500E+00  3.703E-08  3.703E-08  6.813E-03  6.813E-03
   186  1.2250E+00  3.607E-08  3.607E-08  6.673E-03  6.673E-03
   187  1.2000E+00  3.512E-08  3.512E-08  6.532E-03  6.532E-03
   188  1.1750E+00  3.418E-08  3.418E-08  6.392E-03  6.392E-03
   189  1.1500E+00  3.352E-08  3.352E-08  1.574E-02  1.574E-02
   190  1.1400E+00  3.314E-08  3.314E-08  1.560E-02  1.560E-02
   191  1.1300E+00  3.277E-08  3.277E-08  1.546E-02  1.546E-02
   192  1.1200E+00  3.239E-08  3.239E-08  1.532E-02  1.532E-02
   193  1.1100E+00  3.202E-08  3.202E-08  1.518E-02  1.518E-02
   194  1.1000E+00  3.164E-08  3.164E-08  1.504E-02  1.504E-02
   195  1.0900E+00  3.127E-08  3.127E-08  1.490E-02  1.490E-02
   196  1.0800E+00  3.090E-08  3.090E-08  1.476E-02  1.476E-02
   197  1.0700E+00  3.053E-08  3.053E-08  1.462E-02  1.462E-02
   198  1.0600E+00  3.015E-08  3.015E-08  1.448E-02  1.448E-02
   199  1.0500E+00  2.978E-08  2.978E-08  1.434E-02  1.434E-02
   200  1.0400E+00  2.941E-08  2.941E-08  1.420E-02  1.420E-02
   201  1.0300E+00  2.904E-08  2.904E-08  1.406E-02  1.406E-02
   202  1.0200E+00  2.867E-08  2.867E-08  1.392E-02  1.392E-02
   203  1.0100E+00  2.830E-08  2.830E-08  1.378E-02  1.378E-02
   204  1.0000E+00  2.765E-08  2.765E-08  5.415E-03  5.415E-03
   205  9.7500E-01  2.674E-08  2.674E-08  5.276E-03  5.276E-03
   206  9.5000E-01  2.582E-08  2.582E-08  5.137E-03  5.137E-03
   207  9.2500E-01  2.490E-08  2.490E-08  4.998E-03  4.998E-03
   208  9.0000E-01  2.353E-08  2.353E-08  2.394E-03  2.394E-03
   209  8.5000E-01  2.174E-08  2.174E-08  2.255E-03  2.255E-03
   210  8.0000E-01  1.996E-08  1.996E-08  2.116E-03  2.116E-03
   211  7.5000E-01  1.821E-08  1.821E-08  1.977E-03  1.977E-03
   212  7.0000E-01  1.649E-08  1.649E-08  1.838E-03  1.838E-03
   213  6.5000E-01  1.522E-08  1.522E-08  3.470E-03  3.470E-03
   214  6.2500E-01  1.436E-08  1.436E-08  3.330E-03  3.330E-03
   215  6.0000E-01  1.310E-08  1.310E-08  1.560E-03  1.560E-03
   216  5.5000E-01  1.150E-08  1.150E-08  1.420E-03  1.420E-03
   217  5.0000E-01  9.948E-09  9.948E-09  1.279E-03  1.279E-03
   218  4.5000E-01  8.466E-09  8.466E-09  1.137E-03  1.137E-03
   219  4.0000E-01  7.401E-09  7.401E-09  2.064E-03  2.064E-03
   220  3.7500E-01  6.689E-09  6.689E-09  1.922E-03  1.922E-03
   221  3.5000E-01  5.999E-09  5.999E-09  1.780E-03  1.780E-03
   222  3.2500E-01  5.329E-09  5.329E-09  1.639E-03  1.639E-03
   223  3.0000E-01  4.678E-09  4.678E-09  1.497E-03  1.497E-03
   224  2.7500E-01  4.052E-09  4.052E-09  1.356E-03  1.356E-03
   225  2.5000E-01  3.453E-09  3.453E-09  1.214E-03  1.214E-03
   226  2.2500E-01  2.884E-09  2.884E-09  1.075E-03  1.075E-03
   227  2.0000E-01  2.347E-09  2.347E-09  9.371E-04  9.371E-04
   228  1.7500E-01  1.847E-09  1.847E-09  8.020E-04  8.020E-04
   229  1.5000E-01  1.389E-09  1.389E-09  6.717E-04  6.717E-04
   230  1.2500E-01  9.836E-10  9.836E-10  5.441E-04  5.441E-04
   231  1.0000E-01  7.359E-10  7.359E-10  1.144E-03  1.144E-03
   232  9.0000E-02  6.014E-10  6.014E-10  1.017E-03  1.017E-03
   233  8.0000E-02  4.783E-10  4.783E-10  8.904E-04  8.904E-04
   234  7.0000E-02  3.672E-10  3.672E-10  7.645E-04  7.645E-04
   235  6.0000E-02  2.687E-10  2.687E-10  6.395E-04  6.395E-04
   236  5.0000E-02  1.840E-10  1.840E-10  5.156E-04  5.156E-04
   237  4.0000E-02  1.137E-10  1.137E-10  3.932E-04  3.932E-04
   238  3.0000E-02  7.266E-11  7.266E-11  6.530E-04  6.530E-04
   239  2.5300E-02  2.854E-11  2.854E-11  1.164E-04  1.164E-04
   240  1.0000E-02  7.786E-12  7.786E-12  3.591E-04  3.591E-04
   241  7.5000E-03  3.991E-12  3.991E-12  2.495E-04  2.495E-04
   242  5.0000E-03  2.105E-12  2.105E-12  4.449E-04  4.449E-04
   243  4.0000E-03  1.276E-12  1.276E-12  3.407E-04  3.407E-04
   244  3.0000E-03  7.912E-13  7.912E-13  5.314E-04  5.314E-04
   245  2.5000E-03  5.279E-13  5.279E-13  4.305E-04  4.305E-04
   246  2.0000E-03  3.164E-13  3.164E-13  3.306E-04  3.306E-04
   247  1.5000E-03  1.867E-13  1.867E-13  4.224E-04  4.224E-04
   248  1.2000E-03  1.225E-13  1.225E-13  5.136E-04  5.136E-04
   249  1.0000E-03  7.537E-14  7.537E-14  3.234E-04  3.234E-04
   250  7.5000E-04  3.627E-14  3.627E-14  2.276E-04  2.276E-04
   251  5.0000E-04  5.753E-15  5.753E-15  5.688E-05  5.688E-05
   252  1.0000E-04  4.802E-17  4.802E-17  3.862E-05  3.862E-05

 NOTE: Flux values above are per unit-lethargy.




  Collapsing cross-sections to specified 56-group format
 ******************************************************

  Creating library entitled: Cell-weighted cross-sections                                                                        


  Broad Group Parameters

  Group      Upper        Upper         Mid         Mid     Inv. Velocity   Fission
   No.    Energy (eV)   Lethargy    Energy (eV)   Lethargy      (s/cm)      Spectrum
     1    2.0000E+07  -6.9315E-01   0.0000E+00  -1.2608E-01   2.5851E-10   2.1151E-02
     2    6.4340E+06   4.4099E-01   0.0000E+00   6.4201E-01   3.1832E-10   7.4874E-02
     3    4.3040E+06   8.4304E-01   0.0000E+00   1.0235E+00   3.8116E-10   1.3092E-01
     4    3.0000E+06   1.2040E+00   0.0000E+00   1.4457E+00   4.7479E-10   2.2618E-01
     5    1.8500E+06   1.6874E+00   0.0000E+00   1.7923E+00   5.5931E-10   9.5776E-02
     6    1.5000E+06   1.8971E+00   0.0000E+00   2.0087E+00   6.2228E-10   9.1895E-02
     7    1.2000E+06   2.1203E+00   0.0000E+00   2.2862E+00   7.1745E-10   1.1221E-01
     8    8.6110E+05   2.4521E+00   0.0000E+00   2.5212E+00   8.0554E-10   3.7814E-02
     9    7.5000E+05   2.5903E+00   0.0000E+00   2.7018E+00   8.8001E-10   5.0901E-02
    10    6.0000E+05   2.8134E+00   0.0000E+00   2.9355E+00   9.8962E-10   4.3061E-02
    11    4.7000E+05   3.0576E+00   0.0000E+00   3.2344E+00   1.1418E-09   4.3728E-02
    12    3.3000E+05   3.4112E+00   0.0000E+00   3.5116E+00   1.3212E-09   1.7333E-02
    13    2.7000E+05   3.6119E+00   0.0000E+00   3.7620E+00   1.4982E-09   1.8673E-02
    14    2.0000E+05   3.9120E+00   0.0000E+00   4.6052E+00   2.3310E-09   3.0763E-02
    15    5.0000E+04   5.2983E+00   0.0000E+00   5.7565E+00   4.1164E-09   3.5066E-03
    16    2.0000E+04   6.2146E+00   0.0000E+00   6.2959E+00   5.3152E-09   2.6378E-04
    17    1.7000E+04   6.3771E+00   0.0000E+00   7.1342E+00   7.5634E-09   8.6061E-04
    18    3.7400E+03   7.8913E+00   0.0000E+00   8.1453E+00   1.3289E-08   5.3399E-05
    19    2.2500E+03   8.3994E+00   0.0000E+00   9.6313E+00   2.2218E-08   3.9031E-05
    20    1.9150E+02   1.0863E+01   0.0000E+00   1.0873E+01   5.2400E-08   7.6078E-09
    21    1.8770E+02   1.0883E+01   0.0000E+00   1.1117E+01   5.8606E-08   1.4046E-07
    22    1.1750E+02   1.1352E+01   0.0000E+00   1.1358E+01   6.6780E-08   2.9993E-09
    23    1.1600E+02   1.1365E+01   0.0000E+00   1.1414E+01   6.8715E-08   2.1991E-08
    24    1.0500E+02   1.1464E+01   0.0000E+00   1.1483E+01   7.1069E-08   7.5958E-09
    25    1.0120E+02   1.1501E+01   0.0000E+00   1.1703E+01   7.8641E-08   6.7331E-08
    26    6.7500E+01   1.1906E+01   0.0000E+00   1.1925E+01   8.8658E-08   4.9919E-09
    27    6.5000E+01   1.1944E+01   0.0000E+00   1.2224E+01   1.0200E-07   5.5607E-08
    28    3.7130E+01   1.2504E+01   0.0000E+00   1.2519E+01   1.1933E-07   2.2524E-09
    29    3.6000E+01   1.2535E+01   0.0000E+00   1.2787E+01   1.3359E-07   2.8390E-08
    30    2.1750E+01   1.3038E+01   0.0000E+00   1.3051E+01   1.5571E-07   1.0954E-09
    31    2.1200E+01   1.3064E+01   0.0000E+00   1.3081E+01   1.5803E-07   1.3941E-09
    32    2.0500E+01   1.3098E+01   0.0000E+00   1.3635E+01   1.9880E-07   2.6887E-08
    33    7.0000E+00   1.4172E+01   0.0000E+00   1.4181E+01   2.7395E-07   2.4895E-10
    34    6.8750E+00   1.4190E+01   0.0000E+00   1.4218E+01   2.7907E-07   7.4685E-10
    35    6.5000E+00   1.4246E+01   0.0000E+00   1.4266E+01   2.8581E-07   4.9790E-10
    36    6.2500E+00   1.4286E+01   0.0000E+00   1.4397E+01   3.0471E-07   2.4895E-09
    37    5.0000E+00   1.4509E+01   0.0000E+00   1.5252E+01   4.2353E-07   6.9195E-09
    38    1.1300E+00   1.5996E+01   0.0000E+00   1.6019E+01   6.8645E-07   1.0818E-12
    39    1.0800E+00   1.6041E+01   0.0000E+00   1.6075E+01   7.0591E-07   1.5146E-12
    40    1.0100E+00   1.6108E+01   0.0000E+00   1.6348E+01   8.0109E-07   8.3302E-12
    41    6.2500E-01   1.6588E+01   0.0000E+00   1.6752E+01   9.8817E-07   3.7865E-12
    42    4.5000E-01   1.6917E+01   0.0000E+00   1.7008E+01   1.1318E-06   1.6228E-12
    43    3.7500E-01   1.7099E+01   0.0000E+00   1.7133E+01   1.2019E-06   5.4092E-13
    44    3.5000E-01   1.7168E+01   0.0000E+00   1.7205E+01   1.2458E-06   5.4092E-13
    45    3.2500E-01   1.7242E+01   0.0000E+00   1.7373E+01   1.3512E-06   1.6228E-12
    46    2.5000E-01   1.7504E+01   0.0000E+00   1.7616E+01   1.5286E-06   1.0818E-12
    47    2.0000E-01   1.7728E+01   0.0000E+00   1.7871E+01   1.7357E-06   1.0818E-12
    48    1.5000E-01   1.8015E+01   0.0000E+00   1.8218E+01   2.0590E-06   1.0818E-12
    49    1.0000E-01   1.8421E+01   0.0000E+00   1.8532E+01   2.4097E-06   4.3274E-13
    50    8.0000E-02   1.8644E+01   0.0000E+00   1.8788E+01   2.7336E-06   4.3274E-13
    51    6.0000E-02   1.8932E+01   0.0000E+00   1.9023E+01   3.0870E-06   2.1637E-13
    52    5.0000E-02   1.9114E+01   0.0000E+00   1.9225E+01   3.4157E-06   2.1637E-13
    53    4.0000E-02   1.9337E+01   0.0000E+00   1.9566E+01   4.0069E-06   3.1806E-13
    54    2.5300E-02   1.9795E+01   0.0000E+00   2.0259E+01   5.6007E-06   3.3104E-13
    55    1.0000E-02   2.0723E+01   0.0000E+00   2.1181E+01   8.5930E-06   0.0000E+00
    56    4.0000E-03   2.1640E+01   0.0000E+00   2.4635E+01   1.5060E-05   0.0000E+00
    57    1.0000E-05   2.7631E+01


  Cell Averaged Fluxes

  Mixture  Group  1      Group  2      Group  3      Group  4      Group  5      Group  6      Group  7      Group  8

     0    0.00000E+00   0.00000E+00   0.00000E+00   0.00000E+00   0.00000E+00   0.00000E+00   0.00000E+00   0.00000E+00
     1    1.27979E-04   4.64083E-04   9.35338E-04   1.93998E-03   1.00997E-03   1.12316E-03   1.90537E-03   8.91341E-04
     2    1.83781E-05   5.98907E-05   1.38644E-04   3.64930E-04   2.20990E-04   2.54757E-04   4.78398E-04   2.60724E-04
     3    2.97333E-07   9.68703E-07   2.61829E-06   6.88848E-06   4.64314E-06   4.67034E-06   1.47143E-05   8.43061E-06
  Total   2.65317E-05   9.54105E-05   1.94683E-04   4.13098E-04   2.19125E-04   2.44300E-04   4.24157E-04   2.03463E-04


  Mixture  Group  9      Group 10      Group 11      Group 12      Group 13      Group 14      Group 15      Group 16

     0    0.00000E+00   0.00000E+00   0.00000E+00   0.00000E+00   0.00000E+00   0.00000E+00   0.00000E+00   0.00000E+00
     1    1.47488E-03   1.37043E-03   1.08654E-03   3.56774E-04   7.52632E-04   6.43469E-03   2.82105E-03   2.68261E-04
     2    4.74567E-04   4.89393E-04   4.50123E-04   1.17587E-04   2.57109E-04   3.28556E-03   1.69503E-03   2.21902E-04
     3    1.38339E-05   1.46820E-05   1.61137E-05   9.03333E-06   1.27734E-05   7.73051E-05   4.19705E-05   5.52538E-06
  Total   3.41203E-04   3.23507E-04   2.66284E-04   8.68314E-05   1.79730E-04   1.63060E-03   7.47808E-04   7.86886E-05


  Mixture  Group 17      Group 18      Group 19      Group 20      Group 21      Group 22      Group 23      Group 24

     0    0.00000E+00   0.00000E+00   0.00000E+00   0.00000E+00   0.00000E+00   0.00000E+00   0.00000E+00   0.00000E+00
     1    1.19834E-03   1.03505E-04   8.94668E-05   4.42716E-08   9.32379E-07   1.79691E-08   7.08495E-08   4.28261E-08
     2    1.27467E-03   1.72529E-04   2.26829E-04   3.40525E-07   5.32991E-06   1.04775E-07   6.95037E-07   2.56277E-07
     3    3.40911E-05   3.19144E-06   2.17286E-06   7.40993E-10   1.08275E-08   1.79987E-10   1.18457E-09   4.04507E-10
  Total   3.88459E-04   4.04091E-05   4.28346E-05   4.53984E-08   7.55603E-07   1.47621E-08   8.87179E-08   3.58683E-08


  Mixture  Group 25      Group 26      Group 27      Group 28      Group 29      Group 30      Group 31      Group 32

     0    0.00000E+00   0.00000E+00   0.00000E+00   0.00000E+00   0.00000E+00   0.00000E+00   0.00000E+00   0.00000E+00
     1    2.46649E-07   1.96535E-08   1.56642E-07   4.99022E-09   4.10966E-08   4.50343E-10   9.68497E-10   2.14521E-08
     2    2.11448E-06   1.43600E-07   1.43010E-06   5.45634E-08   5.97125E-07   1.05284E-08   2.24894E-08   3.84017E-07
     3    3.02661E-09   1.78811E-10   1.54393E-09   4.90371E-11   4.78232E-10   6.92244E-12   1.23929E-11   1.99237E-10
  Total   2.75417E-07   1.92379E-08   1.83984E-07   6.82504E-09   7.20781E-08   1.21761E-09   2.60046E-09   4.53308E-08


  Mixture  Group 33      Group 34      Group 35      Group 36      Group 37      Group 38      Group 39      Group 40

     0    0.00000E+00   0.00000E+00   0.00000E+00   0.00000E+00   0.00000E+00   0.00000E+00   0.00000E+00   0.00000E+00
     1    4.15445E-11   1.29249E-10   2.02332E-10   1.24085E-09   2.61532E-09   1.48757E-11   2.23006E-11   1.34203E-10
     2    2.97337E-09   8.81749E-09   5.82069E-09   2.81393E-08   7.30555E-08   6.79160E-10   9.31956E-10   4.66786E-09
     3    1.10985E-12   3.23183E-12   2.07682E-12   9.41164E-12   1.78312E-11   9.88392E-14   1.31826E-13   5.83322E-13
  Total   3.26980E-10   9.70763E-10   6.63058E-10   3.25502E-09   8.33069E-09   7.56031E-11   1.04101E-10   5.25635E-10


  Mixture  Group 41      Group 42      Group 43      Group 44      Group 45      Group 46      Group 47      Group 48

     0    0.00000E+00   0.00000E+00   0.00000E+00   0.00000E+00   0.00000E+00   0.00000E+00   0.00000E+00   0.00000E+00
     1    5.03960E-11   1.75987E-11   5.25005E-12   4.91206E-12   1.25626E-11   6.43954E-12   4.96917E-12   3.47731E-12
     2    1.79588E-09   6.87221E-10   2.15506E-10   2.07862E-10   5.71976E-10   3.31312E-10   2.82605E-10   2.24188E-10
     3    1.81259E-13   6.06325E-14   1.78068E-14   1.65664E-14   4.20599E-14   2.15203E-14   1.61725E-14   1.08382E-14
  Total   2.01964E-10   7.69574E-11   2.40811E-11   2.31976E-11   6.36492E-11   3.67070E-11   3.12093E-11   2.46683E-11


  Mixture  Group 49      Group 50      Group 51      Group 52      Group 53      Group 54      Group 55      Group 56

     0    0.00000E+00   0.00000E+00   0.00000E+00   0.00000E+00   0.00000E+00   0.00000E+00   0.00000E+00   0.00000E+00
     1    9.34887E-13   6.69531E-13   2.40880E-13   1.82706E-13   1.71566E-13   7.56610E-14   7.71506E-15   8.75721E-16
     2    7.06451E-11   5.75238E-11   2.34520E-11   1.96841E-11   2.16751E-11   1.27787E-11   2.09593E-12   4.02954E-13
     3    2.88612E-15   2.07024E-15   7.45507E-16   5.65213E-16   5.31136E-16   2.33845E-16   2.34851E-17   2.61221E-18
  Total   7.74237E-12   6.28668E-12   2.55686E-12   2.14231E-12   2.35330E-12   1.38250E-12   2.25850E-13   4.33040E-14



  Flux Disadvantage Factors (material/total flux)

  Mixture  Group  1      Group  2      Group  3      Group  4      Group  5      Group  6      Group  7      Group  8

     0    0.00000E+00   0.00000E+00   0.00000E+00   0.00000E+00   0.00000E+00   0.00000E+00   0.00000E+00   0.00000E+00
     1    4.82364E+00   4.86407E+00   4.80441E+00   4.69617E+00   4.60913E+00   4.59749E+00   4.49213E+00   4.38086E+00
     2    6.92685E-01   6.27716E-01   7.12153E-01   8.83398E-01   1.00851E+00   1.04281E+00   1.12788E+00   1.28143E+00
     3    1.12067E-02   1.01530E-02   1.34490E-02   1.66752E-02   2.11895E-02   1.91173E-02   3.46908E-02   4.14356E-02
  Total   1.00000E+00   1.00000E+00   1.00000E+00   1.00000E+00   1.00000E+00   1.00000E+00   1.00000E+00   1.00000E+00


  Mixture  Group  9      Group 10      Group 11      Group 12      Group 13      Group 14      Group 15      Group 16

     0    0.00000E+00   0.00000E+00   0.00000E+00   0.00000E+00   0.00000E+00   0.00000E+00   0.00000E+00   0.00000E+00
     1    4.32259E+00   4.23615E+00   4.08038E+00   4.10881E+00   4.18758E+00   3.94621E+00   3.77243E+00   3.40914E+00
     2    1.39087E+00   1.51277E+00   1.69039E+00   1.35419E+00   1.43053E+00   2.01494E+00   2.26666E+00   2.82000E+00
     3    4.05445E-02   4.53838E-02   6.05133E-02   1.04033E-01   7.10702E-02   4.74089E-02   5.61247E-02   7.02183E-02
  Total   1.00000E+00   1.00000E+00   1.00000E+00   1.00000E+00   1.00000E+00   1.00000E+00   1.00000E+00   1.00000E+00


  Mixture  Group 17      Group 18      Group 19      Group 20      Group 21      Group 22      Group 23      Group 24

     0    0.00000E+00   0.00000E+00   0.00000E+00   0.00000E+00   0.00000E+00   0.00000E+00   0.00000E+00   0.00000E+00
     1    3.08487E+00   2.56142E+00   2.08866E+00   9.75181E-01   1.23395E+00   1.21725E+00   7.98594E-01   1.19398E+00
     2    3.28135E+00   4.26957E+00   5.29547E+00   7.50081E+00   7.05385E+00   7.09758E+00   7.83424E+00   7.14494E+00
     3    8.77600E-02   7.89782E-02   5.07268E-02   1.63220E-02   1.43296E-02   1.21925E-02   1.33521E-02   1.12776E-02
  Total   1.00000E+00   1.00000E+00   1.00000E+00   1.00000E+00   1.00000E+00   1.00000E+00   1.00000E+00   1.00000E+00


  Mixture  Group 25      Group 26      Group 27      Group 28      Group 29      Group 30      Group 31      Group 32

     0    0.00000E+00   0.00000E+00   0.00000E+00   0.00000E+00   0.00000E+00   0.00000E+00   0.00000E+00   0.00000E+00
     1    8.95547E-01   1.02160E+00   8.51388E-01   7.31164E-01   5.70167E-01   3.69857E-01   3.72432E-01   4.73234E-01
     2    7.67739E+00   7.46441E+00   7.77294E+00   7.99459E+00   8.28442E+00   8.64676E+00   8.64822E+00   8.47145E+00
     3    1.09892E-02   9.29469E-03   8.39163E-03   7.18488E-03   6.63492E-03   5.68525E-03   4.76567E-03   4.39519E-03
  Total   1.00000E+00   1.00000E+00   1.00000E+00   1.00000E+00   1.00000E+00   1.00000E+00   1.00000E+00   1.00000E+00


  Mixture  Group 33      Group 34      Group 35      Group 36      Group 37      Group 38      Group 39      Group 40

     0    0.00000E+00   0.00000E+00   0.00000E+00   0.00000E+00   0.00000E+00   0.00000E+00   0.00000E+00   0.00000E+00
     1    1.27055E-01   1.33142E-01   3.05149E-01   3.81212E-01   3.13938E-01   1.96760E-01   2.14222E-01   2.55315E-01
     2    9.09344E+00   9.08305E+00   8.77855E+00   8.64491E+00   8.76944E+00   8.98322E+00   8.95245E+00   8.88042E+00
     3    3.39423E-03   3.32917E-03   3.13218E-03   2.89143E-03   2.14042E-03   1.30734E-03   1.26633E-03   1.10975E-03
  Total   1.00000E+00   1.00000E+00   1.00000E+00   1.00000E+00   1.00000E+00   1.00000E+00   1.00000E+00   1.00000E+00


  Mixture  Group 41      Group 42      Group 43      Group 44      Group 45      Group 46      Group 47      Group 48

     0    0.00000E+00   0.00000E+00   0.00000E+00   0.00000E+00   0.00000E+00   0.00000E+00   0.00000E+00   0.00000E+00
     1    2.49530E-01   2.28682E-01   2.18015E-01   2.11748E-01   1.97373E-01   1.75431E-01   1.59221E-01   1.40963E-01
     2    8.89210E+00   8.92988E+00   8.94916E+00   8.96047E+00   8.98638E+00   9.02587E+00   9.05514E+00   9.08811E+00
     3    8.97482E-04   7.87871E-04   7.39449E-04   7.14142E-04   6.60808E-04   5.86274E-04   5.18193E-04   4.39359E-04
  Total   1.00000E+00   1.00000E+00   1.00000E+00   1.00000E+00   1.00000E+00   1.00000E+00   1.00000E+00   1.00000E+00


  Mixture  Group 49      Group 50      Group 51      Group 52      Group 53      Group 54      Group 55      Group 56

     0    0.00000E+00   0.00000E+00   0.00000E+00   0.00000E+00   0.00000E+00   0.00000E+00   0.00000E+00   0.00000E+00
     1    1.20750E-01   1.06500E-01   9.42095E-02   8.52843E-02   7.29044E-02   5.47275E-02   3.41601E-02   2.02227E-02
     2    9.12449E+00   9.15010E+00   9.17220E+00   9.18825E+00   9.21051E+00   9.24320E+00   9.28019E+00   9.30525E+00
     3    3.72770E-04   3.29305E-04   2.91572E-04   2.63833E-04   2.25698E-04   1.69146E-04   1.03986E-04   6.03227E-05
  Total   1.00000E+00   1.00000E+00   1.00000E+00   1.00000E+00   1.00000E+00   1.00000E+00   1.00000E+00   1.00000E+00



  Zone data

      Zone   Mix    Relative     Relative         Zone
       No.   No.      Flux     Fission Power     Volume
     -----------------------------------------------------------------
         1     3   7.80398E-03   0.00000E+00   4.63969E+03
         2     1   6.93827E-01   9.98321E-01   1.25664E+03
         3     2   2.98369E-01   1.67876E-03   7.06858E+02



module xsproc is finished. completion code 0.
Sequence T-Newt is finished. completion code 0.

    SCALE is finished on Tue May 29 10:25:08 2018.
-------------------------- Summary --------------------------
t-newt finished. used 304.08 seconds.
SCALE driver required a maximum of 1657 MiB of RAM.
------------------------ End Summary ------------------------

