 *******************************************************************************
 *                                                                             *
 *                                 SCALE 6.2.3                                 *
 *                                -------------                                *
 *                                  June 2018                                  *
 *                                                                             *
 *           SCALE:  A Comprehensive Modeling and Simulation Suite             *
 *                   for Nuclear Safety Analysis and Design                    *
 *                                                                             *
 *                      Reactor and Nuclear Systems Division                   *
 *                        Oak Ridge National Laboratory                        *
 *                                                                             *
 *                           http://scale.ornl.gov                             *
 *                            scalehelp@ornl.gov                               *
 *                                                                             *
 *******************************************************************************
 *******************************************************************************
      
                  Job Information
                  ---------------
      Job started on andrei2-HP-Notebook on Mon 11/06/2018 13:05:08
      Working directory: /tmp/scale.andrei2.30855
      Input file name  : /home/andrei2/Desktop/ornl/mcsfr/scale/quarter_cell.inp
      Output file name : /home/andrei2/Desktop/ornl/mcsfr/scale/quarter_cell.out
      SCALE executable : /home/andrei2/SCALE/SCALE-6.2.3/bin/scale
      
 *******************************************************************************
The following data cards precede an = card
      '#TestGrep# "k-eff [=]" ${OUTPUTFILENAME}
      '#TestGrep# "Transport k[=]" ${OUTPUTFILENAME}
      '#TestGrep# -i "erro[r]" ${OUTPUTFILENAME} | ${GREP} -v "[W]arnings and [E]rrors"
      '#TestGrep# "SCALE is finishe[d]" ${OUTPUTFILENAME} | ${AWK} "{print $1,$2,$3}"
      '#TestGrep# "is finishe[d]\." ${OUTPUTFILENAME} | ${AWK} "{print $1,$2,$3,$4,$5,$6,$7}"
      ' THIS SAMPLE PROBLEM TEST THE FOLLOWING: 
      '  ** t-newt sequence
      '  ** v7-252 group library
      '  ** centrm cross-section processing (default for t-newt calculations)
      '  ** parm=weight option for the t-newt sequence, which uses the NEWT collapse block to specify a 252 -> 56 group collapse.
      '  ** latticecell cross-section processing option


    module t-newt will be called on Mon Jun 11 13:05:10 2018.
    sequence specification record:=t-newt      parm=(2region,weight)
Input Data:

      MSFR unit cell model
      v7-238
      read comp 
      ' fuel salt
        wtptfuel  1 3.2882 5 92235 0.11865598 92238 47.949392 94239 6.183383 11023 7.8554704 17037 37.893099 1.0 1008 end
      ' fertile salt
        wtptblank 2 3.2882 4 92235 0.13389018 92238 54.105599 11023 7.8575209 17037 37.90299 1.0 923 end
      ' Structural material
        wtpthast  3 8.671 4 28000 72.0 42000 16.0 24000 7.0 26000 5.0 1.0 923 end
      end comp
      read celldata
        latticecell squarepitch pitch=236.0 3 fuelr=98.50 1 cladr=118.0 2 end
      end celldata
      read model
      238 group solution
      read parm
      'dz=188.0
      drawit=yes prtbroad=yes cmfd=3 xycmfd=2 sn=12 converge=mix echo=yes inners=2 epsilon=1e-3
      timed=yes prtmxsec=no prtmxtab=yes prthmmix=no
      end parm
      read materials
        mix=1  pn=1 com="Fuel salt" end
        mix=2  pn=1 com="Fertile salt"    end
        mix=3  pn=1 com="Structural material"       end
      end materials
      read geom
        global unit 1
          cylinder 10 98.50  chord +x=0 chord +y=0 sides=128
          cylinder 20 118.00 chord +x=0 chord +y=0 sides=128
          cuboid   30 118. 0. 118. 0.
          media 1 1 10
          media 2 1 20 -10
          media 3 1 30 -20
        boundary 30 32 32
      end geom 
      ' Depletion
      
      
      read bounds
      all=mirror
      end bounds
      end model
end




************************************************************************************************************************************
************************************************************************************************************************************
************************************************************************************************************************************
*****                                                                                                                          *****
*****                                             program verification information                                             *****
*****                                                                                                                          *****
*****                                           code system: SCALE   version: 6.2.0                                            *****
*****                                                                                                                          *****
************************************************************************************************************************************
************************************************************************************************************************************
*****                                                                                                                          *****
*****                                                                                                                          *****
*****                      program:  t-newt                                                                                    *****
*****                                                                                                                          *****
*****                      version:  6.2.3 (602003)                                                                            *****
*****                                                                                                                          *****
*****                     username:  andrei2                                                                                   *****
*****                                                                                                                          *****
*****                     hostname:  andrei2-HP-Notebook                                                                       *****
*****                                                                                                                          *****
*****                                                                                                                          *****
*****            date of execution:  2018-06-11                                                                                *****
*****                                                                                                                          *****
*****            time of execution:  13:05:11                                                                                  *****
*****                                                                                                                          *****
************************************************************************************************************************************
************************************************************************************************************************************
************************************************************************************************************************************




 'dz=188.0

 ' Depletion
------------------------------------------------------------------------------------------------------------------------------------

                          238 group solution                                                              

------------------------------------------------------------------------------------------------------------------------------------



1         ***********************
          ***********************
          **  Control Options  **
          ***********************
          ***********************

 Run problem to completion/test input only          run=           yes
 Weighted cross-section collapse/do not collapse    collapse=       no
 Source acceleration on/off                         accel=          no
 Restart from earlier case/begin new case           restart=        no
 CMFD acceleration (0/1/2/3 = no/rect/yes/part)     cmfd=          3
 Number of fine mesh base grid/coarse grid in X     xcmfd=           2
 Number of fine mesh base grid/coarse grid in Y     ycmfd=           2
 CMFD Multigroup solution only (no 2g)              cmfd2g=         no
 Create restart file upon completion                savrest=       yes
 Calculation type:                                  eigenvalue                      
 Forward/adjoint solution                           forward=       yes

1         **********************
          **********************
          **  Output Options  **
          **********************
          **********************

 Print micro. cross-sections for problem nuclides   prtxsec=        no
 Print macro. cross-sections for mixtures           prtmxsec=       no
 Print balance table                                prtbalnc=       no
 Print mixing table                                 prtmxtab=      yes
 Print postscript graphics file for fluxes          prtflux=        no
 Print postscript grid/mixture geometry graphics    drawit=        yes
 Print broad-group fluxes                           prtbroad=      yes
 Echo convergence tracking data to std. output      echo=          yes

1         ***************************
          ***************************
          ** I/O Unit Assignments  **
          ***************************
          ***************************

 Unit no. for mixing table                          mixtab=         92
 Unit no. of working library                        xnlib=           4
 Unit no. for weighted broad-group library          wtdlib=         30
 Unit no. for homogenized macroscopic x-sect. lib.  hmoglib=        13

1         *************************
          *************************
          ** Convergence Control **
          *************************
          *************************

 Quadrature order                                   sn=             12
 Maximum no. of inner itrs./outer/energy group      inners=          2
 Maximum no. of outer energy groups                 outers=          250
 Performing thermal group subouter iterations       therm=         yes
 Maximum no. of thermal group subouter itrs./outer  suboutrs=        2
 Convergence criterion on inner iterations          epsinner= 1.00E-03
 Convergence criterion on subouter iterations       epsthrm=  1.00E-03
 Convergence criterion on outer iterations          epsouter= 1.00E-03
 Convergence criterion on eigenvalue                epseigen= 1.00E-03
 First guess for eigenvalue (k-eff)                 kguess=       1.000

1         *****************************
          *****************************
          ** Geometry Specifications **
          *****************************
          *****************************

 Left side x-coordinate                             xmin=  0.00000E+00
 Right side x-coordinate                            xmax=  1.18000E+02
 Bottom side y-coordinate                           ymin=  0.00000E+00
 Top side y-coordinate                              ymax=  1.18000E+02
 Number of subdivisions in x direction              nx=             32
 Number of subdivisions in y direction              ny=             32

 Boundary Conditions (0/1/2/3=vacuum/reflective/white/periodic):
 Left (West)          wbc=         1
 Right (East)         ebc=         1
 Bottom (South)       sbc=         1
 Top (North)          nbc=         1

  Body Characteristics.  Rotation angle in degrees counterclockwise.
  Size parameters. cyl: A=radius, B=no. of sides. cub: A=width, B=height. hex: A(B)=major(minor) radius.
  Body  Input  Zone    Subdiv      --Center--      Size Parameters   Rotation   Chord
  Type  Unit   Number  nx  ny      x        y        A        B      Angle      Information
  ----  -----  -----  --- ---   ------   ------    -----    ------   --------   -----------
 cub     1     1      32  32   59.000   59.000  118.000  118.000    0.000
 cyl     1     2       0   0    0.000    0.000   98.500  128.000    0.000      +x=  0.000      +y=  0.000
 cyl     1     3       0   0    0.000    0.000  118.000  128.000    0.000      +x=  0.000      +y=  0.000

1         *****************************
          *****************************
          ** Material Specifications **
          *****************************
          *****************************

 Mat'l No.   SCALE ID   Pn order   External source ID   Description (if any)
    1          1           1               0           fuel salt
    2          2           1               0           fertile salt
    3          3           1               0           structural material

1         ************************
          ************************
          ** Derived Parameters **
          ************************
          ************************

 Total number of energy groups                      numen=         238
 Number of neutron groups                           igm=           238
 Number of gamma groups                             ipm=             0
 First thermal energy group                         iftg=          149
 Mixing table length                                nmix=            29
 Number of mixtures created                         nummat=          4
 Number of computational cells                      numcells=     1140
 Number of computational surfaces (sides)           numlines=     2408
 Combine small grid cells together                  combine=no
 Average number of sides/cell                       avnosides=     4.11
 Minimum number of sides/cell                       mnnosides=       5
 Maximum number of sides/cell                       mxnosides=       6
 Number of angles in quadrature set                 ndir=           84
 Maximum order of Legendre scattering               maxpn=           1
 Number of flux moments                             nmom             3

1         *****************************
          *****************************
          ** Energy Group Structures **
          *****************************
          *****************************

 Energy   Energy      Lethargy        
 Group  Boundaries   Boundaries       
  No.      (eV)                      
   1   2.00000E+07 -6.93147E-01                  120   2.10000E+01  1.30736E+01
   2   1.73330E+07 -5.50027E-01                  121   2.00000E+01  1.31224E+01
   3   1.56830E+07 -4.49992E-01                  122   1.90000E+01  1.31737E+01
   4   1.45500E+07 -3.75006E-01                  123   1.85000E+01  1.32003E+01
   5   1.38400E+07 -3.24978E-01                  124   1.70000E+01  1.32849E+01
   6   1.28400E+07 -2.49980E-01                  125   1.60000E+01  1.33455E+01
   7   1.00000E+07  0.00000E+00                  126   1.50999E+01  1.34034E+01
   8   8.18730E+06  2.00001E-01                  127   1.44000E+01  1.34509E+01
   9   6.43400E+06  4.40989E-01                  128   1.37500E+01  1.34971E+01
  10   4.80000E+06  7.33969E-01                  129   1.29000E+01  1.35609E+01
  11   4.30400E+06  8.43040E-01                  130   1.19000E+01  1.36416E+01
  12   3.00000E+06  1.20397E+00                  131   1.15000E+01  1.36757E+01
  13   2.47900E+06  1.39473E+00                  132   1.00000E+01  1.38155E+01
  14   2.35400E+06  1.44647E+00                  133   9.09999E+00  1.39098E+01
  15   1.85000E+06  1.68740E+00                  134   8.09999E+00  1.40262E+01
  16   1.50000E+06  1.89712E+00                  135   7.15000E+00  1.41510E+01
  17   1.40000E+06  1.96611E+00                  136   7.00000E+00  1.41722E+01
  18   1.35600E+06  1.99805E+00                  137   6.75000E+00  1.42086E+01
  19   1.31700E+06  2.02723E+00                  138   6.50000E+00  1.42463E+01
  20   1.25000E+06  2.07944E+00                  139   6.25000E+00  1.42855E+01
  21   1.20000E+06  2.12026E+00                  140   6.00000E+00  1.43263E+01
  22   1.10000E+06  2.20727E+00                  141   5.40000E+00  1.44317E+01
  23   1.01000E+06  2.29263E+00                  142   5.00000E+00  1.45087E+01
  24   9.20000E+05  2.38597E+00                  143   4.75000E+00  1.45600E+01
  25   9.00000E+05  2.40795E+00                  144   4.00000E+00  1.47318E+01
  26   8.75000E+05  2.43612E+00                  145   3.73000E+00  1.48017E+01
  27   8.61100E+05  2.45213E+00                  146   3.50000E+00  1.48653E+01
  28   8.20000E+05  2.50104E+00                  147   3.15000E+00  1.49707E+01
  29   7.50000E+05  2.59027E+00                  148   3.04999E+00  1.50030E+01
  30   6.79000E+05  2.68972E+00                  149   3.00000E+00  1.50195E+01
  31   6.70000E+05  2.70306E+00                  150   2.96999E+00  1.50295E+01
  32   6.00000E+05  2.81341E+00                  151   2.87000E+00  1.50638E+01
  33   5.73000E+05  2.85945E+00                  152   2.77000E+00  1.50992E+01
  34   5.50000E+05  2.90042E+00                  153   2.66999E+00  1.51360E+01
  35   4.99520E+05  2.99669E+00                  154   2.57000E+00  1.51742E+01
  36   4.70000E+05  3.05761E+00                  155   2.46999E+00  1.52139E+01
  37   4.40000E+05  3.12357E+00                  156   2.37999E+00  1.52510E+01
  38   4.20000E+05  3.17009E+00                  157   2.29999E+00  1.52852E+01
  39   4.00000E+05  3.21888E+00                  158   2.20999E+00  1.53251E+01
  40   3.30000E+05  3.41125E+00                  159   2.12000E+00  1.53667E+01
  41   2.70000E+05  3.61192E+00                  160   2.00000E+00  1.54249E+01
  42   2.00000E+05  3.91202E+00                  161   1.94000E+00  1.54554E+01
  43   1.50000E+05  4.19971E+00                  162   1.86000E+00  1.54975E+01
  44   1.28300E+05  4.35597E+00                  163   1.77000E+00  1.55471E+01
  45   1.00000E+05  4.60517E+00                  164   1.67999E+00  1.55993E+01
  46   8.50000E+04  4.76769E+00                  165   1.58999E+00  1.56544E+01
  47   8.20000E+04  4.80362E+00                  166   1.50000E+00  1.57126E+01
  48   7.50000E+04  4.89285E+00                  167   1.45000E+00  1.57465E+01
  49   7.30000E+04  4.91988E+00                  168   1.40000E+00  1.57816E+01
  50   6.00000E+04  5.11600E+00                  169   1.34999E+00  1.58180E+01
  51   5.20000E+04  5.25910E+00                  170   1.29999E+00  1.58557E+01
  52   5.00000E+04  5.29832E+00                  171   1.25000E+00  1.58950E+01
  53   4.50000E+04  5.40368E+00                  172   1.22499E+00  1.59152E+01
  54   3.00000E+04  5.80914E+00                  173   1.20000E+00  1.59358E+01
  55   2.50000E+04  5.99146E+00                  174   1.17499E+00  1.59568E+01
  56   1.70000E+04  6.37713E+00                  175   1.15000E+00  1.59783E+01
  57   1.30000E+04  6.64539E+00                  176   1.13999E+00  1.59871E+01
  58   9.50000E+03  6.95905E+00                  177   1.12999E+00  1.59959E+01
  59   8.03000E+03  7.12716E+00                  178   1.12000E+00  1.60048E+01
  60   6.00000E+03  7.41858E+00                  179   1.11000E+00  1.60137E+01
  61   3.90000E+03  7.84936E+00                  180   1.09999E+00  1.60228E+01
  62   3.74000E+03  7.89125E+00                  181   1.08999E+00  1.60319E+01
  63   3.00000E+03  8.11173E+00                  182   1.08000E+00  1.60411E+01
  64   2.58000E+03  8.26255E+00                  183   1.07000E+00  1.60504E+01
  65   2.29000E+03  8.38179E+00                  184   1.05999E+00  1.60598E+01
  66   2.20000E+03  8.42188E+00                  185   1.04999E+00  1.60693E+01
  67   1.80000E+03  8.62255E+00                  186   1.04000E+00  1.60789E+01
  68   1.55000E+03  8.77209E+00                  187   1.03000E+00  1.60885E+01
  69   1.50000E+03  8.80488E+00                  188   1.02000E+00  1.60983E+01
  70   1.15000E+03  9.07058E+00                  189   1.00999E+00  1.61082E+01
  71   9.50000E+02  9.26163E+00                  190   1.00000E+00  1.61181E+01
  72   6.83000E+02  9.59160E+00                  191   9.75000E-01  1.61434E+01
  73   6.70000E+02  9.61082E+00                  192   9.50000E-01  1.61694E+01
  74   5.50000E+02  9.80818E+00                  193   9.25000E-01  1.61961E+01
  75   3.05000E+02  1.03978E+01                  194   9.00000E-01  1.62235E+01
  76   2.85000E+02  1.04656E+01                  195   8.50000E-01  1.62806E+01
  77   2.40000E+02  1.06375E+01                  196   8.00000E-01  1.63412E+01
  78   2.10000E+02  1.07710E+01                  197   7.50000E-01  1.64058E+01
  79   2.07500E+02  1.07830E+01                  198   7.00000E-01  1.64748E+01
  80   1.92500E+02  1.08580E+01                  199   6.50000E-01  1.65489E+01
  81   1.86000E+02  1.08923E+01                  200   6.25000E-01  1.65881E+01
  82   1.22000E+02  1.13141E+01                  201   6.00000E-01  1.66289E+01
  83   1.19000E+02  1.13390E+01                  202   5.50000E-01  1.67159E+01
  84   1.15000E+02  1.13732E+01                  203   5.00000E-01  1.68112E+01
  85   1.08000E+02  1.14360E+01                  204   4.50000E-01  1.69166E+01
  86   1.00000E+02  1.15129E+01                  205   4.00000E-01  1.70344E+01
  87   9.00000E+01  1.16183E+01                  206   3.75000E-01  1.70989E+01
  88   8.20000E+01  1.17114E+01                  207   3.50000E-01  1.71679E+01
  89   8.00000E+01  1.17361E+01                  208   3.25000E-01  1.72420E+01
  90   7.60000E+01  1.17874E+01                  209   3.00000E-01  1.73221E+01
  91   7.20000E+01  1.18414E+01                  210   2.75000E-01  1.74091E+01
  92   6.75000E+01  1.19060E+01                  211   2.50000E-01  1.75044E+01
  93   6.50000E+01  1.19437E+01                  212   2.25000E-01  1.76098E+01
  94   6.10000E+01  1.20072E+01                  213   2.00000E-01  1.77275E+01
  95   5.90000E+01  1.20406E+01                  214   1.75000E-01  1.78611E+01
  96   5.34000E+01  1.21403E+01                  215   1.50000E-01  1.80152E+01
  97   5.20000E+01  1.21669E+01                  216   1.25000E-01  1.81975E+01
  98   5.06000E+01  1.21941E+01                  217   1.00000E-01  1.84207E+01
  99   4.92000E+01  1.22222E+01                  218   9.00000E-02  1.85260E+01
 100   4.83000E+01  1.22407E+01                  219   8.00000E-02  1.86438E+01
 101   4.70000E+01  1.22679E+01                  220   7.00000E-02  1.87774E+01
 102   4.52000E+01  1.23070E+01                  221   6.00000E-02  1.89315E+01
 103   4.40000E+01  1.23339E+01                  222   5.00000E-02  1.91138E+01
 104   4.24000E+01  1.23709E+01                  223   4.00000E-02  1.93370E+01
 105   4.10000E+01  1.24045E+01                  224   3.00000E-02  1.96247E+01
 106   3.96000E+01  1.24393E+01                  225   2.53000E-02  1.97950E+01
 107   3.91000E+01  1.24520E+01                  226   1.00000E-02  2.07233E+01
 108   3.80000E+01  1.24805E+01                  227   7.50000E-03  2.10109E+01
 109   3.70000E+01  1.25072E+01                  228   5.00000E-03  2.14164E+01
 110   3.55000E+01  1.25486E+01                  229   4.00000E-03  2.16396E+01
 111   3.46000E+01  1.25742E+01                  230   3.00000E-03  2.19272E+01
 112   3.37500E+01  1.25991E+01                  231   2.50000E-03  2.21096E+01
 113   3.32500E+01  1.26140E+01                  232   2.00000E-03  2.23327E+01
 114   3.17500E+01  1.26602E+01                  233   1.50000E-03  2.26204E+01
 115   3.12500E+01  1.26761E+01                  234   1.20000E-03  2.28435E+01
 116   3.00000E+01  1.27169E+01                  235   1.00000E-03  2.30259E+01
 117   2.75000E+01  1.28039E+01                  236   7.50000E-04  2.33135E+01
 118   2.50000E+01  1.28992E+01                  237   5.00000E-04  2.37190E+01
 119   2.25000E+01  1.30046E+01                  238   1.00000E-04  2.53284E+01
                                                 239   1.00000E-05  2.76310E+01

1         ***************************
          ***************************
          ** Quadrature Parameters **
          ***************************
          ***************************

 Quadrature angles and weights for first quadrant:
 ( 21 angles/quadrant for S-12 quadrature.)

 Angle No.    Mu                  Eta                Weight       Angle in x-y   Elevation
                                                                 plane (degrees) (degrees)
    1    1.53957460D-01      1.53957460D-01      1.83304450D-02       45.00        77.42
    2    4.57691120D-01      1.53957460D-01      1.31668500D-02       18.59        61.13
    3    6.28696600D-01      1.53957460D-01      1.04037375D-02       13.76        49.66
    4    7.62258280D-01      1.53957460D-01      1.04037375D-02       11.42        38.95
    5    8.75680270D-01      1.53957460D-01      1.31668500D-02        9.97        27.24
    6    9.76009320D-01      1.53957460D-01      1.83304450D-02        8.96         8.86
    7    1.53957460D-01      4.57691120D-01      1.31668500D-02       71.41        61.13
    8    4.57691120D-01      4.57691120D-01      9.73916750D-03       45.00        49.66
    9    6.28696600D-01      4.57691120D-01      8.12254500D-03       36.05        38.95
   10    7.62258280D-01      4.57691120D-01      9.73916750D-03       30.98        27.24
   11    8.75680270D-01      4.57691120D-01      1.31668500D-02       27.59         8.86
   12    1.53957460D-01      6.28696600D-01      1.04037375D-02       76.24        49.66
   13    4.57691120D-01      6.28696600D-01      8.12254500D-03       53.95        38.95
   14    6.28696600D-01      6.28696600D-01      8.12254500D-03       45.00        27.24
   15    7.62258280D-01      6.28696600D-01      1.04037375D-02       39.52         8.86
   16    1.53957460D-01      7.62258280D-01      1.04037375D-02       78.58        38.95
   17    4.57691120D-01      7.62258280D-01      9.73916750D-03       59.02        27.24
   18    6.28696600D-01      7.62258280D-01      1.04037375D-02       50.48         8.86
   19    1.53957460D-01      8.75680270D-01      1.31668500D-02       80.03        27.24
   20    4.57691120D-01      8.75680270D-01      1.31668500D-02       62.41         8.86
   21    1.53957460D-01      9.76009320D-01      1.83304450D-02       81.04         8.86


1         **********************************
          **********************************
          ** Quadrature Reflection Angles **
          **********************************
          **********************************
                (Angles are in degrees)

       42 primary   (incoming) angles on each side.
       42 reflected (outgoing) angles on each side.

  Side No. (slope)   Direction No. Primary angle (slope/elevation) Reflecting Angle (slope/elevation)

      1  (   0.00)       1             1  (  45.00/  77.42)           64  ( -45.00/  77.42)
                         2             2  (  18.59/  61.13)           65  ( -18.59/  61.13)
                         3             3  (  13.76/  49.66)           66  ( -13.76/  49.66)
                         4             4  (  11.42/  38.95)           67  ( -11.42/  38.95)
                         5             5  (   9.97/  27.24)           68  (  -9.97/  27.24)
                         6             6  (   8.96/   8.86)           69  (  -8.96/   8.86)
                         7             7  (  71.41/  61.13)           70  ( -71.41/  61.13)
                         8             8  (  45.00/  49.66)           71  ( -45.00/  49.66)
                         9             9  (  36.05/  38.95)           72  ( -36.05/  38.95)
                        10            10  (  30.98/  27.24)           73  ( -30.98/  27.24)
                        11            11  (  27.59/   8.86)           74  ( -27.59/   8.86)
                        12            12  (  76.24/  49.66)           75  ( -76.24/  49.66)
                        13            13  (  53.95/  38.95)           76  ( -53.95/  38.95)
                        14            14  (  45.00/  27.24)           77  ( -45.00/  27.24)
                        15            15  (  39.52/   8.86)           78  ( -39.52/   8.86)
                        16            16  (  78.58/  38.95)           79  ( -78.58/  38.95)
                        17            17  (  59.02/  27.24)           80  ( -59.02/  27.24)
                        18            18  (  50.48/   8.86)           81  ( -50.48/   8.86)
                        19            19  (  80.03/  27.24)           82  ( -80.03/  27.24)
                        20            20  (  62.41/   8.86)           83  ( -62.41/   8.86)
                        21            21  (  81.04/   8.86)           84  ( -81.04/   8.86)
                        22            22  ( 135.00/  77.42)           43  (-135.00/  77.42)
                        23            23  ( 161.41/  61.13)           44  (-161.41/  61.13)
                        24            24  ( 166.24/  49.66)           45  (-166.24/  49.66)
                        25            25  ( 168.58/  38.95)           46  (-168.58/  38.95)
                        26            26  ( 170.03/  27.24)           47  (-170.03/  27.24)
                        27            27  ( 171.04/   8.86)           48  (-171.04/   8.86)
                        28            28  ( 108.59/  61.13)           49  (-108.59/  61.13)
                        29            29  ( 135.00/  49.66)           50  (-135.00/  49.66)
                        30            30  ( 143.95/  38.95)           51  (-143.95/  38.95)
                        31            31  ( 149.02/  27.24)           52  (-149.02/  27.24)
                        32            32  ( 152.41/   8.86)           53  (-152.41/   8.86)
                        33            33  ( 103.76/  49.66)           54  (-103.76/  49.66)
                        34            34  ( 126.05/  38.95)           55  (-126.05/  38.95)
                        35            35  ( 135.00/  27.24)           56  (-135.00/  27.24)
                        36            36  ( 140.48/   8.86)           57  (-140.48/   8.86)
                        37            37  ( 101.42/  38.95)           58  (-101.42/  38.95)
                        38            38  ( 120.98/  27.24)           59  (-120.98/  27.24)
                        39            39  ( 129.52/   8.86)           60  (-129.52/   8.86)
                        40            40  (  99.97/  27.24)           61  ( -99.97/  27.24)
                        41            41  ( 117.59/   8.86)           62  (-117.59/   8.86)
                        42            42  (  98.96/   8.86)           63  ( -98.96/   8.86)

      2  ( -90.00)       1             1  (  45.00/  77.42)           22  ( 135.00/  77.42)
                         2             2  (  18.59/  61.13)           23  ( 161.41/  61.13)
                         3             3  (  13.76/  49.66)           24  ( 166.24/  49.66)
                         4             4  (  11.42/  38.95)           25  ( 168.58/  38.95)
                         5             5  (   9.97/  27.24)           26  ( 170.03/  27.24)
                         6             6  (   8.96/   8.86)           27  ( 171.04/   8.86)
                         7             7  (  71.41/  61.13)           28  ( 108.59/  61.13)
                         8             8  (  45.00/  49.66)           29  ( 135.00/  49.66)
                         9             9  (  36.05/  38.95)           30  ( 143.95/  38.95)
                        10            10  (  30.98/  27.24)           31  ( 149.02/  27.24)
                        11            11  (  27.59/   8.86)           32  ( 152.41/   8.86)
                        12            12  (  76.24/  49.66)           33  ( 103.76/  49.66)
                        13            13  (  53.95/  38.95)           34  ( 126.05/  38.95)
                        14            14  (  45.00/  27.24)           35  ( 135.00/  27.24)
                        15            15  (  39.52/   8.86)           36  ( 140.48/   8.86)
                        16            16  (  78.58/  38.95)           37  ( 101.42/  38.95)
                        17            17  (  59.02/  27.24)           38  ( 120.98/  27.24)
                        18            18  (  50.48/   8.86)           39  ( 129.52/   8.86)
                        19            19  (  80.03/  27.24)           40  (  99.97/  27.24)
                        20            20  (  62.41/   8.86)           41  ( 117.59/   8.86)
                        21            21  (  81.04/   8.86)           42  (  98.96/   8.86)
                        22            64  ( -45.00/  77.42)           43  (-135.00/  77.42)
                        23            65  ( -18.59/  61.13)           44  (-161.41/  61.13)
                        24            66  ( -13.76/  49.66)           45  (-166.24/  49.66)
                        25            67  ( -11.42/  38.95)           46  (-168.58/  38.95)
                        26            68  (  -9.97/  27.24)           47  (-170.03/  27.24)
                        27            69  (  -8.96/   8.86)           48  (-171.04/   8.86)
                        28            70  ( -71.41/  61.13)           49  (-108.59/  61.13)
                        29            71  ( -45.00/  49.66)           50  (-135.00/  49.66)
                        30            72  ( -36.05/  38.95)           51  (-143.95/  38.95)
                        31            73  ( -30.98/  27.24)           52  (-149.02/  27.24)
                        32            74  ( -27.59/   8.86)           53  (-152.41/   8.86)
                        33            75  ( -76.24/  49.66)           54  (-103.76/  49.66)
                        34            76  ( -53.95/  38.95)           55  (-126.05/  38.95)
                        35            77  ( -45.00/  27.24)           56  (-135.00/  27.24)
                        36            78  ( -39.52/   8.86)           57  (-140.48/   8.86)
                        37            79  ( -78.58/  38.95)           58  (-101.42/  38.95)
                        38            80  ( -59.02/  27.24)           59  (-120.98/  27.24)
                        39            81  ( -50.48/   8.86)           60  (-129.52/   8.86)
                        40            82  ( -80.03/  27.24)           61  ( -99.97/  27.24)
                        41            83  ( -62.41/   8.86)           62  (-117.59/   8.86)
                        42            84  ( -81.04/   8.86)           63  ( -98.96/   8.86)

      3  (  90.00)       1            22  ( 135.00/  77.42)            1  (  45.00/  77.42)
                         2            23  ( 161.41/  61.13)            2  (  18.59/  61.13)
                         3            24  ( 166.24/  49.66)            3  (  13.76/  49.66)
                         4            25  ( 168.58/  38.95)            4  (  11.42/  38.95)
                         5            26  ( 170.03/  27.24)            5  (   9.97/  27.24)
                         6            27  ( 171.04/   8.86)            6  (   8.96/   8.86)
                         7            28  ( 108.59/  61.13)            7  (  71.41/  61.13)
                         8            29  ( 135.00/  49.66)            8  (  45.00/  49.66)
                         9            30  ( 143.95/  38.95)            9  (  36.05/  38.95)
                        10            31  ( 149.02/  27.24)           10  (  30.98/  27.24)
                        11            32  ( 152.41/   8.86)           11  (  27.59/   8.86)
                        12            33  ( 103.76/  49.66)           12  (  76.24/  49.66)
                        13            34  ( 126.05/  38.95)           13  (  53.95/  38.95)
                        14            35  ( 135.00/  27.24)           14  (  45.00/  27.24)
                        15            36  ( 140.48/   8.86)           15  (  39.52/   8.86)
                        16            37  ( 101.42/  38.95)           16  (  78.58/  38.95)
                        17            38  ( 120.98/  27.24)           17  (  59.02/  27.24)
                        18            39  ( 129.52/   8.86)           18  (  50.48/   8.86)
                        19            40  (  99.97/  27.24)           19  (  80.03/  27.24)
                        20            41  ( 117.59/   8.86)           20  (  62.41/   8.86)
                        21            42  (  98.96/   8.86)           21  (  81.04/   8.86)
                        22            43  (-135.00/  77.42)           64  ( -45.00/  77.42)
                        23            44  (-161.41/  61.13)           65  ( -18.59/  61.13)
                        24            45  (-166.24/  49.66)           66  ( -13.76/  49.66)
                        25            46  (-168.58/  38.95)           67  ( -11.42/  38.95)
                        26            47  (-170.03/  27.24)           68  (  -9.97/  27.24)
                        27            48  (-171.04/   8.86)           69  (  -8.96/   8.86)
                        28            49  (-108.59/  61.13)           70  ( -71.41/  61.13)
                        29            50  (-135.00/  49.66)           71  ( -45.00/  49.66)
                        30            51  (-143.95/  38.95)           72  ( -36.05/  38.95)
                        31            52  (-149.02/  27.24)           73  ( -30.98/  27.24)
                        32            53  (-152.41/   8.86)           74  ( -27.59/   8.86)
                        33            54  (-103.76/  49.66)           75  ( -76.24/  49.66)
                        34            55  (-126.05/  38.95)           76  ( -53.95/  38.95)
                        35            56  (-135.00/  27.24)           77  ( -45.00/  27.24)
                        36            57  (-140.48/   8.86)           78  ( -39.52/   8.86)
                        37            58  (-101.42/  38.95)           79  ( -78.58/  38.95)
                        38            59  (-120.98/  27.24)           80  ( -59.02/  27.24)
                        39            60  (-129.52/   8.86)           81  ( -50.48/   8.86)
                        40            61  ( -99.97/  27.24)           82  ( -80.03/  27.24)
                        41            62  (-117.59/   8.86)           83  ( -62.41/   8.86)
                        42            63  ( -98.96/   8.86)           84  ( -81.04/   8.86)

      4  ( 180.00)       1            43  (-135.00/  77.42)           22  ( 135.00/  77.42)
                         2            44  (-161.41/  61.13)           23  ( 161.41/  61.13)
                         3            45  (-166.24/  49.66)           24  ( 166.24/  49.66)
                         4            46  (-168.58/  38.95)           25  ( 168.58/  38.95)
                         5            47  (-170.03/  27.24)           26  ( 170.03/  27.24)
                         6            48  (-171.04/   8.86)           27  ( 171.04/   8.86)
                         7            49  (-108.59/  61.13)           28  ( 108.59/  61.13)
                         8            50  (-135.00/  49.66)           29  ( 135.00/  49.66)
                         9            51  (-143.95/  38.95)           30  ( 143.95/  38.95)
                        10            52  (-149.02/  27.24)           31  ( 149.02/  27.24)
                        11            53  (-152.41/   8.86)           32  ( 152.41/   8.86)
                        12            54  (-103.76/  49.66)           33  ( 103.76/  49.66)
                        13            55  (-126.05/  38.95)           34  ( 126.05/  38.95)
                        14            56  (-135.00/  27.24)           35  ( 135.00/  27.24)
                        15            57  (-140.48/   8.86)           36  ( 140.48/   8.86)
                        16            58  (-101.42/  38.95)           37  ( 101.42/  38.95)
                        17            59  (-120.98/  27.24)           38  ( 120.98/  27.24)
                        18            60  (-129.52/   8.86)           39  ( 129.52/   8.86)
                        19            61  ( -99.97/  27.24)           40  (  99.97/  27.24)
                        20            62  (-117.59/   8.86)           41  ( 117.59/   8.86)
                        21            63  ( -98.96/   8.86)           42  (  98.96/   8.86)
                        22            64  ( -45.00/  77.42)            1  (  45.00/  77.42)
                        23            65  ( -18.59/  61.13)            2  (  18.59/  61.13)
                        24            66  ( -13.76/  49.66)            3  (  13.76/  49.66)
                        25            67  ( -11.42/  38.95)            4  (  11.42/  38.95)
                        26            68  (  -9.97/  27.24)            5  (   9.97/  27.24)
                        27            69  (  -8.96/   8.86)            6  (   8.96/   8.86)
                        28            70  ( -71.41/  61.13)            7  (  71.41/  61.13)
                        29            71  ( -45.00/  49.66)            8  (  45.00/  49.66)
                        30            72  ( -36.05/  38.95)            9  (  36.05/  38.95)
                        31            73  ( -30.98/  27.24)           10  (  30.98/  27.24)
                        32            74  ( -27.59/   8.86)           11  (  27.59/   8.86)
                        33            75  ( -76.24/  49.66)           12  (  76.24/  49.66)
                        34            76  ( -53.95/  38.95)           13  (  53.95/  38.95)
                        35            77  ( -45.00/  27.24)           14  (  45.00/  27.24)
                        36            78  ( -39.52/   8.86)           15  (  39.52/   8.86)
                        37            79  ( -78.58/  38.95)           16  (  78.58/  38.95)
                        38            80  ( -59.02/  27.24)           17  (  59.02/  27.24)
                        39            81  ( -50.48/   8.86)           18  (  50.48/   8.86)
                        40            82  ( -80.03/  27.24)           19  (  80.03/  27.24)
                        41            83  ( -62.41/   8.86)           20  (  62.41/   8.86)
                        42            84  ( -81.04/   8.86)           21  (  81.04/   8.86)





 Scattering constants for first quadrant
 ( 3 moments for p-1 scattering)
 Angle       ------- Moment No. -------
  No.       0             1             2
    1    1.00000E+00  2.66662E-01 -1.88559E-01
    2    1.00000E+00  7.92744E-01 -1.88559E-01
    3    1.00000E+00  1.08893E+00 -1.88559E-01
    4    1.00000E+00  1.32027E+00 -1.88559E-01
    5    1.00000E+00  1.51672E+00 -1.88559E-01
    6    1.00000E+00  1.69050E+00 -1.88559E-01
    7    1.00000E+00  2.66662E-01 -5.60555E-01
    8    1.00000E+00  7.92744E-01 -5.60555E-01
    9    1.00000E+00  1.08893E+00 -5.60555E-01
   10    1.00000E+00  1.32027E+00 -5.60555E-01
   11    1.00000E+00  1.51672E+00 -5.60555E-01
   12    1.00000E+00  2.66662E-01 -7.69993E-01
   13    1.00000E+00  7.92744E-01 -7.69993E-01
   14    1.00000E+00  1.08893E+00 -7.69993E-01
   15    1.00000E+00  1.32027E+00 -7.69993E-01
   16    1.00000E+00  2.66662E-01 -9.33572E-01
   17    1.00000E+00  7.92744E-01 -9.33572E-01
   18    1.00000E+00  1.08893E+00 -9.33572E-01
   19    1.00000E+00  2.66662E-01 -1.07248E+00
   20    1.00000E+00  7.92744E-01 -1.07248E+00
   21    1.00000E+00  2.66662E-01 -1.19536E+00


1         **************************
          **************************
          **** Mixture Volumes *****
          **************************
          **************************


  Mixture       Volume        Volume
    ID     (cc/unit length)  Fraction
     0       0.00000E+00      0.00000E+00
     1       7.62013E+03      5.47266E-01
     2       3.31573E+03      2.38131E-01
     3       2.98814E+03      2.14603E-01
 Total       1.39240E+04      1.00000E+00

1         *********************
          *********************
          **   Mixing Table  **
          *********************
          *********************

 Entry   Mixture   Isotope   Number Density
     1      1         11023    6.76623E-03
     2      1         17037    2.02987E-02
     3      1         92235    9.99654E-06
     4      1         92238    3.98862E-03
     5      1         94239    5.12204E-04
     6      2         11023    6.76800E-03
     7      2         17037    2.03040E-02
     8      2         92235    1.12800E-05
     9      2         92238    4.50072E-03
    10      3         24050    3.05448E-04
    11      3         24052    5.89026E-03
    12      3         24053    6.67908E-04
    13      3         24054    1.66256E-04
    14      3         26054    2.73268E-04
    15      3         26056    4.28973E-03
    16      3         26057    9.90685E-05
    17      3         26058    1.31842E-05
    18      3         28058    4.36077E-02
    19      3         28060    1.67976E-02
    20      3         28061    7.30181E-04
    21      3         28062    2.32814E-03
    22      3         28064    5.92908E-04
    23      3         42092    1.28627E-03
    24      3         42094    8.03809E-04
    25      3         42095    1.38468E-03
    26      3         42096    1.45260E-03
    27      3         42097    8.32548E-04
    28      3         42098    2.10662E-03
    29      3         42100    8.42127E-04


  Memory size of attenuation factors(MB)=    519.96


 ===================================================================================================================================
   Outer iteration sweep begins 06/ 11/ 2018 at 13:05:35

  Outer   Eigenvalue Eigenvalue Max Flux   Max Flux     Max Fuel   Max Fuel     Wall   Elapsed   Iteration  CPU   Inners
 Iter. #              Delta      Delta   Location(r,g)   Delta   Location(r,g) Clock   CPU Time   CPU Time Usage Converged
 - - - - - - - - - - - - - - - - - - - - - - - - - - - - - - - - - - - - - - - - - - - - - - - - - - - - - - - - - - - -
     1    1.00268   6.732E-03 4.338E+00 (    3,137)   1.000E+00 (    1,  0) 13:05:39    3.7 s     3.7 s  91.2%    F
     2    1.00130   1.383E-03 1.643E-01 (    4,  1)   2.847E-01 (  938,  0) 13:05:42    7.1 s     3.4 s 114.0%    F
     3    1.00140   9.564E-05 3.870E-02 (    4,  9)   1.129E-01 (    4,  0) 13:05:46   10.3 s     3.2 s  81.2%    F
     4    1.00146   6.511E-05 2.722E-02 (    3,228)   2.061E-02 (  203,  0) 13:05:49   14.1 s     3.8 s 127.0%    F
     5    1.00144   1.748E-05 5.399E-03 (    3, 56)   4.495E-03 (    4,  0) 13:05:54   18.6 s     4.5 s  89.8%    F
     6    1.00137   6.870E-05 3.185E-03 (    3, 57)   1.506E-03 (  885,  0) 13:05:58   23.1 s     4.4 s 111.2%    F
     7    1.00115   2.209E-04 2.523E-03 (    2, 73)   7.476E-04 ( 1090,  0) 13:06:04   29.3 s     6.2 s 103.8%    F
     8    1.00092   2.330E-04 1.246E-03 (    4, 63)   5.143E-04 (  305,  0) 13:06:11   36.2 s     7.0 s  99.3%    F
 k-eff =       1.00091998     



   Four-Factor Estimate of k-infinity.  Fast/Thermal boundary:   0.6250 eV
      Fiss. neutrons/thermal abs. (eta):          1.233356
      Thermal utilization (f):                    0.056710
      Resonance Escape probability (p):           0.000415
      Fast-fission factor (epsilon):          34471.495697
                                            --------------
      Infinite neutron multiplication             1.000593


   Alternate 3-Group Formulation Terms. 
   Fast/Res. boundary:   0.8210 MeV.  Res./Therm. boundary:   0.6250eV
      Fiss. neutrons/thermal abs. (eta):          1.233356
      Thermal utilization (f):                    0.056710
      Resonance Escape probability (p):           0.000471
      Fast Escape probability (pf):               0.881809
      Fast-fission factor (epsilon):          34471.495697





  Time per Iteration (sec):
 Transport Sweeping:     2.433
 Inscatter Source  :     0.394
 Coarse-Mesh Accel :     2.694
 Else (Convergence):     0.490
 Total (per outer):      6.011

  Total iteration time breakdown (sec):
 Transport Sweeping:    19.467
 Inscatter Source  :     3.149
 Coarse-Mesh Accel :    21.552
 Else (Convergence):     3.921
 Total Time        :    48.089

 Critical Spectra Calculated with the B1 Method
 Input buckling of  0.00000E+00 gives a corresponding k-eff of  1.00077E+00
 Equivalent core height is infinite.

  Group   Upper      Critical   Inf.Med.   Critical   Inf.Med.  
   No    Energy(eV)   Flux       Flux      Adj.Flux   Adj.Flux  

     1  2.0000E+07  1.582E-07  1.582E-07  1.230E-02  1.230E-02
     2  1.7333E+07  1.359E-06  1.359E-06  1.632E-02  1.632E-02
     3  1.5683E+07  3.464E-06  3.464E-06  2.034E-02  2.034E-02
     4  1.4550E+07  6.215E-06  6.215E-06  2.857E-02  2.857E-02
     5  1.3840E+07  1.122E-05  1.122E-05  1.774E-02  1.774E-02
     6  1.2840E+07  4.916E-05  4.916E-05  4.767E-03  4.767E-03
     7  1.0000E+07  1.667E-04  1.667E-04  5.499E-03  5.499E-03
     8  8.1873E+06  4.649E-04  4.649E-04  4.162E-03  4.162E-03
     9  6.4340E+06  1.167E-03  1.167E-03  2.997E-03  2.997E-03
    10  4.8000E+06  1.967E-03  1.967E-03  7.923E-03  7.923E-03
    11  4.3040E+06  3.572E-03  3.572E-03  2.435E-03  2.435E-03
    12  3.0000E+06  5.678E-03  5.678E-03  4.672E-03  4.672E-03
    13  2.4790E+06  6.446E-03  6.446E-03  1.690E-02  1.690E-02
    14  2.3540E+06  8.049E-03  8.049E-03  3.567E-03  3.567E-03
    15  1.8500E+06  9.977E-03  9.977E-03  3.863E-03  3.863E-03
    16  1.5000E+06  1.081E-02  1.081E-02  1.085E-02  1.085E-02
    17  1.4000E+06  1.140E-02  1.140E-02  2.275E-02  2.275E-02
    18  1.3560E+06  1.149E-02  1.149E-02  2.460E-02  2.460E-02
    19  1.3170E+06  1.224E-02  1.224E-02  1.362E-02  1.362E-02
    20  1.2500E+06  1.216E-02  1.216E-02  1.730E-02  1.730E-02
    21  1.2000E+06  1.621E-02  1.621E-02  8.099E-03  8.099E-03
    22  1.1000E+06  1.514E-02  1.514E-02  8.234E-03  8.234E-03
    23  1.0100E+06  1.619E-02  1.619E-02  7.532E-03  7.532E-03
    24  9.2000E+05  1.570E-02  1.570E-02  3.178E-02  3.178E-02
    25  9.0000E+05  1.719E-02  1.719E-02  2.472E-02  2.472E-02
    26  8.7500E+05  1.504E-02  1.504E-02  4.333E-02  4.333E-02
    27  8.6110E+05  1.729E-02  1.729E-02  1.416E-02  1.416E-02
    28  8.2000E+05  1.809E-02  1.809E-02  7.705E-03  7.705E-03
    29  7.5000E+05  1.691E-02  1.691E-02  6.866E-03  6.866E-03
    30  6.7900E+05  1.877E-02  1.877E-02  5.101E-02  5.101E-02
    31  6.7000E+05  1.936E-02  1.936E-02  6.131E-03  6.131E-03
    32  6.0000E+05  2.168E-02  2.168E-02  1.449E-02  1.449E-02
    33  5.7300E+05  2.382E-02  2.382E-02  1.620E-02  1.620E-02
    34  5.5000E+05  2.630E-02  2.630E-02  6.815E-03  6.815E-03
    35  4.9952E+05  3.352E-02  3.352E-02  1.056E-02  1.056E-02
    36  4.7000E+05  2.577E-02  2.577E-02  9.569E-03  9.569E-03
    37  4.4000E+05  2.637E-02  2.637E-02  1.340E-02  1.340E-02
    38  4.2000E+05  2.730E-02  2.730E-02  1.264E-02  1.264E-02
    39  4.0000E+05  3.140E-02  3.140E-02  3.155E-03  3.155E-03
    40  3.3000E+05  3.629E-02  3.629E-02  2.886E-03  2.886E-03
    41  2.7000E+05  2.765E-02  2.765E-02  1.827E-03  1.827E-03
    42  2.0000E+05  3.471E-02  3.471E-02  1.804E-03  1.804E-03
    43  1.5000E+05  3.432E-02  3.432E-02  3.127E-03  3.127E-03
    44  1.2830E+05  3.347E-02  3.347E-02  1.897E-03  1.897E-03
    45  1.0000E+05  3.412E-02  3.412E-02  2.746E-03  2.746E-03
    46  8.5000E+04  3.277E-02  3.277E-02  1.191E-02  1.191E-02
    47  8.2000E+04  2.891E-02  2.891E-02  4.732E-03  4.732E-03
    48  7.5000E+04  2.789E-02  2.789E-02  1.530E-02  1.530E-02
    49  7.3000E+04  2.648E-02  2.648E-02  2.073E-03  2.073E-03
    50  6.0000E+04  1.520E-02  1.520E-02  2.704E-03  2.704E-03
    51  5.2000E+04  1.711E-02  1.711E-02  9.767E-03  9.767E-03
    52  5.0000E+04  1.698E-02  1.698E-02  3.607E-03  3.607E-03
    53  4.5000E+04  1.951E-02  1.951E-02  9.253E-04  9.253E-04
    54  3.0000E+04  7.567E-03  7.567E-03  1.919E-03  1.919E-03
    55  2.5000E+04  1.926E-02  1.926E-02  9.050E-04  9.050E-04
    56  1.7000E+04  1.262E-02  1.262E-02  1.194E-03  1.194E-03
    57  1.3000E+04  9.759E-03  9.759E-03  9.749E-04  9.749E-04
    58  9.5000E+03  5.446E-03  5.446E-03  1.747E-03  1.747E-03
    59  8.0300E+03  8.664E-03  8.664E-03  1.005E-03  1.005E-03
    60  6.0000E+03  3.791E-03  3.791E-03  6.608E-04  6.608E-04
    61  3.9000E+03  2.390E-03  2.390E-03  6.634E-03  6.634E-03
    62  3.7400E+03  1.450E-03  1.450E-03  1.255E-03  1.255E-03
    63  3.0000E+03  9.312E-04  9.312E-04  1.852E-03  1.852E-03
    64  2.5800E+03  1.574E-03  1.574E-03  2.364E-03  2.364E-03
    65  2.2900E+03  2.325E-03  2.325E-03  7.040E-03  7.040E-03
    66  2.2000E+03  3.512E-03  3.512E-03  1.433E-03  1.433E-03
    67  1.8000E+03  4.627E-03  4.627E-03  1.901E-03  1.901E-03
    68  1.5500E+03  4.643E-03  4.643E-03  8.518E-03  8.518E-03
    69  1.5000E+03  4.255E-03  4.255E-03  1.045E-03  1.045E-03
    70  1.1500E+03  3.215E-03  3.215E-03  1.263E-03  1.263E-03
    71  9.5000E+02  2.253E-03  2.253E-03  6.397E-04  6.397E-04
    72  6.8300E+02  1.941E-03  1.941E-03  9.547E-03  9.547E-03
    73  6.7000E+02  1.656E-03  1.656E-03  9.511E-04  9.511E-04
    74  5.5000E+02  9.785E-04  9.785E-04  2.963E-04  2.963E-04
    75  3.0500E+02  8.597E-04  8.597E-04  2.124E-03  2.124E-03
    76  2.8500E+02  7.295E-04  7.295E-04  8.158E-04  8.158E-04
    77  2.4000E+02  6.461E-04  6.461E-04  8.772E-04  8.772E-04
    78  2.1000E+02  4.058E-04  4.058E-04  9.133E-03  9.133E-03
    79  2.0750E+02  6.024E-04  6.024E-04  1.508E-03  1.508E-03
    80  1.9250E+02  5.788E-04  5.788E-04  2.940E-03  2.940E-03
    81  1.8600E+02  4.845E-04  4.845E-04  2.408E-04  2.408E-04
    82  1.2200E+02  4.450E-04  4.450E-04  3.814E-03  3.814E-03
    83  1.1900E+02  3.637E-04  3.637E-04  2.627E-03  2.627E-03
    84  1.1500E+02  4.186E-04  4.186E-04  1.402E-03  1.402E-03
    85  1.0800E+02  3.524E-04  3.524E-04  1.146E-03  1.146E-03
    86  1.0000E+02  3.594E-04  3.594E-04  8.267E-04  8.267E-04
    87  9.0000E+01  3.446E-04  3.446E-04  8.522E-04  8.522E-04
    88  8.2000E+01  2.869E-04  2.869E-04  2.669E-03  2.669E-03
    89  8.0000E+01  3.332E-04  3.332E-04  1.287E-03  1.287E-03
    90  7.6000E+01  3.205E-04  3.205E-04  1.215E-03  1.215E-03
    91  7.2000E+01  2.958E-04  2.958E-04  9.125E-04  9.125E-04
    92  6.7500E+01  2.286E-04  2.286E-04  1.662E-03  1.662E-03
    93  6.5000E+01  2.704E-04  2.704E-04  9.943E-04  9.943E-04
    94  6.1000E+01  2.631E-04  2.631E-04  1.824E-03  1.824E-03
    95  5.9000E+01  2.591E-04  2.591E-04  5.401E-04  5.401E-04
    96  5.3400E+01  2.545E-04  2.545E-04  1.707E-03  1.707E-03
    97  5.2000E+01  2.604E-04  2.604E-04  1.606E-03  1.606E-03
    98  5.0600E+01  2.486E-04  2.486E-04  1.566E-03  1.566E-03
    99  4.9200E+01  2.507E-04  2.507E-04  2.221E-03  2.221E-03
   100  4.8300E+01  2.366E-04  2.366E-04  1.540E-03  1.540E-03
   101  4.7000E+01  1.739E-04  1.739E-04  9.611E-04  9.611E-04
   102  4.5200E+01  8.040E-05  8.040E-05  1.413E-03  1.413E-03
   103  4.4000E+01  1.471E-04  1.471E-04  1.784E-03  1.784E-03
   104  4.2400E+01  1.208E-04  1.208E-04  2.320E-03  2.320E-03
   105  4.1000E+01  1.230E-04  1.230E-04  2.180E-03  2.180E-03
   106  3.9600E+01  1.169E-04  1.169E-04  6.089E-03  6.089E-03
   107  3.9100E+01  1.078E-04  1.078E-04  2.696E-03  2.696E-03
   108  3.8000E+01  8.480E-05  8.480E-05  2.909E-03  2.909E-03
   109  3.7000E+01  7.823E-05  7.823E-05  1.919E-03  1.919E-03
   110  3.5500E+01  8.936E-05  8.936E-05  3.265E-03  3.265E-03
   111  3.4600E+01  9.009E-05  9.009E-05  3.364E-03  3.364E-03
   112  3.3750E+01  9.012E-05  9.012E-05  5.616E-03  5.616E-03
   113  3.3250E+01  8.945E-05  8.945E-05  1.829E-03  1.829E-03
   114  3.1750E+01  9.101E-05  9.101E-05  5.254E-03  5.254E-03
   115  3.1250E+01  9.165E-05  9.165E-05  2.053E-03  2.053E-03
   116  3.0000E+01  9.184E-05  9.184E-05  9.729E-04  9.729E-04
   117  2.7500E+01  8.785E-05  8.785E-05  9.014E-04  9.014E-04
   118  2.5000E+01  8.458E-05  8.458E-05  7.747E-04  7.747E-04
   119  2.2500E+01  6.763E-05  6.763E-05  1.147E-03  1.147E-03
   120  2.1000E+01  5.878E-05  5.878E-05  1.594E-03  1.594E-03
   121  2.0000E+01  6.426E-05  6.426E-05  1.571E-03  1.571E-03
   122  1.9000E+01  6.540E-05  6.540E-05  3.037E-03  3.037E-03
   123  1.8500E+01  6.409E-05  6.409E-05  9.684E-04  9.684E-04
   124  1.7000E+01  6.579E-05  6.579E-05  1.331E-03  1.331E-03
   125  1.6000E+01  6.444E-05  6.444E-05  1.388E-03  1.388E-03
   126  1.5100E+01  6.219E-05  6.219E-05  1.602E-03  1.602E-03
   127  1.4400E+01  6.210E-05  6.210E-05  1.571E-03  1.571E-03
   128  1.3750E+01  6.286E-05  6.286E-05  1.088E-03  1.088E-03
   129  1.2900E+01  5.910E-05  5.910E-05  8.553E-04  8.553E-04
   130  1.1900E+01  5.397E-05  5.397E-05  2.114E-03  2.114E-03
   131  1.1500E+01  5.090E-05  5.090E-05  4.978E-04  4.978E-04
   132  1.0000E+01  5.096E-05  5.096E-05  6.218E-04  6.218E-04
   133  9.1000E+00  4.823E-05  4.823E-05  5.063E-04  5.063E-04
   134  8.1000E+00  4.103E-05  4.103E-05  4.548E-04  4.548E-04
   135  7.1500E+00  3.587E-05  3.587E-05  2.420E-03  2.420E-03
   136  7.0000E+00  3.232E-05  3.232E-05  1.428E-03  1.428E-03
   137  6.7500E+00  3.064E-05  3.064E-05  1.418E-03  1.418E-03
   138  6.5000E+00  3.088E-05  3.088E-05  1.407E-03  1.407E-03
   139  6.2500E+00  3.130E-05  3.130E-05  1.386E-03  1.386E-03
   140  6.0000E+00  3.085E-05  3.085E-05  5.519E-04  5.519E-04
   141  5.4000E+00  3.100E-05  3.100E-05  7.956E-04  7.956E-04
   142  5.0000E+00  3.079E-05  3.079E-05  1.235E-03  1.235E-03
   143  4.7500E+00  2.918E-05  2.918E-05  3.775E-04  3.775E-04
   144  4.0000E+00  2.878E-05  2.878E-05  9.918E-04  9.918E-04
   145  3.7300E+00  2.792E-05  2.792E-05  1.116E-03  1.116E-03
   146  3.5000E+00  2.662E-05  2.662E-05  6.838E-04  6.838E-04
   147  3.1500E+00  2.597E-05  2.597E-05  2.284E-03  2.284E-03
   148  3.0500E+00  2.566E-05  2.566E-05  4.479E-03  4.479E-03
   149  3.0000E+00  4.194E-05  4.194E-05  7.386E-03  7.386E-03
   150  2.9700E+00  3.381E-05  3.381E-05  2.173E-03  2.173E-03
   151  2.8700E+00  2.667E-05  2.667E-05  2.119E-03  2.119E-03
   152  2.7700E+00  2.461E-05  2.461E-05  2.052E-03  2.052E-03
   153  2.6700E+00  2.412E-05  2.412E-05  1.985E-03  1.985E-03
   154  2.5700E+00  2.335E-05  2.335E-05  1.919E-03  1.919E-03
   155  2.4700E+00  2.269E-05  2.269E-05  2.064E-03  2.064E-03
   156  2.3800E+00  2.208E-05  2.208E-05  2.252E-03  2.252E-03
   157  2.3000E+00  2.144E-05  2.144E-05  1.938E-03  1.938E-03
   158  2.2100E+00  2.069E-05  2.069E-05  1.868E-03  1.868E-03
   159  2.1200E+00  1.986E-05  1.986E-05  1.339E-03  1.339E-03
   160  2.0000E+00  1.905E-05  1.905E-05  2.566E-03  2.566E-03
   161  1.9400E+00  1.842E-05  1.842E-05  1.858E-03  1.858E-03
   162  1.8600E+00  1.762E-05  1.762E-05  1.580E-03  1.580E-03
   163  1.7700E+00  1.675E-05  1.675E-05  1.501E-03  1.501E-03
   164  1.6800E+00  1.585E-05  1.585E-05  1.422E-03  1.422E-03
   165  1.5900E+00  1.496E-05  1.496E-05  1.341E-03  1.341E-03
   166  1.5000E+00  1.419E-05  1.419E-05  2.297E-03  2.297E-03
   167  1.4500E+00  1.363E-05  1.363E-05  2.213E-03  2.213E-03
   168  1.4000E+00  1.305E-05  1.305E-05  2.127E-03  2.127E-03
   169  1.3500E+00  1.247E-05  1.247E-05  2.041E-03  2.041E-03
   170  1.3000E+00  1.189E-05  1.189E-05  1.955E-03  1.955E-03
   171  1.2500E+00  1.142E-05  1.142E-05  3.777E-03  3.777E-03
   172  1.2250E+00  1.110E-05  1.110E-05  3.693E-03  3.693E-03
   173  1.2000E+00  1.078E-05  1.078E-05  3.603E-03  3.603E-03
   174  1.1750E+00  1.046E-05  1.046E-05  3.516E-03  3.516E-03
   175  1.1500E+00  1.023E-05  1.023E-05  8.616E-03  8.616E-03
   176  1.1400E+00  1.011E-05  1.011E-05  8.529E-03  8.529E-03
   177  1.1300E+00  9.979E-06  9.979E-06  8.441E-03  8.441E-03
   178  1.1200E+00  9.852E-06  9.852E-06  8.335E-03  8.335E-03
   179  1.1100E+00  9.726E-06  9.726E-06  8.227E-03  8.227E-03
   180  1.1000E+00  9.601E-06  9.601E-06  8.134E-03  8.134E-03
   181  1.0900E+00  9.475E-06  9.475E-06  8.041E-03  8.041E-03
   182  1.0800E+00  9.349E-06  9.349E-06  7.931E-03  7.931E-03
   183  1.0700E+00  9.223E-06  9.223E-06  7.822E-03  7.822E-03
   184  1.0600E+00  9.096E-06  9.096E-06  7.728E-03  7.728E-03
   185  1.0500E+00  8.969E-06  8.969E-06  7.634E-03  7.634E-03
   186  1.0400E+00  8.842E-06  8.842E-06  7.526E-03  7.526E-03
   187  1.0300E+00  8.714E-06  8.714E-06  7.425E-03  7.425E-03
   188  1.0200E+00  8.585E-06  8.585E-06  7.317E-03  7.317E-03
   189  1.0100E+00  8.456E-06  8.456E-06  7.232E-03  7.232E-03
   190  1.0000E+00  8.235E-06  8.235E-06  2.821E-03  2.821E-03
   191  9.7500E-01  7.911E-06  7.911E-06  2.722E-03  2.722E-03
   192  9.5000E-01  7.585E-06  7.585E-06  2.625E-03  2.625E-03
   193  9.2500E-01  7.255E-06  7.255E-06  2.529E-03  2.529E-03
   194  9.0000E-01  6.789E-06  6.789E-06  1.193E-03  1.193E-03
   195  8.5000E-01  6.164E-06  6.164E-06  1.100E-03  1.100E-03
   196  8.0000E-01  5.547E-06  5.547E-06  1.008E-03  1.008E-03
   197  7.5000E-01  4.942E-06  4.942E-06  9.168E-04  9.168E-04
   198  7.0000E-01  4.353E-06  4.353E-06  8.268E-04  8.268E-04
   199  6.5000E-01  3.904E-06  3.904E-06  1.520E-03  1.520E-03
   200  6.2500E-01  3.603E-06  3.603E-06  1.431E-03  1.431E-03
   201  6.0000E-01  3.189E-06  3.189E-06  6.504E-04  6.504E-04
   202  5.5000E-01  2.666E-06  2.666E-06  5.669E-04  5.669E-04
   203  5.0000E-01  2.182E-06  2.182E-06  4.862E-04  4.862E-04
   204  4.5000E-01  1.745E-06  1.745E-06  4.093E-04  4.093E-04
   205  4.0000E-01  1.437E-06  1.437E-06  7.088E-04  7.088E-04
   206  3.7500E-01  1.238E-06  1.238E-06  6.371E-04  6.371E-04
   207  3.5000E-01  1.052E-06  1.052E-06  5.688E-04  5.688E-04
   208  3.2500E-01  8.800E-07  8.800E-07  5.040E-04  5.040E-04
   209  3.0000E-01  7.227E-07  7.227E-07  4.425E-04  4.425E-04
   210  2.7500E-01  5.808E-07  5.808E-07  3.844E-04  3.844E-04
   211  2.5000E-01  4.546E-07  4.546E-07  3.302E-04  3.302E-04
   212  2.2500E-01  3.445E-07  3.445E-07  2.803E-04  2.803E-04
   213  2.0000E-01  2.506E-07  2.506E-07  2.347E-04  2.347E-04
   214  1.7500E-01  1.731E-07  1.731E-07  1.931E-04  1.931E-04
   215  1.5000E-01  1.118E-07  1.118E-07  1.550E-04  1.550E-04
   216  1.2500E-01  6.755E-08  6.755E-08  1.199E-04  1.199E-04
   217  1.0000E-01  4.465E-08  4.465E-08  2.447E-04  2.447E-04
   218  9.0000E-02  3.304E-08  3.304E-08  2.128E-04  2.128E-04
   219  8.0000E-02  2.348E-08  2.348E-08  1.821E-04  1.821E-04
   220  7.0000E-02  1.585E-08  1.585E-08  1.527E-04  1.527E-04
   221  6.0000E-02  1.000E-08  1.000E-08  1.245E-04  1.245E-04
   222  5.0000E-02  5.768E-09  5.768E-09  9.746E-05  9.746E-05
   223  4.0000E-02  2.910E-09  2.910E-09  7.179E-05  7.179E-05
   224  3.0000E-02  1.537E-09  1.537E-09  1.154E-04  1.154E-04
   225  2.5300E-02  4.765E-10  4.765E-10  1.962E-05  1.962E-05
   226  1.0000E-02  9.379E-11  9.379E-11  5.697E-05  5.697E-05
   227  7.5000E-03  4.121E-11  4.121E-11  3.831E-05  3.831E-05
   228  5.0000E-03  1.898E-11  1.898E-11  6.654E-05  6.654E-05
   229  4.0000E-03  1.053E-11  1.053E-11  5.017E-05  5.017E-05
   230  3.0000E-03  6.068E-12  6.068E-12  7.732E-05  7.732E-05
   231  2.5000E-03  3.850E-12  3.850E-12  6.213E-05  6.213E-05
   232  2.0000E-03  2.193E-12  2.193E-12  4.735E-05  4.735E-05
   233  1.5000E-03  1.243E-12  1.243E-12  6.010E-05  6.010E-05
   234  1.2000E-03  7.986E-13  7.986E-13  7.279E-05  7.279E-05
   235  1.0000E-03  4.873E-13  4.873E-13  4.571E-05  4.571E-05
   236  7.5000E-04  2.376E-13  2.376E-13  3.208E-05  3.208E-05
   237  5.0000E-04  4.374E-14  4.374E-14  7.983E-06  7.983E-06
   238  1.0000E-04  1.185E-15  1.185E-15  5.431E-06  5.431E-06

 NOTE: Flux values above are per unit-lethargy.



  Zone data

      Zone   Mix    Relative     Relative         Zone
       No.   No.      Flux     Fission Power     Volume
     -----------------------------------------------------------------
         1     3   1.43795E-01   0.00000E+00   2.98814E+03
         2     1   5.24180E-01   9.42566E-01   7.62013E+03
         3     2   3.32025E-01   5.74336E-02   3.31573E+03



module xsproc is finished. completion code 0.
newtgrid.ps copied to /home/andrei2/Desktop/ornl/mcsfr/scale/quarter_cell.newtgrid.ps.
newtmatl.ps copied to /home/andrei2/Desktop/ornl/mcsfr/scale/quarter_cell.newtmatl.ps.
