 *******************************************************************************
 *                                                                             *
 *                                 SCALE 6.2.3                                 *
 *                                -------------                                *
 *                                  July 2018                                  *
 *                                                                             *
 *           SCALE:  A Comprehensive Modeling and Simulation Suite             *
 *                   for Nuclear Safety Analysis and Design                    *
 *                                                                             *
 *                      Reactor and Nuclear Systems Division                   *
 *                        Oak Ridge National Laboratory                        *
 *                                                                             *
 *                           http://scale.ornl.gov                             *
 *                            scalehelp@ornl.gov                               *
 *                                                                             *
 *******************************************************************************
 *******************************************************************************
      
                  Job Information
                  ---------------
      Job started on romulus on Fri 13/07/2018 10:54:09
      Working directory: /tmp/scale.4ar.24215
      Input file name  : /home03/4ar/mcsfr/quarter_cell_anl.inp
      Output file name : /home03/4ar/mcsfr/quarter_cell_anl.out
      SCALE executable : /home/4ar/myscale/bin/scale
      
 *******************************************************************************
The following data cards precede an = card
      '#TestGrep# "k-eff [=]" ${OUTPUTFILENAME}
      '#TestGrep# "Transport k[=]" ${OUTPUTFILENAME}
      '#TestGrep# -i "erro[r]" ${OUTPUTFILENAME} | ${GREP} -v "[W]arnings and [E]rrors"
      '#TestGrep# "SCALE is finishe[d]" ${OUTPUTFILENAME} | ${AWK} "{print $1,$2,$3}"
      '#TestGrep# "is finishe[d]\." ${OUTPUTFILENAME} | ${AWK} "{print $1,$2,$3,$4,$5,$6,$7}"
      ' THIS SAMPLE PROBLEM TEST THE FOLLOWING: 
      '  ** t-newt sequence
      '  ** v7-252 group library
      '  ** centrm cross-section processing (default for t-newt calculations)
      '  ** parm=weight option for the t-newt sequence, which uses the NEWT collapse block to specify a 252 -> 56 group collapse.
      '  ** latticecell cross-section processing option


    module shell will be called on Fri Jul 13 10:54:13 2018.
    sequence specification record:=shell
Input Data:

      ln -s /home/ybb/ampx/anl230v71_met1000_ptab anl230v71
end

module shell is finished. completion code 0


    module t-newt will be called on Fri Jul 13 10:54:13 2018.
    sequence specification record:=t-newt      parm=(2region)
Input Data:

      MSFR unit cell model
      anl230v71
      read comp 
      ' fuel salt
        wtptfuel  1 3.2882 5 92235 0.11865598 92238 47.949392 94239 6.183383 11023 7.8554704 17037 37.893099 1.0 1008 end
      ' fertile salt
        wtptblank 2 3.2882 4 92235 0.13389018 92238 54.105599 11023 7.8575209 17037 37.90299 1.0 923 end
      ' Structural material
        wtpthast  3 8.671 4 28000 72.0 42000 16.0 24000 7.0 26000 5.0 1.0 923 end
      end comp
      read celldata
        latticecell squarepitch pitch=236.0 3 fuelr=98.50 1 cladr=118.0 2 end
      end celldata
      read model
      238 group solution
      read parm
      'dz=188.0
      drawit=yes prtbroad=yes cmfd=3 xycmfd=2 sn=12 converge=mix echo=yes inners=2 epsilon=1e-3
      timed=yes prtmxsec=no prtmxtab=yes prthmmix=no
      end parm
      read materials
        mix=1  pn=1 com="Fuel salt" end
        mix=2  pn=1 com="Fertile salt"    end
        mix=3  pn=1 com="Structural material"       end
      end materials
      read geom
        global unit 1
          cylinder 10 98.50  chord +x=0 chord +y=0 sides=128
          cylinder 20 118.00 chord +x=0 chord +y=0 sides=128
          cuboid   30 118. 0. 118. 0.
          media 1 1 10
          media 2 1 20 -10
          media 3 1 30 -20
        boundary 30 32 32
      end geom 
      ' Depletion
      
      
      read bounds
      all=mirror
      end bounds
      end model
end




************************************************************************************************************************************
************************************************************************************************************************************
************************************************************************************************************************************
*****                                                                                                                          *****
*****                                             program verification information                                             *****
*****                                                                                                                          *****
*****                                           code system: SCALE   version: 6.2.0                                            *****
*****                                                                                                                          *****
************************************************************************************************************************************
************************************************************************************************************************************
*****                                                                                                                          *****
*****                                                                                                                          *****
*****                      program:  t-newt                                                                                    *****
*****                                                                                                                          *****
*****                      version:  6.2.3 (602003)                                                                            *****
*****                                                                                                                          *****
*****                     username:  4ar                                                                                       *****
*****                                                                                                                          *****
*****                     hostname:  romulus.ornl.gov                                                                          *****
*****                                                                                                                          *****
*****                                                                                                                          *****
*****            date of execution:  2018-07-13                                                                                *****
*****                                                                                                                          *****
*****            time of execution:  10:54:13                                                                                  *****
*****                                                                                                                          *****
************************************************************************************************************************************
************************************************************************************************************************************
************************************************************************************************************************************




 'dz=188.0

 ' Depletion
------------------------------------------------------------------------------------------------------------------------------------

                          238 group solution                                                              

------------------------------------------------------------------------------------------------------------------------------------



1         ***********************
          ***********************
          **  Control Options  **
          ***********************
          ***********************

 Run problem to completion/test input only          run=           yes
 Weighted cross-section collapse/do not collapse    collapse=       no
 Source acceleration on/off                         accel=          no
 Restart from earlier case/begin new case           restart=        no
 CMFD acceleration (0/1/2/3 = no/rect/yes/part)     cmfd=          3
 Number of fine mesh base grid/coarse grid in X     xcmfd=           2
 Number of fine mesh base grid/coarse grid in Y     ycmfd=           2
 CMFD Multigroup solution only (no 2g)              cmfd2g=         no
 Create restart file upon completion                savrest=       yes
 Calculation type:                                  eigenvalue                      
 Forward/adjoint solution                           forward=       yes

1         **********************
          **********************
          **  Output Options  **
          **********************
          **********************

 Print micro. cross-sections for problem nuclides   prtxsec=        no
 Print macro. cross-sections for mixtures           prtmxsec=       no
 Print balance table                                prtbalnc=       no
 Print mixing table                                 prtmxtab=      yes
 Print postscript graphics file for fluxes          prtflux=        no
 Print postscript grid/mixture geometry graphics    drawit=        yes
 Print broad-group fluxes                           prtbroad=      yes
 Echo convergence tracking data to std. output      echo=          yes

1         ***************************
          ***************************
          ** I/O Unit Assignments  **
          ***************************
          ***************************

 Unit no. for mixing table                          mixtab=         92
 Unit no. of working library                        xnlib=           4
 Unit no. for weighted broad-group library          wtdlib=         30
 Unit no. for homogenized macroscopic x-sect. lib.  hmoglib=        13

1         *************************
          *************************
          ** Convergence Control **
          *************************
          *************************

 Quadrature order                                   sn=             12
 Maximum no. of inner itrs./outer/energy group      inners=          2
 Maximum no. of outer energy groups                 outers=          250
 Performing thermal group subouter iterations       therm=         yes
 Maximum no. of thermal group subouter itrs./outer  suboutrs=        2
 Convergence criterion on inner iterations          epsinner= 1.00E-03
 Convergence criterion on subouter iterations       epsthrm=  1.00E-03
 Convergence criterion on outer iterations          epsouter= 1.00E-03
 Convergence criterion on eigenvalue                epseigen= 1.00E-03
 First guess for eigenvalue (k-eff)                 kguess=       1.000

1         *****************************
          *****************************
          ** Geometry Specifications **
          *****************************
          *****************************

 Left side x-coordinate                             xmin=  0.00000E+00
 Right side x-coordinate                            xmax=  1.18000E+02
 Bottom side y-coordinate                           ymin=  0.00000E+00
 Top side y-coordinate                              ymax=  1.18000E+02
 Number of subdivisions in x direction              nx=             32
 Number of subdivisions in y direction              ny=             32

 Boundary Conditions (0/1/2/3=vacuum/reflective/white/periodic):
 Left (West)          wbc=         1
 Right (East)         ebc=         1
 Bottom (South)       sbc=         1
 Top (North)          nbc=         1

  Body Characteristics.  Rotation angle in degrees counterclockwise.
  Size parameters. cyl: A=radius, B=no. of sides. cub: A=width, B=height. hex: A(B)=major(minor) radius.
  Body  Input  Zone    Subdiv      --Center--      Size Parameters   Rotation   Chord
  Type  Unit   Number  nx  ny      x        y        A        B      Angle      Information
  ----  -----  -----  --- ---   ------   ------    -----    ------   --------   -----------
 cub     1     1      32  32   59.000   59.000  118.000  118.000    0.000
 cyl     1     2       0   0    0.000    0.000   98.500  128.000    0.000      +x=  0.000      +y=  0.000
 cyl     1     3       0   0    0.000    0.000  118.000  128.000    0.000      +x=  0.000      +y=  0.000

1         *****************************
          *****************************
          ** Material Specifications **
          *****************************
          *****************************

 Mat'l No.   SCALE ID   Pn order   External source ID   Description (if any)
    1          1           1               0           fuel salt
    2          2           1               0           fertile salt
    3          3           1               0           structural material

1         ************************
          ************************
          ** Derived Parameters **
          ************************
          ************************

 Total number of energy groups                      numen=         230
 Number of neutron groups                           igm=           230
 Number of gamma groups                             ipm=             0
 First thermal energy group                         iftg=          218
 Mixing table length                                nmix=            29
 Number of mixtures created                         nummat=          4
 Number of computational cells                      numcells=     1140
 Number of computational surfaces (sides)           numlines=     2408
 Combine small grid cells together                  combine=no
 Average number of sides/cell                       avnosides=     4.11
 Minimum number of sides/cell                       mnnosides=       5
 Maximum number of sides/cell                       mxnosides=       6
 Number of angles in quadrature set                 ndir=           84
 Maximum order of Legendre scattering               maxpn=           1
 Number of flux moments                             nmom             3

1         *****************************
          *****************************
          ** Energy Group Structures **
          *****************************
          *****************************

 Energy   Energy      Lethargy        
 Group  Boundaries   Boundaries       
  No.      (eV)                      
   1   2.00000E+07 -6.93147E-01                  116   3.09620E+05  3.47499E+00
   2   1.38400E+07 -3.24978E-01                  117   3.01970E+05  3.50001E+00
   3   1.34990E+07 -3.00031E-01                  118   2.94520E+05  3.52499E+00
   4   1.31650E+07 -2.74977E-01                  119   2.87250E+05  3.54999E+00
   5   1.28400E+07 -2.49980E-01                  120   2.80150E+05  3.57502E+00
   6   1.25230E+07 -2.24982E-01                  121   2.73240E+05  3.59999E+00
   7   1.22140E+07 -1.99998E-01                  122   2.59910E+05  3.65000E+00
   8   1.19120E+07 -1.74961E-01                  123   2.47240E+05  3.69998E+00
   9   1.16180E+07 -1.49971E-01                  124   2.35180E+05  3.74999E+00
  10   1.13310E+07 -1.24957E-01                  125   2.23710E+05  3.79999E+00
  11   1.10520E+07 -1.00026E-01                  126   2.12800E+05  3.84999E+00
  12   1.07790E+07 -7.50147E-02                  127   2.02420E+05  3.90000E+00
  13   1.05130E+07 -5.00275E-02                  128   1.92550E+05  3.94998E+00
  14   1.02530E+07 -2.49853E-02                  129   1.83160E+05  3.99998E+00
  15   1.00000E+07  0.00000E+00                  130   1.74220E+05  4.05002E+00
  16   9.75310E+06  2.49999E-02                  131   1.69920E+05  4.07501E+00
  17   9.51230E+06  4.99994E-02                  132   1.65730E+05  4.09998E+00
  18   9.27740E+06  7.50038E-02                  133   1.61630E+05  4.12503E+00
  19   9.04840E+06  9.99971E-02                  134   1.57640E+05  4.15003E+00
  20   8.82500E+06  1.24996E-01                  135   1.49960E+05  4.19997E+00
  21   8.60710E+06  1.49998E-01                  136   1.42640E+05  4.25002E+00
  22   8.39460E+06  1.74996E-01                  137   1.35690E+05  4.29997E+00
  23   8.18730E+06  2.00001E-01                  138   1.29070E+05  4.34999E+00
  24   7.98520E+06  2.24995E-01                  139   1.22770E+05  4.40003E+00
  25   7.78800E+06  2.50001E-01                  140   1.16790E+05  4.44996E+00
  26   7.59570E+06  2.75003E-01                  141   1.11090E+05  4.50000E+00
  27   7.40820E+06  2.99998E-01                  142   9.80360E+04  4.62501E+00
  28   7.22530E+06  3.24996E-01                  143   8.65170E+04  4.75000E+00
  29   7.04690E+06  3.49997E-01                  144   7.63510E+04  4.87500E+00
  30   6.87290E+06  3.74999E-01                  145   6.73790E+04  5.00001E+00
  31   6.70320E+06  4.00000E-01                  146   6.25110E+04  5.07500E+00
  32   6.64760E+06  4.08329E-01                  147   5.94620E+04  5.12500E+00
  33   6.59240E+06  4.16668E-01                  148   5.65620E+04  5.17500E+00
  34   6.53770E+06  4.25000E-01                  149   5.24750E+04  5.25000E+00
  35   6.37630E+06  4.49997E-01                  150   4.63090E+04  5.37500E+00
  36   6.21890E+06  4.74992E-01                  151   4.08680E+04  5.49999E+00
  37   6.06530E+06  5.00001E-01                  152   3.60660E+04  5.62499E+00
  38   5.91560E+06  5.24992E-01                  153   3.51750E+04  5.65000E+00
  39   5.76950E+06  5.50000E-01                  154   3.43070E+04  5.67499E+00
  40   5.48810E+06  6.00003E-01                  155   3.18280E+04  5.74999E+00
  41   5.22050E+06  6.49992E-01                  156   2.80880E+04  5.87500E+00
  42   4.96590E+06  6.99991E-01                  157   2.60580E+04  5.95002E+00
  43   4.84320E+06  7.25009E-01                  158   2.47870E+04  6.00002E+00
  44   4.72370E+06  7.49993E-01                  159   2.41750E+04  6.02502E+00
  45   4.60700E+06  7.75008E-01                  160   2.35790E+04  6.04998E+00
  46   4.49330E+06  7.99998E-01                  161   2.18750E+04  6.12500E+00
  47   4.27410E+06  8.50012E-01                  162   2.13350E+04  6.14999E+00
  48   4.06570E+06  8.99999E-01                  163   1.93050E+04  6.24998E+00
  49   3.86740E+06  9.50003E-01                  164   1.70360E+04  6.37501E+00
  50   3.67880E+06  9.99999E-01                  165   1.50340E+04  6.50003E+00
  51   3.49940E+06  1.04999E+00                  166   1.32680E+04  6.62499E+00
  52   3.32870E+06  1.10000E+00                  167   1.17090E+04  6.74998E+00
  53   3.24650E+06  1.12501E+00                  168   1.03330E+04  6.87500E+00
  54   3.16640E+06  1.14999E+00                  169   9.11880E+03  7.00000E+00
  55   3.08820E+06  1.17500E+00                  170   8.04730E+03  7.12500E+00
  56   3.01190E+06  1.20001E+00                  171   7.10170E+03  7.25001E+00
  57   2.86500E+06  1.25002E+00                  172   6.26730E+03  7.37499E+00
  58   2.72530E+06  1.30001E+00                  173   5.53080E+03  7.50001E+00
  59   2.59240E+06  1.35000E+00                  174   5.00450E+03  7.60000E+00
  60   2.46600E+06  1.39999E+00                  175   4.52830E+03  7.69999E+00
  61   2.42520E+06  1.41667E+00                  176   4.30740E+03  7.75001E+00
  62   2.38510E+06  1.43334E+00                  177   4.09730E+03  7.80001E+00
  63   2.36530E+06  1.44168E+00                  178   3.70740E+03  7.90001E+00
  64   2.34570E+06  1.45000E+00                  179   3.35460E+03  8.00001E+00
  65   2.30690E+06  1.46668E+00                  180   3.03540E+03  8.10000E+00
  66   2.26880E+06  1.48333E+00                  181   2.86340E+03  8.15833E+00
  67   2.23130E+06  1.50000E+00                  182   2.74650E+03  8.20001E+00
  68   2.12250E+06  1.54999E+00                  183   2.61260E+03  8.24999E+00
  69   2.01900E+06  1.59998E+00                  184   2.48520E+03  8.29999E+00
  70   1.96910E+06  1.62501E+00                  185   2.24870E+03  8.39999E+00
  71   1.92050E+06  1.65000E+00                  186   2.03470E+03  8.49999E+00
  72   1.87310E+06  1.67499E+00                  187   1.84110E+03  8.59998E+00
  73   1.82680E+06  1.70002E+00                  188   1.66590E+03  8.69998E+00
  74   1.73770E+06  1.75002E+00                  189   1.58460E+03  8.75001E+00
  75   1.65300E+06  1.79999E+00                  190   1.50730E+03  8.80002E+00
  76   1.61220E+06  1.82499E+00                  191   1.36390E+03  8.89999E+00
  77   1.57240E+06  1.84998E+00                  192   1.23410E+03  9.00000E+00
  78   1.53360E+06  1.87497E+00                  193   1.17390E+03  9.05001E+00
  79   1.49570E+06  1.89999E+00                  194   1.11670E+03  9.09996E+00
  80   1.42270E+06  1.95003E+00                  195   1.06220E+03  9.15000E+00
  81   1.35340E+06  1.99997E+00                  196   1.01040E+03  9.19999E+00
  82   1.28730E+06  2.05004E+00                  197   9.61120E+02  9.25000E+00
  83   1.22460E+06  2.09997E+00                  198   7.48520E+02  9.50000E+00
  84   1.19430E+06  2.12502E+00                  199   5.82950E+02  9.74999E+00
  85   1.16480E+06  2.15004E+00                  200   4.54000E+02  1.00000E+01
  86   1.10800E+06  2.20003E+00                  201   3.53570E+02  1.02500E+01
  87   1.05400E+06  2.24999E+00                  202   2.75360E+02  1.05000E+01
  88   1.00260E+06  2.29999E+00                  203   2.14450E+02  1.07500E+01
  89   9.77830E+05  2.32500E+00                  204   1.67020E+02  1.10000E+01
  90   9.61670E+05  2.34167E+00                  205   1.30070E+02  1.12500E+01
  91   9.53690E+05  2.35000E+00                  206   1.01300E+02  1.15000E+01
  92   9.07180E+05  2.40000E+00                  207   7.88930E+01  1.17500E+01
  93   8.62940E+05  2.45000E+00                  208   6.14420E+01  1.20000E+01
  94   8.20850E+05  2.50000E+00                  209   4.78510E+01  1.22500E+01
  95   7.80820E+05  2.55000E+00                  210   3.72670E+01  1.25000E+01
  96   7.42740E+05  2.59999E+00                  211   2.90230E+01  1.27500E+01
  97   7.06510E+05  2.65000E+00                  212   2.26030E+01  1.30000E+01
  98   6.72060E+05  2.69999E+00                  213   1.76030E+01  1.32500E+01
  99   6.39280E+05  2.75000E+00                  214   1.37100E+01  1.35000E+01
 100   6.08100E+05  2.80000E+00                  215   1.06770E+01  1.37500E+01
 101   5.78440E+05  2.85001E+00                  216   8.31530E+00  1.40000E+01
 102   5.50230E+05  2.90000E+00                  217   6.47590E+00  1.42500E+01
 103   5.36650E+05  2.92499E+00                  218   5.04350E+00  1.45000E+01
 104   5.23400E+05  2.94999E+00                  219   3.92790E+00  1.47500E+01
 105   5.10470E+05  2.97501E+00                  220   3.05900E+00  1.50000E+01
 106   4.97870E+05  3.00000E+00                  221   2.38240E+00  1.52500E+01
 107   4.73590E+05  3.05000E+00                  222   1.85540E+00  1.55000E+01
 108   4.50490E+05  3.10000E+00                  223   1.44500E+00  1.57500E+01
 109   4.28520E+05  3.15000E+00                  224   1.12540E+00  1.60000E+01
 110   4.07620E+05  3.20001E+00                  225   8.76420E-01  1.62500E+01
 111   3.87740E+05  3.25001E+00                  226   8.33680E-01  1.63000E+01
 112   3.68830E+05  3.30000E+00                  227   6.82560E-01  1.65000E+01
 113   3.50840E+05  3.35001E+00                  228   6.27990E-01  1.65833E+01
 114   3.33730E+05  3.40001E+00                  229   5.31580E-01  1.67500E+01
 115   3.17460E+05  3.44999E+00                  230   4.17460E-01  1.69917E+01
                                                 231   1.00000E-05  2.76310E+01

1         ***************************
          ***************************
          ** Quadrature Parameters **
          ***************************
          ***************************

 Quadrature angles and weights for first quadrant:
 ( 21 angles/quadrant for S-12 quadrature.)

 Angle No.    Mu                  Eta                Weight       Angle in x-y   Elevation
                                                                 plane (degrees) (degrees)
    1    1.53957460D-01      1.53957460D-01      1.83304450D-02       45.00        77.42
    2    4.57691120D-01      1.53957460D-01      1.31668500D-02       18.59        61.13
    3    6.28696600D-01      1.53957460D-01      1.04037375D-02       13.76        49.66
    4    7.62258280D-01      1.53957460D-01      1.04037375D-02       11.42        38.95
    5    8.75680270D-01      1.53957460D-01      1.31668500D-02        9.97        27.24
    6    9.76009320D-01      1.53957460D-01      1.83304450D-02        8.96         8.86
    7    1.53957460D-01      4.57691120D-01      1.31668500D-02       71.41        61.13
    8    4.57691120D-01      4.57691120D-01      9.73916750D-03       45.00        49.66
    9    6.28696600D-01      4.57691120D-01      8.12254500D-03       36.05        38.95
   10    7.62258280D-01      4.57691120D-01      9.73916750D-03       30.98        27.24
   11    8.75680270D-01      4.57691120D-01      1.31668500D-02       27.59         8.86
   12    1.53957460D-01      6.28696600D-01      1.04037375D-02       76.24        49.66
   13    4.57691120D-01      6.28696600D-01      8.12254500D-03       53.95        38.95
   14    6.28696600D-01      6.28696600D-01      8.12254500D-03       45.00        27.24
   15    7.62258280D-01      6.28696600D-01      1.04037375D-02       39.52         8.86
   16    1.53957460D-01      7.62258280D-01      1.04037375D-02       78.58        38.95
   17    4.57691120D-01      7.62258280D-01      9.73916750D-03       59.02        27.24
   18    6.28696600D-01      7.62258280D-01      1.04037375D-02       50.48         8.86
   19    1.53957460D-01      8.75680270D-01      1.31668500D-02       80.03        27.24
   20    4.57691120D-01      8.75680270D-01      1.31668500D-02       62.41         8.86
   21    1.53957460D-01      9.76009320D-01      1.83304450D-02       81.04         8.86


1         **********************************
          **********************************
          ** Quadrature Reflection Angles **
          **********************************
          **********************************
                (Angles are in degrees)

       42 primary   (incoming) angles on each side.
       42 reflected (outgoing) angles on each side.

  Side No. (slope)   Direction No. Primary angle (slope/elevation) Reflecting Angle (slope/elevation)

      1  (   0.00)       1             1  (  45.00/  77.42)           64  ( -45.00/  77.42)
                         2             2  (  18.59/  61.13)           65  ( -18.59/  61.13)
                         3             3  (  13.76/  49.66)           66  ( -13.76/  49.66)
                         4             4  (  11.42/  38.95)           67  ( -11.42/  38.95)
                         5             5  (   9.97/  27.24)           68  (  -9.97/  27.24)
                         6             6  (   8.96/   8.86)           69  (  -8.96/   8.86)
                         7             7  (  71.41/  61.13)           70  ( -71.41/  61.13)
                         8             8  (  45.00/  49.66)           71  ( -45.00/  49.66)
                         9             9  (  36.05/  38.95)           72  ( -36.05/  38.95)
                        10            10  (  30.98/  27.24)           73  ( -30.98/  27.24)
                        11            11  (  27.59/   8.86)           74  ( -27.59/   8.86)
                        12            12  (  76.24/  49.66)           75  ( -76.24/  49.66)
                        13            13  (  53.95/  38.95)           76  ( -53.95/  38.95)
                        14            14  (  45.00/  27.24)           77  ( -45.00/  27.24)
                        15            15  (  39.52/   8.86)           78  ( -39.52/   8.86)
                        16            16  (  78.58/  38.95)           79  ( -78.58/  38.95)
                        17            17  (  59.02/  27.24)           80  ( -59.02/  27.24)
                        18            18  (  50.48/   8.86)           81  ( -50.48/   8.86)
                        19            19  (  80.03/  27.24)           82  ( -80.03/  27.24)
                        20            20  (  62.41/   8.86)           83  ( -62.41/   8.86)
                        21            21  (  81.04/   8.86)           84  ( -81.04/   8.86)
                        22            22  ( 135.00/  77.42)           43  (-135.00/  77.42)
                        23            23  ( 161.41/  61.13)           44  (-161.41/  61.13)
                        24            24  ( 166.24/  49.66)           45  (-166.24/  49.66)
                        25            25  ( 168.58/  38.95)           46  (-168.58/  38.95)
                        26            26  ( 170.03/  27.24)           47  (-170.03/  27.24)
                        27            27  ( 171.04/   8.86)           48  (-171.04/   8.86)
                        28            28  ( 108.59/  61.13)           49  (-108.59/  61.13)
                        29            29  ( 135.00/  49.66)           50  (-135.00/  49.66)
                        30            30  ( 143.95/  38.95)           51  (-143.95/  38.95)
                        31            31  ( 149.02/  27.24)           52  (-149.02/  27.24)
                        32            32  ( 152.41/   8.86)           53  (-152.41/   8.86)
                        33            33  ( 103.76/  49.66)           54  (-103.76/  49.66)
                        34            34  ( 126.05/  38.95)           55  (-126.05/  38.95)
                        35            35  ( 135.00/  27.24)           56  (-135.00/  27.24)
                        36            36  ( 140.48/   8.86)           57  (-140.48/   8.86)
                        37            37  ( 101.42/  38.95)           58  (-101.42/  38.95)
                        38            38  ( 120.98/  27.24)           59  (-120.98/  27.24)
                        39            39  ( 129.52/   8.86)           60  (-129.52/   8.86)
                        40            40  (  99.97/  27.24)           61  ( -99.97/  27.24)
                        41            41  ( 117.59/   8.86)           62  (-117.59/   8.86)
                        42            42  (  98.96/   8.86)           63  ( -98.96/   8.86)

      2  ( -90.00)       1             1  (  45.00/  77.42)           22  ( 135.00/  77.42)
                         2             2  (  18.59/  61.13)           23  ( 161.41/  61.13)
                         3             3  (  13.76/  49.66)           24  ( 166.24/  49.66)
                         4             4  (  11.42/  38.95)           25  ( 168.58/  38.95)
                         5             5  (   9.97/  27.24)           26  ( 170.03/  27.24)
                         6             6  (   8.96/   8.86)           27  ( 171.04/   8.86)
                         7             7  (  71.41/  61.13)           28  ( 108.59/  61.13)
                         8             8  (  45.00/  49.66)           29  ( 135.00/  49.66)
                         9             9  (  36.05/  38.95)           30  ( 143.95/  38.95)
                        10            10  (  30.98/  27.24)           31  ( 149.02/  27.24)
                        11            11  (  27.59/   8.86)           32  ( 152.41/   8.86)
                        12            12  (  76.24/  49.66)           33  ( 103.76/  49.66)
                        13            13  (  53.95/  38.95)           34  ( 126.05/  38.95)
                        14            14  (  45.00/  27.24)           35  ( 135.00/  27.24)
                        15            15  (  39.52/   8.86)           36  ( 140.48/   8.86)
                        16            16  (  78.58/  38.95)           37  ( 101.42/  38.95)
                        17            17  (  59.02/  27.24)           38  ( 120.98/  27.24)
                        18            18  (  50.48/   8.86)           39  ( 129.52/   8.86)
                        19            19  (  80.03/  27.24)           40  (  99.97/  27.24)
                        20            20  (  62.41/   8.86)           41  ( 117.59/   8.86)
                        21            21  (  81.04/   8.86)           42  (  98.96/   8.86)
                        22            64  ( -45.00/  77.42)           43  (-135.00/  77.42)
                        23            65  ( -18.59/  61.13)           44  (-161.41/  61.13)
                        24            66  ( -13.76/  49.66)           45  (-166.24/  49.66)
                        25            67  ( -11.42/  38.95)           46  (-168.58/  38.95)
                        26            68  (  -9.97/  27.24)           47  (-170.03/  27.24)
                        27            69  (  -8.96/   8.86)           48  (-171.04/   8.86)
                        28            70  ( -71.41/  61.13)           49  (-108.59/  61.13)
                        29            71  ( -45.00/  49.66)           50  (-135.00/  49.66)
                        30            72  ( -36.05/  38.95)           51  (-143.95/  38.95)
                        31            73  ( -30.98/  27.24)           52  (-149.02/  27.24)
                        32            74  ( -27.59/   8.86)           53  (-152.41/   8.86)
                        33            75  ( -76.24/  49.66)           54  (-103.76/  49.66)
                        34            76  ( -53.95/  38.95)           55  (-126.05/  38.95)
                        35            77  ( -45.00/  27.24)           56  (-135.00/  27.24)
                        36            78  ( -39.52/   8.86)           57  (-140.48/   8.86)
                        37            79  ( -78.58/  38.95)           58  (-101.42/  38.95)
                        38            80  ( -59.02/  27.24)           59  (-120.98/  27.24)
                        39            81  ( -50.48/   8.86)           60  (-129.52/   8.86)
                        40            82  ( -80.03/  27.24)           61  ( -99.97/  27.24)
                        41            83  ( -62.41/   8.86)           62  (-117.59/   8.86)
                        42            84  ( -81.04/   8.86)           63  ( -98.96/   8.86)

      3  (  90.00)       1            22  ( 135.00/  77.42)            1  (  45.00/  77.42)
                         2            23  ( 161.41/  61.13)            2  (  18.59/  61.13)
                         3            24  ( 166.24/  49.66)            3  (  13.76/  49.66)
                         4            25  ( 168.58/  38.95)            4  (  11.42/  38.95)
                         5            26  ( 170.03/  27.24)            5  (   9.97/  27.24)
                         6            27  ( 171.04/   8.86)            6  (   8.96/   8.86)
                         7            28  ( 108.59/  61.13)            7  (  71.41/  61.13)
                         8            29  ( 135.00/  49.66)            8  (  45.00/  49.66)
                         9            30  ( 143.95/  38.95)            9  (  36.05/  38.95)
                        10            31  ( 149.02/  27.24)           10  (  30.98/  27.24)
                        11            32  ( 152.41/   8.86)           11  (  27.59/   8.86)
                        12            33  ( 103.76/  49.66)           12  (  76.24/  49.66)
                        13            34  ( 126.05/  38.95)           13  (  53.95/  38.95)
                        14            35  ( 135.00/  27.24)           14  (  45.00/  27.24)
                        15            36  ( 140.48/   8.86)           15  (  39.52/   8.86)
                        16            37  ( 101.42/  38.95)           16  (  78.58/  38.95)
                        17            38  ( 120.98/  27.24)           17  (  59.02/  27.24)
                        18            39  ( 129.52/   8.86)           18  (  50.48/   8.86)
                        19            40  (  99.97/  27.24)           19  (  80.03/  27.24)
                        20            41  ( 117.59/   8.86)           20  (  62.41/   8.86)
                        21            42  (  98.96/   8.86)           21  (  81.04/   8.86)
                        22            43  (-135.00/  77.42)           64  ( -45.00/  77.42)
                        23            44  (-161.41/  61.13)           65  ( -18.59/  61.13)
                        24            45  (-166.24/  49.66)           66  ( -13.76/  49.66)
                        25            46  (-168.58/  38.95)           67  ( -11.42/  38.95)
                        26            47  (-170.03/  27.24)           68  (  -9.97/  27.24)
                        27            48  (-171.04/   8.86)           69  (  -8.96/   8.86)
                        28            49  (-108.59/  61.13)           70  ( -71.41/  61.13)
                        29            50  (-135.00/  49.66)           71  ( -45.00/  49.66)
                        30            51  (-143.95/  38.95)           72  ( -36.05/  38.95)
                        31            52  (-149.02/  27.24)           73  ( -30.98/  27.24)
                        32            53  (-152.41/   8.86)           74  ( -27.59/   8.86)
                        33            54  (-103.76/  49.66)           75  ( -76.24/  49.66)
                        34            55  (-126.05/  38.95)           76  ( -53.95/  38.95)
                        35            56  (-135.00/  27.24)           77  ( -45.00/  27.24)
                        36            57  (-140.48/   8.86)           78  ( -39.52/   8.86)
                        37            58  (-101.42/  38.95)           79  ( -78.58/  38.95)
                        38            59  (-120.98/  27.24)           80  ( -59.02/  27.24)
                        39            60  (-129.52/   8.86)           81  ( -50.48/   8.86)
                        40            61  ( -99.97/  27.24)           82  ( -80.03/  27.24)
                        41            62  (-117.59/   8.86)           83  ( -62.41/   8.86)
                        42            63  ( -98.96/   8.86)           84  ( -81.04/   8.86)

      4  ( 180.00)       1            43  (-135.00/  77.42)           22  ( 135.00/  77.42)
                         2            44  (-161.41/  61.13)           23  ( 161.41/  61.13)
                         3            45  (-166.24/  49.66)           24  ( 166.24/  49.66)
                         4            46  (-168.58/  38.95)           25  ( 168.58/  38.95)
                         5            47  (-170.03/  27.24)           26  ( 170.03/  27.24)
                         6            48  (-171.04/   8.86)           27  ( 171.04/   8.86)
                         7            49  (-108.59/  61.13)           28  ( 108.59/  61.13)
                         8            50  (-135.00/  49.66)           29  ( 135.00/  49.66)
                         9            51  (-143.95/  38.95)           30  ( 143.95/  38.95)
                        10            52  (-149.02/  27.24)           31  ( 149.02/  27.24)
                        11            53  (-152.41/   8.86)           32  ( 152.41/   8.86)
                        12            54  (-103.76/  49.66)           33  ( 103.76/  49.66)
                        13            55  (-126.05/  38.95)           34  ( 126.05/  38.95)
                        14            56  (-135.00/  27.24)           35  ( 135.00/  27.24)
                        15            57  (-140.48/   8.86)           36  ( 140.48/   8.86)
                        16            58  (-101.42/  38.95)           37  ( 101.42/  38.95)
                        17            59  (-120.98/  27.24)           38  ( 120.98/  27.24)
                        18            60  (-129.52/   8.86)           39  ( 129.52/   8.86)
                        19            61  ( -99.97/  27.24)           40  (  99.97/  27.24)
                        20            62  (-117.59/   8.86)           41  ( 117.59/   8.86)
                        21            63  ( -98.96/   8.86)           42  (  98.96/   8.86)
                        22            64  ( -45.00/  77.42)            1  (  45.00/  77.42)
                        23            65  ( -18.59/  61.13)            2  (  18.59/  61.13)
                        24            66  ( -13.76/  49.66)            3  (  13.76/  49.66)
                        25            67  ( -11.42/  38.95)            4  (  11.42/  38.95)
                        26            68  (  -9.97/  27.24)            5  (   9.97/  27.24)
                        27            69  (  -8.96/   8.86)            6  (   8.96/   8.86)
                        28            70  ( -71.41/  61.13)            7  (  71.41/  61.13)
                        29            71  ( -45.00/  49.66)            8  (  45.00/  49.66)
                        30            72  ( -36.05/  38.95)            9  (  36.05/  38.95)
                        31            73  ( -30.98/  27.24)           10  (  30.98/  27.24)
                        32            74  ( -27.59/   8.86)           11  (  27.59/   8.86)
                        33            75  ( -76.24/  49.66)           12  (  76.24/  49.66)
                        34            76  ( -53.95/  38.95)           13  (  53.95/  38.95)
                        35            77  ( -45.00/  27.24)           14  (  45.00/  27.24)
                        36            78  ( -39.52/   8.86)           15  (  39.52/   8.86)
                        37            79  ( -78.58/  38.95)           16  (  78.58/  38.95)
                        38            80  ( -59.02/  27.24)           17  (  59.02/  27.24)
                        39            81  ( -50.48/   8.86)           18  (  50.48/   8.86)
                        40            82  ( -80.03/  27.24)           19  (  80.03/  27.24)
                        41            83  ( -62.41/   8.86)           20  (  62.41/   8.86)
                        42            84  ( -81.04/   8.86)           21  (  81.04/   8.86)





 Scattering constants for first quadrant
 ( 3 moments for p-1 scattering)
 Angle       ------- Moment No. -------
  No.       0             1             2
    1    1.00000E+00  2.66662E-01 -1.88559E-01
    2    1.00000E+00  7.92744E-01 -1.88559E-01
    3    1.00000E+00  1.08893E+00 -1.88559E-01
    4    1.00000E+00  1.32027E+00 -1.88559E-01
    5    1.00000E+00  1.51672E+00 -1.88559E-01
    6    1.00000E+00  1.69050E+00 -1.88559E-01
    7    1.00000E+00  2.66662E-01 -5.60555E-01
    8    1.00000E+00  7.92744E-01 -5.60555E-01
    9    1.00000E+00  1.08893E+00 -5.60555E-01
   10    1.00000E+00  1.32027E+00 -5.60555E-01
   11    1.00000E+00  1.51672E+00 -5.60555E-01
   12    1.00000E+00  2.66662E-01 -7.69993E-01
   13    1.00000E+00  7.92744E-01 -7.69993E-01
   14    1.00000E+00  1.08893E+00 -7.69993E-01
   15    1.00000E+00  1.32027E+00 -7.69993E-01
   16    1.00000E+00  2.66662E-01 -9.33572E-01
   17    1.00000E+00  7.92744E-01 -9.33572E-01
   18    1.00000E+00  1.08893E+00 -9.33572E-01
   19    1.00000E+00  2.66662E-01 -1.07248E+00
   20    1.00000E+00  7.92744E-01 -1.07248E+00
   21    1.00000E+00  2.66662E-01 -1.19536E+00


1         **************************
          **************************
          **** Mixture Volumes *****
          **************************
          **************************


  Mixture       Volume        Volume
    ID     (cc/unit length)  Fraction
     0       0.00000E+00      0.00000E+00
     1       7.62013E+03      5.47266E-01
     2       3.31573E+03      2.38131E-01
     3       2.98814E+03      2.14603E-01
 Total       1.39240E+04      1.00000E+00

1         *********************
          *********************
          **   Mixing Table  **
          *********************
          *********************

 Entry   Mixture   Isotope   Number Density
     1      1         11023    6.76623E-03
     2      1         17037    2.02987E-02
     3      1         92235    9.99654E-06
     4      1         92238    3.98862E-03
     5      1         94239    5.12204E-04
     6      2         11023    6.76800E-03
     7      2         17037    2.03040E-02
     8      2         92235    1.12800E-05
     9      2         92238    4.50072E-03
    10      3         24050    3.05448E-04
    11      3         24052    5.89026E-03
    12      3         24053    6.67908E-04
    13      3         24054    1.66256E-04
    14      3         26054    2.73268E-04
    15      3         26056    4.28973E-03
    16      3         26057    9.90685E-05
    17      3         26058    1.31842E-05
    18      3         28058    4.36077E-02
    19      3         28060    1.67976E-02
    20      3         28061    7.30181E-04
    21      3         28062    2.32814E-03
    22      3         28064    5.92908E-04
    23      3         42092    1.28627E-03
    24      3         42094    8.03809E-04
    25      3         42095    1.38468E-03
    26      3         42096    1.45260E-03
    27      3         42097    8.32548E-04
    28      3         42098    2.10662E-03
    29      3         42100    8.42127E-04


  Memory size of attenuation factors(MB)=    502.49


 ===================================================================================================================================
   Outer iteration sweep begins 07/ 13/ 2018 at 10:55:06

  Outer   Eigenvalue Eigenvalue Max Flux   Max Flux     Max Fuel   Max Fuel     Wall   Elapsed   Iteration  CPU   Inners
 Iter. #              Delta      Delta   Location(r,g)   Delta   Location(r,g) Clock   CPU Time   CPU Time Usage Converged
 - - - - - - - - - - - - - - - - - - - - - - - - - - - - - - - - - - - - - - - - - - - - - - - - - - - - - - - - - - - -
     1    1.00013   6.538E-03 5.404E-01 (    2,217)   1.000E+00 (    1,  0) 10:55:23   16.9 s    16.9 s  99.2%    F
     2    0.99961   5.195E-04 1.449E-01 (    4, 41)   3.140E-01 (  938,  0) 10:55:39   32.9 s    16.1 s 100.5%    F
     3    0.99883   7.804E-04 3.374E-02 (    4, 41)   1.217E-01 (    4,  0) 10:55:50   44.0 s    11.0 s 100.2%    F
     4    0.99855   2.770E-04 1.271E-02 (    3,217)   1.476E-02 ( 1088,  0) 10:55:57   51.2 s     7.2 s 103.0%    F
     5    0.99817   3.813E-04 7.894E-03 (    3,217)   3.510E-03 (  674,  0) 10:56:07   61.0 s     9.8 s  97.8%    F
     6    0.99776   4.181E-04 5.443E-03 (    3,214)   1.586E-03 (  674,  0) 10:56:20   73.6 s    12.7 s  97.5%    F
     7    0.99752   2.382E-04 4.123E-03 (    3,216)   9.592E-04 ( 1002,  0) 10:56:31   85.4 s    11.8 s 107.0%    F
     8    0.99742   9.795E-05 2.745E-03 (    3,216)   6.598E-04 ( 1002,  0) 10:56:41   95.0 s     9.6 s  96.4%    F
 k-eff =       0.99742003     



   Four-Factor Estimate of k-infinity.  Fast/Thermal boundary:   0.6250 eV
      Fiss. neutrons/thermal abs. (eta):          1.138255
      Thermal utilization (f):                    0.050577
      Resonance Escape probability (p):           0.000299
      Fast-fission factor (epsilon):          57890.649378
                                            --------------
      Infinite neutron multiplication             0.997160


   Alternate 3-Group Formulation Terms. 
   Fast/Res. boundary:   0.8210 MeV.  Res./Therm. boundary:   0.6250eV
      Fiss. neutrons/thermal abs. (eta):          1.138255
      Thermal utilization (f):                    0.050577
      Resonance Escape probability (p):           0.000339
      Fast Escape probability (pf):               0.882488
      Fast-fission factor (epsilon):          57890.649378





  Time per Iteration (sec):
 Transport Sweeping:     4.206
 Inscatter Source  :     1.079
 Coarse-Mesh Accel :     8.420
 Else (Convergence):     1.163
 Total (per outer):     14.868

  Total iteration time breakdown (sec):
 Transport Sweeping:    33.649
 Inscatter Source  :     8.631
 Coarse-Mesh Accel :    67.362
 Else (Convergence):     9.301
 Total Time        :   118.943

 Critical Spectra Calculated with the B1 Method
 Input buckling of  0.00000E+00 gives a corresponding k-eff of  9.97288E-01
 Equivalent core height is infinite.

  Group   Upper      Critical   Inf.Med.   Critical   Inf.Med.  
   No    Energy(eV)   Flux       Flux      Adj.Flux   Adj.Flux  

     1  2.0000E+07  9.529E-08  9.529E-08  8.926E-04  8.926E-04
     2  1.3840E+07  2.880E-06  2.880E-06  1.228E-02  1.228E-02
     3  1.3499E+07  3.951E-06  3.951E-06  1.187E-02  1.187E-02
     4  1.3165E+07  5.082E-06  5.082E-06  1.155E-02  1.155E-02
     5  1.2840E+07  6.365E-06  6.365E-06  1.124E-02  1.124E-02
     6  1.2523E+07  7.869E-06  7.869E-06  1.098E-02  1.098E-02
     7  1.2214E+07  9.634E-06  9.634E-06  1.071E-02  1.071E-02
     8  1.1912E+07  1.170E-05  1.170E-05  1.055E-02  1.055E-02
     9  1.1618E+07  1.410E-05  1.410E-05  1.040E-02  1.040E-02
    10  1.1331E+07  1.690E-05  1.690E-05  1.030E-02  1.030E-02
    11  1.1052E+07  2.013E-05  2.013E-05  1.016E-02  1.016E-02
    12  1.0779E+07  2.391E-05  2.391E-05  1.010E-02  1.010E-02
    13  1.0513E+07  2.820E-05  2.820E-05  1.002E-02  1.002E-02
    14  1.0253E+07  3.298E-05  3.298E-05  9.998E-03  9.998E-03
    15  1.0000E+07  3.846E-05  3.846E-05  1.001E-02  1.001E-02
    16  9.7531E+06  4.464E-05  4.464E-05  9.958E-03  9.958E-03
    17  9.5123E+06  5.180E-05  5.180E-05  9.932E-03  9.932E-03
    18  9.2774E+06  5.972E-05  5.972E-05  9.893E-03  9.893E-03
    19  9.0484E+06  6.825E-05  6.825E-05  9.824E-03  9.824E-03
    20  8.8250E+06  7.768E-05  7.768E-05  9.767E-03  9.767E-03
    21  8.6071E+06  8.836E-05  8.836E-05  9.709E-03  9.709E-03
    22  8.3946E+06  1.001E-04  1.001E-04  9.640E-03  9.640E-03
    23  8.1873E+06  1.114E-04  1.114E-04  9.561E-03  9.561E-03
    24  7.9852E+06  1.256E-04  1.256E-04  9.474E-03  9.474E-03
    25  7.7880E+06  1.404E-04  1.404E-04  9.369E-03  9.369E-03
    26  7.5957E+06  1.575E-04  1.575E-04  9.279E-03  9.279E-03
    27  7.4082E+06  1.752E-04  1.752E-04  9.152E-03  9.152E-03
    28  7.2253E+06  1.945E-04  1.945E-04  9.013E-03  9.013E-03
    29  7.0469E+06  2.152E-04  2.152E-04  8.868E-03  8.868E-03
    30  6.8729E+06  2.368E-04  2.368E-04  8.705E-03  8.705E-03
    31  6.7032E+06  2.507E-04  2.507E-04  2.576E-02  2.576E-02
    32  6.6476E+06  2.575E-04  2.575E-04  2.554E-02  2.554E-02
    33  6.5924E+06  2.631E-04  2.631E-04  2.536E-02  2.536E-02
    34  6.5377E+06  2.843E-04  2.843E-04  8.347E-03  8.347E-03
    35  6.3763E+06  3.072E-04  3.072E-04  8.191E-03  8.191E-03
    36  6.2189E+06  3.359E-04  3.359E-04  8.059E-03  8.059E-03
    37  6.0653E+06  3.672E-04  3.672E-04  7.936E-03  7.936E-03
    38  5.9156E+06  3.964E-04  3.964E-04  7.837E-03  7.837E-03
    39  5.7695E+06  4.425E-04  4.425E-04  3.883E-03  3.883E-03
    40  5.4881E+06  5.060E-04  5.060E-04  3.850E-03  3.850E-03
    41  5.2205E+06  5.898E-04  5.898E-04  3.851E-03  3.851E-03
    42  4.9659E+06  6.499E-04  6.499E-04  7.699E-03  7.699E-03
    43  4.8432E+06  6.900E-04  6.900E-04  7.681E-03  7.681E-03
    44  4.7237E+06  7.373E-04  7.373E-04  7.653E-03  7.653E-03
    45  4.6070E+06  7.970E-04  7.970E-04  7.659E-03  7.659E-03
    46  4.4933E+06  8.600E-04  8.600E-04  3.837E-03  3.837E-03
    47  4.2741E+06  9.783E-04  9.783E-04  3.861E-03  3.861E-03
    48  4.0657E+06  1.107E-03  1.107E-03  3.884E-03  3.884E-03
    49  3.8674E+06  1.222E-03  1.222E-03  3.914E-03  3.914E-03
    50  3.6788E+06  1.351E-03  1.351E-03  3.920E-03  3.920E-03
    51  3.4994E+06  1.509E-03  1.509E-03  3.937E-03  3.937E-03
    52  3.3287E+06  1.648E-03  1.648E-03  7.926E-03  7.926E-03
    53  3.2465E+06  1.734E-03  1.734E-03  8.007E-03  8.007E-03
    54  3.1664E+06  1.890E-03  1.890E-03  8.037E-03  8.037E-03
    55  3.0882E+06  1.997E-03  1.997E-03  8.019E-03  8.019E-03
    56  3.0119E+06  2.065E-03  2.065E-03  4.003E-03  4.003E-03
    57  2.8650E+06  2.226E-03  2.226E-03  3.994E-03  3.994E-03
    58  2.7253E+06  2.422E-03  2.422E-03  3.977E-03  3.977E-03
    59  2.5924E+06  2.518E-03  2.518E-03  3.953E-03  3.953E-03
    60  2.4660E+06  2.588E-03  2.588E-03  1.178E-02  1.178E-02
    61  2.4252E+06  2.657E-03  2.657E-03  1.176E-02  1.176E-02
    62  2.3851E+06  2.756E-03  2.756E-03  2.348E-02  2.348E-02
    63  2.3653E+06  2.806E-03  2.806E-03  2.348E-02  2.348E-02
    64  2.3457E+06  2.840E-03  2.840E-03  1.168E-02  1.168E-02
    65  2.3069E+06  2.836E-03  2.836E-03  1.166E-02  1.166E-02
    66  2.2688E+06  2.898E-03  2.898E-03  1.161E-02  1.161E-02
    67  2.2313E+06  2.929E-03  2.929E-03  3.854E-03  3.854E-03
    68  2.1225E+06  3.032E-03  3.032E-03  3.818E-03  3.818E-03
    69  2.0190E+06  3.256E-03  3.256E-03  7.552E-03  7.552E-03
    70  1.9691E+06  3.411E-03  3.411E-03  7.518E-03  7.518E-03
    71  1.9205E+06  3.678E-03  3.678E-03  7.480E-03  7.480E-03
    72  1.8731E+06  3.679E-03  3.679E-03  7.409E-03  7.409E-03
    73  1.8268E+06  3.660E-03  3.660E-03  3.661E-03  3.661E-03
    74  1.7377E+06  3.938E-03  3.938E-03  3.600E-03  3.600E-03
    75  1.6530E+06  4.000E-03  4.000E-03  7.070E-03  7.070E-03
    76  1.6122E+06  3.963E-03  3.963E-03  6.989E-03  6.989E-03
    77  1.5724E+06  4.289E-03  4.289E-03  6.911E-03  6.911E-03
    78  1.5336E+06  4.371E-03  4.371E-03  6.807E-03  6.807E-03
    79  1.4957E+06  4.473E-03  4.473E-03  3.338E-03  3.338E-03
    80  1.4227E+06  4.680E-03  4.680E-03  3.254E-03  3.254E-03
    81  1.3534E+06  4.828E-03  4.828E-03  3.185E-03  3.185E-03
    82  1.2873E+06  4.991E-03  4.991E-03  3.161E-03  3.161E-03
    83  1.2246E+06  5.502E-03  5.502E-03  6.280E-03  6.280E-03
    84  1.1943E+06  6.891E-03  6.891E-03  6.286E-03  6.286E-03
    85  1.1648E+06  6.514E-03  6.514E-03  3.141E-03  3.141E-03
    86  1.1080E+06  6.178E-03  6.178E-03  3.138E-03  3.138E-03
    87  1.0540E+06  6.176E-03  6.176E-03  3.137E-03  3.137E-03
    88  1.0026E+06  6.141E-03  6.141E-03  6.273E-03  6.273E-03
    89  9.7783E+05  5.614E-03  5.614E-03  9.418E-03  9.418E-03
    90  9.6167E+05  6.668E-03  6.668E-03  1.885E-02  1.885E-02
    91  9.5369E+05  6.719E-03  6.719E-03  3.131E-03  3.131E-03
    92  9.0718E+05  6.524E-03  6.524E-03  3.109E-03  3.109E-03
    93  8.6294E+05  7.060E-03  7.060E-03  3.095E-03  3.095E-03
    94  8.2085E+05  7.069E-03  7.069E-03  3.076E-03  3.076E-03
    95  7.8082E+05  7.436E-03  7.436E-03  3.067E-03  3.067E-03
    96  7.4274E+05  6.280E-03  6.280E-03  3.054E-03  3.054E-03
    97  7.0651E+05  7.053E-03  7.053E-03  3.050E-03  3.050E-03
    98  6.7206E+05  7.752E-03  7.752E-03  3.041E-03  3.041E-03
    99  6.3928E+05  7.791E-03  7.791E-03  3.016E-03  3.016E-03
   100  6.0810E+05  8.911E-03  8.911E-03  2.990E-03  2.990E-03
   101  5.7844E+05  9.431E-03  9.431E-03  2.976E-03  2.976E-03
   102  5.5023E+05  1.082E-02  1.082E-02  5.917E-03  5.917E-03
   103  5.3665E+05  1.012E-02  1.012E-02  5.884E-03  5.884E-03
   104  5.2340E+05  1.075E-02  1.075E-02  5.844E-03  5.844E-03
   105  5.1047E+05  1.039E-02  1.039E-02  5.811E-03  5.811E-03
   106  4.9787E+05  1.374E-02  1.374E-02  2.886E-03  2.886E-03
   107  4.7359E+05  1.280E-02  1.280E-02  2.844E-03  2.844E-03
   108  4.5049E+05  1.027E-02  1.027E-02  2.804E-03  2.804E-03
   109  4.2852E+05  9.644E-03  9.644E-03  2.769E-03  2.769E-03
   110  4.0762E+05  1.188E-02  1.188E-02  2.745E-03  2.745E-03
   111  3.8774E+05  1.044E-02  1.044E-02  2.713E-03  2.713E-03
   112  3.6883E+05  1.298E-02  1.298E-02  2.688E-03  2.688E-03
   113  3.5084E+05  1.279E-02  1.279E-02  2.654E-03  2.654E-03
   114  3.3373E+05  1.416E-02  1.416E-02  2.625E-03  2.625E-03
   115  3.1746E+05  9.322E-03  9.322E-03  5.171E-03  5.171E-03
   116  3.0962E+05  1.241E-02  1.241E-02  5.153E-03  5.153E-03
   117  3.0197E+05  1.379E-02  1.379E-02  5.138E-03  5.138E-03
   118  2.9452E+05  1.598E-02  1.598E-02  5.114E-03  5.114E-03
   119  2.8725E+05  1.541E-02  1.541E-02  5.064E-03  5.064E-03
   120  2.8015E+05  1.419E-02  1.419E-02  5.037E-03  5.037E-03
   121  2.7324E+05  1.466E-02  1.466E-02  2.491E-03  2.491E-03
   122  2.5991E+05  1.238E-02  1.238E-02  2.457E-03  2.457E-03
   123  2.4724E+05  1.032E-02  1.032E-02  2.425E-03  2.425E-03
   124  2.3518E+05  1.296E-02  1.296E-02  2.409E-03  2.409E-03
   125  2.2371E+05  1.058E-02  1.058E-02  2.382E-03  2.382E-03
   126  2.1280E+05  1.157E-02  1.157E-02  2.359E-03  2.359E-03
   127  2.0242E+05  1.070E-02  1.070E-02  2.334E-03  2.334E-03
   128  1.9255E+05  1.173E-02  1.173E-02  2.315E-03  2.315E-03
   129  1.8316E+05  1.273E-02  1.273E-02  2.292E-03  2.292E-03
   130  1.7422E+05  1.599E-02  1.599E-02  4.561E-03  4.561E-03
   131  1.6992E+05  1.267E-02  1.267E-02  4.522E-03  4.522E-03
   132  1.6573E+05  1.430E-02  1.430E-02  4.491E-03  4.491E-03
   133  1.6163E+05  1.328E-02  1.328E-02  4.469E-03  4.469E-03
   134  1.5764E+05  1.418E-02  1.418E-02  2.215E-03  2.215E-03
   135  1.4996E+05  9.664E-03  9.664E-03  2.184E-03  2.184E-03
   136  1.4264E+05  5.907E-03  5.907E-03  2.163E-03  2.163E-03
   137  1.3569E+05  2.034E-02  2.034E-02  2.161E-03  2.161E-03
   138  1.2907E+05  1.539E-02  1.539E-02  2.125E-03  2.125E-03
   139  1.2277E+05  1.532E-02  1.532E-02  2.101E-03  2.101E-03
   140  1.1679E+05  1.385E-02  1.385E-02  2.071E-03  2.071E-03
   141  1.1109E+05  1.356E-02  1.356E-02  8.142E-04  8.142E-04
   142  9.8036E+04  1.287E-02  1.287E-02  7.876E-04  7.876E-04
   143  8.6517E+04  1.142E-02  1.142E-02  7.607E-04  7.607E-04
   144  7.6351E+04  9.990E-03  9.990E-03  7.370E-04  7.370E-04
   145  6.7379E+04  9.877E-03  9.877E-03  1.193E-03  1.193E-03
   146  6.2511E+04  1.184E-02  1.184E-02  1.754E-03  1.754E-03
   147  5.9462E+04  1.120E-02  1.120E-02  1.735E-03  1.735E-03
   148  5.6562E+04  7.169E-03  7.169E-03  1.145E-03  1.145E-03
   149  5.2475E+04  4.510E-03  4.510E-03  6.814E-04  6.814E-04
   150  4.6309E+04  1.252E-02  1.252E-02  6.770E-04  6.770E-04
   151  4.0868E+04  9.817E-03  9.817E-03  6.558E-04  6.558E-04
   152  3.6066E+04  9.026E-03  9.026E-03  3.202E-03  3.202E-03
   153  3.5175E+04  8.721E-03  8.721E-03  3.196E-03  3.196E-03
   154  3.4307E+04  8.110E-03  8.110E-03  1.054E-03  1.054E-03
   155  3.1828E+04  8.756E-03  8.756E-03  6.239E-04  6.239E-04
   156  2.8088E+04  2.491E-03  2.491E-03  1.008E-03  1.008E-03
   157  2.6058E+04  2.070E-03  2.070E-03  1.510E-03  1.510E-03
   158  2.4787E+04  6.555E-03  6.555E-03  3.029E-03  3.029E-03
   159  2.4175E+04  9.613E-03  9.613E-03  3.026E-03  3.026E-03
   160  2.3579E+04  8.439E-03  8.439E-03  9.980E-04  9.980E-04
   161  2.1875E+04  7.552E-03  7.552E-03  2.957E-03  2.957E-03
   162  2.1335E+04  7.122E-03  7.122E-03  7.317E-04  7.317E-04
   163  1.9305E+04  5.957E-03  5.957E-03  5.694E-04  5.694E-04
   164  1.7036E+04  5.003E-03  5.003E-03  5.524E-04  5.524E-04
   165  1.5034E+04  4.480E-03  4.480E-03  5.352E-04  5.352E-04
   166  1.3268E+04  3.898E-03  3.898E-03  5.258E-04  5.258E-04
   167  1.1709E+04  3.755E-03  3.755E-03  5.115E-04  5.115E-04
   168  1.0333E+04  3.491E-03  3.491E-03  5.016E-04  5.016E-04
   169  9.1188E+03  1.813E-03  1.813E-03  4.983E-04  4.983E-04
   170  8.0473E+03  4.047E-03  4.047E-03  4.986E-04  4.986E-04
   171  7.1017E+03  2.955E-03  2.955E-03  4.866E-04  4.866E-04
   172  6.2673E+03  2.389E-03  2.389E-03  4.836E-04  4.836E-04
   173  5.5308E+03  1.931E-03  1.931E-03  5.971E-04  5.971E-04
   174  5.0045E+03  1.533E-03  1.533E-03  5.910E-04  5.910E-04
   175  4.5283E+03  1.301E-03  1.301E-03  1.174E-03  1.174E-03
   176  4.3074E+03  1.161E-03  1.161E-03  1.168E-03  1.168E-03
   177  4.0973E+03  9.342E-04  9.342E-04  5.830E-04  5.830E-04
   178  3.7074E+03  6.937E-04  6.937E-04  5.801E-04  5.801E-04
   179  3.3546E+03  4.798E-04  4.798E-04  5.822E-04  5.822E-04
   180  3.0354E+03  3.854E-04  3.854E-04  1.007E-03  1.007E-03
   181  2.8634E+03  3.753E-04  3.753E-04  1.415E-03  1.415E-03
   182  2.7465E+03  3.905E-04  3.905E-04  1.183E-03  1.183E-03
   183  2.6126E+03  4.666E-04  4.666E-04  1.188E-03  1.188E-03
   184  2.4852E+03  6.759E-04  6.759E-04  5.960E-04  5.960E-04
   185  2.2487E+03  1.057E-03  1.057E-03  6.070E-04  6.070E-04
   186  2.0347E+03  1.414E-03  1.414E-03  6.160E-04  6.160E-04
   187  1.8411E+03  1.623E-03  1.623E-03  6.117E-04  6.117E-04
   188  1.6659E+03  1.712E-03  1.712E-03  1.194E-03  1.194E-03
   189  1.5846E+03  1.739E-03  1.739E-03  1.190E-03  1.190E-03
   190  1.5073E+03  1.714E-03  1.714E-03  5.909E-04  5.909E-04
   191  1.3639E+03  1.563E-03  1.563E-03  5.707E-04  5.707E-04
   192  1.2341E+03  1.453E-03  1.453E-03  1.058E-03  1.058E-03
   193  1.1739E+03  1.446E-03  1.446E-03  1.029E-03  1.029E-03
   194  1.1167E+03  1.243E-03  1.243E-03  1.025E-03  1.025E-03
   195  1.0622E+03  1.185E-03  1.185E-03  1.020E-03  1.020E-03
   196  1.0104E+03  1.130E-03  1.130E-03  9.974E-04  9.974E-04
   197  9.6112E+02  9.130E-04  9.130E-04  1.819E-04  1.819E-04
   198  7.4852E+02  6.750E-04  6.750E-04  1.628E-04  1.628E-04
   199  5.8295E+02  4.843E-04  4.843E-04  1.602E-04  1.602E-04
   200  4.5400E+02  3.804E-04  3.804E-04  1.275E-04  1.275E-04
   201  3.5357E+02  3.115E-04  3.115E-04  1.255E-04  1.255E-04
   202  2.7536E+02  2.456E-04  2.456E-04  1.094E-04  1.094E-04
   203  2.1445E+02  2.137E-04  2.137E-04  9.479E-05  9.479E-05
   204  1.6702E+02  1.815E-04  1.815E-04  8.195E-05  8.195E-05
   205  1.3007E+02  1.428E-04  1.428E-04  7.941E-05  7.941E-05
   206  1.0130E+02  1.280E-04  1.280E-04  7.607E-05  7.607E-05
   207  7.8893E+01  1.061E-04  1.061E-04  5.874E-05  5.874E-05
   208  6.1442E+01  9.615E-05  9.615E-05  5.552E-05  5.552E-05
   209  4.7851E+01  5.159E-05  5.159E-05  3.925E-05  3.925E-05
   210  3.7267E+01  3.801E-05  3.801E-05  7.119E-05  7.119E-05
   211  2.9023E+01  3.934E-05  3.934E-05  7.554E-05  7.554E-05
   212  2.2603E+01  2.892E-05  2.892E-05  7.104E-05  7.104E-05
   213  1.7603E+01  2.934E-05  2.934E-05  7.316E-05  7.316E-05
   214  1.3710E+01  2.662E-05  2.662E-05  6.265E-05  6.265E-05
   215  1.0677E+01  2.367E-05  2.367E-05  5.451E-05  5.451E-05
   216  8.3153E+00  1.780E-05  1.780E-05  5.178E-05  5.178E-05
   217  6.4759E+00  1.490E-05  1.490E-05  5.353E-05  5.353E-05
   218  5.0435E+00  1.567E-05  1.567E-05  6.019E-05  6.019E-05
   219  3.9279E+00  1.494E-05  1.494E-05  6.582E-05  6.582E-05
   220  3.0590E+00  2.036E-05  2.036E-05  6.926E-05  6.926E-05
   221  2.3824E+00  1.120E-05  1.120E-05  7.304E-05  7.304E-05
   222  1.8554E+00  1.108E-05  1.108E-05  7.390E-05  7.390E-05
   223  1.4450E+00  6.330E-06  6.330E-06  7.399E-05  7.399E-05
   224  1.1254E+00  1.518E-06  1.518E-06  6.836E-05  6.836E-05
   225  8.7642E-01  2.421E-06  2.421E-06  3.267E-04  3.267E-04
   226  8.3368E-01  2.020E-06  2.020E-06  7.674E-05  7.674E-05
   227  6.8256E-01  1.609E-06  1.609E-06  1.691E-04  1.691E-04
   228  6.2799E-01  1.253E-06  1.253E-06  7.770E-05  7.770E-05
   229  5.3158E-01  7.505E-07  7.505E-07  4.670E-05  4.670E-05
   230  4.1746E-01  1.958E-08  1.958E-08  7.991E-07  7.991E-07

 NOTE: Flux values above are per unit-lethargy.



  Zone data

      Zone   Mix    Relative     Relative         Zone
       No.   No.      Flux     Fission Power     Volume
     -----------------------------------------------------------------
         1     3   1.44490E-01   0.00000E+00   2.98814E+03
         2     1   5.23186E-01   9.43434E-01   7.62013E+03
         3     2   3.32324E-01   5.65664E-02   3.31573E+03



module xsproc is finished. completion code 0.
Sequence T-Newt is finished. completion code 0.

    SCALE is finished on Fri Jul 13 10:56:44 2018.
-------------------------- Summary --------------------------
shell finished. used 0.03 seconds.
t-newt finished. used 151.12 seconds.
SCALE driver required a maximum of 2206 MiB of RAM.
------------------------ End Summary ------------------------

newtgrid.ps copied to /home03/4ar/mcsfr/quarter_cell_anl.newtgrid.ps.
newtmatl.ps copied to /home03/4ar/mcsfr/quarter_cell_anl.newtmatl.ps.
